-- Install configuration: ""
-- Up-to-date: /home/mohit/GITHUBRepos/ROS_Gazibo_learning/snake_ws/install/snake_robot_bringup/share/snake_robot_bringup//launch
-- Up-to-date: /home/mohit/GITHUBRepos/ROS_Gazibo_learning/snake_ws/install/snake_robot_bringup/share/snake_robot_bringup//launch/snake_robot_gazebo.launch.xml
-- Up-to-date: /home/mohit/GITHUBRepos/ROS_Gazibo_learning/snake_ws/install/snake_robot_bringup/share/snake_robot_bringup//rviz
-- Up-to-date: /home/mohit/GITHUBRepos/ROS_Gazibo_learning/snake_ws/install/snake_robot_bringup/share/snake_robot_bringup//rviz/urdf_config.rviz
-- Up-to-date: /home/mohit/GITHUBRepos/ROS_Gazibo_learning/snake_ws/install/snake_robot_bringup/share/ament_index/resource_index/package_run_dependencies/snake_robot_bringup
-- Up-to-date: /home/mohit/GITHUBRepos/ROS_Gazibo_learning/snake_ws/install/snake_robot_bringup/share/ament_index/resource_index/parent_prefix_path/snake_robot_bringup
-- Up-to-date: /home/mohit/GITHUBRepos/ROS_Gazibo_learning/snake_ws/install/snake_robot_bringup/share/snake_robot_bringup/environment/ament_prefix_path.sh
-- Up-to-date: /home/mohit/GITHUBRepos/ROS_Gazibo_learning/snake_ws/install/snake_robot_bringup/share/snake_robot_bringup/environment/ament_prefix_path.dsv
-- Up-to-date: /home/mohit/GITHUBRepos/ROS_Gazibo_learning/snake_ws/install/snake_robot_bringup/share/snake_robot_bringup/environment/path.sh
-- Up-to-date: /home/mohit/GITHUBRepos/ROS_Gazibo_learning/snake_ws/install/snake_robot_bringup/share/snake_robot_bringup/environment/path.dsv
-- Up-to-date: /home/mohit/GITHUBRepos/ROS_Gazibo_learning/snake_ws/install/snake_robot_bringup/share/snake_robot_bringup/local_setup.bash
-- Up-to-date: /home/mohit/GITHUBRepos/ROS_Gazibo_learning/snake_ws/install/snake_robot_bringup/share/snake_robot_bringup/local_setup.sh
-- Up-to-date: /home/mohit/GITHUBRepos/ROS_Gazibo_learning/snake_ws/install/snake_robot_bringup/share/snake_robot_bringup/local_setup.zsh
-- Up-to-date: /home/mohit/GITHUBRepos/ROS_Gazibo_learning/snake_ws/install/snake_robot_bringup/share/snake_robot_bringup/local_setup.dsv
-- Up-to-date: /home/mohit/GITHUBRepos/ROS_Gazibo_learning/snake_ws/install/snake_robot_bringup/share/snake_robot_bringup/package.dsv
-- Up-to-date: /home/mohit/GITHUBRepos/ROS_Gazibo_learning/snake_ws/install/snake_robot_bringup/share/ament_index/resource_index/packages/snake_robot_bringup
-- Up-to-date: /home/mohit/GITHUBRepos/ROS_Gazibo_learning/snake_ws/install/snake_robot_bringup/share/snake_robot_bringup/cmake/snake_robot_bringupConfig.cmake
-- Up-to-date: /home/mohit/GITHUBRepos/ROS_Gazibo_learning/snake_ws/install/snake_robot_bringup/share/snake_robot_bringup/cmake/snake_robot_bringupConfig-version.cmake
-- Up-to-date: /home/mohit/GITHUBRepos/ROS_Gazibo_learning/snake_ws/install/snake_robot_bringup/share/snake_robot_bringup/package.xml
