[2.415s] DEBUG:colcon:Command line arguments: ['/usr/bin/colcon', 'build']
[2.415s] DEBUG:colcon:Parsed command line arguments: Namespace(log_base=None, log_level=None, verb_name='build', build_base='build', install_base='install', merge_install=False, symlink_install=False, test_result_base=None, continue_on_error=False, executor='parallel', parallel_workers=2, event_handlers=None, ignore_user_meta=False, metas=['./colcon.meta'], base_paths=['.'], packages_ignore=None, packages_ignore_regex=None, paths=None, packages_up_to=None, packages_up_to_regex=None, packages_above=None, packages_above_and_dependencies=None, packages_above_depth=None, packages_select_by_dep=None, packages_skip_by_dep=None, packages_skip_up_to=None, packages_select_build_failed=False, packages_skip_build_finished=False, packages_select_test_failures=False, packages_skip_test_passed=False, packages_select=None, packages_skip=None, packages_select_regex=None, packages_skip_regex=None, packages_start=None, packages_end=None, allow_overriding=[], cmake_args=None, cmake_target=None, cmake_target_skip_unavailable=False, cmake_clean_cache=False, cmake_clean_first=False, cmake_force_configure=False, ament_cmake_args=None, catkin_cmake_args=None, catkin_skip_building_tests=False, verb_parser=<colcon_defaults.argument_parser.defaults.DefaultArgumentsDecorator object at 0x7f40076ea950>, verb_extension=<colcon_core.verb.build.BuildVerb object at 0x7f4007cf3730>, main=<bound method BuildVerb.main of <colcon_core.verb.build.BuildVerb object at 0x7f4007cf3730>>)
[2.621s] Level 1:colcon.colcon_core.package_discovery:discover_packages(colcon_meta) check parameters
[2.621s] Level 1:colcon.colcon_core.package_discovery:discover_packages(recursive) check parameters
[2.621s] Level 1:colcon.colcon_core.package_discovery:discover_packages(ignore) check parameters
[2.621s] Level 1:colcon.colcon_core.package_discovery:discover_packages(path) check parameters
[2.621s] Level 1:colcon.colcon_core.package_discovery:discover_packages(colcon_meta) discover
[2.621s] Level 1:colcon.colcon_core.package_discovery:discover_packages(recursive) discover
[2.621s] INFO:colcon.colcon_core.package_discovery:Crawling recursively for packages in '/home/mohit/ROS_Gazibo_learning/arduinobot_ws'
[2.622s] Level 1:colcon.colcon_core.package_identification:_identify(.) by extensions ['ignore', 'ignore_ament_install']
[2.622s] Level 1:colcon.colcon_core.package_identification:_identify(.) by extension 'ignore'
[2.622s] Level 1:colcon.colcon_core.package_identification:_identify(.) by extension 'ignore_ament_install'
[2.622s] Level 1:colcon.colcon_core.package_identification:_identify(.) by extensions ['colcon_pkg']
[2.622s] Level 1:colcon.colcon_core.package_identification:_identify(.) by extension 'colcon_pkg'
[2.623s] Level 1:colcon.colcon_core.package_identification:_identify(.) by extensions ['colcon_meta']
[2.623s] Level 1:colcon.colcon_core.package_identification:_identify(.) by extension 'colcon_meta'
[2.623s] Level 1:colcon.colcon_core.package_identification:_identify(.) by extensions ['ros']
[2.623s] Level 1:colcon.colcon_core.package_identification:_identify(.) by extension 'ros'
[2.645s] Level 1:colcon.colcon_core.package_identification:_identify(.) by extensions ['cmake', 'python']
[2.645s] Level 1:colcon.colcon_core.package_identification:_identify(.) by extension 'cmake'
[2.645s] Level 1:colcon.colcon_core.package_identification:_identify(.) by extension 'python'
[2.645s] Level 1:colcon.colcon_core.package_identification:_identify(.) by extensions ['python_setup_py']
[2.645s] Level 1:colcon.colcon_core.package_identification:_identify(.) by extension 'python_setup_py'
[2.645s] Level 1:colcon.colcon_core.package_identification:_identify(build) by extensions ['ignore', 'ignore_ament_install']
[2.645s] Level 1:colcon.colcon_core.package_identification:_identify(build) by extension 'ignore'
[2.645s] Level 1:colcon.colcon_core.package_identification:_identify(build) ignored
[2.646s] Level 1:colcon.colcon_core.package_identification:_identify(install) by extensions ['ignore', 'ignore_ament_install']
[2.646s] Level 1:colcon.colcon_core.package_identification:_identify(install) by extension 'ignore'
[2.646s] Level 1:colcon.colcon_core.package_identification:_identify(install) ignored
[2.646s] Level 1:colcon.colcon_core.package_identification:_identify(log) by extensions ['ignore', 'ignore_ament_install']
[2.646s] Level 1:colcon.colcon_core.package_identification:_identify(log) by extension 'ignore'
[2.646s] Level 1:colcon.colcon_core.package_identification:_identify(log) ignored
[2.646s] Level 1:colcon.colcon_core.package_identification:_identify(src) by extensions ['ignore', 'ignore_ament_install']
[2.646s] Level 1:colcon.colcon_core.package_identification:_identify(src) by extension 'ignore'
[2.646s] Level 1:colcon.colcon_core.package_identification:_identify(src) by extension 'ignore_ament_install'
[2.647s] Level 1:colcon.colcon_core.package_identification:_identify(src) by extensions ['colcon_pkg']
[2.647s] Level 1:colcon.colcon_core.package_identification:_identify(src) by extension 'colcon_pkg'
[2.647s] Level 1:colcon.colcon_core.package_identification:_identify(src) by extensions ['colcon_meta']
[2.647s] Level 1:colcon.colcon_core.package_identification:_identify(src) by extension 'colcon_meta'
[2.647s] Level 1:colcon.colcon_core.package_identification:_identify(src) by extensions ['ros']
[2.647s] Level 1:colcon.colcon_core.package_identification:_identify(src) by extension 'ros'
[2.647s] Level 1:colcon.colcon_core.package_identification:_identify(src) by extensions ['cmake', 'python']
[2.647s] Level 1:colcon.colcon_core.package_identification:_identify(src) by extension 'cmake'
[2.647s] Level 1:colcon.colcon_core.package_identification:_identify(src) by extension 'python'
[2.647s] Level 1:colcon.colcon_core.package_identification:_identify(src) by extensions ['python_setup_py']
[2.647s] Level 1:colcon.colcon_core.package_identification:_identify(src) by extension 'python_setup_py'
[2.647s] Level 1:colcon.colcon_core.package_identification:_identify(src/arduinobot_description) by extensions ['ignore', 'ignore_ament_install']
[2.647s] Level 1:colcon.colcon_core.package_identification:_identify(src/arduinobot_description) by extension 'ignore'
[2.647s] Level 1:colcon.colcon_core.package_identification:_identify(src/arduinobot_description) by extension 'ignore_ament_install'
[2.647s] Level 1:colcon.colcon_core.package_identification:_identify(src/arduinobot_description) by extensions ['colcon_pkg']
[2.648s] Level 1:colcon.colcon_core.package_identification:_identify(src/arduinobot_description) by extension 'colcon_pkg'
[2.648s] Level 1:colcon.colcon_core.package_identification:_identify(src/arduinobot_description) by extensions ['colcon_meta']
[2.648s] Level 1:colcon.colcon_core.package_identification:_identify(src/arduinobot_description) by extension 'colcon_meta'
[2.648s] Level 1:colcon.colcon_core.package_identification:_identify(src/arduinobot_description) by extensions ['ros']
[2.648s] Level 1:colcon.colcon_core.package_identification:_identify(src/arduinobot_description) by extension 'ros'
[2.650s] DEBUG:colcon.colcon_core.package_identification:Package 'src/arduinobot_description' with type 'ros.ament_cmake' and name 'arduinobot_description'
[2.651s] Level 1:colcon.colcon_core.package_identification:_identify(src/arduinobot_py_examples) by extensions ['ignore', 'ignore_ament_install']
[2.651s] Level 1:colcon.colcon_core.package_identification:_identify(src/arduinobot_py_examples) by extension 'ignore'
[2.651s] Level 1:colcon.colcon_core.package_identification:_identify(src/arduinobot_py_examples) by extension 'ignore_ament_install'
[2.651s] Level 1:colcon.colcon_core.package_identification:_identify(src/arduinobot_py_examples) by extensions ['colcon_pkg']
[2.651s] Level 1:colcon.colcon_core.package_identification:_identify(src/arduinobot_py_examples) by extension 'colcon_pkg'
[2.651s] Level 1:colcon.colcon_core.package_identification:_identify(src/arduinobot_py_examples) by extensions ['colcon_meta']
[2.651s] Level 1:colcon.colcon_core.package_identification:_identify(src/arduinobot_py_examples) by extension 'colcon_meta'
[2.651s] Level 1:colcon.colcon_core.package_identification:_identify(src/arduinobot_py_examples) by extensions ['ros']
[2.651s] Level 1:colcon.colcon_core.package_identification:_identify(src/arduinobot_py_examples) by extension 'ros'
[2.652s] DEBUG:colcon.colcon_core.package_identification:Package 'src/arduinobot_py_examples' with type 'ros.ament_python' and name 'arduinobot_py_examples'
[2.652s] Level 1:colcon.colcon_core.package_discovery:discover_packages(recursive) using defaults
[2.652s] Level 1:colcon.colcon_core.package_discovery:discover_packages(ignore) discover
[2.652s] Level 1:colcon.colcon_core.package_discovery:discover_packages(ignore) using defaults
[2.652s] Level 1:colcon.colcon_core.package_discovery:discover_packages(path) discover
[2.652s] Level 1:colcon.colcon_core.package_discovery:discover_packages(path) using defaults
[2.934s] Level 1:colcon.colcon_core.package_discovery:discover_packages(prefix_path) check parameters
[2.934s] Level 1:colcon.colcon_core.package_discovery:discover_packages(prefix_path) discover
[3.060s] DEBUG:colcon.colcon_installed_package_information.package_discovery:Found 2 installed packages in /home/mohit/ROS_Gazibo_learning/arduinobot_ws/install
[3.106s] DEBUG:colcon.colcon_installed_package_information.package_discovery:Found 367 installed packages in /opt/ros/humble
[3.109s] Level 1:colcon.colcon_core.package_discovery:discover_packages(prefix_path) using defaults
[3.439s] Level 5:colcon.colcon_core.verb:set package 'arduinobot_description' build argument 'cmake_args' from command line to 'None'
[3.440s] Level 5:colcon.colcon_core.verb:set package 'arduinobot_description' build argument 'cmake_target' from command line to 'None'
[3.440s] Level 5:colcon.colcon_core.verb:set package 'arduinobot_description' build argument 'cmake_target_skip_unavailable' from command line to 'False'
[3.440s] Level 5:colcon.colcon_core.verb:set package 'arduinobot_description' build argument 'cmake_clean_cache' from command line to 'False'
[3.440s] Level 5:colcon.colcon_core.verb:set package 'arduinobot_description' build argument 'cmake_clean_first' from command line to 'False'
[3.440s] Level 5:colcon.colcon_core.verb:set package 'arduinobot_description' build argument 'cmake_force_configure' from command line to 'False'
[3.440s] Level 5:colcon.colcon_core.verb:set package 'arduinobot_description' build argument 'ament_cmake_args' from command line to 'None'
[3.440s] Level 5:colcon.colcon_core.verb:set package 'arduinobot_description' build argument 'catkin_cmake_args' from command line to 'None'
[3.440s] Level 5:colcon.colcon_core.verb:set package 'arduinobot_description' build argument 'catkin_skip_building_tests' from command line to 'False'
[3.440s] DEBUG:colcon.colcon_core.verb:Building package 'arduinobot_description' with the following arguments: {'ament_cmake_args': None, 'build_base': '/home/mohit/ROS_Gazibo_learning/arduinobot_ws/build/arduinobot_description', 'catkin_cmake_args': None, 'catkin_skip_building_tests': False, 'cmake_args': None, 'cmake_clean_cache': False, 'cmake_clean_first': False, 'cmake_force_configure': False, 'cmake_target': None, 'cmake_target_skip_unavailable': False, 'install_base': '/home/mohit/ROS_Gazibo_learning/arduinobot_ws/install/arduinobot_description', 'merge_install': False, 'path': '/home/mohit/ROS_Gazibo_learning/arduinobot_ws/src/arduinobot_description', 'symlink_install': False, 'test_result_base': None}
[3.483s] Level 5:colcon.colcon_core.verb:set package 'arduinobot_py_examples' build argument 'cmake_args' from command line to 'None'
[3.484s] Level 5:colcon.colcon_core.verb:set package 'arduinobot_py_examples' build argument 'cmake_target' from command line to 'None'
[3.484s] Level 5:colcon.colcon_core.verb:set package 'arduinobot_py_examples' build argument 'cmake_target_skip_unavailable' from command line to 'False'
[3.484s] Level 5:colcon.colcon_core.verb:set package 'arduinobot_py_examples' build argument 'cmake_clean_cache' from command line to 'False'
[3.484s] Level 5:colcon.colcon_core.verb:set package 'arduinobot_py_examples' build argument 'cmake_clean_first' from command line to 'False'
[3.484s] Level 5:colcon.colcon_core.verb:set package 'arduinobot_py_examples' build argument 'cmake_force_configure' from command line to 'False'
[3.484s] Level 5:colcon.colcon_core.verb:set package 'arduinobot_py_examples' build argument 'ament_cmake_args' from command line to 'None'
[3.485s] Level 5:colcon.colcon_core.verb:set package 'arduinobot_py_examples' build argument 'catkin_cmake_args' from command line to 'None'
[3.485s] Level 5:colcon.colcon_core.verb:set package 'arduinobot_py_examples' build argument 'catkin_skip_building_tests' from command line to 'False'
[3.485s] DEBUG:colcon.colcon_core.verb:Building package 'arduinobot_py_examples' with the following arguments: {'ament_cmake_args': None, 'build_base': '/home/mohit/ROS_Gazibo_learning/arduinobot_ws/build/arduinobot_py_examples', 'catkin_cmake_args': None, 'catkin_skip_building_tests': False, 'cmake_args': None, 'cmake_clean_cache': False, 'cmake_clean_first': False, 'cmake_force_configure': False, 'cmake_target': None, 'cmake_target_skip_unavailable': False, 'install_base': '/home/mohit/ROS_Gazibo_learning/arduinobot_ws/install/arduinobot_py_examples', 'merge_install': False, 'path': '/home/mohit/ROS_Gazibo_learning/arduinobot_ws/src/arduinobot_py_examples', 'symlink_install': False, 'test_result_base': None}
[3.539s] INFO:colcon.colcon_core.executor:Executing jobs using 'parallel' executor
[3.637s] DEBUG:colcon.colcon_parallel_executor.executor.parallel:run_until_complete
[3.638s] INFO:colcon.colcon_ros.task.ament_cmake.build:Building ROS package in '/home/mohit/ROS_Gazibo_learning/arduinobot_ws/src/arduinobot_description' with build type 'ament_cmake'
[3.638s] INFO:colcon.colcon_cmake.task.cmake.build:Building CMake package in '/home/mohit/ROS_Gazibo_learning/arduinobot_ws/src/arduinobot_description'
[3.684s] INFO:colcon.colcon_core.plugin_system:Skipping extension 'colcon_core.shell.bat': Not used on non-Windows systems
[3.684s] INFO:colcon.colcon_core.shell:Skip shell extension 'powershell' for command environment: Not usable outside of PowerShell
[3.684s] DEBUG:colcon.colcon_core.shell:Skip shell extension 'dsv' for command environment
[3.753s] INFO:colcon.colcon_ros.task.ament_python.build:Building ROS package in '/home/mohit/ROS_Gazibo_learning/arduinobot_ws/src/arduinobot_py_examples' with build type 'ament_python'
[3.754s] Level 1:colcon.colcon_core.shell:create_environment_hook('arduinobot_py_examples', 'ament_prefix_path')
[3.775s] INFO:colcon.colcon_core.shell:Creating environment hook '/home/mohit/ROS_Gazibo_learning/arduinobot_ws/install/arduinobot_py_examples/share/arduinobot_py_examples/hook/ament_prefix_path.ps1'
[3.775s] INFO:colcon.colcon_core.shell:Creating environment descriptor '/home/mohit/ROS_Gazibo_learning/arduinobot_ws/install/arduinobot_py_examples/share/arduinobot_py_examples/hook/ament_prefix_path.dsv'
[3.776s] INFO:colcon.colcon_core.shell:Creating environment hook '/home/mohit/ROS_Gazibo_learning/arduinobot_ws/install/arduinobot_py_examples/share/arduinobot_py_examples/hook/ament_prefix_path.sh'
[3.804s] INFO:colcon.colcon_core.shell:Skip shell extension 'powershell' for command environment: Not usable outside of PowerShell
[3.804s] DEBUG:colcon.colcon_core.shell:Skip shell extension 'dsv' for command environment
[3.890s] DEBUG:colcon.colcon_core.event_handler.log_command:Invoking command in '/home/mohit/ROS_Gazibo_learning/arduinobot_ws/build/arduinobot_description': CMAKE_PREFIX_PATH=/home/mohit/ROS_Gazibo_learning/arduinobot_ws/install/arduinobot_py_examples:/opt/ros/humble /usr/bin/cmake --build /home/mohit/ROS_Gazibo_learning/arduinobot_ws/build/arduinobot_description -- -j2 -l2
[4.222s] INFO:colcon.colcon_core.task.python.build:Building Python package in '/home/mohit/ROS_Gazibo_learning/arduinobot_ws/src/arduinobot_py_examples'
[4.242s] INFO:colcon.colcon_core.shell:Skip shell extension 'powershell' for command environment: Not usable outside of PowerShell
[4.242s] DEBUG:colcon.colcon_core.shell:Skip shell extension 'dsv' for command environment
[4.308s] DEBUG:colcon.colcon_core.event_handler.log_command:Invoked command in '/home/mohit/ROS_Gazibo_learning/arduinobot_ws/build/arduinobot_description' returned '0': CMAKE_PREFIX_PATH=/home/mohit/ROS_Gazibo_learning/arduinobot_ws/install/arduinobot_py_examples:/opt/ros/humble /usr/bin/cmake --build /home/mohit/ROS_Gazibo_learning/arduinobot_ws/build/arduinobot_description -- -j2 -l2
[4.369s] DEBUG:colcon.colcon_core.event_handler.log_command:Invoking command in '/home/mohit/ROS_Gazibo_learning/arduinobot_ws/build/arduinobot_description': CMAKE_PREFIX_PATH=/home/mohit/ROS_Gazibo_learning/arduinobot_ws/install/arduinobot_py_examples:/opt/ros/humble /usr/bin/cmake --install /home/mohit/ROS_Gazibo_learning/arduinobot_ws/build/arduinobot_description
[4.428s] Level 1:colcon.colcon_core.environment:create_environment_scripts_only(arduinobot_description)
[4.430s] DEBUG:colcon.colcon_core.event_handler.log_command:Invoked command in '/home/mohit/ROS_Gazibo_learning/arduinobot_ws/build/arduinobot_description' returned '0': CMAKE_PREFIX_PATH=/home/mohit/ROS_Gazibo_learning/arduinobot_ws/install/arduinobot_py_examples:/opt/ros/humble /usr/bin/cmake --install /home/mohit/ROS_Gazibo_learning/arduinobot_ws/build/arduinobot_description
[4.547s] Level 1:colcon.colcon_core.environment:checking '/home/mohit/ROS_Gazibo_learning/arduinobot_ws/install/arduinobot_description' for CMake module files
[4.547s] Level 1:colcon.colcon_core.environment:checking '/home/mohit/ROS_Gazibo_learning/arduinobot_ws/install/arduinobot_description' for CMake config files
[4.548s] Level 1:colcon.colcon_core.shell:create_environment_hook('arduinobot_description', 'cmake_prefix_path')
[4.620s] INFO:colcon.colcon_core.shell:Creating environment hook '/home/mohit/ROS_Gazibo_learning/arduinobot_ws/install/arduinobot_description/share/arduinobot_description/hook/cmake_prefix_path.ps1'
[4.621s] INFO:colcon.colcon_core.shell:Creating environment descriptor '/home/mohit/ROS_Gazibo_learning/arduinobot_ws/install/arduinobot_description/share/arduinobot_description/hook/cmake_prefix_path.dsv'
[4.622s] INFO:colcon.colcon_core.shell:Creating environment hook '/home/mohit/ROS_Gazibo_learning/arduinobot_ws/install/arduinobot_description/share/arduinobot_description/hook/cmake_prefix_path.sh'
[4.633s] Level 1:colcon.colcon_core.environment:checking '/home/mohit/ROS_Gazibo_learning/arduinobot_ws/install/arduinobot_description/bin'
[4.633s] Level 1:colcon.colcon_core.environment:checking '/home/mohit/ROS_Gazibo_learning/arduinobot_ws/install/arduinobot_description/lib/pkgconfig/arduinobot_description.pc'
[4.634s] Level 1:colcon.colcon_core.environment:checking '/home/mohit/ROS_Gazibo_learning/arduinobot_ws/install/arduinobot_description/lib/python3.10/site-packages'
[4.634s] Level 1:colcon.colcon_core.environment:checking '/home/mohit/ROS_Gazibo_learning/arduinobot_ws/install/arduinobot_description/bin'
[4.667s] INFO:colcon.colcon_core.shell:Creating package script '/home/mohit/ROS_Gazibo_learning/arduinobot_ws/install/arduinobot_description/share/arduinobot_description/package.ps1'
[4.668s] INFO:colcon.colcon_core.shell:Creating package descriptor '/home/mohit/ROS_Gazibo_learning/arduinobot_ws/install/arduinobot_description/share/arduinobot_description/package.dsv'
[4.670s] INFO:colcon.colcon_core.shell:Creating package script '/home/mohit/ROS_Gazibo_learning/arduinobot_ws/install/arduinobot_description/share/arduinobot_description/package.sh'
[4.671s] INFO:colcon.colcon_core.shell:Creating package script '/home/mohit/ROS_Gazibo_learning/arduinobot_ws/install/arduinobot_description/share/arduinobot_description/package.bash'
[4.673s] INFO:colcon.colcon_core.shell:Creating package script '/home/mohit/ROS_Gazibo_learning/arduinobot_ws/install/arduinobot_description/share/arduinobot_description/package.zsh'
[4.674s] Level 1:colcon.colcon_core.environment:create_file_with_runtime_dependencies(/home/mohit/ROS_Gazibo_learning/arduinobot_ws/install/arduinobot_description/share/colcon-core/packages/arduinobot_description)
[4.752s] Level 1:colcon.colcon_core.environment:create_environment_scripts_only(arduinobot_description)
[4.785s] Level 1:colcon.colcon_core.environment:checking '/home/mohit/ROS_Gazibo_learning/arduinobot_ws/install/arduinobot_description' for CMake module files
[4.786s] Level 1:colcon.colcon_core.environment:checking '/home/mohit/ROS_Gazibo_learning/arduinobot_ws/install/arduinobot_description' for CMake config files
[4.787s] Level 1:colcon.colcon_core.shell:create_environment_hook('arduinobot_description', 'cmake_prefix_path')
[4.827s] INFO:colcon.colcon_core.shell:Creating environment hook '/home/mohit/ROS_Gazibo_learning/arduinobot_ws/install/arduinobot_description/share/arduinobot_description/hook/cmake_prefix_path.ps1'
[4.829s] INFO:colcon.colcon_core.shell:Creating environment descriptor '/home/mohit/ROS_Gazibo_learning/arduinobot_ws/install/arduinobot_description/share/arduinobot_description/hook/cmake_prefix_path.dsv'
[4.830s] INFO:colcon.colcon_core.shell:Creating environment hook '/home/mohit/ROS_Gazibo_learning/arduinobot_ws/install/arduinobot_description/share/arduinobot_description/hook/cmake_prefix_path.sh'
[4.831s] Level 1:colcon.colcon_core.environment:checking '/home/mohit/ROS_Gazibo_learning/arduinobot_ws/install/arduinobot_description/bin'
[4.831s] Level 1:colcon.colcon_core.environment:checking '/home/mohit/ROS_Gazibo_learning/arduinobot_ws/install/arduinobot_description/lib/pkgconfig/arduinobot_description.pc'
[4.832s] Level 1:colcon.colcon_core.environment:checking '/home/mohit/ROS_Gazibo_learning/arduinobot_ws/install/arduinobot_description/lib/python3.10/site-packages'
[4.832s] Level 1:colcon.colcon_core.environment:checking '/home/mohit/ROS_Gazibo_learning/arduinobot_ws/install/arduinobot_description/bin'
[4.867s] INFO:colcon.colcon_core.shell:Creating package script '/home/mohit/ROS_Gazibo_learning/arduinobot_ws/install/arduinobot_description/share/arduinobot_description/package.ps1'
[4.868s] INFO:colcon.colcon_core.shell:Creating package descriptor '/home/mohit/ROS_Gazibo_learning/arduinobot_ws/install/arduinobot_description/share/arduinobot_description/package.dsv'
[4.869s] INFO:colcon.colcon_core.shell:Creating package script '/home/mohit/ROS_Gazibo_learning/arduinobot_ws/install/arduinobot_description/share/arduinobot_description/package.sh'
[4.871s] INFO:colcon.colcon_core.shell:Creating package script '/home/mohit/ROS_Gazibo_learning/arduinobot_ws/install/arduinobot_description/share/arduinobot_description/package.bash'
[4.872s] INFO:colcon.colcon_core.shell:Creating package script '/home/mohit/ROS_Gazibo_learning/arduinobot_ws/install/arduinobot_description/share/arduinobot_description/package.zsh'
[4.873s] Level 1:colcon.colcon_core.environment:create_file_with_runtime_dependencies(/home/mohit/ROS_Gazibo_learning/arduinobot_ws/install/arduinobot_description/share/colcon-core/packages/arduinobot_description)
[4.972s] DEBUG:colcon.colcon_core.event_handler.log_command:Invoking command in '/home/mohit/ROS_Gazibo_learning/arduinobot_ws/src/arduinobot_py_examples': PYTHONPATH=/home/mohit/ROS_Gazibo_learning/arduinobot_ws/build/arduinobot_py_examples/prefix_override:/home/mohit/ROS_Gazibo_learning/arduinobot_ws/install/arduinobot_py_examples/lib/python3.10/site-packages:${PYTHONPATH} /usr/bin/python3 setup.py egg_info --egg-base ../../build/arduinobot_py_examples build --build-base /home/mohit/ROS_Gazibo_learning/arduinobot_ws/build/arduinobot_py_examples/build install --record /home/mohit/ROS_Gazibo_learning/arduinobot_ws/build/arduinobot_py_examples/install.log --single-version-externally-managed
[5.318s] DEBUG:colcon.colcon_core.event_handler.log_command:Invoked command in '/home/mohit/ROS_Gazibo_learning/arduinobot_ws/src/arduinobot_py_examples' returned '0': PYTHONPATH=/home/mohit/ROS_Gazibo_learning/arduinobot_ws/build/arduinobot_py_examples/prefix_override:/home/mohit/ROS_Gazibo_learning/arduinobot_ws/install/arduinobot_py_examples/lib/python3.10/site-packages:${PYTHONPATH} /usr/bin/python3 setup.py egg_info --egg-base ../../build/arduinobot_py_examples build --build-base /home/mohit/ROS_Gazibo_learning/arduinobot_ws/build/arduinobot_py_examples/build install --record /home/mohit/ROS_Gazibo_learning/arduinobot_ws/build/arduinobot_py_examples/install.log --single-version-externally-managed
[5.340s] Level 1:colcon.colcon_core.environment:checking '/home/mohit/ROS_Gazibo_learning/arduinobot_ws/install/arduinobot_py_examples' for CMake module files
[5.340s] Level 1:colcon.colcon_core.environment:checking '/home/mohit/ROS_Gazibo_learning/arduinobot_ws/install/arduinobot_py_examples' for CMake config files
[5.341s] Level 1:colcon.colcon_core.environment:checking '/home/mohit/ROS_Gazibo_learning/arduinobot_ws/install/arduinobot_py_examples/lib'
[5.341s] Level 1:colcon.colcon_core.environment:checking '/home/mohit/ROS_Gazibo_learning/arduinobot_ws/install/arduinobot_py_examples/bin'
[5.341s] Level 1:colcon.colcon_core.environment:checking '/home/mohit/ROS_Gazibo_learning/arduinobot_ws/install/arduinobot_py_examples/lib/pkgconfig/arduinobot_py_examples.pc'
[5.341s] Level 1:colcon.colcon_core.environment:checking '/home/mohit/ROS_Gazibo_learning/arduinobot_ws/install/arduinobot_py_examples/lib/python3.10/site-packages'
[5.341s] Level 1:colcon.colcon_core.shell:create_environment_hook('arduinobot_py_examples', 'pythonpath')
[5.361s] INFO:colcon.colcon_core.shell:Creating environment hook '/home/mohit/ROS_Gazibo_learning/arduinobot_ws/install/arduinobot_py_examples/share/arduinobot_py_examples/hook/pythonpath.ps1'
[5.362s] INFO:colcon.colcon_core.shell:Creating environment descriptor '/home/mohit/ROS_Gazibo_learning/arduinobot_ws/install/arduinobot_py_examples/share/arduinobot_py_examples/hook/pythonpath.dsv'
[5.362s] INFO:colcon.colcon_core.shell:Creating environment hook '/home/mohit/ROS_Gazibo_learning/arduinobot_ws/install/arduinobot_py_examples/share/arduinobot_py_examples/hook/pythonpath.sh'
[5.363s] Level 1:colcon.colcon_core.environment:checking '/home/mohit/ROS_Gazibo_learning/arduinobot_ws/install/arduinobot_py_examples/bin'
[5.363s] Level 1:colcon.colcon_core.environment:create_environment_scripts_only(arduinobot_py_examples)
[5.382s] INFO:colcon.colcon_core.shell:Creating package script '/home/mohit/ROS_Gazibo_learning/arduinobot_ws/install/arduinobot_py_examples/share/arduinobot_py_examples/package.ps1'
[5.383s] INFO:colcon.colcon_core.shell:Creating package descriptor '/home/mohit/ROS_Gazibo_learning/arduinobot_ws/install/arduinobot_py_examples/share/arduinobot_py_examples/package.dsv'
[5.384s] INFO:colcon.colcon_core.shell:Creating package script '/home/mohit/ROS_Gazibo_learning/arduinobot_ws/install/arduinobot_py_examples/share/arduinobot_py_examples/package.sh'
[5.384s] INFO:colcon.colcon_core.shell:Creating package script '/home/mohit/ROS_Gazibo_learning/arduinobot_ws/install/arduinobot_py_examples/share/arduinobot_py_examples/package.bash'
[5.385s] INFO:colcon.colcon_core.shell:Creating package script '/home/mohit/ROS_Gazibo_learning/arduinobot_ws/install/arduinobot_py_examples/share/arduinobot_py_examples/package.zsh'
[5.385s] Level 1:colcon.colcon_core.environment:create_file_with_runtime_dependencies(/home/mohit/ROS_Gazibo_learning/arduinobot_ws/install/arduinobot_py_examples/share/colcon-core/packages/arduinobot_py_examples)
[5.386s] DEBUG:colcon.colcon_parallel_executor.executor.parallel:closing loop
[5.386s] DEBUG:colcon.colcon_parallel_executor.executor.parallel:loop closed
[5.386s] DEBUG:colcon.colcon_parallel_executor.executor.parallel:run_until_complete finished with '0'
[5.386s] DEBUG:colcon.colcon_core.event_reactor:joining thread
[5.413s] INFO:colcon.colcon_core.plugin_system:Skipping extension 'colcon_notification.desktop_notification.terminal_notifier': Not used on non-Darwin systems
[5.413s] INFO:colcon.colcon_core.plugin_system:Skipping extension 'colcon_notification.desktop_notification.win32': Not used on non-Windows systems
[5.413s] INFO:colcon.colcon_notification.desktop_notification:Sending desktop notification using 'notify2'
[5.425s] DEBUG:colcon.colcon_core.event_reactor:joined thread
[5.457s] INFO:colcon.colcon_core.shell:Creating prefix script '/home/mohit/ROS_Gazibo_learning/arduinobot_ws/install/local_setup.ps1'
[5.459s] INFO:colcon.colcon_core.shell:Creating prefix util module '/home/mohit/ROS_Gazibo_learning/arduinobot_ws/install/_local_setup_util_ps1.py'
[5.461s] INFO:colcon.colcon_core.shell:Creating prefix chain script '/home/mohit/ROS_Gazibo_learning/arduinobot_ws/install/setup.ps1'
[5.488s] INFO:colcon.colcon_core.shell:Creating prefix script '/home/mohit/ROS_Gazibo_learning/arduinobot_ws/install/local_setup.sh'
[5.489s] INFO:colcon.colcon_core.shell:Creating prefix util module '/home/mohit/ROS_Gazibo_learning/arduinobot_ws/install/_local_setup_util_sh.py'
[5.490s] INFO:colcon.colcon_core.shell:Creating prefix chain script '/home/mohit/ROS_Gazibo_learning/arduinobot_ws/install/setup.sh'
[5.522s] INFO:colcon.colcon_core.shell:Creating prefix script '/home/mohit/ROS_Gazibo_learning/arduinobot_ws/install/local_setup.bash'
[5.523s] INFO:colcon.colcon_core.shell:Creating prefix chain script '/home/mohit/ROS_Gazibo_learning/arduinobot_ws/install/setup.bash'
[5.554s] INFO:colcon.colcon_core.shell:Creating prefix script '/home/mohit/ROS_Gazibo_learning/arduinobot_ws/install/local_setup.zsh'
[5.554s] INFO:colcon.colcon_core.shell:Creating prefix chain script '/home/mohit/ROS_Gazibo_learning/arduinobot_ws/install/setup.zsh'
