[0.071s] Invoking command in '/home/mohit/GITHUBRepos/ROS_Gazibo_learning/snake_ws/build/snake_robot_description': CMAKE_PREFIX_PATH=/opt/ros/humble /usr/bin/cmake /home/mohit/GITHUBRepos/ROS_Gazibo_learning/snake_ws/src/snake_robot_description -DCMAKE_INSTALL_PREFIX=/home/mohit/GITHUBRepos/ROS_Gazibo_learning/snake_ws/install/snake_robot_description
[0.229s] -- The C compiler identification is GNU 11.4.0
[0.377s] -- The CXX compiler identification is GNU 11.4.0
[0.397s] -- Detecting C compiler ABI info
[0.499s] -- Detecting C compiler ABI info - done
[0.504s] -- Check for working C compiler: /usr/bin/cc - skipped
[0.506s] -- Detecting C compile features
[0.507s] -- Detecting C compile features - done
[0.512s] -- Detecting CXX compiler ABI info
[0.624s] -- Detecting CXX compiler ABI info - done
[0.631s] -- Check for working CXX compiler: /usr/bin/c++ - skipped
[0.632s] -- Detecting CXX compile features
[0.633s] -- Detecting CXX compile features - done
[0.655s] -- Found ament_cmake: 1.3.6 (/opt/ros/humble/share/ament_cmake/cmake)
[0.836s] -- Found Python3: /usr/bin/python3.10 (found version "3.10.12") found components: Interpreter 
[0.957s] -- Found ament_lint_auto: 0.12.9 (/opt/ros/humble/share/ament_lint_auto/cmake)
[1.046s] -- Added test 'lint_cmake' to check CMake code style
[1.048s] -- Added test 'xmllint' to check XML markup files
[1.056s] -- Configuring done
[1.068s] -- Generating done
[1.071s] -- Build files have been written to: /home/mohit/GITHUBRepos/ROS_Gazibo_learning/snake_ws/build/snake_robot_description
[1.077s] Invoked command in '/home/mohit/GITHUBRepos/ROS_Gazibo_learning/snake_ws/build/snake_robot_description' returned '0': CMAKE_PREFIX_PATH=/opt/ros/humble /usr/bin/cmake /home/mohit/GITHUBRepos/ROS_Gazibo_learning/snake_ws/src/snake_robot_description -DCMAKE_INSTALL_PREFIX=/home/mohit/GITHUBRepos/ROS_Gazibo_learning/snake_ws/install/snake_robot_description
[1.080s] Invoking command in '/home/mohit/GITHUBRepos/ROS_Gazibo_learning/snake_ws/build/snake_robot_description': CMAKE_PREFIX_PATH=/opt/ros/humble /usr/bin/cmake --build /home/mohit/GITHUBRepos/ROS_Gazibo_learning/snake_ws/build/snake_robot_description -- -j2 -l2
[1.126s] Invoked command in '/home/mohit/GITHUBRepos/ROS_Gazibo_learning/snake_ws/build/snake_robot_description' returned '0': CMAKE_PREFIX_PATH=/opt/ros/humble /usr/bin/cmake --build /home/mohit/GITHUBRepos/ROS_Gazibo_learning/snake_ws/build/snake_robot_description -- -j2 -l2
[1.169s] Invoking command in '/home/mohit/GITHUBRepos/ROS_Gazibo_learning/snake_ws/build/snake_robot_description': CMAKE_PREFIX_PATH=/opt/ros/humble /usr/bin/cmake --install /home/mohit/GITHUBRepos/ROS_Gazibo_learning/snake_ws/build/snake_robot_description
[1.178s] -- Install configuration: ""
[1.179s] -- Installing: /home/mohit/GITHUBRepos/ROS_Gazibo_learning/snake_ws/install/snake_robot_description/share/snake_robot_description//urdf
[1.179s] -- Installing: /home/mohit/GITHUBRepos/ROS_Gazibo_learning/snake_ws/install/snake_robot_description/share/snake_robot_description//urdf/snake.urdf
[1.180s] -- Installing: /home/mohit/GITHUBRepos/ROS_Gazibo_learning/snake_ws/install/snake_robot_description/share/snake_robot_description//urdf/arduinobot_urdf.xacro
[1.180s] -- Installing: /home/mohit/GITHUBRepos/ROS_Gazibo_learning/snake_ws/install/snake_robot_description/share/snake_robot_description//urdf/snake_urdf.xacro
[1.180s] -- Installing: /home/mohit/GITHUBRepos/ROS_Gazibo_learning/snake_ws/install/snake_robot_description/share/ament_index/resource_index/package_run_dependencies/snake_robot_description
[1.181s] -- Installing: /home/mohit/GITHUBRepos/ROS_Gazibo_learning/snake_ws/install/snake_robot_description/share/ament_index/resource_index/parent_prefix_path/snake_robot_description
[1.182s] -- Installing: /home/mohit/GITHUBRepos/ROS_Gazibo_learning/snake_ws/install/snake_robot_description/share/snake_robot_description/environment/ament_prefix_path.sh
[1.182s] -- Installing: /home/mohit/GITHUBRepos/ROS_Gazibo_learning/snake_ws/install/snake_robot_description/share/snake_robot_description/environment/ament_prefix_path.dsv
[1.182s] -- Installing: /home/mohit/GITHUBRepos/ROS_Gazibo_learning/snake_ws/install/snake_robot_description/share/snake_robot_description/environment/path.sh
[1.182s] -- Installing: /home/mohit/GITHUBRepos/ROS_Gazibo_learning/snake_ws/install/snake_robot_description/share/snake_robot_description/environment/path.dsv
[1.184s] -- Installing: /home/mohit/GITHUBRepos/ROS_Gazibo_learning/snake_ws/install/snake_robot_description/share/snake_robot_description/local_setup.bash
[1.184s] -- Installing: /home/mohit/GITHUBRepos/ROS_Gazibo_learning/snake_ws/install/snake_robot_description/share/snake_robot_description/local_setup.sh
[1.184s] -- Installing: /home/mohit/GITHUBRepos/ROS_Gazibo_learning/snake_ws/install/snake_robot_description/share/snake_robot_description/local_setup.zsh
[1.184s] -- Installing: /home/mohit/GITHUBRepos/ROS_Gazibo_learning/snake_ws/install/snake_robot_description/share/snake_robot_description/local_setup.dsv
[1.184s] -- Installing: /home/mohit/GITHUBRepos/ROS_Gazibo_learning/snake_ws/install/snake_robot_description/share/snake_robot_description/package.dsv
[1.186s] -- Installing: /home/mohit/GITHUBRepos/ROS_Gazibo_learning/snake_ws/install/snake_robot_description/share/ament_index/resource_index/packages/snake_robot_description
[1.187s] -- Installing: /home/mohit/GITHUBRepos/ROS_Gazibo_learning/snake_ws/install/snake_robot_description/share/snake_robot_description/cmake/snake_robot_descriptionConfig.cmake
[1.188s] -- Installing: /home/mohit/GITHUBRepos/ROS_Gazibo_learning/snake_ws/install/snake_robot_description/share/snake_robot_description/cmake/snake_robot_descriptionConfig-version.cmake
[1.188s] -- Installing: /home/mohit/GITHUBRepos/ROS_Gazibo_learning/snake_ws/install/snake_robot_description/share/snake_robot_description/package.xml
[1.192s] Invoked command in '/home/mohit/GITHUBRepos/ROS_Gazibo_learning/snake_ws/build/snake_robot_description' returned '0': CMAKE_PREFIX_PATH=/opt/ros/humble /usr/bin/cmake --install /home/mohit/GITHUBRepos/ROS_Gazibo_learning/snake_ws/build/snake_robot_description
