[1.008s] DEBUG:colcon:Command line arguments: ['/usr/bin/colcon', 'build']
[1.008s] DEBUG:colcon:Parsed command line arguments: Namespace(log_base=None, log_level=None, verb_name='build', build_base='build', install_base='install', merge_install=False, symlink_install=False, test_result_base=None, continue_on_error=False, executor='parallel', parallel_workers=2, event_handlers=None, ignore_user_meta=False, metas=['./colcon.meta'], base_paths=['.'], packages_ignore=None, packages_ignore_regex=None, paths=None, packages_up_to=None, packages_up_to_regex=None, packages_above=None, packages_above_and_dependencies=None, packages_above_depth=None, packages_select_by_dep=None, packages_skip_by_dep=None, packages_skip_up_to=None, packages_select_build_failed=False, packages_skip_build_finished=False, packages_select_test_failures=False, packages_skip_test_passed=False, packages_select=None, packages_skip=None, packages_select_regex=None, packages_skip_regex=None, packages_start=None, packages_end=None, allow_overriding=[], cmake_args=None, cmake_target=None, cmake_target_skip_unavailable=False, cmake_clean_cache=False, cmake_clean_first=False, cmake_force_configure=False, ament_cmake_args=None, catkin_cmake_args=None, catkin_skip_building_tests=False, verb_parser=<colcon_defaults.argument_parser.defaults.DefaultArgumentsDecorator object at 0x7f188fbcb400>, verb_extension=<colcon_core.verb.build.BuildVerb object at 0x7f188ffe31f0>, main=<bound method BuildVerb.main of <colcon_core.verb.build.BuildVerb object at 0x7f188ffe31f0>>)
[1.055s] Level 1:colcon.colcon_core.package_discovery:discover_packages(colcon_meta) check parameters
[1.055s] Level 1:colcon.colcon_core.package_discovery:discover_packages(recursive) check parameters
[1.055s] Level 1:colcon.colcon_core.package_discovery:discover_packages(ignore) check parameters
[1.056s] Level 1:colcon.colcon_core.package_discovery:discover_packages(path) check parameters
[1.056s] Level 1:colcon.colcon_core.package_discovery:discover_packages(colcon_meta) discover
[1.056s] Level 1:colcon.colcon_core.package_discovery:discover_packages(recursive) discover
[1.056s] INFO:colcon.colcon_core.package_discovery:Crawling recursively for packages in '/home/mohit/GITHUBRepos/ROS_Gazibo_learning/snake_ws'
[1.056s] Level 1:colcon.colcon_core.package_identification:_identify(.) by extensions ['ignore', 'ignore_ament_install']
[1.057s] Level 1:colcon.colcon_core.package_identification:_identify(.) by extension 'ignore'
[1.057s] Level 1:colcon.colcon_core.package_identification:_identify(.) by extension 'ignore_ament_install'
[1.057s] Level 1:colcon.colcon_core.package_identification:_identify(.) by extensions ['colcon_pkg']
[1.057s] Level 1:colcon.colcon_core.package_identification:_identify(.) by extension 'colcon_pkg'
[1.057s] Level 1:colcon.colcon_core.package_identification:_identify(.) by extensions ['colcon_meta']
[1.058s] Level 1:colcon.colcon_core.package_identification:_identify(.) by extension 'colcon_meta'
[1.058s] Level 1:colcon.colcon_core.package_identification:_identify(.) by extensions ['ros']
[1.058s] Level 1:colcon.colcon_core.package_identification:_identify(.) by extension 'ros'
[1.067s] Level 1:colcon.colcon_core.package_identification:_identify(.) by extensions ['cmake', 'python']
[1.067s] Level 1:colcon.colcon_core.package_identification:_identify(.) by extension 'cmake'
[1.067s] Level 1:colcon.colcon_core.package_identification:_identify(.) by extension 'python'
[1.068s] Level 1:colcon.colcon_core.package_identification:_identify(.) by extensions ['python_setup_py']
[1.068s] Level 1:colcon.colcon_core.package_identification:_identify(.) by extension 'python_setup_py'
[1.068s] Level 1:colcon.colcon_core.package_identification:_identify(build) by extensions ['ignore', 'ignore_ament_install']
[1.068s] Level 1:colcon.colcon_core.package_identification:_identify(build) by extension 'ignore'
[1.068s] Level 1:colcon.colcon_core.package_identification:_identify(build) ignored
[1.069s] Level 1:colcon.colcon_core.package_identification:_identify(install) by extensions ['ignore', 'ignore_ament_install']
[1.069s] Level 1:colcon.colcon_core.package_identification:_identify(install) by extension 'ignore'
[1.069s] Level 1:colcon.colcon_core.package_identification:_identify(install) ignored
[1.070s] Level 1:colcon.colcon_core.package_identification:_identify(log) by extensions ['ignore', 'ignore_ament_install']
[1.070s] Level 1:colcon.colcon_core.package_identification:_identify(log) by extension 'ignore'
[1.070s] Level 1:colcon.colcon_core.package_identification:_identify(log) ignored
[1.070s] Level 1:colcon.colcon_core.package_identification:_identify(src) by extensions ['ignore', 'ignore_ament_install']
[1.070s] Level 1:colcon.colcon_core.package_identification:_identify(src) by extension 'ignore'
[1.071s] Level 1:colcon.colcon_core.package_identification:_identify(src) by extension 'ignore_ament_install'
[1.071s] Level 1:colcon.colcon_core.package_identification:_identify(src) by extensions ['colcon_pkg']
[1.071s] Level 1:colcon.colcon_core.package_identification:_identify(src) by extension 'colcon_pkg'
[1.071s] Level 1:colcon.colcon_core.package_identification:_identify(src) by extensions ['colcon_meta']
[1.072s] Level 1:colcon.colcon_core.package_identification:_identify(src) by extension 'colcon_meta'
[1.072s] Level 1:colcon.colcon_core.package_identification:_identify(src) by extensions ['ros']
[1.072s] Level 1:colcon.colcon_core.package_identification:_identify(src) by extension 'ros'
[1.072s] Level 1:colcon.colcon_core.package_identification:_identify(src) by extensions ['cmake', 'python']
[1.072s] Level 1:colcon.colcon_core.package_identification:_identify(src) by extension 'cmake'
[1.073s] Level 1:colcon.colcon_core.package_identification:_identify(src) by extension 'python'
[1.073s] Level 1:colcon.colcon_core.package_identification:_identify(src) by extensions ['python_setup_py']
[1.073s] Level 1:colcon.colcon_core.package_identification:_identify(src) by extension 'python_setup_py'
[1.073s] Level 1:colcon.colcon_core.package_identification:_identify(src/snake_robot_bringup) by extensions ['ignore', 'ignore_ament_install']
[1.073s] Level 1:colcon.colcon_core.package_identification:_identify(src/snake_robot_bringup) by extension 'ignore'
[1.074s] Level 1:colcon.colcon_core.package_identification:_identify(src/snake_robot_bringup) by extension 'ignore_ament_install'
[1.074s] Level 1:colcon.colcon_core.package_identification:_identify(src/snake_robot_bringup) by extensions ['colcon_pkg']
[1.074s] Level 1:colcon.colcon_core.package_identification:_identify(src/snake_robot_bringup) by extension 'colcon_pkg'
[1.074s] Level 1:colcon.colcon_core.package_identification:_identify(src/snake_robot_bringup) by extensions ['colcon_meta']
[1.074s] Level 1:colcon.colcon_core.package_identification:_identify(src/snake_robot_bringup) by extension 'colcon_meta'
[1.075s] Level 1:colcon.colcon_core.package_identification:_identify(src/snake_robot_bringup) by extensions ['ros']
[1.075s] Level 1:colcon.colcon_core.package_identification:_identify(src/snake_robot_bringup) by extension 'ros'
[1.077s] DEBUG:colcon.colcon_core.package_identification:Package 'src/snake_robot_bringup' with type 'ros.ament_cmake' and name 'snake_robot_bringup'
[1.077s] Level 1:colcon.colcon_core.package_identification:_identify(src/snake_robot_description) by extensions ['ignore', 'ignore_ament_install']
[1.077s] Level 1:colcon.colcon_core.package_identification:_identify(src/snake_robot_description) by extension 'ignore'
[1.077s] Level 1:colcon.colcon_core.package_identification:_identify(src/snake_robot_description) by extension 'ignore_ament_install'
[1.078s] Level 1:colcon.colcon_core.package_identification:_identify(src/snake_robot_description) by extensions ['colcon_pkg']
[1.078s] Level 1:colcon.colcon_core.package_identification:_identify(src/snake_robot_description) by extension 'colcon_pkg'
[1.078s] Level 1:colcon.colcon_core.package_identification:_identify(src/snake_robot_description) by extensions ['colcon_meta']
[1.078s] Level 1:colcon.colcon_core.package_identification:_identify(src/snake_robot_description) by extension 'colcon_meta'
[1.078s] Level 1:colcon.colcon_core.package_identification:_identify(src/snake_robot_description) by extensions ['ros']
[1.079s] Level 1:colcon.colcon_core.package_identification:_identify(src/snake_robot_description) by extension 'ros'
[1.079s] DEBUG:colcon.colcon_core.package_identification:Package 'src/snake_robot_description' with type 'ros.ament_cmake' and name 'snake_robot_description'
[1.079s] Level 1:colcon.colcon_core.package_discovery:discover_packages(recursive) using defaults
[1.079s] Level 1:colcon.colcon_core.package_discovery:discover_packages(ignore) discover
[1.080s] Level 1:colcon.colcon_core.package_discovery:discover_packages(ignore) using defaults
[1.080s] Level 1:colcon.colcon_core.package_discovery:discover_packages(path) discover
[1.080s] Level 1:colcon.colcon_core.package_discovery:discover_packages(path) using defaults
[1.188s] Level 1:colcon.colcon_core.package_discovery:discover_packages(prefix_path) check parameters
[1.188s] Level 1:colcon.colcon_core.package_discovery:discover_packages(prefix_path) discover
[1.225s] DEBUG:colcon.colcon_installed_package_information.package_discovery:Found 2 installed packages in /home/mohit/GITHUBRepos/ROS_Gazibo_learning/snake_ws/install
[1.243s] DEBUG:colcon.colcon_installed_package_information.package_discovery:Found 365 installed packages in /opt/ros/humble
[1.254s] Level 1:colcon.colcon_core.package_discovery:discover_packages(prefix_path) using defaults
[1.354s] Level 5:colcon.colcon_core.verb:set package 'snake_robot_description' build argument 'cmake_args' from command line to 'None'
[1.355s] Level 5:colcon.colcon_core.verb:set package 'snake_robot_description' build argument 'cmake_target' from command line to 'None'
[1.355s] Level 5:colcon.colcon_core.verb:set package 'snake_robot_description' build argument 'cmake_target_skip_unavailable' from command line to 'False'
[1.355s] Level 5:colcon.colcon_core.verb:set package 'snake_robot_description' build argument 'cmake_clean_cache' from command line to 'False'
[1.355s] Level 5:colcon.colcon_core.verb:set package 'snake_robot_description' build argument 'cmake_clean_first' from command line to 'False'
[1.356s] Level 5:colcon.colcon_core.verb:set package 'snake_robot_description' build argument 'cmake_force_configure' from command line to 'False'
[1.356s] Level 5:colcon.colcon_core.verb:set package 'snake_robot_description' build argument 'ament_cmake_args' from command line to 'None'
[1.356s] Level 5:colcon.colcon_core.verb:set package 'snake_robot_description' build argument 'catkin_cmake_args' from command line to 'None'
[1.356s] Level 5:colcon.colcon_core.verb:set package 'snake_robot_description' build argument 'catkin_skip_building_tests' from command line to 'False'
[1.356s] DEBUG:colcon.colcon_core.verb:Building package 'snake_robot_description' with the following arguments: {'ament_cmake_args': None, 'build_base': '/home/mohit/GITHUBRepos/ROS_Gazibo_learning/snake_ws/build/snake_robot_description', 'catkin_cmake_args': None, 'catkin_skip_building_tests': False, 'cmake_args': None, 'cmake_clean_cache': False, 'cmake_clean_first': False, 'cmake_force_configure': False, 'cmake_target': None, 'cmake_target_skip_unavailable': False, 'install_base': '/home/mohit/GITHUBRepos/ROS_Gazibo_learning/snake_ws/install/snake_robot_description', 'merge_install': False, 'path': '/home/mohit/GITHUBRepos/ROS_Gazibo_learning/snake_ws/src/snake_robot_description', 'symlink_install': False, 'test_result_base': None}
[1.373s] Level 5:colcon.colcon_core.verb:set package 'snake_robot_bringup' build argument 'cmake_args' from command line to 'None'
[1.373s] Level 5:colcon.colcon_core.verb:set package 'snake_robot_bringup' build argument 'cmake_target' from command line to 'None'
[1.373s] Level 5:colcon.colcon_core.verb:set package 'snake_robot_bringup' build argument 'cmake_target_skip_unavailable' from command line to 'False'
[1.373s] Level 5:colcon.colcon_core.verb:set package 'snake_robot_bringup' build argument 'cmake_clean_cache' from command line to 'False'
[1.373s] Level 5:colcon.colcon_core.verb:set package 'snake_robot_bringup' build argument 'cmake_clean_first' from command line to 'False'
[1.374s] Level 5:colcon.colcon_core.verb:set package 'snake_robot_bringup' build argument 'cmake_force_configure' from command line to 'False'
[1.374s] Level 5:colcon.colcon_core.verb:set package 'snake_robot_bringup' build argument 'ament_cmake_args' from command line to 'None'
[1.374s] Level 5:colcon.colcon_core.verb:set package 'snake_robot_bringup' build argument 'catkin_cmake_args' from command line to 'None'
[1.374s] Level 5:colcon.colcon_core.verb:set package 'snake_robot_bringup' build argument 'catkin_skip_building_tests' from command line to 'False'
[1.374s] DEBUG:colcon.colcon_core.verb:Building package 'snake_robot_bringup' with the following arguments: {'ament_cmake_args': None, 'build_base': '/home/mohit/GITHUBRepos/ROS_Gazibo_learning/snake_ws/build/snake_robot_bringup', 'catkin_cmake_args': None, 'catkin_skip_building_tests': False, 'cmake_args': None, 'cmake_clean_cache': False, 'cmake_clean_first': False, 'cmake_force_configure': False, 'cmake_target': None, 'cmake_target_skip_unavailable': False, 'install_base': '/home/mohit/GITHUBRepos/ROS_Gazibo_learning/snake_ws/install/snake_robot_bringup', 'merge_install': False, 'path': '/home/mohit/GITHUBRepos/ROS_Gazibo_learning/snake_ws/src/snake_robot_bringup', 'symlink_install': False, 'test_result_base': None}
[1.390s] INFO:colcon.colcon_core.executor:Executing jobs using 'parallel' executor
[1.408s] DEBUG:colcon.colcon_parallel_executor.executor.parallel:run_until_complete
[1.409s] INFO:colcon.colcon_ros.task.ament_cmake.build:Building ROS package in '/home/mohit/GITHUBRepos/ROS_Gazibo_learning/snake_ws/src/snake_robot_description' with build type 'ament_cmake'
[1.410s] INFO:colcon.colcon_cmake.task.cmake.build:Building CMake package in '/home/mohit/GITHUBRepos/ROS_Gazibo_learning/snake_ws/src/snake_robot_description'
[1.427s] INFO:colcon.colcon_core.plugin_system:Skipping extension 'colcon_core.shell.bat': Not used on non-Windows systems
[1.428s] INFO:colcon.colcon_core.shell:Skip shell extension 'powershell' for command environment: Not usable outside of PowerShell
[1.428s] DEBUG:colcon.colcon_core.shell:Skip shell extension 'dsv' for command environment
[1.514s] DEBUG:colcon.colcon_core.event_handler.log_command:Invoking command in '/home/mohit/GITHUBRepos/ROS_Gazibo_learning/snake_ws/build/snake_robot_description': CMAKE_PREFIX_PATH=${CMAKE_PREFIX_PATH}:/opt/ros/humble /usr/bin/cmake --build /home/mohit/GITHUBRepos/ROS_Gazibo_learning/snake_ws/build/snake_robot_description -- -j2 -l2
[1.629s] DEBUG:colcon.colcon_core.event_handler.log_command:Invoked command in '/home/mohit/GITHUBRepos/ROS_Gazibo_learning/snake_ws/build/snake_robot_description' returned '0': CMAKE_PREFIX_PATH=${CMAKE_PREFIX_PATH}:/opt/ros/humble /usr/bin/cmake --build /home/mohit/GITHUBRepos/ROS_Gazibo_learning/snake_ws/build/snake_robot_description -- -j2 -l2
[1.699s] DEBUG:colcon.colcon_core.event_handler.log_command:Invoking command in '/home/mohit/GITHUBRepos/ROS_Gazibo_learning/snake_ws/build/snake_robot_description': CMAKE_PREFIX_PATH=${CMAKE_PREFIX_PATH}:/opt/ros/humble /usr/bin/cmake --install /home/mohit/GITHUBRepos/ROS_Gazibo_learning/snake_ws/build/snake_robot_description
[1.733s] Level 1:colcon.colcon_core.environment:create_environment_scripts_only(snake_robot_description)
[1.745s] DEBUG:colcon.colcon_core.event_handler.log_command:Invoked command in '/home/mohit/GITHUBRepos/ROS_Gazibo_learning/snake_ws/build/snake_robot_description' returned '0': CMAKE_PREFIX_PATH=${CMAKE_PREFIX_PATH}:/opt/ros/humble /usr/bin/cmake --install /home/mohit/GITHUBRepos/ROS_Gazibo_learning/snake_ws/build/snake_robot_description
[1.769s] Level 1:colcon.colcon_core.environment:checking '/home/mohit/GITHUBRepos/ROS_Gazibo_learning/snake_ws/install/snake_robot_description' for CMake module files
[1.770s] Level 1:colcon.colcon_core.environment:checking '/home/mohit/GITHUBRepos/ROS_Gazibo_learning/snake_ws/install/snake_robot_description' for CMake config files
[1.771s] Level 1:colcon.colcon_core.shell:create_environment_hook('snake_robot_description', 'cmake_prefix_path')
[1.800s] INFO:colcon.colcon_core.shell:Creating environment hook '/home/mohit/GITHUBRepos/ROS_Gazibo_learning/snake_ws/install/snake_robot_description/share/snake_robot_description/hook/cmake_prefix_path.ps1'
[1.801s] INFO:colcon.colcon_core.shell:Creating environment descriptor '/home/mohit/GITHUBRepos/ROS_Gazibo_learning/snake_ws/install/snake_robot_description/share/snake_robot_description/hook/cmake_prefix_path.dsv'
[1.802s] INFO:colcon.colcon_core.shell:Creating environment hook '/home/mohit/GITHUBRepos/ROS_Gazibo_learning/snake_ws/install/snake_robot_description/share/snake_robot_description/hook/cmake_prefix_path.sh'
[1.803s] Level 1:colcon.colcon_core.environment:checking '/home/mohit/GITHUBRepos/ROS_Gazibo_learning/snake_ws/install/snake_robot_description/lib'
[1.804s] Level 1:colcon.colcon_core.environment:checking '/home/mohit/GITHUBRepos/ROS_Gazibo_learning/snake_ws/install/snake_robot_description/bin'
[1.804s] Level 1:colcon.colcon_core.environment:checking '/home/mohit/GITHUBRepos/ROS_Gazibo_learning/snake_ws/install/snake_robot_description/lib/pkgconfig/snake_robot_description.pc'
[1.804s] Level 1:colcon.colcon_core.environment:checking '/home/mohit/GITHUBRepos/ROS_Gazibo_learning/snake_ws/install/snake_robot_description/lib/python3.10/site-packages'
[1.804s] Level 1:colcon.colcon_core.environment:checking '/home/mohit/GITHUBRepos/ROS_Gazibo_learning/snake_ws/install/snake_robot_description/bin'
[1.822s] INFO:colcon.colcon_core.shell:Creating package script '/home/mohit/GITHUBRepos/ROS_Gazibo_learning/snake_ws/install/snake_robot_description/share/snake_robot_description/package.ps1'
[1.823s] INFO:colcon.colcon_core.shell:Creating package descriptor '/home/mohit/GITHUBRepos/ROS_Gazibo_learning/snake_ws/install/snake_robot_description/share/snake_robot_description/package.dsv'
[1.824s] INFO:colcon.colcon_core.shell:Creating package script '/home/mohit/GITHUBRepos/ROS_Gazibo_learning/snake_ws/install/snake_robot_description/share/snake_robot_description/package.sh'
[1.825s] INFO:colcon.colcon_core.shell:Creating package script '/home/mohit/GITHUBRepos/ROS_Gazibo_learning/snake_ws/install/snake_robot_description/share/snake_robot_description/package.bash'
[1.826s] INFO:colcon.colcon_core.shell:Creating package script '/home/mohit/GITHUBRepos/ROS_Gazibo_learning/snake_ws/install/snake_robot_description/share/snake_robot_description/package.zsh'
[1.827s] Level 1:colcon.colcon_core.environment:create_file_with_runtime_dependencies(/home/mohit/GITHUBRepos/ROS_Gazibo_learning/snake_ws/install/snake_robot_description/share/colcon-core/packages/snake_robot_description)
[1.890s] Level 1:colcon.colcon_core.environment:create_environment_scripts_only(snake_robot_description)
[1.906s] Level 1:colcon.colcon_core.environment:checking '/home/mohit/GITHUBRepos/ROS_Gazibo_learning/snake_ws/install/snake_robot_description' for CMake module files
[1.907s] Level 1:colcon.colcon_core.environment:checking '/home/mohit/GITHUBRepos/ROS_Gazibo_learning/snake_ws/install/snake_robot_description' for CMake config files
[1.907s] Level 1:colcon.colcon_core.shell:create_environment_hook('snake_robot_description', 'cmake_prefix_path')
[1.925s] INFO:colcon.colcon_core.shell:Creating environment hook '/home/mohit/GITHUBRepos/ROS_Gazibo_learning/snake_ws/install/snake_robot_description/share/snake_robot_description/hook/cmake_prefix_path.ps1'
[1.926s] INFO:colcon.colcon_core.shell:Creating environment descriptor '/home/mohit/GITHUBRepos/ROS_Gazibo_learning/snake_ws/install/snake_robot_description/share/snake_robot_description/hook/cmake_prefix_path.dsv'
[1.926s] INFO:colcon.colcon_core.shell:Creating environment hook '/home/mohit/GITHUBRepos/ROS_Gazibo_learning/snake_ws/install/snake_robot_description/share/snake_robot_description/hook/cmake_prefix_path.sh'
[1.927s] Level 1:colcon.colcon_core.environment:checking '/home/mohit/GITHUBRepos/ROS_Gazibo_learning/snake_ws/install/snake_robot_description/lib'
[1.928s] Level 1:colcon.colcon_core.environment:checking '/home/mohit/GITHUBRepos/ROS_Gazibo_learning/snake_ws/install/snake_robot_description/bin'
[1.928s] Level 1:colcon.colcon_core.environment:checking '/home/mohit/GITHUBRepos/ROS_Gazibo_learning/snake_ws/install/snake_robot_description/lib/pkgconfig/snake_robot_description.pc'
[1.928s] Level 1:colcon.colcon_core.environment:checking '/home/mohit/GITHUBRepos/ROS_Gazibo_learning/snake_ws/install/snake_robot_description/lib/python3.10/site-packages'
[1.928s] Level 1:colcon.colcon_core.environment:checking '/home/mohit/GITHUBRepos/ROS_Gazibo_learning/snake_ws/install/snake_robot_description/bin'
[1.950s] INFO:colcon.colcon_core.shell:Creating package script '/home/mohit/GITHUBRepos/ROS_Gazibo_learning/snake_ws/install/snake_robot_description/share/snake_robot_description/package.ps1'
[1.951s] INFO:colcon.colcon_core.shell:Creating package descriptor '/home/mohit/GITHUBRepos/ROS_Gazibo_learning/snake_ws/install/snake_robot_description/share/snake_robot_description/package.dsv'
[1.952s] INFO:colcon.colcon_core.shell:Creating package script '/home/mohit/GITHUBRepos/ROS_Gazibo_learning/snake_ws/install/snake_robot_description/share/snake_robot_description/package.sh'
[1.953s] INFO:colcon.colcon_core.shell:Creating package script '/home/mohit/GITHUBRepos/ROS_Gazibo_learning/snake_ws/install/snake_robot_description/share/snake_robot_description/package.bash'
[1.953s] INFO:colcon.colcon_core.shell:Creating package script '/home/mohit/GITHUBRepos/ROS_Gazibo_learning/snake_ws/install/snake_robot_description/share/snake_robot_description/package.zsh'
[1.954s] Level 1:colcon.colcon_core.environment:create_file_with_runtime_dependencies(/home/mohit/GITHUBRepos/ROS_Gazibo_learning/snake_ws/install/snake_robot_description/share/colcon-core/packages/snake_robot_description)
[1.956s] INFO:colcon.colcon_ros.task.ament_cmake.build:Building ROS package in '/home/mohit/GITHUBRepos/ROS_Gazibo_learning/snake_ws/src/snake_robot_bringup' with build type 'ament_cmake'
[1.956s] INFO:colcon.colcon_cmake.task.cmake.build:Building CMake package in '/home/mohit/GITHUBRepos/ROS_Gazibo_learning/snake_ws/src/snake_robot_bringup'
[1.990s] INFO:colcon.colcon_core.shell:Skip shell extension 'powershell' for command environment: Not usable outside of PowerShell
[1.990s] DEBUG:colcon.colcon_core.shell:Skip shell extension 'dsv' for command environment
[2.095s] DEBUG:colcon.colcon_core.event_handler.log_command:Invoking command in '/home/mohit/GITHUBRepos/ROS_Gazibo_learning/snake_ws/build/snake_robot_bringup': CMAKE_PREFIX_PATH=/home/mohit/GITHUBRepos/ROS_Gazibo_learning/snake_ws/install/snake_robot_description:/home/mohit/GITHUBRepos/ROS_Gazibo_learning/snake_ws/install/snake_robot_bringup:/opt/ros/humble /usr/bin/cmake --build /home/mohit/GITHUBRepos/ROS_Gazibo_learning/snake_ws/build/snake_robot_bringup -- -j2 -l2
[2.233s] DEBUG:colcon.colcon_core.event_handler.log_command:Invoked command in '/home/mohit/GITHUBRepos/ROS_Gazibo_learning/snake_ws/build/snake_robot_bringup' returned '0': CMAKE_PREFIX_PATH=/home/mohit/GITHUBRepos/ROS_Gazibo_learning/snake_ws/install/snake_robot_description:/home/mohit/GITHUBRepos/ROS_Gazibo_learning/snake_ws/install/snake_robot_bringup:/opt/ros/humble /usr/bin/cmake --build /home/mohit/GITHUBRepos/ROS_Gazibo_learning/snake_ws/build/snake_robot_bringup -- -j2 -l2
[2.312s] DEBUG:colcon.colcon_core.event_handler.log_command:Invoking command in '/home/mohit/GITHUBRepos/ROS_Gazibo_learning/snake_ws/build/snake_robot_bringup': CMAKE_PREFIX_PATH=/home/mohit/GITHUBRepos/ROS_Gazibo_learning/snake_ws/install/snake_robot_description:/home/mohit/GITHUBRepos/ROS_Gazibo_learning/snake_ws/install/snake_robot_bringup:/opt/ros/humble /usr/bin/cmake --install /home/mohit/GITHUBRepos/ROS_Gazibo_learning/snake_ws/build/snake_robot_bringup
[2.327s] Level 1:colcon.colcon_core.environment:create_environment_scripts_only(snake_robot_bringup)
[2.332s] DEBUG:colcon.colcon_core.event_handler.log_command:Invoked command in '/home/mohit/GITHUBRepos/ROS_Gazibo_learning/snake_ws/build/snake_robot_bringup' returned '0': CMAKE_PREFIX_PATH=/home/mohit/GITHUBRepos/ROS_Gazibo_learning/snake_ws/install/snake_robot_description:/home/mohit/GITHUBRepos/ROS_Gazibo_learning/snake_ws/install/snake_robot_bringup:/opt/ros/humble /usr/bin/cmake --install /home/mohit/GITHUBRepos/ROS_Gazibo_learning/snake_ws/build/snake_robot_bringup
[2.374s] Level 1:colcon.colcon_core.environment:checking '/home/mohit/GITHUBRepos/ROS_Gazibo_learning/snake_ws/install/snake_robot_bringup' for CMake module files
[2.376s] Level 1:colcon.colcon_core.environment:checking '/home/mohit/GITHUBRepos/ROS_Gazibo_learning/snake_ws/install/snake_robot_bringup' for CMake config files
[2.377s] Level 1:colcon.colcon_core.shell:create_environment_hook('snake_robot_bringup', 'cmake_prefix_path')
[2.394s] INFO:colcon.colcon_core.shell:Creating environment hook '/home/mohit/GITHUBRepos/ROS_Gazibo_learning/snake_ws/install/snake_robot_bringup/share/snake_robot_bringup/hook/cmake_prefix_path.ps1'
[2.395s] INFO:colcon.colcon_core.shell:Creating environment descriptor '/home/mohit/GITHUBRepos/ROS_Gazibo_learning/snake_ws/install/snake_robot_bringup/share/snake_robot_bringup/hook/cmake_prefix_path.dsv'
[2.396s] INFO:colcon.colcon_core.shell:Creating environment hook '/home/mohit/GITHUBRepos/ROS_Gazibo_learning/snake_ws/install/snake_robot_bringup/share/snake_robot_bringup/hook/cmake_prefix_path.sh'
[2.397s] Level 1:colcon.colcon_core.environment:checking '/home/mohit/GITHUBRepos/ROS_Gazibo_learning/snake_ws/install/snake_robot_bringup/bin'
[2.397s] Level 1:colcon.colcon_core.environment:checking '/home/mohit/GITHUBRepos/ROS_Gazibo_learning/snake_ws/install/snake_robot_bringup/lib/pkgconfig/snake_robot_bringup.pc'
[2.398s] Level 1:colcon.colcon_core.environment:checking '/home/mohit/GITHUBRepos/ROS_Gazibo_learning/snake_ws/install/snake_robot_bringup/lib/python3.10/site-packages'
[2.399s] Level 1:colcon.colcon_core.environment:checking '/home/mohit/GITHUBRepos/ROS_Gazibo_learning/snake_ws/install/snake_robot_bringup/bin'
[2.419s] INFO:colcon.colcon_core.shell:Creating package script '/home/mohit/GITHUBRepos/ROS_Gazibo_learning/snake_ws/install/snake_robot_bringup/share/snake_robot_bringup/package.ps1'
[2.420s] INFO:colcon.colcon_core.shell:Creating package descriptor '/home/mohit/GITHUBRepos/ROS_Gazibo_learning/snake_ws/install/snake_robot_bringup/share/snake_robot_bringup/package.dsv'
[2.421s] INFO:colcon.colcon_core.shell:Creating package script '/home/mohit/GITHUBRepos/ROS_Gazibo_learning/snake_ws/install/snake_robot_bringup/share/snake_robot_bringup/package.sh'
[2.422s] INFO:colcon.colcon_core.shell:Creating package script '/home/mohit/GITHUBRepos/ROS_Gazibo_learning/snake_ws/install/snake_robot_bringup/share/snake_robot_bringup/package.bash'
[2.423s] INFO:colcon.colcon_core.shell:Creating package script '/home/mohit/GITHUBRepos/ROS_Gazibo_learning/snake_ws/install/snake_robot_bringup/share/snake_robot_bringup/package.zsh'
[2.424s] Level 1:colcon.colcon_core.environment:create_file_with_runtime_dependencies(/home/mohit/GITHUBRepos/ROS_Gazibo_learning/snake_ws/install/snake_robot_bringup/share/colcon-core/packages/snake_robot_bringup)
[2.493s] Level 1:colcon.colcon_core.environment:create_environment_scripts_only(snake_robot_bringup)
[2.511s] Level 1:colcon.colcon_core.environment:checking '/home/mohit/GITHUBRepos/ROS_Gazibo_learning/snake_ws/install/snake_robot_bringup' for CMake module files
[2.512s] Level 1:colcon.colcon_core.environment:checking '/home/mohit/GITHUBRepos/ROS_Gazibo_learning/snake_ws/install/snake_robot_bringup' for CMake config files
[2.512s] Level 1:colcon.colcon_core.shell:create_environment_hook('snake_robot_bringup', 'cmake_prefix_path')
[2.529s] INFO:colcon.colcon_core.shell:Creating environment hook '/home/mohit/GITHUBRepos/ROS_Gazibo_learning/snake_ws/install/snake_robot_bringup/share/snake_robot_bringup/hook/cmake_prefix_path.ps1'
[2.530s] INFO:colcon.colcon_core.shell:Creating environment descriptor '/home/mohit/GITHUBRepos/ROS_Gazibo_learning/snake_ws/install/snake_robot_bringup/share/snake_robot_bringup/hook/cmake_prefix_path.dsv'
[2.531s] INFO:colcon.colcon_core.shell:Creating environment hook '/home/mohit/GITHUBRepos/ROS_Gazibo_learning/snake_ws/install/snake_robot_bringup/share/snake_robot_bringup/hook/cmake_prefix_path.sh'
[2.532s] Level 1:colcon.colcon_core.environment:checking '/home/mohit/GITHUBRepos/ROS_Gazibo_learning/snake_ws/install/snake_robot_bringup/bin'
[2.532s] Level 1:colcon.colcon_core.environment:checking '/home/mohit/GITHUBRepos/ROS_Gazibo_learning/snake_ws/install/snake_robot_bringup/lib/pkgconfig/snake_robot_bringup.pc'
[2.533s] Level 1:colcon.colcon_core.environment:checking '/home/mohit/GITHUBRepos/ROS_Gazibo_learning/snake_ws/install/snake_robot_bringup/lib/python3.10/site-packages'
[2.533s] Level 1:colcon.colcon_core.environment:checking '/home/mohit/GITHUBRepos/ROS_Gazibo_learning/snake_ws/install/snake_robot_bringup/bin'
[2.562s] INFO:colcon.colcon_core.shell:Creating package script '/home/mohit/GITHUBRepos/ROS_Gazibo_learning/snake_ws/install/snake_robot_bringup/share/snake_robot_bringup/package.ps1'
[2.564s] INFO:colcon.colcon_core.shell:Creating package descriptor '/home/mohit/GITHUBRepos/ROS_Gazibo_learning/snake_ws/install/snake_robot_bringup/share/snake_robot_bringup/package.dsv'
[2.568s] INFO:colcon.colcon_core.shell:Creating package script '/home/mohit/GITHUBRepos/ROS_Gazibo_learning/snake_ws/install/snake_robot_bringup/share/snake_robot_bringup/package.sh'
[2.568s] INFO:colcon.colcon_core.shell:Creating package script '/home/mohit/GITHUBRepos/ROS_Gazibo_learning/snake_ws/install/snake_robot_bringup/share/snake_robot_bringup/package.bash'
[2.570s] INFO:colcon.colcon_core.shell:Creating package script '/home/mohit/GITHUBRepos/ROS_Gazibo_learning/snake_ws/install/snake_robot_bringup/share/snake_robot_bringup/package.zsh'
[2.574s] Level 1:colcon.colcon_core.environment:create_file_with_runtime_dependencies(/home/mohit/GITHUBRepos/ROS_Gazibo_learning/snake_ws/install/snake_robot_bringup/share/colcon-core/packages/snake_robot_bringup)
[2.577s] DEBUG:colcon.colcon_parallel_executor.executor.parallel:closing loop
[2.578s] DEBUG:colcon.colcon_parallel_executor.executor.parallel:loop closed
[2.578s] DEBUG:colcon.colcon_parallel_executor.executor.parallel:run_until_complete finished with '0'
[2.578s] DEBUG:colcon.colcon_core.event_reactor:joining thread
[2.609s] INFO:colcon.colcon_core.plugin_system:Skipping extension 'colcon_notification.desktop_notification.terminal_notifier': Not used on non-Darwin systems
[2.610s] INFO:colcon.colcon_core.plugin_system:Skipping extension 'colcon_notification.desktop_notification.win32': Not used on non-Windows systems
[2.610s] INFO:colcon.colcon_notification.desktop_notification:Sending desktop notification using 'notify2'
[2.654s] DEBUG:colcon.colcon_core.event_reactor:joined thread
[2.681s] INFO:colcon.colcon_core.shell:Creating prefix script '/home/mohit/GITHUBRepos/ROS_Gazibo_learning/snake_ws/install/local_setup.ps1'
[2.682s] INFO:colcon.colcon_core.shell:Creating prefix util module '/home/mohit/GITHUBRepos/ROS_Gazibo_learning/snake_ws/install/_local_setup_util_ps1.py'
[2.684s] INFO:colcon.colcon_core.shell:Creating prefix chain script '/home/mohit/GITHUBRepos/ROS_Gazibo_learning/snake_ws/install/setup.ps1'
[2.712s] INFO:colcon.colcon_core.shell:Creating prefix script '/home/mohit/GITHUBRepos/ROS_Gazibo_learning/snake_ws/install/local_setup.sh'
[2.713s] INFO:colcon.colcon_core.shell:Creating prefix util module '/home/mohit/GITHUBRepos/ROS_Gazibo_learning/snake_ws/install/_local_setup_util_sh.py'
[2.713s] INFO:colcon.colcon_core.shell:Creating prefix chain script '/home/mohit/GITHUBRepos/ROS_Gazibo_learning/snake_ws/install/setup.sh'
[2.743s] INFO:colcon.colcon_core.shell:Creating prefix script '/home/mohit/GITHUBRepos/ROS_Gazibo_learning/snake_ws/install/local_setup.bash'
[2.744s] INFO:colcon.colcon_core.shell:Creating prefix chain script '/home/mohit/GITHUBRepos/ROS_Gazibo_learning/snake_ws/install/setup.bash'
[2.787s] INFO:colcon.colcon_core.shell:Creating prefix script '/home/mohit/GITHUBRepos/ROS_Gazibo_learning/snake_ws/install/local_setup.zsh'
[2.788s] INFO:colcon.colcon_core.shell:Creating prefix chain script '/home/mohit/GITHUBRepos/ROS_Gazibo_learning/snake_ws/install/setup.zsh'
