[1.176s] Invoking command in '/home/mohit/GITHUBRepos/ROS_Gazibo_learning/arduinobot_ws/src/arduinobot_py_examples': PYTHONPATH=/home/mohit/GITHUBRepos/ROS_Gazibo_learning/arduinobot_ws/build/arduinobot_py_examples/prefix_override:/home/mohit/GITHUBRepos/ROS_Gazibo_learning/arduinobot_ws/install/arduinobot_py_examples/lib/python3.10/site-packages:${PYTHONPATH} /usr/bin/python3 setup.py egg_info --egg-base ../../build/arduinobot_py_examples build --build-base /home/mohit/GITHUBRepos/ROS_Gazibo_learning/arduinobot_ws/build/arduinobot_py_examples/build install --record /home/mohit/GITHUBRepos/ROS_Gazibo_learning/arduinobot_ws/build/arduinobot_py_examples/install.log --single-version-externally-managed
[1.480s] running egg_info
[1.481s] creating ../../build/arduinobot_py_examples/arduinobot_py_examples.egg-info
[1.482s] writing ../../build/arduinobot_py_examples/arduinobot_py_examples.egg-info/PKG-INFO
[1.483s] writing dependency_links to ../../build/arduinobot_py_examples/arduinobot_py_examples.egg-info/dependency_links.txt
[1.484s] writing entry points to ../../build/arduinobot_py_examples/arduinobot_py_examples.egg-info/entry_points.txt
[1.485s] writing requirements to ../../build/arduinobot_py_examples/arduinobot_py_examples.egg-info/requires.txt
[1.485s] writing top-level names to ../../build/arduinobot_py_examples/arduinobot_py_examples.egg-info/top_level.txt
[1.486s] writing manifest file '../../build/arduinobot_py_examples/arduinobot_py_examples.egg-info/SOURCES.txt'
[1.488s] reading manifest file '../../build/arduinobot_py_examples/arduinobot_py_examples.egg-info/SOURCES.txt'
[1.489s] writing manifest file '../../build/arduinobot_py_examples/arduinobot_py_examples.egg-info/SOURCES.txt'
[1.490s] running build
[1.490s] running build_py
[1.490s] creating /home/mohit/GITHUBRepos/ROS_Gazibo_learning/arduinobot_ws/build/arduinobot_py_examples/build
[1.490s] creating /home/mohit/GITHUBRepos/ROS_Gazibo_learning/arduinobot_ws/build/arduinobot_py_examples/build/lib
[1.491s] creating /home/mohit/GITHUBRepos/ROS_Gazibo_learning/arduinobot_ws/build/arduinobot_py_examples/build/lib/arduinobot_py_examples
[1.491s] copying arduinobot_py_examples/__init__.py -> /home/mohit/GITHUBRepos/ROS_Gazibo_learning/arduinobot_ws/build/arduinobot_py_examples/build/lib/arduinobot_py_examples
[1.491s] copying arduinobot_py_examples/simple_subscriber.py -> /home/mohit/GITHUBRepos/ROS_Gazibo_learning/arduinobot_ws/build/arduinobot_py_examples/build/lib/arduinobot_py_examples
[1.492s] copying arduinobot_py_examples/simple_publisher.py -> /home/mohit/GITHUBRepos/ROS_Gazibo_learning/arduinobot_ws/build/arduinobot_py_examples/build/lib/arduinobot_py_examples
[1.493s] copying arduinobot_py_examples/simple_parameter.py -> /home/mohit/GITHUBRepos/ROS_Gazibo_learning/arduinobot_ws/build/arduinobot_py_examples/build/lib/arduinobot_py_examples
[1.494s] running install
[1.495s] /usr/lib/python3/dist-packages/setuptools/command/install.py:34: SetuptoolsDeprecationWarning: setup.py install is deprecated. Use build and pip and other standards-based tools.
[1.495s]   warnings.warn(
[1.495s] running install_lib
[1.496s] creating /home/mohit/GITHUBRepos/ROS_Gazibo_learning/arduinobot_ws/install/arduinobot_py_examples/lib/python3.10/site-packages/arduinobot_py_examples
[1.496s] copying /home/mohit/GITHUBRepos/ROS_Gazibo_learning/arduinobot_ws/build/arduinobot_py_examples/build/lib/arduinobot_py_examples/__init__.py -> /home/mohit/GITHUBRepos/ROS_Gazibo_learning/arduinobot_ws/install/arduinobot_py_examples/lib/python3.10/site-packages/arduinobot_py_examples
[1.497s] copying /home/mohit/GITHUBRepos/ROS_Gazibo_learning/arduinobot_ws/build/arduinobot_py_examples/build/lib/arduinobot_py_examples/simple_subscriber.py -> /home/mohit/GITHUBRepos/ROS_Gazibo_learning/arduinobot_ws/install/arduinobot_py_examples/lib/python3.10/site-packages/arduinobot_py_examples
[1.497s] copying /home/mohit/GITHUBRepos/ROS_Gazibo_learning/arduinobot_ws/build/arduinobot_py_examples/build/lib/arduinobot_py_examples/simple_publisher.py -> /home/mohit/GITHUBRepos/ROS_Gazibo_learning/arduinobot_ws/install/arduinobot_py_examples/lib/python3.10/site-packages/arduinobot_py_examples
[1.497s] copying /home/mohit/GITHUBRepos/ROS_Gazibo_learning/arduinobot_ws/build/arduinobot_py_examples/build/lib/arduinobot_py_examples/simple_parameter.py -> /home/mohit/GITHUBRepos/ROS_Gazibo_learning/arduinobot_ws/install/arduinobot_py_examples/lib/python3.10/site-packages/arduinobot_py_examples
[1.498s] byte-compiling /home/mohit/GITHUBRepos/ROS_Gazibo_learning/arduinobot_ws/install/arduinobot_py_examples/lib/python3.10/site-packages/arduinobot_py_examples/__init__.py to __init__.cpython-310.pyc
[1.498s] byte-compiling /home/mohit/GITHUBRepos/ROS_Gazibo_learning/arduinobot_ws/install/arduinobot_py_examples/lib/python3.10/site-packages/arduinobot_py_examples/simple_subscriber.py to simple_subscriber.cpython-310.pyc
[1.499s] byte-compiling /home/mohit/GITHUBRepos/ROS_Gazibo_learning/arduinobot_ws/install/arduinobot_py_examples/lib/python3.10/site-packages/arduinobot_py_examples/simple_publisher.py to simple_publisher.cpython-310.pyc
[1.500s] byte-compiling /home/mohit/GITHUBRepos/ROS_Gazibo_learning/arduinobot_ws/install/arduinobot_py_examples/lib/python3.10/site-packages/arduinobot_py_examples/simple_parameter.py to simple_parameter.cpython-310.pyc
[1.500s] running install_data
[1.501s] creating /home/mohit/GITHUBRepos/ROS_Gazibo_learning/arduinobot_ws/install/arduinobot_py_examples/share/ament_index
[1.502s] creating /home/mohit/GITHUBRepos/ROS_Gazibo_learning/arduinobot_ws/install/arduinobot_py_examples/share/ament_index/resource_index
[1.502s] creating /home/mohit/GITHUBRepos/ROS_Gazibo_learning/arduinobot_ws/install/arduinobot_py_examples/share/ament_index/resource_index/packages
[1.502s] copying resource/arduinobot_py_examples -> /home/mohit/GITHUBRepos/ROS_Gazibo_learning/arduinobot_ws/install/arduinobot_py_examples/share/ament_index/resource_index/packages
[1.502s] copying package.xml -> /home/mohit/GITHUBRepos/ROS_Gazibo_learning/arduinobot_ws/install/arduinobot_py_examples/share/arduinobot_py_examples
[1.502s] running install_egg_info
[1.504s] Copying ../../build/arduinobot_py_examples/arduinobot_py_examples.egg-info to /home/mohit/GITHUBRepos/ROS_Gazibo_learning/arduinobot_ws/install/arduinobot_py_examples/lib/python3.10/site-packages/arduinobot_py_examples-0.0.0-py3.10.egg-info
[1.505s] running install_scripts
[1.550s] Installing simple_parameter script to /home/mohit/GITHUBRepos/ROS_Gazibo_learning/arduinobot_ws/install/arduinobot_py_examples/lib/arduinobot_py_examples
[1.553s] Installing simple_publisher script to /home/mohit/GITHUBRepos/ROS_Gazibo_learning/arduinobot_ws/install/arduinobot_py_examples/lib/arduinobot_py_examples
[1.554s] Installing simple_subscriber script to /home/mohit/GITHUBRepos/ROS_Gazibo_learning/arduinobot_ws/install/arduinobot_py_examples/lib/arduinobot_py_examples
[1.554s] writing list of installed files to '/home/mohit/GITHUBRepos/ROS_Gazibo_learning/arduinobot_ws/build/arduinobot_py_examples/install.log'
[1.592s] Invoked command in '/home/mohit/GITHUBRepos/ROS_Gazibo_learning/arduinobot_ws/src/arduinobot_py_examples' returned '0': PYTHONPATH=/home/mohit/GITHUBRepos/ROS_Gazibo_learning/arduinobot_ws/build/arduinobot_py_examples/prefix_override:/home/mohit/GITHUBRepos/ROS_Gazibo_learning/arduinobot_ws/install/arduinobot_py_examples/lib/python3.10/site-packages:${PYTHONPATH} /usr/bin/python3 setup.py egg_info --egg-base ../../build/arduinobot_py_examples build --build-base /home/mohit/GITHUBRepos/ROS_Gazibo_learning/arduinobot_ws/build/arduinobot_py_examples/build install --record /home/mohit/GITHUBRepos/ROS_Gazibo_learning/arduinobot_ws/build/arduinobot_py_examples/install.log --single-version-externally-managed
