/home/mohit/GITHUBRepos/ROS_Gazibo_learning/snake_ws/install/snake_robot_nodes/lib/python3.10/site-packages/snake_robot_nodes/node01.py
/home/mohit/GITHUBRepos/ROS_Gazibo_learning/snake_ws/install/snake_robot_nodes/lib/python3.10/site-packages/snake_robot_nodes/OOP_py_node_template.py
/home/mohit/GITHUBRepos/ROS_Gazibo_learning/snake_ws/install/snake_robot_nodes/lib/python3.10/site-packages/snake_robot_nodes/serviceserver01.py
/home/mohit/GITHUBRepos/ROS_Gazibo_learning/snake_ws/install/snake_robot_nodes/lib/python3.10/site-packages/snake_robot_nodes/subscriber01.py
/home/mohit/GITHUBRepos/ROS_Gazibo_learning/snake_ws/install/snake_robot_nodes/lib/python3.10/site-packages/snake_robot_nodes/publisher01.py
/home/mohit/GITHUBRepos/ROS_Gazibo_learning/snake_ws/install/snake_robot_nodes/lib/python3.10/site-packages/snake_robot_nodes/__init__.py
/home/mohit/GITHUBRepos/ROS_Gazibo_learning/snake_ws/install/snake_robot_nodes/lib/python3.10/site-packages/snake_robot_nodes/__pycache__/node01.cpython-310.pyc
/home/mohit/GITHUBRepos/ROS_Gazibo_learning/snake_ws/install/snake_robot_nodes/lib/python3.10/site-packages/snake_robot_nodes/__pycache__/OOP_py_node_template.cpython-310.pyc
/home/mohit/GITHUBRepos/ROS_Gazibo_learning/snake_ws/install/snake_robot_nodes/lib/python3.10/site-packages/snake_robot_nodes/__pycache__/serviceserver01.cpython-310.pyc
/home/mohit/GITHUBRepos/ROS_Gazibo_learning/snake_ws/install/snake_robot_nodes/lib/python3.10/site-packages/snake_robot_nodes/__pycache__/subscriber01.cpython-310.pyc
/home/mohit/GITHUBRepos/ROS_Gazibo_learning/snake_ws/install/snake_robot_nodes/lib/python3.10/site-packages/snake_robot_nodes/__pycache__/publisher01.cpython-310.pyc
/home/mohit/GITHUBRepos/ROS_Gazibo_learning/snake_ws/install/snake_robot_nodes/lib/python3.10/site-packages/snake_robot_nodes/__pycache__/__init__.cpython-310.pyc
/home/mohit/GITHUBRepos/ROS_Gazibo_learning/snake_ws/install/snake_robot_nodes/share/ament_index/resource_index/packages/snake_robot_nodes
/home/mohit/GITHUBRepos/ROS_Gazibo_learning/snake_ws/install/snake_robot_nodes/share/snake_robot_nodes/package.xml
/home/mohit/GITHUBRepos/ROS_Gazibo_learning/snake_ws/install/snake_robot_nodes/lib/python3.10/site-packages/snake_robot_nodes-0.0.0-py3.10.egg-info/requires.txt
/home/mohit/GITHUBRepos/ROS_Gazibo_learning/snake_ws/install/snake_robot_nodes/lib/python3.10/site-packages/snake_robot_nodes-0.0.0-py3.10.egg-info/dependency_links.txt
/home/mohit/GITHUBRepos/ROS_Gazibo_learning/snake_ws/install/snake_robot_nodes/lib/python3.10/site-packages/snake_robot_nodes-0.0.0-py3.10.egg-info/PKG-INFO
/home/mohit/GITHUBRepos/ROS_Gazibo_learning/snake_ws/install/snake_robot_nodes/lib/python3.10/site-packages/snake_robot_nodes-0.0.0-py3.10.egg-info/entry_points.txt
/home/mohit/GITHUBRepos/ROS_Gazibo_learning/snake_ws/install/snake_robot_nodes/lib/python3.10/site-packages/snake_robot_nodes-0.0.0-py3.10.egg-info/top_level.txt
/home/mohit/GITHUBRepos/ROS_Gazibo_learning/snake_ws/install/snake_robot_nodes/lib/python3.10/site-packages/snake_robot_nodes-0.0.0-py3.10.egg-info/SOURCES.txt
/home/mohit/GITHUBRepos/ROS_Gazibo_learning/snake_ws/install/snake_robot_nodes/lib/python3.10/site-packages/snake_robot_nodes-0.0.0-py3.10.egg-info/zip-safe
/home/mohit/GITHUBRepos/ROS_Gazibo_learning/snake_ws/install/snake_robot_nodes/lib/snake_robot_nodes/py_node01
/home/mohit/GITHUBRepos/ROS_Gazibo_learning/snake_ws/install/snake_robot_nodes/lib/snake_robot_nodes/py_snakepubnode01
/home/mohit/GITHUBRepos/ROS_Gazibo_learning/snake_ws/install/snake_robot_nodes/lib/snake_robot_nodes/py_snakeserviceserver01
/home/mohit/GITHUBRepos/ROS_Gazibo_learning/snake_ws/install/snake_robot_nodes/lib/snake_robot_nodes/py_snakesubnode01
