[0.136s] Invoking command in '/home/mohit/GITHUBRepos/ROS_Gazibo_learning/arduinobot_ws/build/arduinobot_description': CMAKE_PREFIX_PATH=/opt/ros/humble:/opt/ros/iron /usr/bin/cmake /home/mohit/GITHUBRepos/ROS_Gazibo_learning/arduinobot_ws/src/arduinobot_description -DCMAKE_INSTALL_PREFIX=/home/mohit/GITHUBRepos/ROS_Gazibo_learning/arduinobot_ws/install/arduinobot_description
[0.417s] -- The C compiler identification is GNU 11.4.0
[0.619s] -- The CXX compiler identification is GNU 11.4.0
[0.642s] -- Detecting C compiler ABI info
[0.802s] -- Detecting C compiler ABI info - done
[0.810s] -- Check for working C compiler: /usr/bin/cc - skipped
[0.816s] -- Detecting C compile features
[0.824s] -- Detecting C compile features - done
[0.832s] -- Detecting CXX compiler ABI info
[1.001s] -- Detecting CXX compiler ABI info - done
[1.011s] -- Check for working CXX compiler: /usr/bin/c++ - skipped
[1.012s] -- Detecting CXX compile features
[1.013s] -- Detecting CXX compile features - done
[1.032s] -- Found ament_cmake: 1.3.6 (/opt/ros/humble/share/ament_cmake/cmake)
[1.282s] -- Found Python3: /usr/bin/python3.10 (found version "3.10.12") found components: Interpreter 
[1.456s] -- Found ament_lint_auto: 0.12.9 (/opt/ros/humble/share/ament_lint_auto/cmake)
[1.588s] -- Added test 'lint_cmake' to check CMake code style
[1.592s] -- Added test 'xmllint' to check XML markup files
[1.603s] -- Configuring done
[1.628s] -- Generating done
[1.628s] -- Build files have been written to: /home/mohit/GITHUBRepos/ROS_Gazibo_learning/arduinobot_ws/build/arduinobot_description
[1.636s] Invoked command in '/home/mohit/GITHUBRepos/ROS_Gazibo_learning/arduinobot_ws/build/arduinobot_description' returned '0': CMAKE_PREFIX_PATH=/opt/ros/humble:/opt/ros/iron /usr/bin/cmake /home/mohit/GITHUBRepos/ROS_Gazibo_learning/arduinobot_ws/src/arduinobot_description -DCMAKE_INSTALL_PREFIX=/home/mohit/GITHUBRepos/ROS_Gazibo_learning/arduinobot_ws/install/arduinobot_description
[1.637s] Invoking command in '/home/mohit/GITHUBRepos/ROS_Gazibo_learning/arduinobot_ws/build/arduinobot_description': CMAKE_PREFIX_PATH=/opt/ros/humble:/opt/ros/iron /usr/bin/cmake --build /home/mohit/GITHUBRepos/ROS_Gazibo_learning/arduinobot_ws/build/arduinobot_description -- -j2 -l2
[1.740s] Invoked command in '/home/mohit/GITHUBRepos/ROS_Gazibo_learning/arduinobot_ws/build/arduinobot_description' returned '0': CMAKE_PREFIX_PATH=/opt/ros/humble:/opt/ros/iron /usr/bin/cmake --build /home/mohit/GITHUBRepos/ROS_Gazibo_learning/arduinobot_ws/build/arduinobot_description -- -j2 -l2
[1.805s] Invoking command in '/home/mohit/GITHUBRepos/ROS_Gazibo_learning/arduinobot_ws/build/arduinobot_description': CMAKE_PREFIX_PATH=/opt/ros/humble:/opt/ros/iron /usr/bin/cmake --install /home/mohit/GITHUBRepos/ROS_Gazibo_learning/arduinobot_ws/build/arduinobot_description
[1.817s] -- Install configuration: ""
[1.818s] -- Installing: /home/mohit/GITHUBRepos/ROS_Gazibo_learning/arduinobot_ws/install/arduinobot_description/share/arduinobot_description/meshes
[1.819s] -- Installing: /home/mohit/GITHUBRepos/ROS_Gazibo_learning/arduinobot_ws/install/arduinobot_description/share/arduinobot_description/meshes/left_finger.STL
[1.822s] -- Installing: /home/mohit/GITHUBRepos/ROS_Gazibo_learning/arduinobot_ws/install/arduinobot_description/share/arduinobot_description/meshes/forward_drive_arm.STL
[1.836s] -- Installing: /home/mohit/GITHUBRepos/ROS_Gazibo_learning/arduinobot_ws/install/arduinobot_description/share/arduinobot_description/meshes/triangular_link.STL
[1.841s] -- Installing: /home/mohit/GITHUBRepos/ROS_Gazibo_learning/arduinobot_ws/install/arduinobot_description/share/arduinobot_description/meshes/right_finger.STL
[1.843s] -- Installing: /home/mohit/GITHUBRepos/ROS_Gazibo_learning/arduinobot_ws/install/arduinobot_description/share/arduinobot_description/meshes/servo_plate.STL
[1.845s] -- Installing: /home/mohit/GITHUBRepos/ROS_Gazibo_learning/arduinobot_ws/install/arduinobot_description/share/arduinobot_description/meshes/horizontal_arm.STL
[1.853s] -- Installing: /home/mohit/GITHUBRepos/ROS_Gazibo_learning/arduinobot_ws/install/arduinobot_description/share/arduinobot_description/meshes/base_plate.STL
[1.865s] -- Installing: /home/mohit/GITHUBRepos/ROS_Gazibo_learning/arduinobot_ws/install/arduinobot_description/share/arduinobot_description/meshes/round_plate.STL
[1.867s] -- Installing: /home/mohit/GITHUBRepos/ROS_Gazibo_learning/arduinobot_ws/install/arduinobot_description/share/arduinobot_description/meshes/plate.STL
[1.889s] -- Installing: /home/mohit/GITHUBRepos/ROS_Gazibo_learning/arduinobot_ws/install/arduinobot_description/share/arduinobot_description/meshes/basement.STL
[1.894s] -- Installing: /home/mohit/GITHUBRepos/ROS_Gazibo_learning/arduinobot_ws/install/arduinobot_description/share/arduinobot_description/meshes/vertical_drive_arm.STL
[1.899s] -- Installing: /home/mohit/GITHUBRepos/ROS_Gazibo_learning/arduinobot_ws/install/arduinobot_description/share/arduinobot_description/meshes/link.STL
[1.903s] -- Installing: /home/mohit/GITHUBRepos/ROS_Gazibo_learning/arduinobot_ws/install/arduinobot_description/share/arduinobot_description/meshes/claw_support.STL
[1.906s] -- Installing: /home/mohit/GITHUBRepos/ROS_Gazibo_learning/arduinobot_ws/install/arduinobot_description/share/arduinobot_description/urdf
[1.906s] -- Installing: /home/mohit/GITHUBRepos/ROS_Gazibo_learning/arduinobot_ws/install/arduinobot_description/share/arduinobot_description/urdf/arduinobot_urdf.xacro
[1.907s] -- Installing: /home/mohit/GITHUBRepos/ROS_Gazibo_learning/arduinobot_ws/install/arduinobot_description/share/ament_index/resource_index/package_run_dependencies/arduinobot_description
[1.907s] -- Installing: /home/mohit/GITHUBRepos/ROS_Gazibo_learning/arduinobot_ws/install/arduinobot_description/share/ament_index/resource_index/parent_prefix_path/arduinobot_description
[1.907s] -- Installing: /home/mohit/GITHUBRepos/ROS_Gazibo_learning/arduinobot_ws/install/arduinobot_description/share/arduinobot_description/environment/ament_prefix_path.sh
[1.908s] -- Installing: /home/mohit/GITHUBRepos/ROS_Gazibo_learning/arduinobot_ws/install/arduinobot_description/share/arduinobot_description/environment/ament_prefix_path.dsv
[1.908s] -- Installing: /home/mohit/GITHUBRepos/ROS_Gazibo_learning/arduinobot_ws/install/arduinobot_description/share/arduinobot_description/environment/path.sh
[1.908s] -- Installing: /home/mohit/GITHUBRepos/ROS_Gazibo_learning/arduinobot_ws/install/arduinobot_description/share/arduinobot_description/environment/path.dsv
[1.909s] -- Installing: /home/mohit/GITHUBRepos/ROS_Gazibo_learning/arduinobot_ws/install/arduinobot_description/share/arduinobot_description/local_setup.bash
[1.909s] -- Installing: /home/mohit/GITHUBRepos/ROS_Gazibo_learning/arduinobot_ws/install/arduinobot_description/share/arduinobot_description/local_setup.sh
[1.909s] -- Installing: /home/mohit/GITHUBRepos/ROS_Gazibo_learning/arduinobot_ws/install/arduinobot_description/share/arduinobot_description/local_setup.zsh
[1.909s] -- Installing: /home/mohit/GITHUBRepos/ROS_Gazibo_learning/arduinobot_ws/install/arduinobot_description/share/arduinobot_description/local_setup.dsv
[1.910s] -- Installing: /home/mohit/GITHUBRepos/ROS_Gazibo_learning/arduinobot_ws/install/arduinobot_description/share/arduinobot_description/package.dsv
[1.912s] -- Installing: /home/mohit/GITHUBRepos/ROS_Gazibo_learning/arduinobot_ws/install/arduinobot_description/share/ament_index/resource_index/packages/arduinobot_description
[1.912s] -- Installing: /home/mohit/GITHUBRepos/ROS_Gazibo_learning/arduinobot_ws/install/arduinobot_description/share/arduinobot_description/cmake/arduinobot_descriptionConfig.cmake
[1.913s] -- Installing: /home/mohit/GITHUBRepos/ROS_Gazibo_learning/arduinobot_ws/install/arduinobot_description/share/arduinobot_description/cmake/arduinobot_descriptionConfig-version.cmake
[1.913s] -- Installing: /home/mohit/GITHUBRepos/ROS_Gazibo_learning/arduinobot_ws/install/arduinobot_description/share/arduinobot_description/package.xml
[1.917s] Invoked command in '/home/mohit/GITHUBRepos/ROS_Gazibo_learning/arduinobot_ws/build/arduinobot_description' returned '0': CMAKE_PREFIX_PATH=/opt/ros/humble:/opt/ros/iron /usr/bin/cmake --install /home/mohit/GITHUBRepos/ROS_Gazibo_learning/arduinobot_ws/build/arduinobot_description
