[0.101s] Invoking command in '/home/mohit/GITHUBRepos/ROS_Gazibo_learning/snake_ws/build/snake_robot_description': CMAKE_PREFIX_PATH=${CMAKE_PREFIX_PATH}:/opt/ros/humble /usr/bin/cmake --build /home/mohit/GITHUBRepos/ROS_Gazibo_learning/snake_ws/build/snake_robot_description -- -j2 -l2
[0.178s] Invoked command in '/home/mohit/GITHUBRepos/ROS_Gazibo_learning/snake_ws/build/snake_robot_description' returned '0': CMAKE_PREFIX_PATH=${CMAKE_PREFIX_PATH}:/opt/ros/humble /usr/bin/cmake --build /home/mohit/GITHUBRepos/ROS_Gazibo_learning/snake_ws/build/snake_robot_description -- -j2 -l2
[0.279s] Invoking command in '/home/mohit/GITHUBRepos/ROS_Gazibo_learning/snake_ws/build/snake_robot_description': CMAKE_PREFIX_PATH=${CMAKE_PREFIX_PATH}:/opt/ros/humble /usr/bin/cmake --install /home/mohit/GITHUBRepos/ROS_Gazibo_learning/snake_ws/build/snake_robot_description
[0.292s] -- Install configuration: ""
[0.293s] -- Up-to-date: /home/mohit/GITHUBRepos/ROS_Gazibo_learning/snake_ws/install/snake_robot_description/share/snake_robot_description//urdf
[0.294s] -- Up-to-date: /home/mohit/GITHUBRepos/ROS_Gazibo_learning/snake_ws/install/snake_robot_description/share/snake_robot_description//urdf/components.xacro
[0.295s] -- Up-to-date: /home/mohit/GITHUBRepos/ROS_Gazibo_learning/snake_ws/install/snake_robot_description/share/snake_robot_description//urdf/snake.urdf
[0.296s] -- Up-to-date: /home/mohit/GITHUBRepos/ROS_Gazibo_learning/snake_ws/install/snake_robot_description/share/snake_robot_description//urdf/snake_urdf.xacro
[0.297s] -- Up-to-date: /home/mohit/GITHUBRepos/ROS_Gazibo_learning/snake_ws/install/snake_robot_description/share/snake_robot_description//urdf/components_with_collision.xacro
[0.298s] -- Up-to-date: /home/mohit/GITHUBRepos/ROS_Gazibo_learning/snake_ws/install/snake_robot_description/share/snake_robot_description//urdf/common_properties.xacro
[0.298s] -- Up-to-date: /home/mohit/GITHUBRepos/ROS_Gazibo_learning/snake_ws/install/snake_robot_description/share/snake_robot_description//launch
[0.299s] -- Up-to-date: /home/mohit/GITHUBRepos/ROS_Gazibo_learning/snake_ws/install/snake_robot_description/share/snake_robot_description//launch/display.launch.xml
[0.300s] -- Up-to-date: /home/mohit/GITHUBRepos/ROS_Gazibo_learning/snake_ws/install/snake_robot_description/share/snake_robot_description//launch/display.launch.py
[0.301s] -- Up-to-date: /home/mohit/GITHUBRepos/ROS_Gazibo_learning/snake_ws/install/snake_robot_description/share/snake_robot_description//rviz
[0.302s] -- Up-to-date: /home/mohit/GITHUBRepos/ROS_Gazibo_learning/snake_ws/install/snake_robot_description/share/snake_robot_description//rviz/urdf_config.rviz
[0.302s] -- Up-to-date: /home/mohit/GITHUBRepos/ROS_Gazibo_learning/snake_ws/install/snake_robot_description/share/ament_index/resource_index/package_run_dependencies/snake_robot_description
[0.302s] -- Up-to-date: /home/mohit/GITHUBRepos/ROS_Gazibo_learning/snake_ws/install/snake_robot_description/share/ament_index/resource_index/parent_prefix_path/snake_robot_description
[0.302s] -- Up-to-date: /home/mohit/GITHUBRepos/ROS_Gazibo_learning/snake_ws/install/snake_robot_description/share/snake_robot_description/environment/ament_prefix_path.sh
[0.302s] -- Up-to-date: /home/mohit/GITHUBRepos/ROS_Gazibo_learning/snake_ws/install/snake_robot_description/share/snake_robot_description/environment/ament_prefix_path.dsv
[0.305s] -- Up-to-date: /home/mohit/GITHUBRepos/ROS_Gazibo_learning/snake_ws/install/snake_robot_description/share/snake_robot_description/environment/path.sh
[0.306s] -- Up-to-date: /home/mohit/GITHUBRepos/ROS_Gazibo_learning/snake_ws/install/snake_robot_description/share/snake_robot_description/environment/path.dsv
[0.306s] -- Up-to-date: /home/mohit/GITHUBRepos/ROS_Gazibo_learning/snake_ws/install/snake_robot_description/share/snake_robot_description/local_setup.bash
[0.307s] -- Up-to-date: /home/mohit/GITHUBRepos/ROS_Gazibo_learning/snake_ws/install/snake_robot_description/share/snake_robot_description/local_setup.sh
[0.307s] -- Up-to-date: /home/mohit/GITHUBRepos/ROS_Gazibo_learning/snake_ws/install/snake_robot_description/share/snake_robot_description/local_setup.zsh
[0.307s] -- Up-to-date: /home/mohit/GITHUBRepos/ROS_Gazibo_learning/snake_ws/install/snake_robot_description/share/snake_robot_description/local_setup.dsv
[0.307s] -- Installing: /home/mohit/GITHUBRepos/ROS_Gazibo_learning/snake_ws/install/snake_robot_description/share/snake_robot_description/package.dsv
[0.307s] -- Up-to-date: /home/mohit/GITHUBRepos/ROS_Gazibo_learning/snake_ws/install/snake_robot_description/share/ament_index/resource_index/packages/snake_robot_description
[0.307s] -- Up-to-date: /home/mohit/GITHUBRepos/ROS_Gazibo_learning/snake_ws/install/snake_robot_description/share/snake_robot_description/cmake/snake_robot_descriptionConfig.cmake
[0.307s] -- Up-to-date: /home/mohit/GITHUBRepos/ROS_Gazibo_learning/snake_ws/install/snake_robot_description/share/snake_robot_description/cmake/snake_robot_descriptionConfig-version.cmake
[0.307s] -- Up-to-date: /home/mohit/GITHUBRepos/ROS_Gazibo_learning/snake_ws/install/snake_robot_description/share/snake_robot_description/package.xml
[0.308s] Invoked command in '/home/mohit/GITHUBRepos/ROS_Gazibo_learning/snake_ws/build/snake_robot_description' returned '0': CMAKE_PREFIX_PATH=${CMAKE_PREFIX_PATH}:/opt/ros/humble /usr/bin/cmake --install /home/mohit/GITHUBRepos/ROS_Gazibo_learning/snake_ws/build/snake_robot_description
