[2.846s] DEBUG:colcon:Command line arguments: ['/usr/bin/colcon', 'build']
[2.846s] DEBUG:colcon:Parsed command line arguments: Namespace(log_base=None, log_level=None, verb_name='build', build_base='build', install_base='install', merge_install=False, symlink_install=False, test_result_base=None, continue_on_error=False, executor='parallel', parallel_workers=2, event_handlers=None, ignore_user_meta=False, metas=['./colcon.meta'], base_paths=['.'], packages_ignore=None, packages_ignore_regex=None, paths=None, packages_up_to=None, packages_up_to_regex=None, packages_above=None, packages_above_and_dependencies=None, packages_above_depth=None, packages_select_by_dep=None, packages_skip_by_dep=None, packages_skip_up_to=None, packages_select_build_failed=False, packages_skip_build_finished=False, packages_select_test_failures=False, packages_skip_test_passed=False, packages_select=None, packages_skip=None, packages_select_regex=None, packages_skip_regex=None, packages_start=None, packages_end=None, allow_overriding=[], cmake_args=None, cmake_target=None, cmake_target_skip_unavailable=False, cmake_clean_cache=False, cmake_clean_first=False, cmake_force_configure=False, ament_cmake_args=None, catkin_cmake_args=None, catkin_skip_building_tests=False, verb_parser=<colcon_defaults.argument_parser.defaults.DefaultArgumentsDecorator object at 0x7fec179ed210>, verb_extension=<colcon_core.verb.build.BuildVerb object at 0x7fec17de7730>, main=<bound method BuildVerb.main of <colcon_core.verb.build.BuildVerb object at 0x7fec17de7730>>)
[2.901s] Level 1:colcon.colcon_core.package_discovery:discover_packages(colcon_meta) check parameters
[2.901s] Level 1:colcon.colcon_core.package_discovery:discover_packages(recursive) check parameters
[2.901s] Level 1:colcon.colcon_core.package_discovery:discover_packages(ignore) check parameters
[2.901s] Level 1:colcon.colcon_core.package_discovery:discover_packages(path) check parameters
[2.901s] Level 1:colcon.colcon_core.package_discovery:discover_packages(colcon_meta) discover
[2.901s] Level 1:colcon.colcon_core.package_discovery:discover_packages(recursive) discover
[2.901s] INFO:colcon.colcon_core.package_discovery:Crawling recursively for packages in '/home/mohit/ROS_Gazibo_learning/arduinobot_ws'
[2.901s] Level 1:colcon.colcon_core.package_identification:_identify(.) by extensions ['ignore', 'ignore_ament_install']
[2.902s] Level 1:colcon.colcon_core.package_identification:_identify(.) by extension 'ignore'
[2.902s] Level 1:colcon.colcon_core.package_identification:_identify(.) by extension 'ignore_ament_install'
[2.902s] Level 1:colcon.colcon_core.package_identification:_identify(.) by extensions ['colcon_pkg']
[2.902s] Level 1:colcon.colcon_core.package_identification:_identify(.) by extension 'colcon_pkg'
[2.902s] Level 1:colcon.colcon_core.package_identification:_identify(.) by extensions ['colcon_meta']
[2.902s] Level 1:colcon.colcon_core.package_identification:_identify(.) by extension 'colcon_meta'
[2.902s] Level 1:colcon.colcon_core.package_identification:_identify(.) by extensions ['ros']
[2.902s] Level 1:colcon.colcon_core.package_identification:_identify(.) by extension 'ros'
[2.913s] Level 1:colcon.colcon_core.package_identification:_identify(.) by extensions ['cmake', 'python']
[2.913s] Level 1:colcon.colcon_core.package_identification:_identify(.) by extension 'cmake'
[2.913s] Level 1:colcon.colcon_core.package_identification:_identify(.) by extension 'python'
[2.913s] Level 1:colcon.colcon_core.package_identification:_identify(.) by extensions ['python_setup_py']
[2.913s] Level 1:colcon.colcon_core.package_identification:_identify(.) by extension 'python_setup_py'
[2.913s] Level 1:colcon.colcon_core.package_identification:_identify(build) by extensions ['ignore', 'ignore_ament_install']
[2.913s] Level 1:colcon.colcon_core.package_identification:_identify(build) by extension 'ignore'
[2.913s] Level 1:colcon.colcon_core.package_identification:_identify(build) ignored
[2.913s] Level 1:colcon.colcon_core.package_identification:_identify(install) by extensions ['ignore', 'ignore_ament_install']
[2.914s] Level 1:colcon.colcon_core.package_identification:_identify(install) by extension 'ignore'
[2.914s] Level 1:colcon.colcon_core.package_identification:_identify(install) ignored
[2.914s] Level 1:colcon.colcon_core.package_identification:_identify(log) by extensions ['ignore', 'ignore_ament_install']
[2.914s] Level 1:colcon.colcon_core.package_identification:_identify(log) by extension 'ignore'
[2.914s] Level 1:colcon.colcon_core.package_identification:_identify(log) ignored
[2.914s] Level 1:colcon.colcon_core.package_identification:_identify(src) by extensions ['ignore', 'ignore_ament_install']
[2.914s] Level 1:colcon.colcon_core.package_identification:_identify(src) by extension 'ignore'
[2.914s] Level 1:colcon.colcon_core.package_identification:_identify(src) by extension 'ignore_ament_install'
[2.914s] Level 1:colcon.colcon_core.package_identification:_identify(src) by extensions ['colcon_pkg']
[2.914s] Level 1:colcon.colcon_core.package_identification:_identify(src) by extension 'colcon_pkg'
[2.914s] Level 1:colcon.colcon_core.package_identification:_identify(src) by extensions ['colcon_meta']
[2.914s] Level 1:colcon.colcon_core.package_identification:_identify(src) by extension 'colcon_meta'
[2.915s] Level 1:colcon.colcon_core.package_identification:_identify(src) by extensions ['ros']
[2.915s] Level 1:colcon.colcon_core.package_identification:_identify(src) by extension 'ros'
[2.915s] Level 1:colcon.colcon_core.package_identification:_identify(src) by extensions ['cmake', 'python']
[2.915s] Level 1:colcon.colcon_core.package_identification:_identify(src) by extension 'cmake'
[2.915s] Level 1:colcon.colcon_core.package_identification:_identify(src) by extension 'python'
[2.915s] Level 1:colcon.colcon_core.package_identification:_identify(src) by extensions ['python_setup_py']
[2.915s] Level 1:colcon.colcon_core.package_identification:_identify(src) by extension 'python_setup_py'
[2.915s] Level 1:colcon.colcon_core.package_identification:_identify(src/arduinobot_description) by extensions ['ignore', 'ignore_ament_install']
[2.915s] Level 1:colcon.colcon_core.package_identification:_identify(src/arduinobot_description) by extension 'ignore'
[2.915s] Level 1:colcon.colcon_core.package_identification:_identify(src/arduinobot_description) by extension 'ignore_ament_install'
[2.915s] Level 1:colcon.colcon_core.package_identification:_identify(src/arduinobot_description) by extensions ['colcon_pkg']
[2.915s] Level 1:colcon.colcon_core.package_identification:_identify(src/arduinobot_description) by extension 'colcon_pkg'
[2.915s] Level 1:colcon.colcon_core.package_identification:_identify(src/arduinobot_description) by extensions ['colcon_meta']
[2.916s] Level 1:colcon.colcon_core.package_identification:_identify(src/arduinobot_description) by extension 'colcon_meta'
[2.916s] Level 1:colcon.colcon_core.package_identification:_identify(src/arduinobot_description) by extensions ['ros']
[2.916s] Level 1:colcon.colcon_core.package_identification:_identify(src/arduinobot_description) by extension 'ros'
[2.918s] DEBUG:colcon.colcon_core.package_identification:Package 'src/arduinobot_description' with type 'ros.ament_cmake' and name 'arduinobot_description'
[2.918s] Level 1:colcon.colcon_core.package_identification:_identify(src/arduinobot_py_examples) by extensions ['ignore', 'ignore_ament_install']
[2.918s] Level 1:colcon.colcon_core.package_identification:_identify(src/arduinobot_py_examples) by extension 'ignore'
[2.918s] Level 1:colcon.colcon_core.package_identification:_identify(src/arduinobot_py_examples) by extension 'ignore_ament_install'
[2.918s] Level 1:colcon.colcon_core.package_identification:_identify(src/arduinobot_py_examples) by extensions ['colcon_pkg']
[2.918s] Level 1:colcon.colcon_core.package_identification:_identify(src/arduinobot_py_examples) by extension 'colcon_pkg'
[2.918s] Level 1:colcon.colcon_core.package_identification:_identify(src/arduinobot_py_examples) by extensions ['colcon_meta']
[2.918s] Level 1:colcon.colcon_core.package_identification:_identify(src/arduinobot_py_examples) by extension 'colcon_meta'
[2.918s] Level 1:colcon.colcon_core.package_identification:_identify(src/arduinobot_py_examples) by extensions ['ros']
[2.918s] Level 1:colcon.colcon_core.package_identification:_identify(src/arduinobot_py_examples) by extension 'ros'
[2.919s] DEBUG:colcon.colcon_core.package_identification:Package 'src/arduinobot_py_examples' with type 'ros.ament_python' and name 'arduinobot_py_examples'
[2.919s] Level 1:colcon.colcon_core.package_discovery:discover_packages(recursive) using defaults
[2.919s] Level 1:colcon.colcon_core.package_discovery:discover_packages(ignore) discover
[2.919s] Level 1:colcon.colcon_core.package_discovery:discover_packages(ignore) using defaults
[2.919s] Level 1:colcon.colcon_core.package_discovery:discover_packages(path) discover
[2.919s] Level 1:colcon.colcon_core.package_discovery:discover_packages(path) using defaults
[3.036s] Level 1:colcon.colcon_core.package_discovery:discover_packages(prefix_path) check parameters
[3.036s] Level 1:colcon.colcon_core.package_discovery:discover_packages(prefix_path) discover
[3.086s] DEBUG:colcon.colcon_installed_package_information.package_discovery:Found 2 installed packages in /home/mohit/ROS_Gazibo_learning/arduinobot_ws/install
[3.113s] DEBUG:colcon.colcon_installed_package_information.package_discovery:Found 367 installed packages in /opt/ros/humble
[3.116s] Level 1:colcon.colcon_core.package_discovery:discover_packages(prefix_path) using defaults
[3.296s] Level 5:colcon.colcon_core.verb:set package 'arduinobot_description' build argument 'cmake_args' from command line to 'None'
[3.296s] Level 5:colcon.colcon_core.verb:set package 'arduinobot_description' build argument 'cmake_target' from command line to 'None'
[3.296s] Level 5:colcon.colcon_core.verb:set package 'arduinobot_description' build argument 'cmake_target_skip_unavailable' from command line to 'False'
[3.296s] Level 5:colcon.colcon_core.verb:set package 'arduinobot_description' build argument 'cmake_clean_cache' from command line to 'False'
[3.296s] Level 5:colcon.colcon_core.verb:set package 'arduinobot_description' build argument 'cmake_clean_first' from command line to 'False'
[3.296s] Level 5:colcon.colcon_core.verb:set package 'arduinobot_description' build argument 'cmake_force_configure' from command line to 'False'
[3.296s] Level 5:colcon.colcon_core.verb:set package 'arduinobot_description' build argument 'ament_cmake_args' from command line to 'None'
[3.297s] Level 5:colcon.colcon_core.verb:set package 'arduinobot_description' build argument 'catkin_cmake_args' from command line to 'None'
[3.297s] Level 5:colcon.colcon_core.verb:set package 'arduinobot_description' build argument 'catkin_skip_building_tests' from command line to 'False'
[3.297s] DEBUG:colcon.colcon_core.verb:Building package 'arduinobot_description' with the following arguments: {'ament_cmake_args': None, 'build_base': '/home/mohit/ROS_Gazibo_learning/arduinobot_ws/build/arduinobot_description', 'catkin_cmake_args': None, 'catkin_skip_building_tests': False, 'cmake_args': None, 'cmake_clean_cache': False, 'cmake_clean_first': False, 'cmake_force_configure': False, 'cmake_target': None, 'cmake_target_skip_unavailable': False, 'install_base': '/home/mohit/ROS_Gazibo_learning/arduinobot_ws/install/arduinobot_description', 'merge_install': False, 'path': '/home/mohit/ROS_Gazibo_learning/arduinobot_ws/src/arduinobot_description', 'symlink_install': False, 'test_result_base': None}
[3.316s] Level 5:colcon.colcon_core.verb:set package 'arduinobot_py_examples' build argument 'cmake_args' from command line to 'None'
[3.316s] Level 5:colcon.colcon_core.verb:set package 'arduinobot_py_examples' build argument 'cmake_target' from command line to 'None'
[3.316s] Level 5:colcon.colcon_core.verb:set package 'arduinobot_py_examples' build argument 'cmake_target_skip_unavailable' from command line to 'False'
[3.316s] Level 5:colcon.colcon_core.verb:set package 'arduinobot_py_examples' build argument 'cmake_clean_cache' from command line to 'False'
[3.316s] Level 5:colcon.colcon_core.verb:set package 'arduinobot_py_examples' build argument 'cmake_clean_first' from command line to 'False'
[3.316s] Level 5:colcon.colcon_core.verb:set package 'arduinobot_py_examples' build argument 'cmake_force_configure' from command line to 'False'
[3.316s] Level 5:colcon.colcon_core.verb:set package 'arduinobot_py_examples' build argument 'ament_cmake_args' from command line to 'None'
[3.316s] Level 5:colcon.colcon_core.verb:set package 'arduinobot_py_examples' build argument 'catkin_cmake_args' from command line to 'None'
[3.316s] Level 5:colcon.colcon_core.verb:set package 'arduinobot_py_examples' build argument 'catkin_skip_building_tests' from command line to 'False'
[3.316s] DEBUG:colcon.colcon_core.verb:Building package 'arduinobot_py_examples' with the following arguments: {'ament_cmake_args': None, 'build_base': '/home/mohit/ROS_Gazibo_learning/arduinobot_ws/build/arduinobot_py_examples', 'catkin_cmake_args': None, 'catkin_skip_building_tests': False, 'cmake_args': None, 'cmake_clean_cache': False, 'cmake_clean_first': False, 'cmake_force_configure': False, 'cmake_target': None, 'cmake_target_skip_unavailable': False, 'install_base': '/home/mohit/ROS_Gazibo_learning/arduinobot_ws/install/arduinobot_py_examples', 'merge_install': False, 'path': '/home/mohit/ROS_Gazibo_learning/arduinobot_ws/src/arduinobot_py_examples', 'symlink_install': False, 'test_result_base': None}
[3.335s] INFO:colcon.colcon_core.executor:Executing jobs using 'parallel' executor
[3.354s] DEBUG:colcon.colcon_parallel_executor.executor.parallel:run_until_complete
[3.355s] INFO:colcon.colcon_ros.task.ament_cmake.build:Building ROS package in '/home/mohit/ROS_Gazibo_learning/arduinobot_ws/src/arduinobot_description' with build type 'ament_cmake'
[3.355s] INFO:colcon.colcon_cmake.task.cmake.build:Building CMake package in '/home/mohit/ROS_Gazibo_learning/arduinobot_ws/src/arduinobot_description'
[3.378s] INFO:colcon.colcon_core.plugin_system:Skipping extension 'colcon_core.shell.bat': Not used on non-Windows systems
[3.379s] INFO:colcon.colcon_core.shell:Skip shell extension 'powershell' for command environment: Not usable outside of PowerShell
[3.379s] DEBUG:colcon.colcon_core.shell:Skip shell extension 'dsv' for command environment
[3.440s] INFO:colcon.colcon_ros.task.ament_python.build:Building ROS package in '/home/mohit/ROS_Gazibo_learning/arduinobot_ws/src/arduinobot_py_examples' with build type 'ament_python'
[3.440s] Level 1:colcon.colcon_core.shell:create_environment_hook('arduinobot_py_examples', 'ament_prefix_path')
[3.462s] INFO:colcon.colcon_core.shell:Creating environment hook '/home/mohit/ROS_Gazibo_learning/arduinobot_ws/install/arduinobot_py_examples/share/arduinobot_py_examples/hook/ament_prefix_path.ps1'
[3.462s] INFO:colcon.colcon_core.shell:Creating environment descriptor '/home/mohit/ROS_Gazibo_learning/arduinobot_ws/install/arduinobot_py_examples/share/arduinobot_py_examples/hook/ament_prefix_path.dsv'
[3.463s] INFO:colcon.colcon_core.shell:Creating environment hook '/home/mohit/ROS_Gazibo_learning/arduinobot_ws/install/arduinobot_py_examples/share/arduinobot_py_examples/hook/ament_prefix_path.sh'
[3.483s] INFO:colcon.colcon_core.shell:Skip shell extension 'powershell' for command environment: Not usable outside of PowerShell
[3.483s] DEBUG:colcon.colcon_core.shell:Skip shell extension 'dsv' for command environment
[3.550s] DEBUG:colcon.colcon_core.event_handler.log_command:Invoking command in '/home/mohit/ROS_Gazibo_learning/arduinobot_ws/build/arduinobot_description': CMAKE_PREFIX_PATH=/home/mohit/ROS_Gazibo_learning/arduinobot_ws/install/arduinobot_py_examples:/opt/ros/humble /usr/bin/cmake --build /home/mohit/ROS_Gazibo_learning/arduinobot_ws/build/arduinobot_description -- -j2 -l2
[3.871s] INFO:colcon.colcon_core.task.python.build:Building Python package in '/home/mohit/ROS_Gazibo_learning/arduinobot_ws/src/arduinobot_py_examples'
[3.892s] INFO:colcon.colcon_core.shell:Skip shell extension 'powershell' for command environment: Not usable outside of PowerShell
[3.892s] DEBUG:colcon.colcon_core.shell:Skip shell extension 'dsv' for command environment
[3.958s] DEBUG:colcon.colcon_core.event_handler.log_command:Invoked command in '/home/mohit/ROS_Gazibo_learning/arduinobot_ws/build/arduinobot_description' returned '0': CMAKE_PREFIX_PATH=/home/mohit/ROS_Gazibo_learning/arduinobot_ws/install/arduinobot_py_examples:/opt/ros/humble /usr/bin/cmake --build /home/mohit/ROS_Gazibo_learning/arduinobot_ws/build/arduinobot_description -- -j2 -l2
[4.017s] DEBUG:colcon.colcon_core.event_handler.log_command:Invoking command in '/home/mohit/ROS_Gazibo_learning/arduinobot_ws/build/arduinobot_description': CMAKE_PREFIX_PATH=/home/mohit/ROS_Gazibo_learning/arduinobot_ws/install/arduinobot_py_examples:/opt/ros/humble /usr/bin/cmake --install /home/mohit/ROS_Gazibo_learning/arduinobot_ws/build/arduinobot_description
[4.040s] Level 1:colcon.colcon_core.environment:create_environment_scripts_only(arduinobot_description)
[4.042s] DEBUG:colcon.colcon_core.event_handler.log_command:Invoked command in '/home/mohit/ROS_Gazibo_learning/arduinobot_ws/build/arduinobot_description' returned '0': CMAKE_PREFIX_PATH=/home/mohit/ROS_Gazibo_learning/arduinobot_ws/install/arduinobot_py_examples:/opt/ros/humble /usr/bin/cmake --install /home/mohit/ROS_Gazibo_learning/arduinobot_ws/build/arduinobot_description
[4.079s] Level 1:colcon.colcon_core.environment:checking '/home/mohit/ROS_Gazibo_learning/arduinobot_ws/install/arduinobot_description' for CMake module files
[4.080s] Level 1:colcon.colcon_core.environment:checking '/home/mohit/ROS_Gazibo_learning/arduinobot_ws/install/arduinobot_description' for CMake config files
[4.080s] Level 1:colcon.colcon_core.shell:create_environment_hook('arduinobot_description', 'cmake_prefix_path')
[4.120s] INFO:colcon.colcon_core.shell:Creating environment hook '/home/mohit/ROS_Gazibo_learning/arduinobot_ws/install/arduinobot_description/share/arduinobot_description/hook/cmake_prefix_path.ps1'
[4.121s] INFO:colcon.colcon_core.shell:Creating environment descriptor '/home/mohit/ROS_Gazibo_learning/arduinobot_ws/install/arduinobot_description/share/arduinobot_description/hook/cmake_prefix_path.dsv'
[4.123s] INFO:colcon.colcon_core.shell:Creating environment hook '/home/mohit/ROS_Gazibo_learning/arduinobot_ws/install/arduinobot_description/share/arduinobot_description/hook/cmake_prefix_path.sh'
[4.125s] Level 1:colcon.colcon_core.environment:checking '/home/mohit/ROS_Gazibo_learning/arduinobot_ws/install/arduinobot_description/bin'
[4.125s] Level 1:colcon.colcon_core.environment:checking '/home/mohit/ROS_Gazibo_learning/arduinobot_ws/install/arduinobot_description/lib/pkgconfig/arduinobot_description.pc'
[4.126s] Level 1:colcon.colcon_core.environment:checking '/home/mohit/ROS_Gazibo_learning/arduinobot_ws/install/arduinobot_description/lib/python3.10/site-packages'
[4.126s] Level 1:colcon.colcon_core.environment:checking '/home/mohit/ROS_Gazibo_learning/arduinobot_ws/install/arduinobot_description/bin'
[4.167s] INFO:colcon.colcon_core.shell:Creating package script '/home/mohit/ROS_Gazibo_learning/arduinobot_ws/install/arduinobot_description/share/arduinobot_description/package.ps1'
[4.168s] INFO:colcon.colcon_core.shell:Creating package descriptor '/home/mohit/ROS_Gazibo_learning/arduinobot_ws/install/arduinobot_description/share/arduinobot_description/package.dsv'
[4.170s] INFO:colcon.colcon_core.shell:Creating package script '/home/mohit/ROS_Gazibo_learning/arduinobot_ws/install/arduinobot_description/share/arduinobot_description/package.sh'
[4.171s] INFO:colcon.colcon_core.shell:Creating package script '/home/mohit/ROS_Gazibo_learning/arduinobot_ws/install/arduinobot_description/share/arduinobot_description/package.bash'
[4.173s] INFO:colcon.colcon_core.shell:Creating package script '/home/mohit/ROS_Gazibo_learning/arduinobot_ws/install/arduinobot_description/share/arduinobot_description/package.zsh'
[4.175s] Level 1:colcon.colcon_core.environment:create_file_with_runtime_dependencies(/home/mohit/ROS_Gazibo_learning/arduinobot_ws/install/arduinobot_description/share/colcon-core/packages/arduinobot_description)
[4.259s] Level 1:colcon.colcon_core.environment:create_environment_scripts_only(arduinobot_description)
[4.292s] Level 1:colcon.colcon_core.environment:checking '/home/mohit/ROS_Gazibo_learning/arduinobot_ws/install/arduinobot_description' for CMake module files
[4.293s] Level 1:colcon.colcon_core.environment:checking '/home/mohit/ROS_Gazibo_learning/arduinobot_ws/install/arduinobot_description' for CMake config files
[4.294s] Level 1:colcon.colcon_core.shell:create_environment_hook('arduinobot_description', 'cmake_prefix_path')
[4.327s] INFO:colcon.colcon_core.shell:Creating environment hook '/home/mohit/ROS_Gazibo_learning/arduinobot_ws/install/arduinobot_description/share/arduinobot_description/hook/cmake_prefix_path.ps1'
[4.328s] INFO:colcon.colcon_core.shell:Creating environment descriptor '/home/mohit/ROS_Gazibo_learning/arduinobot_ws/install/arduinobot_description/share/arduinobot_description/hook/cmake_prefix_path.dsv'
[4.329s] INFO:colcon.colcon_core.shell:Creating environment hook '/home/mohit/ROS_Gazibo_learning/arduinobot_ws/install/arduinobot_description/share/arduinobot_description/hook/cmake_prefix_path.sh'
[4.330s] Level 1:colcon.colcon_core.environment:checking '/home/mohit/ROS_Gazibo_learning/arduinobot_ws/install/arduinobot_description/bin'
[4.331s] Level 1:colcon.colcon_core.environment:checking '/home/mohit/ROS_Gazibo_learning/arduinobot_ws/install/arduinobot_description/lib/pkgconfig/arduinobot_description.pc'
[4.332s] Level 1:colcon.colcon_core.environment:checking '/home/mohit/ROS_Gazibo_learning/arduinobot_ws/install/arduinobot_description/lib/python3.10/site-packages'
[4.332s] Level 1:colcon.colcon_core.environment:checking '/home/mohit/ROS_Gazibo_learning/arduinobot_ws/install/arduinobot_description/bin'
[4.373s] INFO:colcon.colcon_core.shell:Creating package script '/home/mohit/ROS_Gazibo_learning/arduinobot_ws/install/arduinobot_description/share/arduinobot_description/package.ps1'
[4.374s] INFO:colcon.colcon_core.shell:Creating package descriptor '/home/mohit/ROS_Gazibo_learning/arduinobot_ws/install/arduinobot_description/share/arduinobot_description/package.dsv'
[4.375s] INFO:colcon.colcon_core.shell:Creating package script '/home/mohit/ROS_Gazibo_learning/arduinobot_ws/install/arduinobot_description/share/arduinobot_description/package.sh'
[4.377s] INFO:colcon.colcon_core.shell:Creating package script '/home/mohit/ROS_Gazibo_learning/arduinobot_ws/install/arduinobot_description/share/arduinobot_description/package.bash'
[4.378s] INFO:colcon.colcon_core.shell:Creating package script '/home/mohit/ROS_Gazibo_learning/arduinobot_ws/install/arduinobot_description/share/arduinobot_description/package.zsh'
[4.379s] Level 1:colcon.colcon_core.environment:create_file_with_runtime_dependencies(/home/mohit/ROS_Gazibo_learning/arduinobot_ws/install/arduinobot_description/share/colcon-core/packages/arduinobot_description)
[4.552s] DEBUG:colcon.colcon_core.event_handler.log_command:Invoking command in '/home/mohit/ROS_Gazibo_learning/arduinobot_ws/src/arduinobot_py_examples': PYTHONPATH=/home/mohit/ROS_Gazibo_learning/arduinobot_ws/build/arduinobot_py_examples/prefix_override:/home/mohit/ROS_Gazibo_learning/arduinobot_ws/install/arduinobot_py_examples/lib/python3.10/site-packages:${PYTHONPATH} /usr/bin/python3 setup.py egg_info --egg-base ../../build/arduinobot_py_examples build --build-base /home/mohit/ROS_Gazibo_learning/arduinobot_ws/build/arduinobot_py_examples/build install --record /home/mohit/ROS_Gazibo_learning/arduinobot_ws/build/arduinobot_py_examples/install.log --single-version-externally-managed
[4.887s] DEBUG:colcon.colcon_core.event_handler.log_command:Invoked command in '/home/mohit/ROS_Gazibo_learning/arduinobot_ws/src/arduinobot_py_examples' returned '0': PYTHONPATH=/home/mohit/ROS_Gazibo_learning/arduinobot_ws/build/arduinobot_py_examples/prefix_override:/home/mohit/ROS_Gazibo_learning/arduinobot_ws/install/arduinobot_py_examples/lib/python3.10/site-packages:${PYTHONPATH} /usr/bin/python3 setup.py egg_info --egg-base ../../build/arduinobot_py_examples build --build-base /home/mohit/ROS_Gazibo_learning/arduinobot_ws/build/arduinobot_py_examples/build install --record /home/mohit/ROS_Gazibo_learning/arduinobot_ws/build/arduinobot_py_examples/install.log --single-version-externally-managed
[4.907s] Level 1:colcon.colcon_core.environment:checking '/home/mohit/ROS_Gazibo_learning/arduinobot_ws/install/arduinobot_py_examples' for CMake module files
[4.908s] Level 1:colcon.colcon_core.environment:checking '/home/mohit/ROS_Gazibo_learning/arduinobot_ws/install/arduinobot_py_examples' for CMake config files
[4.908s] Level 1:colcon.colcon_core.environment:checking '/home/mohit/ROS_Gazibo_learning/arduinobot_ws/install/arduinobot_py_examples/lib'
[4.909s] Level 1:colcon.colcon_core.environment:checking '/home/mohit/ROS_Gazibo_learning/arduinobot_ws/install/arduinobot_py_examples/bin'
[4.909s] Level 1:colcon.colcon_core.environment:checking '/home/mohit/ROS_Gazibo_learning/arduinobot_ws/install/arduinobot_py_examples/lib/pkgconfig/arduinobot_py_examples.pc'
[4.909s] Level 1:colcon.colcon_core.environment:checking '/home/mohit/ROS_Gazibo_learning/arduinobot_ws/install/arduinobot_py_examples/lib/python3.10/site-packages'
[4.909s] Level 1:colcon.colcon_core.shell:create_environment_hook('arduinobot_py_examples', 'pythonpath')
[4.928s] INFO:colcon.colcon_core.shell:Creating environment hook '/home/mohit/ROS_Gazibo_learning/arduinobot_ws/install/arduinobot_py_examples/share/arduinobot_py_examples/hook/pythonpath.ps1'
[4.929s] INFO:colcon.colcon_core.shell:Creating environment descriptor '/home/mohit/ROS_Gazibo_learning/arduinobot_ws/install/arduinobot_py_examples/share/arduinobot_py_examples/hook/pythonpath.dsv'
[4.929s] INFO:colcon.colcon_core.shell:Creating environment hook '/home/mohit/ROS_Gazibo_learning/arduinobot_ws/install/arduinobot_py_examples/share/arduinobot_py_examples/hook/pythonpath.sh'
[4.930s] Level 1:colcon.colcon_core.environment:checking '/home/mohit/ROS_Gazibo_learning/arduinobot_ws/install/arduinobot_py_examples/bin'
[4.930s] Level 1:colcon.colcon_core.environment:create_environment_scripts_only(arduinobot_py_examples)
[4.950s] INFO:colcon.colcon_core.shell:Creating package script '/home/mohit/ROS_Gazibo_learning/arduinobot_ws/install/arduinobot_py_examples/share/arduinobot_py_examples/package.ps1'
[4.951s] INFO:colcon.colcon_core.shell:Creating package descriptor '/home/mohit/ROS_Gazibo_learning/arduinobot_ws/install/arduinobot_py_examples/share/arduinobot_py_examples/package.dsv'
[4.951s] INFO:colcon.colcon_core.shell:Creating package script '/home/mohit/ROS_Gazibo_learning/arduinobot_ws/install/arduinobot_py_examples/share/arduinobot_py_examples/package.sh'
[4.952s] INFO:colcon.colcon_core.shell:Creating package script '/home/mohit/ROS_Gazibo_learning/arduinobot_ws/install/arduinobot_py_examples/share/arduinobot_py_examples/package.bash'
[4.952s] INFO:colcon.colcon_core.shell:Creating package script '/home/mohit/ROS_Gazibo_learning/arduinobot_ws/install/arduinobot_py_examples/share/arduinobot_py_examples/package.zsh'
[4.953s] Level 1:colcon.colcon_core.environment:create_file_with_runtime_dependencies(/home/mohit/ROS_Gazibo_learning/arduinobot_ws/install/arduinobot_py_examples/share/colcon-core/packages/arduinobot_py_examples)
[4.953s] DEBUG:colcon.colcon_parallel_executor.executor.parallel:closing loop
[4.954s] DEBUG:colcon.colcon_parallel_executor.executor.parallel:loop closed
[4.954s] DEBUG:colcon.colcon_parallel_executor.executor.parallel:run_until_complete finished with '0'
[4.954s] DEBUG:colcon.colcon_core.event_reactor:joining thread
[4.980s] INFO:colcon.colcon_core.plugin_system:Skipping extension 'colcon_notification.desktop_notification.terminal_notifier': Not used on non-Darwin systems
[4.980s] INFO:colcon.colcon_core.plugin_system:Skipping extension 'colcon_notification.desktop_notification.win32': Not used on non-Windows systems
[4.980s] INFO:colcon.colcon_notification.desktop_notification:Sending desktop notification using 'notify2'
[4.991s] DEBUG:colcon.colcon_core.event_reactor:joined thread
[5.021s] INFO:colcon.colcon_core.shell:Creating prefix script '/home/mohit/ROS_Gazibo_learning/arduinobot_ws/install/local_setup.ps1'
[5.023s] INFO:colcon.colcon_core.shell:Creating prefix util module '/home/mohit/ROS_Gazibo_learning/arduinobot_ws/install/_local_setup_util_ps1.py'
[5.025s] INFO:colcon.colcon_core.shell:Creating prefix chain script '/home/mohit/ROS_Gazibo_learning/arduinobot_ws/install/setup.ps1'
[5.060s] INFO:colcon.colcon_core.shell:Creating prefix script '/home/mohit/ROS_Gazibo_learning/arduinobot_ws/install/local_setup.sh'
[5.062s] INFO:colcon.colcon_core.shell:Creating prefix util module '/home/mohit/ROS_Gazibo_learning/arduinobot_ws/install/_local_setup_util_sh.py'
[5.064s] INFO:colcon.colcon_core.shell:Creating prefix chain script '/home/mohit/ROS_Gazibo_learning/arduinobot_ws/install/setup.sh'
[5.102s] INFO:colcon.colcon_core.shell:Creating prefix script '/home/mohit/ROS_Gazibo_learning/arduinobot_ws/install/local_setup.bash'
[5.103s] INFO:colcon.colcon_core.shell:Creating prefix chain script '/home/mohit/ROS_Gazibo_learning/arduinobot_ws/install/setup.bash'
[5.126s] INFO:colcon.colcon_core.shell:Creating prefix script '/home/mohit/ROS_Gazibo_learning/arduinobot_ws/install/local_setup.zsh'
[5.127s] INFO:colcon.colcon_core.shell:Creating prefix chain script '/home/mohit/ROS_Gazibo_learning/arduinobot_ws/install/setup.zsh'
