[0.152s] Invoking command in '/home/mohit/GITHUBRepos/ROS_Gazibo_learning/snake_ws/build/snake_robot_bringup': CMAKE_PREFIX_PATH=${CMAKE_PREFIX_PATH}:/opt/ros/humble /usr/bin/cmake /home/mohit/GITHUBRepos/ROS_Gazibo_learning/snake_ws/src/snake_robot_bringup -DCMAKE_INSTALL_PREFIX=/home/mohit/GITHUBRepos/ROS_Gazibo_learning/snake_ws/install/snake_robot_bringup
[0.443s] -- The C compiler identification is GNU 11.4.0
[0.633s] -- The CXX compiler identification is GNU 11.4.0
[0.650s] -- Detecting C compiler ABI info
[0.811s] -- Detecting C compiler ABI info - done
[0.821s] -- Check for working C compiler: /usr/bin/cc - skipped
[0.824s] -- Detecting C compile features
[0.825s] -- Detecting C compile features - done
[0.833s] -- Detecting CXX compiler ABI info
[0.981s] -- Detecting CXX compiler ABI info - done
[1.001s] -- Check for working CXX compiler: /usr/bin/c++ - skipped
[1.002s] -- Detecting CXX compile features
[1.003s] -- Detecting CXX compile features - done
[1.028s] -- Found ament_cmake: 1.3.6 (/opt/ros/humble/share/ament_cmake/cmake)
[1.292s] -- Found Python3: /usr/bin/python3.10 (found version "3.10.12") found components: Interpreter 
[1.451s] -- Found ament_lint_auto: 0.12.9 (/opt/ros/humble/share/ament_lint_auto/cmake)
[1.587s] -- Added test 'lint_cmake' to check CMake code style
[1.589s] -- Added test 'xmllint' to check XML markup files
[1.593s] -- Configuring done
[1.599s] -- Generating done
[1.601s] -- Build files have been written to: /home/mohit/GITHUBRepos/ROS_Gazibo_learning/snake_ws/build/snake_robot_bringup
[1.610s] Invoked command in '/home/mohit/GITHUBRepos/ROS_Gazibo_learning/snake_ws/build/snake_robot_bringup' returned '0': CMAKE_PREFIX_PATH=${CMAKE_PREFIX_PATH}:/opt/ros/humble /usr/bin/cmake /home/mohit/GITHUBRepos/ROS_Gazibo_learning/snake_ws/src/snake_robot_bringup -DCMAKE_INSTALL_PREFIX=/home/mohit/GITHUBRepos/ROS_Gazibo_learning/snake_ws/install/snake_robot_bringup
[1.611s] Invoking command in '/home/mohit/GITHUBRepos/ROS_Gazibo_learning/snake_ws/build/snake_robot_bringup': CMAKE_PREFIX_PATH=${CMAKE_PREFIX_PATH}:/opt/ros/humble /usr/bin/cmake --build /home/mohit/GITHUBRepos/ROS_Gazibo_learning/snake_ws/build/snake_robot_bringup -- -j2 -l2
[1.684s] Invoked command in '/home/mohit/GITHUBRepos/ROS_Gazibo_learning/snake_ws/build/snake_robot_bringup' returned '0': CMAKE_PREFIX_PATH=${CMAKE_PREFIX_PATH}:/opt/ros/humble /usr/bin/cmake --build /home/mohit/GITHUBRepos/ROS_Gazibo_learning/snake_ws/build/snake_robot_bringup -- -j2 -l2
[1.733s] Invoking command in '/home/mohit/GITHUBRepos/ROS_Gazibo_learning/snake_ws/build/snake_robot_bringup': CMAKE_PREFIX_PATH=${CMAKE_PREFIX_PATH}:/opt/ros/humble /usr/bin/cmake --install /home/mohit/GITHUBRepos/ROS_Gazibo_learning/snake_ws/build/snake_robot_bringup
[1.745s] -- Install configuration: ""
[1.746s] -- Installing: /home/mohit/GITHUBRepos/ROS_Gazibo_learning/snake_ws/install/snake_robot_bringup/share/snake_robot_bringup//launch
[1.746s] -- Installing: /home/mohit/GITHUBRepos/ROS_Gazibo_learning/snake_ws/install/snake_robot_bringup/share/snake_robot_bringup//launch/snake_robot_gazebo.launch.xml
[1.747s] -- Installing: /home/mohit/GITHUBRepos/ROS_Gazibo_learning/snake_ws/install/snake_robot_bringup/share/ament_index/resource_index/package_run_dependencies/snake_robot_bringup
[1.748s] -- Installing: /home/mohit/GITHUBRepos/ROS_Gazibo_learning/snake_ws/install/snake_robot_bringup/share/ament_index/resource_index/parent_prefix_path/snake_robot_bringup
[1.748s] -- Installing: /home/mohit/GITHUBRepos/ROS_Gazibo_learning/snake_ws/install/snake_robot_bringup/share/snake_robot_bringup/environment/ament_prefix_path.sh
[1.750s] -- Installing: /home/mohit/GITHUBRepos/ROS_Gazibo_learning/snake_ws/install/snake_robot_bringup/share/snake_robot_bringup/environment/ament_prefix_path.dsv
[1.750s] -- Installing: /home/mohit/GITHUBRepos/ROS_Gazibo_learning/snake_ws/install/snake_robot_bringup/share/snake_robot_bringup/environment/path.sh
[1.751s] -- Installing: /home/mohit/GITHUBRepos/ROS_Gazibo_learning/snake_ws/install/snake_robot_bringup/share/snake_robot_bringup/environment/path.dsv
[1.752s] -- Installing: /home/mohit/GITHUBRepos/ROS_Gazibo_learning/snake_ws/install/snake_robot_bringup/share/snake_robot_bringup/local_setup.bash
[1.753s] -- Installing: /home/mohit/GITHUBRepos/ROS_Gazibo_learning/snake_ws/install/snake_robot_bringup/share/snake_robot_bringup/local_setup.sh
[1.754s] -- Installing: /home/mohit/GITHUBRepos/ROS_Gazibo_learning/snake_ws/install/snake_robot_bringup/share/snake_robot_bringup/local_setup.zsh
[1.755s] -- Installing: /home/mohit/GITHUBRepos/ROS_Gazibo_learning/snake_ws/install/snake_robot_bringup/share/snake_robot_bringup/local_setup.dsv
[1.756s] -- Installing: /home/mohit/GITHUBRepos/ROS_Gazibo_learning/snake_ws/install/snake_robot_bringup/share/snake_robot_bringup/package.dsv
[1.757s] -- Installing: /home/mohit/GITHUBRepos/ROS_Gazibo_learning/snake_ws/install/snake_robot_bringup/share/ament_index/resource_index/packages/snake_robot_bringup
[1.760s] -- Installing: /home/mohit/GITHUBRepos/ROS_Gazibo_learning/snake_ws/install/snake_robot_bringup/share/snake_robot_bringup/cmake/snake_robot_bringupConfig.cmake
[1.762s] -- Installing: /home/mohit/GITHUBRepos/ROS_Gazibo_learning/snake_ws/install/snake_robot_bringup/share/snake_robot_bringup/cmake/snake_robot_bringupConfig-version.cmake
[1.764s] -- Installing: /home/mohit/GITHUBRepos/ROS_Gazibo_learning/snake_ws/install/snake_robot_bringup/share/snake_robot_bringup/package.xml
[1.765s] Invoked command in '/home/mohit/GITHUBRepos/ROS_Gazibo_learning/snake_ws/build/snake_robot_bringup' returned '0': CMAKE_PREFIX_PATH=${CMAKE_PREFIX_PATH}:/opt/ros/humble /usr/bin/cmake --install /home/mohit/GITHUBRepos/ROS_Gazibo_learning/snake_ws/build/snake_robot_bringup
