[1.345s] Invoking command in '/home/mohit/GITHUBRepos/ROS_Gazibo_learning/snake_ws/src/snake_robot_nodes': PYTHONPATH=/home/mohit/GITHUBRepos/ROS_Gazibo_learning/snake_ws/build/snake_robot_nodes/prefix_override:/home/mohit/GITHUBRepos/ROS_Gazibo_learning/snake_ws/install/snake_robot_nodes/lib/python3.10/site-packages:${PYTHONPATH} /usr/bin/python3 setup.py egg_info --egg-base ../../build/snake_robot_nodes build --build-base /home/mohit/GITHUBRepos/ROS_Gazibo_learning/snake_ws/build/snake_robot_nodes/build install --record /home/mohit/GITHUBRepos/ROS_Gazibo_learning/snake_ws/build/snake_robot_nodes/install.log --single-version-externally-managed
[1.843s] running egg_info
[1.844s] creating ../../build/snake_robot_nodes/snake_robot_nodes.egg-info
[1.845s] writing ../../build/snake_robot_nodes/snake_robot_nodes.egg-info/PKG-INFO
[1.845s] writing dependency_links to ../../build/snake_robot_nodes/snake_robot_nodes.egg-info/dependency_links.txt
[1.846s] writing entry points to ../../build/snake_robot_nodes/snake_robot_nodes.egg-info/entry_points.txt
[1.846s] writing requirements to ../../build/snake_robot_nodes/snake_robot_nodes.egg-info/requires.txt
[1.846s] writing top-level names to ../../build/snake_robot_nodes/snake_robot_nodes.egg-info/top_level.txt
[1.846s] writing manifest file '../../build/snake_robot_nodes/snake_robot_nodes.egg-info/SOURCES.txt'
[1.848s] reading manifest file '../../build/snake_robot_nodes/snake_robot_nodes.egg-info/SOURCES.txt'
[1.849s] writing manifest file '../../build/snake_robot_nodes/snake_robot_nodes.egg-info/SOURCES.txt'
[1.850s] running build
[1.850s] running build_py
[1.851s] creating /home/mohit/GITHUBRepos/ROS_Gazibo_learning/snake_ws/build/snake_robot_nodes/build
[1.851s] creating /home/mohit/GITHUBRepos/ROS_Gazibo_learning/snake_ws/build/snake_robot_nodes/build/lib
[1.851s] creating /home/mohit/GITHUBRepos/ROS_Gazibo_learning/snake_ws/build/snake_robot_nodes/build/lib/snake_robot_nodes
[1.852s] copying snake_robot_nodes/__init__.py -> /home/mohit/GITHUBRepos/ROS_Gazibo_learning/snake_ws/build/snake_robot_nodes/build/lib/snake_robot_nodes
[1.852s] running install
[1.857s] /usr/lib/python3/dist-packages/setuptools/command/install.py:34: SetuptoolsDeprecationWarning: setup.py install is deprecated. Use build and pip and other standards-based tools.
[1.857s]   warnings.warn(
[1.858s] running install_lib
[1.859s] creating /home/mohit/GITHUBRepos/ROS_Gazibo_learning/snake_ws/install/snake_robot_nodes/lib/python3.10/site-packages/snake_robot_nodes
[1.859s] copying /home/mohit/GITHUBRepos/ROS_Gazibo_learning/snake_ws/build/snake_robot_nodes/build/lib/snake_robot_nodes/__init__.py -> /home/mohit/GITHUBRepos/ROS_Gazibo_learning/snake_ws/install/snake_robot_nodes/lib/python3.10/site-packages/snake_robot_nodes
[1.860s] byte-compiling /home/mohit/GITHUBRepos/ROS_Gazibo_learning/snake_ws/install/snake_robot_nodes/lib/python3.10/site-packages/snake_robot_nodes/__init__.py to __init__.cpython-310.pyc
[1.861s] running install_data
[1.861s] creating /home/mohit/GITHUBRepos/ROS_Gazibo_learning/snake_ws/install/snake_robot_nodes/share/ament_index
[1.865s] creating /home/mohit/GITHUBRepos/ROS_Gazibo_learning/snake_ws/install/snake_robot_nodes/share/ament_index/resource_index
[1.865s] creating /home/mohit/GITHUBRepos/ROS_Gazibo_learning/snake_ws/install/snake_robot_nodes/share/ament_index/resource_index/packages
[1.866s] copying resource/snake_robot_nodes -> /home/mohit/GITHUBRepos/ROS_Gazibo_learning/snake_ws/install/snake_robot_nodes/share/ament_index/resource_index/packages
[1.866s] copying package.xml -> /home/mohit/GITHUBRepos/ROS_Gazibo_learning/snake_ws/install/snake_robot_nodes/share/snake_robot_nodes
[1.866s] running install_egg_info
[1.869s] Copying ../../build/snake_robot_nodes/snake_robot_nodes.egg-info to /home/mohit/GITHUBRepos/ROS_Gazibo_learning/snake_ws/install/snake_robot_nodes/lib/python3.10/site-packages/snake_robot_nodes-0.0.0-py3.10.egg-info
[1.870s] running install_scripts
[1.900s] writing list of installed files to '/home/mohit/GITHUBRepos/ROS_Gazibo_learning/snake_ws/build/snake_robot_nodes/install.log'
[1.935s] Invoked command in '/home/mohit/GITHUBRepos/ROS_Gazibo_learning/snake_ws/src/snake_robot_nodes' returned '0': PYTHONPATH=/home/mohit/GITHUBRepos/ROS_Gazibo_learning/snake_ws/build/snake_robot_nodes/prefix_override:/home/mohit/GITHUBRepos/ROS_Gazibo_learning/snake_ws/install/snake_robot_nodes/lib/python3.10/site-packages:${PYTHONPATH} /usr/bin/python3 setup.py egg_info --egg-base ../../build/snake_robot_nodes build --build-base /home/mohit/GITHUBRepos/ROS_Gazibo_learning/snake_ws/build/snake_robot_nodes/build install --record /home/mohit/GITHUBRepos/ROS_Gazibo_learning/snake_ws/build/snake_robot_nodes/install.log --single-version-externally-managed
