[1.700s] Invoking command in '/home/mohit/ROS_Gazibo_learning/arduinobot_ws/src/arduinobot_py_examples': PYTHONPATH=/home/mohit/ROS_Gazibo_learning/arduinobot_ws/build/arduinobot_py_examples/prefix_override:/home/mohit/ROS_Gazibo_learning/arduinobot_ws/install/arduinobot_py_examples/lib/python3.10/site-packages:${PYTHONPATH} /usr/bin/python3 setup.py egg_info --egg-base ../../build/arduinobot_py_examples build --build-base /home/mohit/ROS_Gazibo_learning/arduinobot_ws/build/arduinobot_py_examples/build install --record /home/mohit/ROS_Gazibo_learning/arduinobot_ws/build/arduinobot_py_examples/install.log --single-version-externally-managed
[1.979s] running egg_info
[1.980s] writing ../../build/arduinobot_py_examples/arduinobot_py_examples.egg-info/PKG-INFO
[1.981s] writing dependency_links to ../../build/arduinobot_py_examples/arduinobot_py_examples.egg-info/dependency_links.txt
[1.981s] writing entry points to ../../build/arduinobot_py_examples/arduinobot_py_examples.egg-info/entry_points.txt
[1.982s] writing requirements to ../../build/arduinobot_py_examples/arduinobot_py_examples.egg-info/requires.txt
[1.983s] writing top-level names to ../../build/arduinobot_py_examples/arduinobot_py_examples.egg-info/top_level.txt
[1.985s] reading manifest file '../../build/arduinobot_py_examples/arduinobot_py_examples.egg-info/SOURCES.txt'
[1.986s] writing manifest file '../../build/arduinobot_py_examples/arduinobot_py_examples.egg-info/SOURCES.txt'
[1.986s] running build
[1.986s] running build_py
[1.987s] running install
[1.987s] /usr/lib/python3/dist-packages/setuptools/command/install.py:34: SetuptoolsDeprecationWarning: setup.py install is deprecated. Use build and pip and other standards-based tools.
[1.988s]   warnings.warn(
[1.988s] running install_lib
[1.990s] running install_data
[1.991s] running install_egg_info
[1.997s] removing '/home/mohit/ROS_Gazibo_learning/arduinobot_ws/install/arduinobot_py_examples/lib/python3.10/site-packages/arduinobot_py_examples-0.0.0-py3.10.egg-info' (and everything under it)
[2.000s] Copying ../../build/arduinobot_py_examples/arduinobot_py_examples.egg-info to /home/mohit/ROS_Gazibo_learning/arduinobot_ws/install/arduinobot_py_examples/lib/python3.10/site-packages/arduinobot_py_examples-0.0.0-py3.10.egg-info
[2.000s] running install_scripts
[2.017s] Installing simple_publisher script to /home/mohit/ROS_Gazibo_learning/arduinobot_ws/install/arduinobot_py_examples/lib/arduinobot_py_examples
[2.018s] Installing simple_subscriber script to /home/mohit/ROS_Gazibo_learning/arduinobot_ws/install/arduinobot_py_examples/lib/arduinobot_py_examples
[2.019s] writing list of installed files to '/home/mohit/ROS_Gazibo_learning/arduinobot_ws/build/arduinobot_py_examples/install.log'
[2.042s] Invoked command in '/home/mohit/ROS_Gazibo_learning/arduinobot_ws/src/arduinobot_py_examples' returned '0': PYTHONPATH=/home/mohit/ROS_Gazibo_learning/arduinobot_ws/build/arduinobot_py_examples/prefix_override:/home/mohit/ROS_Gazibo_learning/arduinobot_ws/install/arduinobot_py_examples/lib/python3.10/site-packages:${PYTHONPATH} /usr/bin/python3 setup.py egg_info --egg-base ../../build/arduinobot_py_examples build --build-base /home/mohit/ROS_Gazibo_learning/arduinobot_ws/build/arduinobot_py_examples/build install --record /home/mohit/ROS_Gazibo_learning/arduinobot_ws/build/arduinobot_py_examples/install.log --single-version-externally-managed
