running egg_info
creating ../build/snake_robot_nodes/snake_robot_nodes.egg-info
writing ../build/snake_robot_nodes/snake_robot_nodes.egg-info/PKG-INFO
writing dependency_links to ../build/snake_robot_nodes/snake_robot_nodes.egg-info/dependency_links.txt
writing entry points to ../build/snake_robot_nodes/snake_robot_nodes.egg-info/entry_points.txt
writing requirements to ../build/snake_robot_nodes/snake_robot_nodes.egg-info/requires.txt
writing top-level names to ../build/snake_robot_nodes/snake_robot_nodes.egg-info/top_level.txt
writing manifest file '../build/snake_robot_nodes/snake_robot_nodes.egg-info/SOURCES.txt'
reading manifest file '../build/snake_robot_nodes/snake_robot_nodes.egg-info/SOURCES.txt'
writing manifest file '../build/snake_robot_nodes/snake_robot_nodes.egg-info/SOURCES.txt'
running build
running build_py
creating /home/mohit/GITHUBRepos/ROS_Gazibo_learning/snake_ws/src/build/snake_robot_nodes/build
creating /home/mohit/GITHUBRepos/ROS_Gazibo_learning/snake_ws/src/build/snake_robot_nodes/build/lib
creating /home/mohit/GITHUBRepos/ROS_Gazibo_learning/snake_ws/src/build/snake_robot_nodes/build/lib/snake_robot_nodes
copying snake_robot_nodes/node01.py -> /home/mohit/GITHUBRepos/ROS_Gazibo_learning/snake_ws/src/build/snake_robot_nodes/build/lib/snake_robot_nodes
copying snake_robot_nodes/OOP_py_node_template.py -> /home/mohit/GITHUBRepos/ROS_Gazibo_learning/snake_ws/src/build/snake_robot_nodes/build/lib/snake_robot_nodes
copying snake_robot_nodes/serviceserver01.py -> /home/mohit/GITHUBRepos/ROS_Gazibo_learning/snake_ws/src/build/snake_robot_nodes/build/lib/snake_robot_nodes
copying snake_robot_nodes/subscriber01.py -> /home/mohit/GITHUBRepos/ROS_Gazibo_learning/snake_ws/src/build/snake_robot_nodes/build/lib/snake_robot_nodes
copying snake_robot_nodes/serviceclient01.py -> /home/mohit/GITHUBRepos/ROS_Gazibo_learning/snake_ws/src/build/snake_robot_nodes/build/lib/snake_robot_nodes
copying snake_robot_nodes/publisher01.py -> /home/mohit/GITHUBRepos/ROS_Gazibo_learning/snake_ws/src/build/snake_robot_nodes/build/lib/snake_robot_nodes
copying snake_robot_nodes/__init__.py -> /home/mohit/GITHUBRepos/ROS_Gazibo_learning/snake_ws/src/build/snake_robot_nodes/build/lib/snake_robot_nodes
running install
running install_lib
creating /home/mohit/GITHUBRepos/ROS_Gazibo_learning/snake_ws/src/install/snake_robot_nodes/lib/python3.10/site-packages/snake_robot_nodes
copying /home/mohit/GITHUBRepos/ROS_Gazibo_learning/snake_ws/src/build/snake_robot_nodes/build/lib/snake_robot_nodes/node01.py -> /home/mohit/GITHUBRepos/ROS_Gazibo_learning/snake_ws/src/install/snake_robot_nodes/lib/python3.10/site-packages/snake_robot_nodes
copying /home/mohit/GITHUBRepos/ROS_Gazibo_learning/snake_ws/src/build/snake_robot_nodes/build/lib/snake_robot_nodes/OOP_py_node_template.py -> /home/mohit/GITHUBRepos/ROS_Gazibo_learning/snake_ws/src/install/snake_robot_nodes/lib/python3.10/site-packages/snake_robot_nodes
copying /home/mohit/GITHUBRepos/ROS_Gazibo_learning/snake_ws/src/build/snake_robot_nodes/build/lib/snake_robot_nodes/serviceserver01.py -> /home/mohit/GITHUBRepos/ROS_Gazibo_learning/snake_ws/src/install/snake_robot_nodes/lib/python3.10/site-packages/snake_robot_nodes
copying /home/mohit/GITHUBRepos/ROS_Gazibo_learning/snake_ws/src/build/snake_robot_nodes/build/lib/snake_robot_nodes/subscriber01.py -> /home/mohit/GITHUBRepos/ROS_Gazibo_learning/snake_ws/src/install/snake_robot_nodes/lib/python3.10/site-packages/snake_robot_nodes
copying /home/mohit/GITHUBRepos/ROS_Gazibo_learning/snake_ws/src/build/snake_robot_nodes/build/lib/snake_robot_nodes/serviceclient01.py -> /home/mohit/GITHUBRepos/ROS_Gazibo_learning/snake_ws/src/install/snake_robot_nodes/lib/python3.10/site-packages/snake_robot_nodes
copying /home/mohit/GITHUBRepos/ROS_Gazibo_learning/snake_ws/src/build/snake_robot_nodes/build/lib/snake_robot_nodes/publisher01.py -> /home/mohit/GITHUBRepos/ROS_Gazibo_learning/snake_ws/src/install/snake_robot_nodes/lib/python3.10/site-packages/snake_robot_nodes
copying /home/mohit/GITHUBRepos/ROS_Gazibo_learning/snake_ws/src/build/snake_robot_nodes/build/lib/snake_robot_nodes/__init__.py -> /home/mohit/GITHUBRepos/ROS_Gazibo_learning/snake_ws/src/install/snake_robot_nodes/lib/python3.10/site-packages/snake_robot_nodes
byte-compiling /home/mohit/GITHUBRepos/ROS_Gazibo_learning/snake_ws/src/install/snake_robot_nodes/lib/python3.10/site-packages/snake_robot_nodes/node01.py to node01.cpython-310.pyc
byte-compiling /home/mohit/GITHUBRepos/ROS_Gazibo_learning/snake_ws/src/install/snake_robot_nodes/lib/python3.10/site-packages/snake_robot_nodes/OOP_py_node_template.py to OOP_py_node_template.cpython-310.pyc
byte-compiling /home/mohit/GITHUBRepos/ROS_Gazibo_learning/snake_ws/src/install/snake_robot_nodes/lib/python3.10/site-packages/snake_robot_nodes/serviceserver01.py to serviceserver01.cpython-310.pyc
byte-compiling /home/mohit/GITHUBRepos/ROS_Gazibo_learning/snake_ws/src/install/snake_robot_nodes/lib/python3.10/site-packages/snake_robot_nodes/subscriber01.py to subscriber01.cpython-310.pyc
byte-compiling /home/mohit/GITHUBRepos/ROS_Gazibo_learning/snake_ws/src/install/snake_robot_nodes/lib/python3.10/site-packages/snake_robot_nodes/serviceclient01.py to serviceclient01.cpython-310.pyc
byte-compiling /home/mohit/GITHUBRepos/ROS_Gazibo_learning/snake_ws/src/install/snake_robot_nodes/lib/python3.10/site-packages/snake_robot_nodes/publisher01.py to publisher01.cpython-310.pyc
byte-compiling /home/mohit/GITHUBRepos/ROS_Gazibo_learning/snake_ws/src/install/snake_robot_nodes/lib/python3.10/site-packages/snake_robot_nodes/__init__.py to __init__.cpython-310.pyc
running install_data
creating /home/mohit/GITHUBRepos/ROS_Gazibo_learning/snake_ws/src/install/snake_robot_nodes/share/ament_index
creating /home/mohit/GITHUBRepos/ROS_Gazibo_learning/snake_ws/src/install/snake_robot_nodes/share/ament_index/resource_index
creating /home/mohit/GITHUBRepos/ROS_Gazibo_learning/snake_ws/src/install/snake_robot_nodes/share/ament_index/resource_index/packages
copying resource/snake_robot_nodes -> /home/mohit/GITHUBRepos/ROS_Gazibo_learning/snake_ws/src/install/snake_robot_nodes/share/ament_index/resource_index/packages
copying package.xml -> /home/mohit/GITHUBRepos/ROS_Gazibo_learning/snake_ws/src/install/snake_robot_nodes/share/snake_robot_nodes
running install_egg_info
Copying ../build/snake_robot_nodes/snake_robot_nodes.egg-info to /home/mohit/GITHUBRepos/ROS_Gazibo_learning/snake_ws/src/install/snake_robot_nodes/lib/python3.10/site-packages/snake_robot_nodes-0.0.0-py3.10.egg-info
running install_scripts
Installing py_node01 script to /home/mohit/GITHUBRepos/ROS_Gazibo_learning/snake_ws/src/install/snake_robot_nodes/lib/snake_robot_nodes
Installing py_snakepubnode01 script to /home/mohit/GITHUBRepos/ROS_Gazibo_learning/snake_ws/src/install/snake_robot_nodes/lib/snake_robot_nodes
Installing py_snakeserviceclient01 script to /home/mohit/GITHUBRepos/ROS_Gazibo_learning/snake_ws/src/install/snake_robot_nodes/lib/snake_robot_nodes
Installing py_snakeserviceserver01 script to /home/mohit/GITHUBRepos/ROS_Gazibo_learning/snake_ws/src/install/snake_robot_nodes/lib/snake_robot_nodes
Installing py_snakesubnode01 script to /home/mohit/GITHUBRepos/ROS_Gazibo_learning/snake_ws/src/install/snake_robot_nodes/lib/snake_robot_nodes
writing list of installed files to '/home/mohit/GITHUBRepos/ROS_Gazibo_learning/snake_ws/src/build/snake_robot_nodes/install.log'
