[0.997s] DEBUG:colcon:Command line arguments: ['/usr/bin/colcon', 'build']
[0.997s] DEBUG:colcon:Parsed command line arguments: Namespace(log_base=None, log_level=None, verb_name='build', build_base='build', install_base='install', merge_install=False, symlink_install=False, test_result_base=None, continue_on_error=False, executor='parallel', parallel_workers=2, event_handlers=None, ignore_user_meta=False, metas=['./colcon.meta'], base_paths=['.'], packages_ignore=None, packages_ignore_regex=None, paths=None, packages_up_to=None, packages_up_to_regex=None, packages_above=None, packages_above_and_dependencies=None, packages_above_depth=None, packages_select_by_dep=None, packages_skip_by_dep=None, packages_skip_up_to=None, packages_select_build_failed=False, packages_skip_build_finished=False, packages_select_test_failures=False, packages_skip_test_passed=False, packages_select=None, packages_skip=None, packages_select_regex=None, packages_skip_regex=None, packages_start=None, packages_end=None, allow_overriding=[], cmake_args=None, cmake_target=None, cmake_target_skip_unavailable=False, cmake_clean_cache=False, cmake_clean_first=False, cmake_force_configure=False, ament_cmake_args=None, catkin_cmake_args=None, catkin_skip_building_tests=False, verb_parser=<colcon_defaults.argument_parser.defaults.DefaultArgumentsDecorator object at 0x7f8755ea7bb0>, verb_extension=<colcon_core.verb.build.BuildVerb object at 0x7f87562d71f0>, main=<bound method BuildVerb.main of <colcon_core.verb.build.BuildVerb object at 0x7f87562d71f0>>)
[1.044s] Level 1:colcon.colcon_core.package_discovery:discover_packages(colcon_meta) check parameters
[1.044s] Level 1:colcon.colcon_core.package_discovery:discover_packages(recursive) check parameters
[1.045s] Level 1:colcon.colcon_core.package_discovery:discover_packages(ignore) check parameters
[1.045s] Level 1:colcon.colcon_core.package_discovery:discover_packages(path) check parameters
[1.045s] Level 1:colcon.colcon_core.package_discovery:discover_packages(colcon_meta) discover
[1.045s] Level 1:colcon.colcon_core.package_discovery:discover_packages(recursive) discover
[1.045s] INFO:colcon.colcon_core.package_discovery:Crawling recursively for packages in '/home/mohit/GITHUBRepos/ROS_Gazibo_learning/snake_ws'
[1.046s] Level 1:colcon.colcon_core.package_identification:_identify(.) by extensions ['ignore', 'ignore_ament_install']
[1.046s] Level 1:colcon.colcon_core.package_identification:_identify(.) by extension 'ignore'
[1.046s] Level 1:colcon.colcon_core.package_identification:_identify(.) by extension 'ignore_ament_install'
[1.046s] Level 1:colcon.colcon_core.package_identification:_identify(.) by extensions ['colcon_pkg']
[1.047s] Level 1:colcon.colcon_core.package_identification:_identify(.) by extension 'colcon_pkg'
[1.047s] Level 1:colcon.colcon_core.package_identification:_identify(.) by extensions ['colcon_meta']
[1.047s] Level 1:colcon.colcon_core.package_identification:_identify(.) by extension 'colcon_meta'
[1.047s] Level 1:colcon.colcon_core.package_identification:_identify(.) by extensions ['ros']
[1.048s] Level 1:colcon.colcon_core.package_identification:_identify(.) by extension 'ros'
[1.057s] Level 1:colcon.colcon_core.package_identification:_identify(.) by extensions ['cmake', 'python']
[1.057s] Level 1:colcon.colcon_core.package_identification:_identify(.) by extension 'cmake'
[1.057s] Level 1:colcon.colcon_core.package_identification:_identify(.) by extension 'python'
[1.058s] Level 1:colcon.colcon_core.package_identification:_identify(.) by extensions ['python_setup_py']
[1.058s] Level 1:colcon.colcon_core.package_identification:_identify(.) by extension 'python_setup_py'
[1.058s] Level 1:colcon.colcon_core.package_identification:_identify(build) by extensions ['ignore', 'ignore_ament_install']
[1.058s] Level 1:colcon.colcon_core.package_identification:_identify(build) by extension 'ignore'
[1.059s] Level 1:colcon.colcon_core.package_identification:_identify(build) ignored
[1.059s] Level 1:colcon.colcon_core.package_identification:_identify(install) by extensions ['ignore', 'ignore_ament_install']
[1.059s] Level 1:colcon.colcon_core.package_identification:_identify(install) by extension 'ignore'
[1.059s] Level 1:colcon.colcon_core.package_identification:_identify(install) ignored
[1.060s] Level 1:colcon.colcon_core.package_identification:_identify(log) by extensions ['ignore', 'ignore_ament_install']
[1.060s] Level 1:colcon.colcon_core.package_identification:_identify(log) by extension 'ignore'
[1.060s] Level 1:colcon.colcon_core.package_identification:_identify(log) ignored
[1.061s] Level 1:colcon.colcon_core.package_identification:_identify(src) by extensions ['ignore', 'ignore_ament_install']
[1.061s] Level 1:colcon.colcon_core.package_identification:_identify(src) by extension 'ignore'
[1.061s] Level 1:colcon.colcon_core.package_identification:_identify(src) by extension 'ignore_ament_install'
[1.061s] Level 1:colcon.colcon_core.package_identification:_identify(src) by extensions ['colcon_pkg']
[1.062s] Level 1:colcon.colcon_core.package_identification:_identify(src) by extension 'colcon_pkg'
[1.062s] Level 1:colcon.colcon_core.package_identification:_identify(src) by extensions ['colcon_meta']
[1.062s] Level 1:colcon.colcon_core.package_identification:_identify(src) by extension 'colcon_meta'
[1.062s] Level 1:colcon.colcon_core.package_identification:_identify(src) by extensions ['ros']
[1.062s] Level 1:colcon.colcon_core.package_identification:_identify(src) by extension 'ros'
[1.063s] Level 1:colcon.colcon_core.package_identification:_identify(src) by extensions ['cmake', 'python']
[1.063s] Level 1:colcon.colcon_core.package_identification:_identify(src) by extension 'cmake'
[1.063s] Level 1:colcon.colcon_core.package_identification:_identify(src) by extension 'python'
[1.063s] Level 1:colcon.colcon_core.package_identification:_identify(src) by extensions ['python_setup_py']
[1.064s] Level 1:colcon.colcon_core.package_identification:_identify(src) by extension 'python_setup_py'
[1.064s] Level 1:colcon.colcon_core.package_identification:_identify(src/snake_robot_bringup) by extensions ['ignore', 'ignore_ament_install']
[1.064s] Level 1:colcon.colcon_core.package_identification:_identify(src/snake_robot_bringup) by extension 'ignore'
[1.064s] Level 1:colcon.colcon_core.package_identification:_identify(src/snake_robot_bringup) by extension 'ignore_ament_install'
[1.065s] Level 1:colcon.colcon_core.package_identification:_identify(src/snake_robot_bringup) by extensions ['colcon_pkg']
[1.065s] Level 1:colcon.colcon_core.package_identification:_identify(src/snake_robot_bringup) by extension 'colcon_pkg'
[1.065s] Level 1:colcon.colcon_core.package_identification:_identify(src/snake_robot_bringup) by extensions ['colcon_meta']
[1.065s] Level 1:colcon.colcon_core.package_identification:_identify(src/snake_robot_bringup) by extension 'colcon_meta'
[1.065s] Level 1:colcon.colcon_core.package_identification:_identify(src/snake_robot_bringup) by extensions ['ros']
[1.066s] Level 1:colcon.colcon_core.package_identification:_identify(src/snake_robot_bringup) by extension 'ros'
[1.068s] DEBUG:colcon.colcon_core.package_identification:Package 'src/snake_robot_bringup' with type 'ros.ament_cmake' and name 'snake_robot_bringup'
[1.068s] Level 1:colcon.colcon_core.package_identification:_identify(src/snake_robot_description) by extensions ['ignore', 'ignore_ament_install']
[1.068s] Level 1:colcon.colcon_core.package_identification:_identify(src/snake_robot_description) by extension 'ignore'
[1.069s] Level 1:colcon.colcon_core.package_identification:_identify(src/snake_robot_description) by extension 'ignore_ament_install'
[1.069s] Level 1:colcon.colcon_core.package_identification:_identify(src/snake_robot_description) by extensions ['colcon_pkg']
[1.069s] Level 1:colcon.colcon_core.package_identification:_identify(src/snake_robot_description) by extension 'colcon_pkg'
[1.069s] Level 1:colcon.colcon_core.package_identification:_identify(src/snake_robot_description) by extensions ['colcon_meta']
[1.069s] Level 1:colcon.colcon_core.package_identification:_identify(src/snake_robot_description) by extension 'colcon_meta'
[1.070s] Level 1:colcon.colcon_core.package_identification:_identify(src/snake_robot_description) by extensions ['ros']
[1.070s] Level 1:colcon.colcon_core.package_identification:_identify(src/snake_robot_description) by extension 'ros'
[1.070s] DEBUG:colcon.colcon_core.package_identification:Package 'src/snake_robot_description' with type 'ros.ament_cmake' and name 'snake_robot_description'
[1.071s] Level 1:colcon.colcon_core.package_discovery:discover_packages(recursive) using defaults
[1.071s] Level 1:colcon.colcon_core.package_discovery:discover_packages(ignore) discover
[1.072s] Level 1:colcon.colcon_core.package_discovery:discover_packages(ignore) using defaults
[1.072s] Level 1:colcon.colcon_core.package_discovery:discover_packages(path) discover
[1.072s] Level 1:colcon.colcon_core.package_discovery:discover_packages(path) using defaults
[1.181s] Level 1:colcon.colcon_core.package_discovery:discover_packages(prefix_path) check parameters
[1.181s] Level 1:colcon.colcon_core.package_discovery:discover_packages(prefix_path) discover
[1.217s] DEBUG:colcon.colcon_installed_package_information.package_discovery:Found 2 installed packages in /home/mohit/GITHUBRepos/ROS_Gazibo_learning/snake_ws/install
[1.234s] DEBUG:colcon.colcon_installed_package_information.package_discovery:Found 365 installed packages in /opt/ros/humble
[1.246s] Level 1:colcon.colcon_core.package_discovery:discover_packages(prefix_path) using defaults
[1.340s] Level 5:colcon.colcon_core.verb:set package 'snake_robot_description' build argument 'cmake_args' from command line to 'None'
[1.340s] Level 5:colcon.colcon_core.verb:set package 'snake_robot_description' build argument 'cmake_target' from command line to 'None'
[1.341s] Level 5:colcon.colcon_core.verb:set package 'snake_robot_description' build argument 'cmake_target_skip_unavailable' from command line to 'False'
[1.341s] Level 5:colcon.colcon_core.verb:set package 'snake_robot_description' build argument 'cmake_clean_cache' from command line to 'False'
[1.341s] Level 5:colcon.colcon_core.verb:set package 'snake_robot_description' build argument 'cmake_clean_first' from command line to 'False'
[1.341s] Level 5:colcon.colcon_core.verb:set package 'snake_robot_description' build argument 'cmake_force_configure' from command line to 'False'
[1.341s] Level 5:colcon.colcon_core.verb:set package 'snake_robot_description' build argument 'ament_cmake_args' from command line to 'None'
[1.342s] Level 5:colcon.colcon_core.verb:set package 'snake_robot_description' build argument 'catkin_cmake_args' from command line to 'None'
[1.342s] Level 5:colcon.colcon_core.verb:set package 'snake_robot_description' build argument 'catkin_skip_building_tests' from command line to 'False'
[1.342s] DEBUG:colcon.colcon_core.verb:Building package 'snake_robot_description' with the following arguments: {'ament_cmake_args': None, 'build_base': '/home/mohit/GITHUBRepos/ROS_Gazibo_learning/snake_ws/build/snake_robot_description', 'catkin_cmake_args': None, 'catkin_skip_building_tests': False, 'cmake_args': None, 'cmake_clean_cache': False, 'cmake_clean_first': False, 'cmake_force_configure': False, 'cmake_target': None, 'cmake_target_skip_unavailable': False, 'install_base': '/home/mohit/GITHUBRepos/ROS_Gazibo_learning/snake_ws/install/snake_robot_description', 'merge_install': False, 'path': '/home/mohit/GITHUBRepos/ROS_Gazibo_learning/snake_ws/src/snake_robot_description', 'symlink_install': False, 'test_result_base': None}
[1.358s] Level 5:colcon.colcon_core.verb:set package 'snake_robot_bringup' build argument 'cmake_args' from command line to 'None'
[1.358s] Level 5:colcon.colcon_core.verb:set package 'snake_robot_bringup' build argument 'cmake_target' from command line to 'None'
[1.358s] Level 5:colcon.colcon_core.verb:set package 'snake_robot_bringup' build argument 'cmake_target_skip_unavailable' from command line to 'False'
[1.358s] Level 5:colcon.colcon_core.verb:set package 'snake_robot_bringup' build argument 'cmake_clean_cache' from command line to 'False'
[1.359s] Level 5:colcon.colcon_core.verb:set package 'snake_robot_bringup' build argument 'cmake_clean_first' from command line to 'False'
[1.359s] Level 5:colcon.colcon_core.verb:set package 'snake_robot_bringup' build argument 'cmake_force_configure' from command line to 'False'
[1.359s] Level 5:colcon.colcon_core.verb:set package 'snake_robot_bringup' build argument 'ament_cmake_args' from command line to 'None'
[1.359s] Level 5:colcon.colcon_core.verb:set package 'snake_robot_bringup' build argument 'catkin_cmake_args' from command line to 'None'
[1.360s] Level 5:colcon.colcon_core.verb:set package 'snake_robot_bringup' build argument 'catkin_skip_building_tests' from command line to 'False'
[1.360s] DEBUG:colcon.colcon_core.verb:Building package 'snake_robot_bringup' with the following arguments: {'ament_cmake_args': None, 'build_base': '/home/mohit/GITHUBRepos/ROS_Gazibo_learning/snake_ws/build/snake_robot_bringup', 'catkin_cmake_args': None, 'catkin_skip_building_tests': False, 'cmake_args': None, 'cmake_clean_cache': False, 'cmake_clean_first': False, 'cmake_force_configure': False, 'cmake_target': None, 'cmake_target_skip_unavailable': False, 'install_base': '/home/mohit/GITHUBRepos/ROS_Gazibo_learning/snake_ws/install/snake_robot_bringup', 'merge_install': False, 'path': '/home/mohit/GITHUBRepos/ROS_Gazibo_learning/snake_ws/src/snake_robot_bringup', 'symlink_install': False, 'test_result_base': None}
[1.377s] INFO:colcon.colcon_core.executor:Executing jobs using 'parallel' executor
[1.397s] DEBUG:colcon.colcon_parallel_executor.executor.parallel:run_until_complete
[1.398s] INFO:colcon.colcon_ros.task.ament_cmake.build:Building ROS package in '/home/mohit/GITHUBRepos/ROS_Gazibo_learning/snake_ws/src/snake_robot_description' with build type 'ament_cmake'
[1.398s] INFO:colcon.colcon_cmake.task.cmake.build:Building CMake package in '/home/mohit/GITHUBRepos/ROS_Gazibo_learning/snake_ws/src/snake_robot_description'
[1.419s] INFO:colcon.colcon_core.plugin_system:Skipping extension 'colcon_core.shell.bat': Not used on non-Windows systems
[1.419s] INFO:colcon.colcon_core.shell:Skip shell extension 'powershell' for command environment: Not usable outside of PowerShell
[1.420s] DEBUG:colcon.colcon_core.shell:Skip shell extension 'dsv' for command environment
[1.509s] DEBUG:colcon.colcon_core.event_handler.log_command:Invoking command in '/home/mohit/GITHUBRepos/ROS_Gazibo_learning/snake_ws/build/snake_robot_description': CMAKE_PREFIX_PATH=${CMAKE_PREFIX_PATH}:/opt/ros/humble /usr/bin/cmake --build /home/mohit/GITHUBRepos/ROS_Gazibo_learning/snake_ws/build/snake_robot_description -- -j2 -l2
[1.608s] DEBUG:colcon.colcon_core.event_handler.log_command:Invoked command in '/home/mohit/GITHUBRepos/ROS_Gazibo_learning/snake_ws/build/snake_robot_description' returned '0': CMAKE_PREFIX_PATH=${CMAKE_PREFIX_PATH}:/opt/ros/humble /usr/bin/cmake --build /home/mohit/GITHUBRepos/ROS_Gazibo_learning/snake_ws/build/snake_robot_description -- -j2 -l2
[1.696s] DEBUG:colcon.colcon_core.event_handler.log_command:Invoking command in '/home/mohit/GITHUBRepos/ROS_Gazibo_learning/snake_ws/build/snake_robot_description': CMAKE_PREFIX_PATH=${CMAKE_PREFIX_PATH}:/opt/ros/humble /usr/bin/cmake --install /home/mohit/GITHUBRepos/ROS_Gazibo_learning/snake_ws/build/snake_robot_description
[1.713s] Level 1:colcon.colcon_core.environment:create_environment_scripts_only(snake_robot_description)
[1.721s] DEBUG:colcon.colcon_core.event_handler.log_command:Invoked command in '/home/mohit/GITHUBRepos/ROS_Gazibo_learning/snake_ws/build/snake_robot_description' returned '0': CMAKE_PREFIX_PATH=${CMAKE_PREFIX_PATH}:/opt/ros/humble /usr/bin/cmake --install /home/mohit/GITHUBRepos/ROS_Gazibo_learning/snake_ws/build/snake_robot_description
[1.761s] Level 1:colcon.colcon_core.environment:checking '/home/mohit/GITHUBRepos/ROS_Gazibo_learning/snake_ws/install/snake_robot_description' for CMake module files
[1.762s] Level 1:colcon.colcon_core.environment:checking '/home/mohit/GITHUBRepos/ROS_Gazibo_learning/snake_ws/install/snake_robot_description' for CMake config files
[1.763s] Level 1:colcon.colcon_core.shell:create_environment_hook('snake_robot_description', 'cmake_prefix_path')
[1.780s] INFO:colcon.colcon_core.shell:Creating environment hook '/home/mohit/GITHUBRepos/ROS_Gazibo_learning/snake_ws/install/snake_robot_description/share/snake_robot_description/hook/cmake_prefix_path.ps1'
[1.781s] INFO:colcon.colcon_core.shell:Creating environment descriptor '/home/mohit/GITHUBRepos/ROS_Gazibo_learning/snake_ws/install/snake_robot_description/share/snake_robot_description/hook/cmake_prefix_path.dsv'
[1.782s] INFO:colcon.colcon_core.shell:Creating environment hook '/home/mohit/GITHUBRepos/ROS_Gazibo_learning/snake_ws/install/snake_robot_description/share/snake_robot_description/hook/cmake_prefix_path.sh'
[1.789s] Level 1:colcon.colcon_core.environment:checking '/home/mohit/GITHUBRepos/ROS_Gazibo_learning/snake_ws/install/snake_robot_description/lib'
[1.789s] Level 1:colcon.colcon_core.environment:checking '/home/mohit/GITHUBRepos/ROS_Gazibo_learning/snake_ws/install/snake_robot_description/bin'
[1.790s] Level 1:colcon.colcon_core.environment:checking '/home/mohit/GITHUBRepos/ROS_Gazibo_learning/snake_ws/install/snake_robot_description/lib/pkgconfig/snake_robot_description.pc'
[1.790s] Level 1:colcon.colcon_core.environment:checking '/home/mohit/GITHUBRepos/ROS_Gazibo_learning/snake_ws/install/snake_robot_description/lib/python3.10/site-packages'
[1.790s] Level 1:colcon.colcon_core.environment:checking '/home/mohit/GITHUBRepos/ROS_Gazibo_learning/snake_ws/install/snake_robot_description/bin'
[1.808s] INFO:colcon.colcon_core.shell:Creating package script '/home/mohit/GITHUBRepos/ROS_Gazibo_learning/snake_ws/install/snake_robot_description/share/snake_robot_description/package.ps1'
[1.810s] INFO:colcon.colcon_core.shell:Creating package descriptor '/home/mohit/GITHUBRepos/ROS_Gazibo_learning/snake_ws/install/snake_robot_description/share/snake_robot_description/package.dsv'
[1.812s] INFO:colcon.colcon_core.shell:Creating package script '/home/mohit/GITHUBRepos/ROS_Gazibo_learning/snake_ws/install/snake_robot_description/share/snake_robot_description/package.sh'
[1.813s] INFO:colcon.colcon_core.shell:Creating package script '/home/mohit/GITHUBRepos/ROS_Gazibo_learning/snake_ws/install/snake_robot_description/share/snake_robot_description/package.bash'
[1.815s] INFO:colcon.colcon_core.shell:Creating package script '/home/mohit/GITHUBRepos/ROS_Gazibo_learning/snake_ws/install/snake_robot_description/share/snake_robot_description/package.zsh'
[1.816s] Level 1:colcon.colcon_core.environment:create_file_with_runtime_dependencies(/home/mohit/GITHUBRepos/ROS_Gazibo_learning/snake_ws/install/snake_robot_description/share/colcon-core/packages/snake_robot_description)
[1.881s] Level 1:colcon.colcon_core.environment:create_environment_scripts_only(snake_robot_description)
[1.897s] Level 1:colcon.colcon_core.environment:checking '/home/mohit/GITHUBRepos/ROS_Gazibo_learning/snake_ws/install/snake_robot_description' for CMake module files
[1.898s] Level 1:colcon.colcon_core.environment:checking '/home/mohit/GITHUBRepos/ROS_Gazibo_learning/snake_ws/install/snake_robot_description' for CMake config files
[1.898s] Level 1:colcon.colcon_core.shell:create_environment_hook('snake_robot_description', 'cmake_prefix_path')
[1.914s] INFO:colcon.colcon_core.shell:Creating environment hook '/home/mohit/GITHUBRepos/ROS_Gazibo_learning/snake_ws/install/snake_robot_description/share/snake_robot_description/hook/cmake_prefix_path.ps1'
[1.916s] INFO:colcon.colcon_core.shell:Creating environment descriptor '/home/mohit/GITHUBRepos/ROS_Gazibo_learning/snake_ws/install/snake_robot_description/share/snake_robot_description/hook/cmake_prefix_path.dsv'
[1.916s] INFO:colcon.colcon_core.shell:Creating environment hook '/home/mohit/GITHUBRepos/ROS_Gazibo_learning/snake_ws/install/snake_robot_description/share/snake_robot_description/hook/cmake_prefix_path.sh'
[1.917s] Level 1:colcon.colcon_core.environment:checking '/home/mohit/GITHUBRepos/ROS_Gazibo_learning/snake_ws/install/snake_robot_description/lib'
[1.917s] Level 1:colcon.colcon_core.environment:checking '/home/mohit/GITHUBRepos/ROS_Gazibo_learning/snake_ws/install/snake_robot_description/bin'
[1.917s] Level 1:colcon.colcon_core.environment:checking '/home/mohit/GITHUBRepos/ROS_Gazibo_learning/snake_ws/install/snake_robot_description/lib/pkgconfig/snake_robot_description.pc'
[1.917s] Level 1:colcon.colcon_core.environment:checking '/home/mohit/GITHUBRepos/ROS_Gazibo_learning/snake_ws/install/snake_robot_description/lib/python3.10/site-packages'
[1.918s] Level 1:colcon.colcon_core.environment:checking '/home/mohit/GITHUBRepos/ROS_Gazibo_learning/snake_ws/install/snake_robot_description/bin'
[1.942s] INFO:colcon.colcon_core.shell:Creating package script '/home/mohit/GITHUBRepos/ROS_Gazibo_learning/snake_ws/install/snake_robot_description/share/snake_robot_description/package.ps1'
[1.947s] INFO:colcon.colcon_core.shell:Creating package descriptor '/home/mohit/GITHUBRepos/ROS_Gazibo_learning/snake_ws/install/snake_robot_description/share/snake_robot_description/package.dsv'
[1.948s] INFO:colcon.colcon_core.shell:Creating package script '/home/mohit/GITHUBRepos/ROS_Gazibo_learning/snake_ws/install/snake_robot_description/share/snake_robot_description/package.sh'
[1.950s] INFO:colcon.colcon_core.shell:Creating package script '/home/mohit/GITHUBRepos/ROS_Gazibo_learning/snake_ws/install/snake_robot_description/share/snake_robot_description/package.bash'
[1.951s] INFO:colcon.colcon_core.shell:Creating package script '/home/mohit/GITHUBRepos/ROS_Gazibo_learning/snake_ws/install/snake_robot_description/share/snake_robot_description/package.zsh'
[1.952s] Level 1:colcon.colcon_core.environment:create_file_with_runtime_dependencies(/home/mohit/GITHUBRepos/ROS_Gazibo_learning/snake_ws/install/snake_robot_description/share/colcon-core/packages/snake_robot_description)
[1.954s] INFO:colcon.colcon_ros.task.ament_cmake.build:Building ROS package in '/home/mohit/GITHUBRepos/ROS_Gazibo_learning/snake_ws/src/snake_robot_bringup' with build type 'ament_cmake'
[1.954s] INFO:colcon.colcon_cmake.task.cmake.build:Building CMake package in '/home/mohit/GITHUBRepos/ROS_Gazibo_learning/snake_ws/src/snake_robot_bringup'
[1.998s] INFO:colcon.colcon_core.shell:Skip shell extension 'powershell' for command environment: Not usable outside of PowerShell
[1.998s] DEBUG:colcon.colcon_core.shell:Skip shell extension 'dsv' for command environment
[2.118s] DEBUG:colcon.colcon_core.event_handler.log_command:Invoking command in '/home/mohit/GITHUBRepos/ROS_Gazibo_learning/snake_ws/build/snake_robot_bringup': CMAKE_PREFIX_PATH=/home/mohit/GITHUBRepos/ROS_Gazibo_learning/snake_ws/install/snake_robot_description:/home/mohit/GITHUBRepos/ROS_Gazibo_learning/snake_ws/install/snake_robot_bringup:/opt/ros/humble /usr/bin/cmake --build /home/mohit/GITHUBRepos/ROS_Gazibo_learning/snake_ws/build/snake_robot_bringup -- -j2 -l2
[2.265s] DEBUG:colcon.colcon_core.event_handler.log_command:Invoked command in '/home/mohit/GITHUBRepos/ROS_Gazibo_learning/snake_ws/build/snake_robot_bringup' returned '0': CMAKE_PREFIX_PATH=/home/mohit/GITHUBRepos/ROS_Gazibo_learning/snake_ws/install/snake_robot_description:/home/mohit/GITHUBRepos/ROS_Gazibo_learning/snake_ws/install/snake_robot_bringup:/opt/ros/humble /usr/bin/cmake --build /home/mohit/GITHUBRepos/ROS_Gazibo_learning/snake_ws/build/snake_robot_bringup -- -j2 -l2
[2.316s] DEBUG:colcon.colcon_core.event_handler.log_command:Invoking command in '/home/mohit/GITHUBRepos/ROS_Gazibo_learning/snake_ws/build/snake_robot_bringup': CMAKE_PREFIX_PATH=/home/mohit/GITHUBRepos/ROS_Gazibo_learning/snake_ws/install/snake_robot_description:/home/mohit/GITHUBRepos/ROS_Gazibo_learning/snake_ws/install/snake_robot_bringup:/opt/ros/humble /usr/bin/cmake --install /home/mohit/GITHUBRepos/ROS_Gazibo_learning/snake_ws/build/snake_robot_bringup
[2.356s] Level 1:colcon.colcon_core.environment:create_environment_scripts_only(snake_robot_bringup)
[2.358s] DEBUG:colcon.colcon_core.event_handler.log_command:Invoked command in '/home/mohit/GITHUBRepos/ROS_Gazibo_learning/snake_ws/build/snake_robot_bringup' returned '0': CMAKE_PREFIX_PATH=/home/mohit/GITHUBRepos/ROS_Gazibo_learning/snake_ws/install/snake_robot_description:/home/mohit/GITHUBRepos/ROS_Gazibo_learning/snake_ws/install/snake_robot_bringup:/opt/ros/humble /usr/bin/cmake --install /home/mohit/GITHUBRepos/ROS_Gazibo_learning/snake_ws/build/snake_robot_bringup
[2.377s] Level 1:colcon.colcon_core.environment:checking '/home/mohit/GITHUBRepos/ROS_Gazibo_learning/snake_ws/install/snake_robot_bringup' for CMake module files
[2.378s] Level 1:colcon.colcon_core.environment:checking '/home/mohit/GITHUBRepos/ROS_Gazibo_learning/snake_ws/install/snake_robot_bringup' for CMake config files
[2.378s] Level 1:colcon.colcon_core.shell:create_environment_hook('snake_robot_bringup', 'cmake_prefix_path')
[2.396s] INFO:colcon.colcon_core.shell:Creating environment hook '/home/mohit/GITHUBRepos/ROS_Gazibo_learning/snake_ws/install/snake_robot_bringup/share/snake_robot_bringup/hook/cmake_prefix_path.ps1'
[2.398s] INFO:colcon.colcon_core.shell:Creating environment descriptor '/home/mohit/GITHUBRepos/ROS_Gazibo_learning/snake_ws/install/snake_robot_bringup/share/snake_robot_bringup/hook/cmake_prefix_path.dsv'
[2.399s] INFO:colcon.colcon_core.shell:Creating environment hook '/home/mohit/GITHUBRepos/ROS_Gazibo_learning/snake_ws/install/snake_robot_bringup/share/snake_robot_bringup/hook/cmake_prefix_path.sh'
[2.400s] Level 1:colcon.colcon_core.environment:checking '/home/mohit/GITHUBRepos/ROS_Gazibo_learning/snake_ws/install/snake_robot_bringup/bin'
[2.400s] Level 1:colcon.colcon_core.environment:checking '/home/mohit/GITHUBRepos/ROS_Gazibo_learning/snake_ws/install/snake_robot_bringup/lib/pkgconfig/snake_robot_bringup.pc'
[2.401s] Level 1:colcon.colcon_core.environment:checking '/home/mohit/GITHUBRepos/ROS_Gazibo_learning/snake_ws/install/snake_robot_bringup/lib/python3.10/site-packages'
[2.401s] Level 1:colcon.colcon_core.environment:checking '/home/mohit/GITHUBRepos/ROS_Gazibo_learning/snake_ws/install/snake_robot_bringup/bin'
[2.422s] INFO:colcon.colcon_core.shell:Creating package script '/home/mohit/GITHUBRepos/ROS_Gazibo_learning/snake_ws/install/snake_robot_bringup/share/snake_robot_bringup/package.ps1'
[2.423s] INFO:colcon.colcon_core.shell:Creating package descriptor '/home/mohit/GITHUBRepos/ROS_Gazibo_learning/snake_ws/install/snake_robot_bringup/share/snake_robot_bringup/package.dsv'
[2.424s] INFO:colcon.colcon_core.shell:Creating package script '/home/mohit/GITHUBRepos/ROS_Gazibo_learning/snake_ws/install/snake_robot_bringup/share/snake_robot_bringup/package.sh'
[2.425s] INFO:colcon.colcon_core.shell:Creating package script '/home/mohit/GITHUBRepos/ROS_Gazibo_learning/snake_ws/install/snake_robot_bringup/share/snake_robot_bringup/package.bash'
[2.426s] INFO:colcon.colcon_core.shell:Creating package script '/home/mohit/GITHUBRepos/ROS_Gazibo_learning/snake_ws/install/snake_robot_bringup/share/snake_robot_bringup/package.zsh'
[2.427s] Level 1:colcon.colcon_core.environment:create_file_with_runtime_dependencies(/home/mohit/GITHUBRepos/ROS_Gazibo_learning/snake_ws/install/snake_robot_bringup/share/colcon-core/packages/snake_robot_bringup)
[2.496s] Level 1:colcon.colcon_core.environment:create_environment_scripts_only(snake_robot_bringup)
[2.512s] Level 1:colcon.colcon_core.environment:checking '/home/mohit/GITHUBRepos/ROS_Gazibo_learning/snake_ws/install/snake_robot_bringup' for CMake module files
[2.513s] Level 1:colcon.colcon_core.environment:checking '/home/mohit/GITHUBRepos/ROS_Gazibo_learning/snake_ws/install/snake_robot_bringup' for CMake config files
[2.513s] Level 1:colcon.colcon_core.shell:create_environment_hook('snake_robot_bringup', 'cmake_prefix_path')
[2.529s] INFO:colcon.colcon_core.shell:Creating environment hook '/home/mohit/GITHUBRepos/ROS_Gazibo_learning/snake_ws/install/snake_robot_bringup/share/snake_robot_bringup/hook/cmake_prefix_path.ps1'
[2.530s] INFO:colcon.colcon_core.shell:Creating environment descriptor '/home/mohit/GITHUBRepos/ROS_Gazibo_learning/snake_ws/install/snake_robot_bringup/share/snake_robot_bringup/hook/cmake_prefix_path.dsv'
[2.531s] INFO:colcon.colcon_core.shell:Creating environment hook '/home/mohit/GITHUBRepos/ROS_Gazibo_learning/snake_ws/install/snake_robot_bringup/share/snake_robot_bringup/hook/cmake_prefix_path.sh'
[2.532s] Level 1:colcon.colcon_core.environment:checking '/home/mohit/GITHUBRepos/ROS_Gazibo_learning/snake_ws/install/snake_robot_bringup/bin'
[2.533s] Level 1:colcon.colcon_core.environment:checking '/home/mohit/GITHUBRepos/ROS_Gazibo_learning/snake_ws/install/snake_robot_bringup/lib/pkgconfig/snake_robot_bringup.pc'
[2.533s] Level 1:colcon.colcon_core.environment:checking '/home/mohit/GITHUBRepos/ROS_Gazibo_learning/snake_ws/install/snake_robot_bringup/lib/python3.10/site-packages'
[2.534s] Level 1:colcon.colcon_core.environment:checking '/home/mohit/GITHUBRepos/ROS_Gazibo_learning/snake_ws/install/snake_robot_bringup/bin'
[2.563s] INFO:colcon.colcon_core.shell:Creating package script '/home/mohit/GITHUBRepos/ROS_Gazibo_learning/snake_ws/install/snake_robot_bringup/share/snake_robot_bringup/package.ps1'
[2.565s] INFO:colcon.colcon_core.shell:Creating package descriptor '/home/mohit/GITHUBRepos/ROS_Gazibo_learning/snake_ws/install/snake_robot_bringup/share/snake_robot_bringup/package.dsv'
[2.567s] INFO:colcon.colcon_core.shell:Creating package script '/home/mohit/GITHUBRepos/ROS_Gazibo_learning/snake_ws/install/snake_robot_bringup/share/snake_robot_bringup/package.sh'
[2.568s] INFO:colcon.colcon_core.shell:Creating package script '/home/mohit/GITHUBRepos/ROS_Gazibo_learning/snake_ws/install/snake_robot_bringup/share/snake_robot_bringup/package.bash'
[2.569s] INFO:colcon.colcon_core.shell:Creating package script '/home/mohit/GITHUBRepos/ROS_Gazibo_learning/snake_ws/install/snake_robot_bringup/share/snake_robot_bringup/package.zsh'
[2.571s] Level 1:colcon.colcon_core.environment:create_file_with_runtime_dependencies(/home/mohit/GITHUBRepos/ROS_Gazibo_learning/snake_ws/install/snake_robot_bringup/share/colcon-core/packages/snake_robot_bringup)
[2.573s] DEBUG:colcon.colcon_parallel_executor.executor.parallel:closing loop
[2.573s] DEBUG:colcon.colcon_parallel_executor.executor.parallel:loop closed
[2.574s] DEBUG:colcon.colcon_parallel_executor.executor.parallel:run_until_complete finished with '0'
[2.574s] DEBUG:colcon.colcon_core.event_reactor:joining thread
[2.641s] INFO:colcon.colcon_core.plugin_system:Skipping extension 'colcon_notification.desktop_notification.terminal_notifier': Not used on non-Darwin systems
[2.641s] INFO:colcon.colcon_core.plugin_system:Skipping extension 'colcon_notification.desktop_notification.win32': Not used on non-Windows systems
[2.641s] INFO:colcon.colcon_notification.desktop_notification:Sending desktop notification using 'notify2'
[2.664s] DEBUG:colcon.colcon_core.event_reactor:joined thread
[2.694s] INFO:colcon.colcon_core.shell:Creating prefix script '/home/mohit/GITHUBRepos/ROS_Gazibo_learning/snake_ws/install/local_setup.ps1'
[2.701s] INFO:colcon.colcon_core.shell:Creating prefix util module '/home/mohit/GITHUBRepos/ROS_Gazibo_learning/snake_ws/install/_local_setup_util_ps1.py'
[2.703s] INFO:colcon.colcon_core.shell:Creating prefix chain script '/home/mohit/GITHUBRepos/ROS_Gazibo_learning/snake_ws/install/setup.ps1'
[2.748s] INFO:colcon.colcon_core.shell:Creating prefix script '/home/mohit/GITHUBRepos/ROS_Gazibo_learning/snake_ws/install/local_setup.sh'
[2.750s] INFO:colcon.colcon_core.shell:Creating prefix util module '/home/mohit/GITHUBRepos/ROS_Gazibo_learning/snake_ws/install/_local_setup_util_sh.py'
[2.751s] INFO:colcon.colcon_core.shell:Creating prefix chain script '/home/mohit/GITHUBRepos/ROS_Gazibo_learning/snake_ws/install/setup.sh'
[2.780s] INFO:colcon.colcon_core.shell:Creating prefix script '/home/mohit/GITHUBRepos/ROS_Gazibo_learning/snake_ws/install/local_setup.bash'
[2.783s] INFO:colcon.colcon_core.shell:Creating prefix chain script '/home/mohit/GITHUBRepos/ROS_Gazibo_learning/snake_ws/install/setup.bash'
[2.819s] INFO:colcon.colcon_core.shell:Creating prefix script '/home/mohit/GITHUBRepos/ROS_Gazibo_learning/snake_ws/install/local_setup.zsh'
[2.820s] INFO:colcon.colcon_core.shell:Creating prefix chain script '/home/mohit/GITHUBRepos/ROS_Gazibo_learning/snake_ws/install/setup.zsh'
