[0.200s] Invoking command in '/home/mohit/ROS_Gazibo_learning/arduinobot_ws/build/arduinobot_description': CMAKE_PREFIX_PATH=/home/mohit/ROS_Gazibo_learning/arduinobot_ws/install/arduinobot_py_examples:/opt/ros/humble /usr/bin/cmake --build /home/mohit/ROS_Gazibo_learning/arduinobot_ws/build/arduinobot_description -- -j2 -l2
[0.663s] Invoked command in '/home/mohit/ROS_Gazibo_learning/arduinobot_ws/build/arduinobot_description' returned '0': CMAKE_PREFIX_PATH=/home/mohit/ROS_Gazibo_learning/arduinobot_ws/install/arduinobot_py_examples:/opt/ros/humble /usr/bin/cmake --build /home/mohit/ROS_Gazibo_learning/arduinobot_ws/build/arduinobot_description -- -j2 -l2
[0.840s] Invoking command in '/home/mohit/ROS_Gazibo_learning/arduinobot_ws/build/arduinobot_description': CMAKE_PREFIX_PATH=/home/mohit/ROS_Gazibo_learning/arduinobot_ws/install/arduinobot_py_examples:/opt/ros/humble /usr/bin/cmake --install /home/mohit/ROS_Gazibo_learning/arduinobot_ws/build/arduinobot_description
[0.854s] -- Install configuration: ""
[0.855s] -- Up-to-date: /home/mohit/ROS_Gazibo_learning/arduinobot_ws/install/arduinobot_description/share/arduinobot_description/meshes
[0.856s] -- Up-to-date: /home/mohit/ROS_Gazibo_learning/arduinobot_ws/install/arduinobot_description/share/arduinobot_description/meshes/horizontal_arm.STL
[0.857s] -- Up-to-date: /home/mohit/ROS_Gazibo_learning/arduinobot_ws/install/arduinobot_description/share/arduinobot_description/meshes/basement.STL
[0.858s] -- Up-to-date: /home/mohit/ROS_Gazibo_learning/arduinobot_ws/install/arduinobot_description/share/arduinobot_description/meshes/right_finger.STL
[0.859s] -- Up-to-date: /home/mohit/ROS_Gazibo_learning/arduinobot_ws/install/arduinobot_description/share/arduinobot_description/meshes/link.STL
[0.860s] -- Up-to-date: /home/mohit/ROS_Gazibo_learning/arduinobot_ws/install/arduinobot_description/share/arduinobot_description/meshes/vertical_drive_arm.STL
[0.860s] -- Up-to-date: /home/mohit/ROS_Gazibo_learning/arduinobot_ws/install/arduinobot_description/share/arduinobot_description/meshes/forward_drive_arm.STL
[0.862s] -- Up-to-date: /home/mohit/ROS_Gazibo_learning/arduinobot_ws/install/arduinobot_description/share/arduinobot_description/meshes/plate.STL
[0.863s] -- Up-to-date: /home/mohit/ROS_Gazibo_learning/arduinobot_ws/install/arduinobot_description/share/arduinobot_description/meshes/left_finger.STL
[0.864s] -- Up-to-date: /home/mohit/ROS_Gazibo_learning/arduinobot_ws/install/arduinobot_description/share/arduinobot_description/meshes/round_plate.STL
[0.864s] -- Up-to-date: /home/mohit/ROS_Gazibo_learning/arduinobot_ws/install/arduinobot_description/share/arduinobot_description/meshes/triangular_link.STL
[0.865s] -- Up-to-date: /home/mohit/ROS_Gazibo_learning/arduinobot_ws/install/arduinobot_description/share/arduinobot_description/meshes/base_plate.STL
[0.866s] -- Up-to-date: /home/mohit/ROS_Gazibo_learning/arduinobot_ws/install/arduinobot_description/share/arduinobot_description/meshes/claw_support.STL
[0.867s] -- Up-to-date: /home/mohit/ROS_Gazibo_learning/arduinobot_ws/install/arduinobot_description/share/arduinobot_description/meshes/servo_plate.STL
[0.867s] -- Up-to-date: /home/mohit/ROS_Gazibo_learning/arduinobot_ws/install/arduinobot_description/share/arduinobot_description/urdf
[0.867s] -- Installing: /home/mohit/ROS_Gazibo_learning/arduinobot_ws/install/arduinobot_description/share/arduinobot_description/urdf/arduinobot_urdf.xacro
[0.870s] -- Up-to-date: /home/mohit/ROS_Gazibo_learning/arduinobot_ws/install/arduinobot_description/share/ament_index/resource_index/package_run_dependencies/arduinobot_description
[0.870s] -- Up-to-date: /home/mohit/ROS_Gazibo_learning/arduinobot_ws/install/arduinobot_description/share/ament_index/resource_index/parent_prefix_path/arduinobot_description
[0.871s] -- Up-to-date: /home/mohit/ROS_Gazibo_learning/arduinobot_ws/install/arduinobot_description/share/arduinobot_description/environment/ament_prefix_path.sh
[0.871s] -- Up-to-date: /home/mohit/ROS_Gazibo_learning/arduinobot_ws/install/arduinobot_description/share/arduinobot_description/environment/ament_prefix_path.dsv
[0.871s] -- Up-to-date: /home/mohit/ROS_Gazibo_learning/arduinobot_ws/install/arduinobot_description/share/arduinobot_description/environment/path.sh
[0.877s] -- Up-to-date: /home/mohit/ROS_Gazibo_learning/arduinobot_ws/install/arduinobot_description/share/arduinobot_description/environment/path.dsv
[0.877s] -- Up-to-date: /home/mohit/ROS_Gazibo_learning/arduinobot_ws/install/arduinobot_description/share/arduinobot_description/local_setup.bash
[0.877s] -- Up-to-date: /home/mohit/ROS_Gazibo_learning/arduinobot_ws/install/arduinobot_description/share/arduinobot_description/local_setup.sh
[0.878s] -- Up-to-date: /home/mohit/ROS_Gazibo_learning/arduinobot_ws/install/arduinobot_description/share/arduinobot_description/local_setup.zsh
[0.878s] -- Up-to-date: /home/mohit/ROS_Gazibo_learning/arduinobot_ws/install/arduinobot_description/share/arduinobot_description/local_setup.dsv
[0.878s] -- Installing: /home/mohit/ROS_Gazibo_learning/arduinobot_ws/install/arduinobot_description/share/arduinobot_description/package.dsv
[0.880s] -- Up-to-date: /home/mohit/ROS_Gazibo_learning/arduinobot_ws/install/arduinobot_description/share/ament_index/resource_index/packages/arduinobot_description
[0.880s] -- Up-to-date: /home/mohit/ROS_Gazibo_learning/arduinobot_ws/install/arduinobot_description/share/arduinobot_description/cmake/arduinobot_descriptionConfig.cmake
[0.880s] -- Up-to-date: /home/mohit/ROS_Gazibo_learning/arduinobot_ws/install/arduinobot_description/share/arduinobot_description/cmake/arduinobot_descriptionConfig-version.cmake
[0.881s] -- Up-to-date: /home/mohit/ROS_Gazibo_learning/arduinobot_ws/install/arduinobot_description/share/arduinobot_description/package.xml
[0.889s] Invoked command in '/home/mohit/ROS_Gazibo_learning/arduinobot_ws/build/arduinobot_description' returned '0': CMAKE_PREFIX_PATH=/home/mohit/ROS_Gazibo_learning/arduinobot_ws/install/arduinobot_py_examples:/opt/ros/humble /usr/bin/cmake --install /home/mohit/ROS_Gazibo_learning/arduinobot_ws/build/arduinobot_description
