[2.089s] DEBUG:colcon:Command line arguments: ['/usr/bin/colcon', 'build']
[2.089s] DEBUG:colcon:Parsed command line arguments: Namespace(log_base=None, log_level=None, verb_name='build', build_base='build', install_base='install', merge_install=False, symlink_install=False, test_result_base=None, continue_on_error=False, executor='parallel', parallel_workers=2, event_handlers=None, ignore_user_meta=False, metas=['./colcon.meta'], base_paths=['.'], packages_ignore=None, packages_ignore_regex=None, paths=None, packages_up_to=None, packages_up_to_regex=None, packages_above=None, packages_above_and_dependencies=None, packages_above_depth=None, packages_select_by_dep=None, packages_skip_by_dep=None, packages_skip_up_to=None, packages_select_build_failed=False, packages_skip_build_finished=False, packages_select_test_failures=False, packages_skip_test_passed=False, packages_select=None, packages_skip=None, packages_select_regex=None, packages_skip_regex=None, packages_start=None, packages_end=None, allow_overriding=[], cmake_args=None, cmake_target=None, cmake_target_skip_unavailable=False, cmake_clean_cache=False, cmake_clean_first=False, cmake_force_configure=False, ament_cmake_args=None, catkin_cmake_args=None, catkin_skip_building_tests=False, verb_parser=<colcon_defaults.argument_parser.defaults.DefaultArgumentsDecorator object at 0x7f4c023c1210>, verb_extension=<colcon_core.verb.build.BuildVerb object at 0x7f4c029ef730>, main=<bound method BuildVerb.main of <colcon_core.verb.build.BuildVerb object at 0x7f4c029ef730>>)
[2.194s] Level 1:colcon.colcon_core.package_discovery:discover_packages(colcon_meta) check parameters
[2.194s] Level 1:colcon.colcon_core.package_discovery:discover_packages(recursive) check parameters
[2.194s] Level 1:colcon.colcon_core.package_discovery:discover_packages(ignore) check parameters
[2.194s] Level 1:colcon.colcon_core.package_discovery:discover_packages(path) check parameters
[2.194s] Level 1:colcon.colcon_core.package_discovery:discover_packages(colcon_meta) discover
[2.194s] Level 1:colcon.colcon_core.package_discovery:discover_packages(recursive) discover
[2.194s] INFO:colcon.colcon_core.package_discovery:Crawling recursively for packages in '/home/mohit/ROS_Gazibo_learning/arduinobot_ws'
[2.194s] Level 1:colcon.colcon_core.package_identification:_identify(.) by extensions ['ignore', 'ignore_ament_install']
[2.195s] Level 1:colcon.colcon_core.package_identification:_identify(.) by extension 'ignore'
[2.195s] Level 1:colcon.colcon_core.package_identification:_identify(.) by extension 'ignore_ament_install'
[2.195s] Level 1:colcon.colcon_core.package_identification:_identify(.) by extensions ['colcon_pkg']
[2.195s] Level 1:colcon.colcon_core.package_identification:_identify(.) by extension 'colcon_pkg'
[2.195s] Level 1:colcon.colcon_core.package_identification:_identify(.) by extensions ['colcon_meta']
[2.195s] Level 1:colcon.colcon_core.package_identification:_identify(.) by extension 'colcon_meta'
[2.195s] Level 1:colcon.colcon_core.package_identification:_identify(.) by extensions ['ros']
[2.195s] Level 1:colcon.colcon_core.package_identification:_identify(.) by extension 'ros'
[2.223s] Level 1:colcon.colcon_core.package_identification:_identify(.) by extensions ['cmake', 'python']
[2.223s] Level 1:colcon.colcon_core.package_identification:_identify(.) by extension 'cmake'
[2.224s] Level 1:colcon.colcon_core.package_identification:_identify(.) by extension 'python'
[2.224s] Level 1:colcon.colcon_core.package_identification:_identify(.) by extensions ['python_setup_py']
[2.224s] Level 1:colcon.colcon_core.package_identification:_identify(.) by extension 'python_setup_py'
[2.224s] Level 1:colcon.colcon_core.package_identification:_identify(build) by extensions ['ignore', 'ignore_ament_install']
[2.224s] Level 1:colcon.colcon_core.package_identification:_identify(build) by extension 'ignore'
[2.224s] Level 1:colcon.colcon_core.package_identification:_identify(build) ignored
[2.224s] Level 1:colcon.colcon_core.package_identification:_identify(install) by extensions ['ignore', 'ignore_ament_install']
[2.224s] Level 1:colcon.colcon_core.package_identification:_identify(install) by extension 'ignore'
[2.224s] Level 1:colcon.colcon_core.package_identification:_identify(install) ignored
[2.225s] Level 1:colcon.colcon_core.package_identification:_identify(log) by extensions ['ignore', 'ignore_ament_install']
[2.225s] Level 1:colcon.colcon_core.package_identification:_identify(log) by extension 'ignore'
[2.225s] Level 1:colcon.colcon_core.package_identification:_identify(log) ignored
[2.225s] Level 1:colcon.colcon_core.package_identification:_identify(src) by extensions ['ignore', 'ignore_ament_install']
[2.225s] Level 1:colcon.colcon_core.package_identification:_identify(src) by extension 'ignore'
[2.225s] Level 1:colcon.colcon_core.package_identification:_identify(src) by extension 'ignore_ament_install'
[2.225s] Level 1:colcon.colcon_core.package_identification:_identify(src) by extensions ['colcon_pkg']
[2.225s] Level 1:colcon.colcon_core.package_identification:_identify(src) by extension 'colcon_pkg'
[2.225s] Level 1:colcon.colcon_core.package_identification:_identify(src) by extensions ['colcon_meta']
[2.225s] Level 1:colcon.colcon_core.package_identification:_identify(src) by extension 'colcon_meta'
[2.225s] Level 1:colcon.colcon_core.package_identification:_identify(src) by extensions ['ros']
[2.225s] Level 1:colcon.colcon_core.package_identification:_identify(src) by extension 'ros'
[2.225s] Level 1:colcon.colcon_core.package_identification:_identify(src) by extensions ['cmake', 'python']
[2.225s] Level 1:colcon.colcon_core.package_identification:_identify(src) by extension 'cmake'
[2.226s] Level 1:colcon.colcon_core.package_identification:_identify(src) by extension 'python'
[2.226s] Level 1:colcon.colcon_core.package_identification:_identify(src) by extensions ['python_setup_py']
[2.226s] Level 1:colcon.colcon_core.package_identification:_identify(src) by extension 'python_setup_py'
[2.226s] Level 1:colcon.colcon_core.package_identification:_identify(src/arduinobot_description) by extensions ['ignore', 'ignore_ament_install']
[2.226s] Level 1:colcon.colcon_core.package_identification:_identify(src/arduinobot_description) by extension 'ignore'
[2.226s] Level 1:colcon.colcon_core.package_identification:_identify(src/arduinobot_description) by extension 'ignore_ament_install'
[2.226s] Level 1:colcon.colcon_core.package_identification:_identify(src/arduinobot_description) by extensions ['colcon_pkg']
[2.226s] Level 1:colcon.colcon_core.package_identification:_identify(src/arduinobot_description) by extension 'colcon_pkg'
[2.226s] Level 1:colcon.colcon_core.package_identification:_identify(src/arduinobot_description) by extensions ['colcon_meta']
[2.226s] Level 1:colcon.colcon_core.package_identification:_identify(src/arduinobot_description) by extension 'colcon_meta'
[2.226s] Level 1:colcon.colcon_core.package_identification:_identify(src/arduinobot_description) by extensions ['ros']
[2.226s] Level 1:colcon.colcon_core.package_identification:_identify(src/arduinobot_description) by extension 'ros'
[2.235s] DEBUG:colcon.colcon_core.package_identification:Package 'src/arduinobot_description' with type 'ros.ament_cmake' and name 'arduinobot_description'
[2.235s] Level 1:colcon.colcon_core.package_identification:_identify(src/arduinobot_py_examples) by extensions ['ignore', 'ignore_ament_install']
[2.235s] Level 1:colcon.colcon_core.package_identification:_identify(src/arduinobot_py_examples) by extension 'ignore'
[2.235s] Level 1:colcon.colcon_core.package_identification:_identify(src/arduinobot_py_examples) by extension 'ignore_ament_install'
[2.235s] Level 1:colcon.colcon_core.package_identification:_identify(src/arduinobot_py_examples) by extensions ['colcon_pkg']
[2.235s] Level 1:colcon.colcon_core.package_identification:_identify(src/arduinobot_py_examples) by extension 'colcon_pkg'
[2.235s] Level 1:colcon.colcon_core.package_identification:_identify(src/arduinobot_py_examples) by extensions ['colcon_meta']
[2.236s] Level 1:colcon.colcon_core.package_identification:_identify(src/arduinobot_py_examples) by extension 'colcon_meta'
[2.236s] Level 1:colcon.colcon_core.package_identification:_identify(src/arduinobot_py_examples) by extensions ['ros']
[2.236s] Level 1:colcon.colcon_core.package_identification:_identify(src/arduinobot_py_examples) by extension 'ros'
[2.236s] DEBUG:colcon.colcon_core.package_identification:Package 'src/arduinobot_py_examples' with type 'ros.ament_python' and name 'arduinobot_py_examples'
[2.236s] Level 1:colcon.colcon_core.package_discovery:discover_packages(recursive) using defaults
[2.236s] Level 1:colcon.colcon_core.package_discovery:discover_packages(ignore) discover
[2.236s] Level 1:colcon.colcon_core.package_discovery:discover_packages(ignore) using defaults
[2.236s] Level 1:colcon.colcon_core.package_discovery:discover_packages(path) discover
[2.236s] Level 1:colcon.colcon_core.package_discovery:discover_packages(path) using defaults
[2.440s] Level 1:colcon.colcon_core.package_discovery:discover_packages(prefix_path) check parameters
[2.440s] Level 1:colcon.colcon_core.package_discovery:discover_packages(prefix_path) discover
[2.509s] DEBUG:colcon.colcon_installed_package_information.package_discovery:Found 2 installed packages in /home/mohit/ROS_Gazibo_learning/arduinobot_ws/install
[2.537s] DEBUG:colcon.colcon_installed_package_information.package_discovery:Found 367 installed packages in /opt/ros/humble
[2.540s] Level 1:colcon.colcon_core.package_discovery:discover_packages(prefix_path) using defaults
[2.865s] Level 5:colcon.colcon_core.verb:set package 'arduinobot_description' build argument 'cmake_args' from command line to 'None'
[2.869s] Level 5:colcon.colcon_core.verb:set package 'arduinobot_description' build argument 'cmake_target' from command line to 'None'
[2.869s] Level 5:colcon.colcon_core.verb:set package 'arduinobot_description' build argument 'cmake_target_skip_unavailable' from command line to 'False'
[2.869s] Level 5:colcon.colcon_core.verb:set package 'arduinobot_description' build argument 'cmake_clean_cache' from command line to 'False'
[2.870s] Level 5:colcon.colcon_core.verb:set package 'arduinobot_description' build argument 'cmake_clean_first' from command line to 'False'
[2.870s] Level 5:colcon.colcon_core.verb:set package 'arduinobot_description' build argument 'cmake_force_configure' from command line to 'False'
[2.870s] Level 5:colcon.colcon_core.verb:set package 'arduinobot_description' build argument 'ament_cmake_args' from command line to 'None'
[2.870s] Level 5:colcon.colcon_core.verb:set package 'arduinobot_description' build argument 'catkin_cmake_args' from command line to 'None'
[2.870s] Level 5:colcon.colcon_core.verb:set package 'arduinobot_description' build argument 'catkin_skip_building_tests' from command line to 'False'
[2.870s] DEBUG:colcon.colcon_core.verb:Building package 'arduinobot_description' with the following arguments: {'ament_cmake_args': None, 'build_base': '/home/mohit/ROS_Gazibo_learning/arduinobot_ws/build/arduinobot_description', 'catkin_cmake_args': None, 'catkin_skip_building_tests': False, 'cmake_args': None, 'cmake_clean_cache': False, 'cmake_clean_first': False, 'cmake_force_configure': False, 'cmake_target': None, 'cmake_target_skip_unavailable': False, 'install_base': '/home/mohit/ROS_Gazibo_learning/arduinobot_ws/install/arduinobot_description', 'merge_install': False, 'path': '/home/mohit/ROS_Gazibo_learning/arduinobot_ws/src/arduinobot_description', 'symlink_install': False, 'test_result_base': None}
[2.957s] Level 5:colcon.colcon_core.verb:set package 'arduinobot_py_examples' build argument 'cmake_args' from command line to 'None'
[2.960s] Level 5:colcon.colcon_core.verb:set package 'arduinobot_py_examples' build argument 'cmake_target' from command line to 'None'
[2.961s] Level 5:colcon.colcon_core.verb:set package 'arduinobot_py_examples' build argument 'cmake_target_skip_unavailable' from command line to 'False'
[2.961s] Level 5:colcon.colcon_core.verb:set package 'arduinobot_py_examples' build argument 'cmake_clean_cache' from command line to 'False'
[2.961s] Level 5:colcon.colcon_core.verb:set package 'arduinobot_py_examples' build argument 'cmake_clean_first' from command line to 'False'
[2.961s] Level 5:colcon.colcon_core.verb:set package 'arduinobot_py_examples' build argument 'cmake_force_configure' from command line to 'False'
[2.961s] Level 5:colcon.colcon_core.verb:set package 'arduinobot_py_examples' build argument 'ament_cmake_args' from command line to 'None'
[2.961s] Level 5:colcon.colcon_core.verb:set package 'arduinobot_py_examples' build argument 'catkin_cmake_args' from command line to 'None'
[2.961s] Level 5:colcon.colcon_core.verb:set package 'arduinobot_py_examples' build argument 'catkin_skip_building_tests' from command line to 'False'
[2.962s] DEBUG:colcon.colcon_core.verb:Building package 'arduinobot_py_examples' with the following arguments: {'ament_cmake_args': None, 'build_base': '/home/mohit/ROS_Gazibo_learning/arduinobot_ws/build/arduinobot_py_examples', 'catkin_cmake_args': None, 'catkin_skip_building_tests': False, 'cmake_args': None, 'cmake_clean_cache': False, 'cmake_clean_first': False, 'cmake_force_configure': False, 'cmake_target': None, 'cmake_target_skip_unavailable': False, 'install_base': '/home/mohit/ROS_Gazibo_learning/arduinobot_ws/install/arduinobot_py_examples', 'merge_install': False, 'path': '/home/mohit/ROS_Gazibo_learning/arduinobot_ws/src/arduinobot_py_examples', 'symlink_install': False, 'test_result_base': None}
[3.014s] INFO:colcon.colcon_core.executor:Executing jobs using 'parallel' executor
[3.053s] DEBUG:colcon.colcon_parallel_executor.executor.parallel:run_until_complete
[3.053s] INFO:colcon.colcon_ros.task.ament_cmake.build:Building ROS package in '/home/mohit/ROS_Gazibo_learning/arduinobot_ws/src/arduinobot_description' with build type 'ament_cmake'
[3.054s] INFO:colcon.colcon_cmake.task.cmake.build:Building CMake package in '/home/mohit/ROS_Gazibo_learning/arduinobot_ws/src/arduinobot_description'
[3.086s] INFO:colcon.colcon_core.plugin_system:Skipping extension 'colcon_core.shell.bat': Not used on non-Windows systems
[3.086s] INFO:colcon.colcon_core.shell:Skip shell extension 'powershell' for command environment: Not usable outside of PowerShell
[3.087s] DEBUG:colcon.colcon_core.shell:Skip shell extension 'dsv' for command environment
[3.229s] INFO:colcon.colcon_ros.task.ament_python.build:Building ROS package in '/home/mohit/ROS_Gazibo_learning/arduinobot_ws/src/arduinobot_py_examples' with build type 'ament_python'
[3.230s] Level 1:colcon.colcon_core.shell:create_environment_hook('arduinobot_py_examples', 'ament_prefix_path')
[3.297s] INFO:colcon.colcon_core.shell:Creating environment hook '/home/mohit/ROS_Gazibo_learning/arduinobot_ws/install/arduinobot_py_examples/share/arduinobot_py_examples/hook/ament_prefix_path.ps1'
[3.299s] INFO:colcon.colcon_core.shell:Creating environment descriptor '/home/mohit/ROS_Gazibo_learning/arduinobot_ws/install/arduinobot_py_examples/share/arduinobot_py_examples/hook/ament_prefix_path.dsv'
[3.319s] INFO:colcon.colcon_core.shell:Creating environment hook '/home/mohit/ROS_Gazibo_learning/arduinobot_ws/install/arduinobot_py_examples/share/arduinobot_py_examples/hook/ament_prefix_path.sh'
[3.546s] INFO:colcon.colcon_core.shell:Skip shell extension 'powershell' for command environment: Not usable outside of PowerShell
[3.546s] DEBUG:colcon.colcon_core.shell:Skip shell extension 'dsv' for command environment
[3.798s] DEBUG:colcon.colcon_core.event_handler.log_command:Invoking command in '/home/mohit/ROS_Gazibo_learning/arduinobot_ws/build/arduinobot_description': CMAKE_PREFIX_PATH=/home/mohit/ROS_Gazibo_learning/arduinobot_ws/install/arduinobot_py_examples:/opt/ros/humble /usr/bin/cmake --build /home/mohit/ROS_Gazibo_learning/arduinobot_ws/build/arduinobot_description -- -j2 -l2
[4.191s] INFO:colcon.colcon_core.task.python.build:Building Python package in '/home/mohit/ROS_Gazibo_learning/arduinobot_ws/src/arduinobot_py_examples'
[4.215s] INFO:colcon.colcon_core.shell:Skip shell extension 'powershell' for command environment: Not usable outside of PowerShell
[4.215s] DEBUG:colcon.colcon_core.shell:Skip shell extension 'dsv' for command environment
[4.287s] DEBUG:colcon.colcon_core.event_handler.log_command:Invoked command in '/home/mohit/ROS_Gazibo_learning/arduinobot_ws/build/arduinobot_description' returned '0': CMAKE_PREFIX_PATH=/home/mohit/ROS_Gazibo_learning/arduinobot_ws/install/arduinobot_py_examples:/opt/ros/humble /usr/bin/cmake --build /home/mohit/ROS_Gazibo_learning/arduinobot_ws/build/arduinobot_description -- -j2 -l2
[4.342s] DEBUG:colcon.colcon_core.event_handler.log_command:Invoking command in '/home/mohit/ROS_Gazibo_learning/arduinobot_ws/build/arduinobot_description': CMAKE_PREFIX_PATH=/home/mohit/ROS_Gazibo_learning/arduinobot_ws/install/arduinobot_py_examples:/opt/ros/humble /usr/bin/cmake --install /home/mohit/ROS_Gazibo_learning/arduinobot_ws/build/arduinobot_description
[4.365s] Level 1:colcon.colcon_core.environment:create_environment_scripts_only(arduinobot_description)
[4.369s] DEBUG:colcon.colcon_core.event_handler.log_command:Invoked command in '/home/mohit/ROS_Gazibo_learning/arduinobot_ws/build/arduinobot_description' returned '0': CMAKE_PREFIX_PATH=/home/mohit/ROS_Gazibo_learning/arduinobot_ws/install/arduinobot_py_examples:/opt/ros/humble /usr/bin/cmake --install /home/mohit/ROS_Gazibo_learning/arduinobot_ws/build/arduinobot_description
[4.401s] Level 1:colcon.colcon_core.environment:checking '/home/mohit/ROS_Gazibo_learning/arduinobot_ws/install/arduinobot_description' for CMake module files
[4.402s] Level 1:colcon.colcon_core.environment:checking '/home/mohit/ROS_Gazibo_learning/arduinobot_ws/install/arduinobot_description' for CMake config files
[4.402s] Level 1:colcon.colcon_core.shell:create_environment_hook('arduinobot_description', 'cmake_prefix_path')
[4.455s] INFO:colcon.colcon_core.shell:Creating environment hook '/home/mohit/ROS_Gazibo_learning/arduinobot_ws/install/arduinobot_description/share/arduinobot_description/hook/cmake_prefix_path.ps1'
[4.459s] INFO:colcon.colcon_core.shell:Creating environment descriptor '/home/mohit/ROS_Gazibo_learning/arduinobot_ws/install/arduinobot_description/share/arduinobot_description/hook/cmake_prefix_path.dsv'
[4.460s] INFO:colcon.colcon_core.shell:Creating environment hook '/home/mohit/ROS_Gazibo_learning/arduinobot_ws/install/arduinobot_description/share/arduinobot_description/hook/cmake_prefix_path.sh'
[4.463s] Level 1:colcon.colcon_core.environment:checking '/home/mohit/ROS_Gazibo_learning/arduinobot_ws/install/arduinobot_description/bin'
[4.463s] Level 1:colcon.colcon_core.environment:checking '/home/mohit/ROS_Gazibo_learning/arduinobot_ws/install/arduinobot_description/lib/pkgconfig/arduinobot_description.pc'
[4.463s] Level 1:colcon.colcon_core.environment:checking '/home/mohit/ROS_Gazibo_learning/arduinobot_ws/install/arduinobot_description/lib/python3.10/site-packages'
[4.464s] Level 1:colcon.colcon_core.environment:checking '/home/mohit/ROS_Gazibo_learning/arduinobot_ws/install/arduinobot_description/bin'
[4.538s] INFO:colcon.colcon_core.shell:Creating package script '/home/mohit/ROS_Gazibo_learning/arduinobot_ws/install/arduinobot_description/share/arduinobot_description/package.ps1'
[4.539s] INFO:colcon.colcon_core.shell:Creating package descriptor '/home/mohit/ROS_Gazibo_learning/arduinobot_ws/install/arduinobot_description/share/arduinobot_description/package.dsv'
[4.541s] INFO:colcon.colcon_core.shell:Creating package script '/home/mohit/ROS_Gazibo_learning/arduinobot_ws/install/arduinobot_description/share/arduinobot_description/package.sh'
[4.542s] INFO:colcon.colcon_core.shell:Creating package script '/home/mohit/ROS_Gazibo_learning/arduinobot_ws/install/arduinobot_description/share/arduinobot_description/package.bash'
[4.544s] INFO:colcon.colcon_core.shell:Creating package script '/home/mohit/ROS_Gazibo_learning/arduinobot_ws/install/arduinobot_description/share/arduinobot_description/package.zsh'
[4.545s] Level 1:colcon.colcon_core.environment:create_file_with_runtime_dependencies(/home/mohit/ROS_Gazibo_learning/arduinobot_ws/install/arduinobot_description/share/colcon-core/packages/arduinobot_description)
[4.696s] Level 1:colcon.colcon_core.environment:create_environment_scripts_only(arduinobot_description)
[4.730s] Level 1:colcon.colcon_core.environment:checking '/home/mohit/ROS_Gazibo_learning/arduinobot_ws/install/arduinobot_description' for CMake module files
[4.731s] Level 1:colcon.colcon_core.environment:checking '/home/mohit/ROS_Gazibo_learning/arduinobot_ws/install/arduinobot_description' for CMake config files
[4.731s] Level 1:colcon.colcon_core.shell:create_environment_hook('arduinobot_description', 'cmake_prefix_path')
[4.766s] INFO:colcon.colcon_core.shell:Creating environment hook '/home/mohit/ROS_Gazibo_learning/arduinobot_ws/install/arduinobot_description/share/arduinobot_description/hook/cmake_prefix_path.ps1'
[4.767s] INFO:colcon.colcon_core.shell:Creating environment descriptor '/home/mohit/ROS_Gazibo_learning/arduinobot_ws/install/arduinobot_description/share/arduinobot_description/hook/cmake_prefix_path.dsv'
[4.768s] INFO:colcon.colcon_core.shell:Creating environment hook '/home/mohit/ROS_Gazibo_learning/arduinobot_ws/install/arduinobot_description/share/arduinobot_description/hook/cmake_prefix_path.sh'
[4.769s] Level 1:colcon.colcon_core.environment:checking '/home/mohit/ROS_Gazibo_learning/arduinobot_ws/install/arduinobot_description/bin'
[4.770s] Level 1:colcon.colcon_core.environment:checking '/home/mohit/ROS_Gazibo_learning/arduinobot_ws/install/arduinobot_description/lib/pkgconfig/arduinobot_description.pc'
[4.770s] Level 1:colcon.colcon_core.environment:checking '/home/mohit/ROS_Gazibo_learning/arduinobot_ws/install/arduinobot_description/lib/python3.10/site-packages'
[4.770s] Level 1:colcon.colcon_core.environment:checking '/home/mohit/ROS_Gazibo_learning/arduinobot_ws/install/arduinobot_description/bin'
[4.803s] INFO:colcon.colcon_core.shell:Creating package script '/home/mohit/ROS_Gazibo_learning/arduinobot_ws/install/arduinobot_description/share/arduinobot_description/package.ps1'
[4.804s] INFO:colcon.colcon_core.shell:Creating package descriptor '/home/mohit/ROS_Gazibo_learning/arduinobot_ws/install/arduinobot_description/share/arduinobot_description/package.dsv'
[4.805s] INFO:colcon.colcon_core.shell:Creating package script '/home/mohit/ROS_Gazibo_learning/arduinobot_ws/install/arduinobot_description/share/arduinobot_description/package.sh'
[4.807s] INFO:colcon.colcon_core.shell:Creating package script '/home/mohit/ROS_Gazibo_learning/arduinobot_ws/install/arduinobot_description/share/arduinobot_description/package.bash'
[4.808s] INFO:colcon.colcon_core.shell:Creating package script '/home/mohit/ROS_Gazibo_learning/arduinobot_ws/install/arduinobot_description/share/arduinobot_description/package.zsh'
[4.808s] Level 1:colcon.colcon_core.environment:create_file_with_runtime_dependencies(/home/mohit/ROS_Gazibo_learning/arduinobot_ws/install/arduinobot_description/share/colcon-core/packages/arduinobot_description)
[4.952s] DEBUG:colcon.colcon_core.event_handler.log_command:Invoking command in '/home/mohit/ROS_Gazibo_learning/arduinobot_ws/src/arduinobot_py_examples': PYTHONPATH=/home/mohit/ROS_Gazibo_learning/arduinobot_ws/build/arduinobot_py_examples/prefix_override:/home/mohit/ROS_Gazibo_learning/arduinobot_ws/install/arduinobot_py_examples/lib/python3.10/site-packages:${PYTHONPATH} /usr/bin/python3 setup.py egg_info --egg-base ../../build/arduinobot_py_examples build --build-base /home/mohit/ROS_Gazibo_learning/arduinobot_ws/build/arduinobot_py_examples/build install --record /home/mohit/ROS_Gazibo_learning/arduinobot_ws/build/arduinobot_py_examples/install.log --single-version-externally-managed
[5.297s] DEBUG:colcon.colcon_core.event_handler.log_command:Invoked command in '/home/mohit/ROS_Gazibo_learning/arduinobot_ws/src/arduinobot_py_examples' returned '0': PYTHONPATH=/home/mohit/ROS_Gazibo_learning/arduinobot_ws/build/arduinobot_py_examples/prefix_override:/home/mohit/ROS_Gazibo_learning/arduinobot_ws/install/arduinobot_py_examples/lib/python3.10/site-packages:${PYTHONPATH} /usr/bin/python3 setup.py egg_info --egg-base ../../build/arduinobot_py_examples build --build-base /home/mohit/ROS_Gazibo_learning/arduinobot_ws/build/arduinobot_py_examples/build install --record /home/mohit/ROS_Gazibo_learning/arduinobot_ws/build/arduinobot_py_examples/install.log --single-version-externally-managed
[5.327s] Level 1:colcon.colcon_core.environment:checking '/home/mohit/ROS_Gazibo_learning/arduinobot_ws/install/arduinobot_py_examples' for CMake module files
[5.328s] Level 1:colcon.colcon_core.environment:checking '/home/mohit/ROS_Gazibo_learning/arduinobot_ws/install/arduinobot_py_examples' for CMake config files
[5.329s] Level 1:colcon.colcon_core.environment:checking '/home/mohit/ROS_Gazibo_learning/arduinobot_ws/install/arduinobot_py_examples/lib'
[5.329s] Level 1:colcon.colcon_core.environment:checking '/home/mohit/ROS_Gazibo_learning/arduinobot_ws/install/arduinobot_py_examples/bin'
[5.329s] Level 1:colcon.colcon_core.environment:checking '/home/mohit/ROS_Gazibo_learning/arduinobot_ws/install/arduinobot_py_examples/lib/pkgconfig/arduinobot_py_examples.pc'
[5.330s] Level 1:colcon.colcon_core.environment:checking '/home/mohit/ROS_Gazibo_learning/arduinobot_ws/install/arduinobot_py_examples/lib/python3.10/site-packages'
[5.330s] Level 1:colcon.colcon_core.shell:create_environment_hook('arduinobot_py_examples', 'pythonpath')
[5.356s] INFO:colcon.colcon_core.shell:Creating environment hook '/home/mohit/ROS_Gazibo_learning/arduinobot_ws/install/arduinobot_py_examples/share/arduinobot_py_examples/hook/pythonpath.ps1'
[5.356s] INFO:colcon.colcon_core.shell:Creating environment descriptor '/home/mohit/ROS_Gazibo_learning/arduinobot_ws/install/arduinobot_py_examples/share/arduinobot_py_examples/hook/pythonpath.dsv'
[5.357s] INFO:colcon.colcon_core.shell:Creating environment hook '/home/mohit/ROS_Gazibo_learning/arduinobot_ws/install/arduinobot_py_examples/share/arduinobot_py_examples/hook/pythonpath.sh'
[5.358s] Level 1:colcon.colcon_core.environment:checking '/home/mohit/ROS_Gazibo_learning/arduinobot_ws/install/arduinobot_py_examples/bin'
[5.358s] Level 1:colcon.colcon_core.environment:create_environment_scripts_only(arduinobot_py_examples)
[5.378s] INFO:colcon.colcon_core.shell:Creating package script '/home/mohit/ROS_Gazibo_learning/arduinobot_ws/install/arduinobot_py_examples/share/arduinobot_py_examples/package.ps1'
[5.379s] INFO:colcon.colcon_core.shell:Creating package descriptor '/home/mohit/ROS_Gazibo_learning/arduinobot_ws/install/arduinobot_py_examples/share/arduinobot_py_examples/package.dsv'
[5.380s] INFO:colcon.colcon_core.shell:Creating package script '/home/mohit/ROS_Gazibo_learning/arduinobot_ws/install/arduinobot_py_examples/share/arduinobot_py_examples/package.sh'
[5.380s] INFO:colcon.colcon_core.shell:Creating package script '/home/mohit/ROS_Gazibo_learning/arduinobot_ws/install/arduinobot_py_examples/share/arduinobot_py_examples/package.bash'
[5.381s] INFO:colcon.colcon_core.shell:Creating package script '/home/mohit/ROS_Gazibo_learning/arduinobot_ws/install/arduinobot_py_examples/share/arduinobot_py_examples/package.zsh'
[5.381s] Level 1:colcon.colcon_core.environment:create_file_with_runtime_dependencies(/home/mohit/ROS_Gazibo_learning/arduinobot_ws/install/arduinobot_py_examples/share/colcon-core/packages/arduinobot_py_examples)
[5.382s] DEBUG:colcon.colcon_parallel_executor.executor.parallel:closing loop
[5.382s] DEBUG:colcon.colcon_parallel_executor.executor.parallel:loop closed
[5.382s] DEBUG:colcon.colcon_parallel_executor.executor.parallel:run_until_complete finished with '0'
[5.382s] DEBUG:colcon.colcon_core.event_reactor:joining thread
[5.410s] INFO:colcon.colcon_core.plugin_system:Skipping extension 'colcon_notification.desktop_notification.terminal_notifier': Not used on non-Darwin systems
[5.410s] INFO:colcon.colcon_core.plugin_system:Skipping extension 'colcon_notification.desktop_notification.win32': Not used on non-Windows systems
[5.410s] INFO:colcon.colcon_notification.desktop_notification:Sending desktop notification using 'notify2'
[5.422s] DEBUG:colcon.colcon_core.event_reactor:joined thread
[5.448s] INFO:colcon.colcon_core.shell:Creating prefix script '/home/mohit/ROS_Gazibo_learning/arduinobot_ws/install/local_setup.ps1'
[5.450s] INFO:colcon.colcon_core.shell:Creating prefix util module '/home/mohit/ROS_Gazibo_learning/arduinobot_ws/install/_local_setup_util_ps1.py'
[5.455s] INFO:colcon.colcon_core.shell:Creating prefix chain script '/home/mohit/ROS_Gazibo_learning/arduinobot_ws/install/setup.ps1'
[5.486s] INFO:colcon.colcon_core.shell:Creating prefix script '/home/mohit/ROS_Gazibo_learning/arduinobot_ws/install/local_setup.sh'
[5.487s] INFO:colcon.colcon_core.shell:Creating prefix util module '/home/mohit/ROS_Gazibo_learning/arduinobot_ws/install/_local_setup_util_sh.py'
[5.488s] INFO:colcon.colcon_core.shell:Creating prefix chain script '/home/mohit/ROS_Gazibo_learning/arduinobot_ws/install/setup.sh'
[5.523s] INFO:colcon.colcon_core.shell:Creating prefix script '/home/mohit/ROS_Gazibo_learning/arduinobot_ws/install/local_setup.bash'
[5.524s] INFO:colcon.colcon_core.shell:Creating prefix chain script '/home/mohit/ROS_Gazibo_learning/arduinobot_ws/install/setup.bash'
[5.558s] INFO:colcon.colcon_core.shell:Creating prefix script '/home/mohit/ROS_Gazibo_learning/arduinobot_ws/install/local_setup.zsh'
[5.559s] INFO:colcon.colcon_core.shell:Creating prefix chain script '/home/mohit/ROS_Gazibo_learning/arduinobot_ws/install/setup.zsh'
