[0.075s] Invoking command in '/home/mohit/GITHUBRepos/ROS_Gazibo_learning/snake_ws/src/build/snake_robot_bringup': AMENT_PREFIX_PATH=/home/mohit/GITHUBRepos/ROS_Gazibo_learning/snake_ws/src/install/snake_robot_description:${AMENT_PREFIX_PATH} CMAKE_PREFIX_PATH=/home/mohit/GITHUBRepos/ROS_Gazibo_learning/snake_ws/src/install/snake_robot_description:/opt/ros/humble /usr/bin/cmake /home/mohit/GITHUBRepos/ROS_Gazibo_learning/snake_ws/src/snake_robot_bringup -DCMAKE_INSTALL_PREFIX=/home/mohit/GITHUBRepos/ROS_Gazibo_learning/snake_ws/src/install/snake_robot_bringup
[0.156s] -- The C compiler identification is GNU 11.4.0
[0.251s] -- The CXX compiler identification is GNU 11.4.0
[0.259s] -- Detecting C compiler ABI info
[0.398s] -- Detecting C compiler ABI info - done
[0.409s] -- Check for working C compiler: /usr/bin/cc - skipped
[0.409s] -- Detecting C compile features
[0.410s] -- Detecting C compile features - done
[0.414s] -- Detecting CXX compiler ABI info
[0.606s] -- Detecting CXX compiler ABI info - done
[0.612s] -- Check for working CXX compiler: /usr/bin/c++ - skipped
[0.613s] -- Detecting CXX compile features
[0.614s] -- Detecting CXX compile features - done
[0.620s] -- Found ament_cmake: 1.3.6 (/opt/ros/humble/share/ament_cmake/cmake)
[0.883s] -- Found Python3: /usr/bin/python3.10 (found version "3.10.12") found components: Interpreter 
[1.031s] -- Found ament_lint_auto: 0.12.9 (/opt/ros/humble/share/ament_lint_auto/cmake)
[1.171s] -- Added test 'lint_cmake' to check CMake code style
[1.173s] -- Added test 'xmllint' to check XML markup files
[1.176s] -- Configuring done
[1.182s] -- Generating done
[1.184s] -- Build files have been written to: /home/mohit/GITHUBRepos/ROS_Gazibo_learning/snake_ws/src/build/snake_robot_bringup
[1.197s] Invoked command in '/home/mohit/GITHUBRepos/ROS_Gazibo_learning/snake_ws/src/build/snake_robot_bringup' returned '0': AMENT_PREFIX_PATH=/home/mohit/GITHUBRepos/ROS_Gazibo_learning/snake_ws/src/install/snake_robot_description:${AMENT_PREFIX_PATH} CMAKE_PREFIX_PATH=/home/mohit/GITHUBRepos/ROS_Gazibo_learning/snake_ws/src/install/snake_robot_description:/opt/ros/humble /usr/bin/cmake /home/mohit/GITHUBRepos/ROS_Gazibo_learning/snake_ws/src/snake_robot_bringup -DCMAKE_INSTALL_PREFIX=/home/mohit/GITHUBRepos/ROS_Gazibo_learning/snake_ws/src/install/snake_robot_bringup
[1.198s] Invoking command in '/home/mohit/GITHUBRepos/ROS_Gazibo_learning/snake_ws/src/build/snake_robot_bringup': AMENT_PREFIX_PATH=/home/mohit/GITHUBRepos/ROS_Gazibo_learning/snake_ws/src/install/snake_robot_description:${AMENT_PREFIX_PATH} CMAKE_PREFIX_PATH=/home/mohit/GITHUBRepos/ROS_Gazibo_learning/snake_ws/src/install/snake_robot_description:/opt/ros/humble /usr/bin/cmake --build /home/mohit/GITHUBRepos/ROS_Gazibo_learning/snake_ws/src/build/snake_robot_bringup -- -j2 -l2
[1.284s] Invoked command in '/home/mohit/GITHUBRepos/ROS_Gazibo_learning/snake_ws/src/build/snake_robot_bringup' returned '0': AMENT_PREFIX_PATH=/home/mohit/GITHUBRepos/ROS_Gazibo_learning/snake_ws/src/install/snake_robot_description:${AMENT_PREFIX_PATH} CMAKE_PREFIX_PATH=/home/mohit/GITHUBRepos/ROS_Gazibo_learning/snake_ws/src/install/snake_robot_description:/opt/ros/humble /usr/bin/cmake --build /home/mohit/GITHUBRepos/ROS_Gazibo_learning/snake_ws/src/build/snake_robot_bringup -- -j2 -l2
[1.369s] Invoking command in '/home/mohit/GITHUBRepos/ROS_Gazibo_learning/snake_ws/src/build/snake_robot_bringup': AMENT_PREFIX_PATH=/home/mohit/GITHUBRepos/ROS_Gazibo_learning/snake_ws/src/install/snake_robot_description:${AMENT_PREFIX_PATH} CMAKE_PREFIX_PATH=/home/mohit/GITHUBRepos/ROS_Gazibo_learning/snake_ws/src/install/snake_robot_description:/opt/ros/humble /usr/bin/cmake --install /home/mohit/GITHUBRepos/ROS_Gazibo_learning/snake_ws/src/build/snake_robot_bringup
[1.387s] -- Install configuration: ""
[1.387s] -- Installing: /home/mohit/GITHUBRepos/ROS_Gazibo_learning/snake_ws/src/install/snake_robot_bringup/share/snake_robot_bringup//launch
[1.387s] -- Installing: /home/mohit/GITHUBRepos/ROS_Gazibo_learning/snake_ws/src/install/snake_robot_bringup/share/snake_robot_bringup//launch/snake_robot_gazebo.launch.xml
[1.387s] -- Installing: /home/mohit/GITHUBRepos/ROS_Gazibo_learning/snake_ws/src/install/snake_robot_bringup/share/snake_robot_bringup//rviz
[1.387s] -- Installing: /home/mohit/GITHUBRepos/ROS_Gazibo_learning/snake_ws/src/install/snake_robot_bringup/share/snake_robot_bringup//rviz/urdf_config.rviz
[1.390s] -- Installing: /home/mohit/GITHUBRepos/ROS_Gazibo_learning/snake_ws/src/install/snake_robot_bringup/share/ament_index/resource_index/package_run_dependencies/snake_robot_bringup
[1.390s] -- Installing: /home/mohit/GITHUBRepos/ROS_Gazibo_learning/snake_ws/src/install/snake_robot_bringup/share/ament_index/resource_index/parent_prefix_path/snake_robot_bringup
[1.390s] -- Installing: /home/mohit/GITHUBRepos/ROS_Gazibo_learning/snake_ws/src/install/snake_robot_bringup/share/snake_robot_bringup/environment/ament_prefix_path.sh
[1.391s] -- Installing: /home/mohit/GITHUBRepos/ROS_Gazibo_learning/snake_ws/src/install/snake_robot_bringup/share/snake_robot_bringup/environment/ament_prefix_path.dsv
[1.391s] -- Installing: /home/mohit/GITHUBRepos/ROS_Gazibo_learning/snake_ws/src/install/snake_robot_bringup/share/snake_robot_bringup/environment/path.sh
[1.391s] -- Installing: /home/mohit/GITHUBRepos/ROS_Gazibo_learning/snake_ws/src/install/snake_robot_bringup/share/snake_robot_bringup/environment/path.dsv
[1.392s] -- Installing: /home/mohit/GITHUBRepos/ROS_Gazibo_learning/snake_ws/src/install/snake_robot_bringup/share/snake_robot_bringup/local_setup.bash
[1.392s] -- Installing: /home/mohit/GITHUBRepos/ROS_Gazibo_learning/snake_ws/src/install/snake_robot_bringup/share/snake_robot_bringup/local_setup.sh
[1.392s] -- Installing: /home/mohit/GITHUBRepos/ROS_Gazibo_learning/snake_ws/src/install/snake_robot_bringup/share/snake_robot_bringup/local_setup.zsh
[1.392s] -- Installing: /home/mohit/GITHUBRepos/ROS_Gazibo_learning/snake_ws/src/install/snake_robot_bringup/share/snake_robot_bringup/local_setup.dsv
[1.393s] -- Installing: /home/mohit/GITHUBRepos/ROS_Gazibo_learning/snake_ws/src/install/snake_robot_bringup/share/snake_robot_bringup/package.dsv
[1.393s] -- Installing: /home/mohit/GITHUBRepos/ROS_Gazibo_learning/snake_ws/src/install/snake_robot_bringup/share/ament_index/resource_index/packages/snake_robot_bringup
[1.393s] -- Installing: /home/mohit/GITHUBRepos/ROS_Gazibo_learning/snake_ws/src/install/snake_robot_bringup/share/snake_robot_bringup/cmake/snake_robot_bringupConfig.cmake
[1.393s] -- Installing: /home/mohit/GITHUBRepos/ROS_Gazibo_learning/snake_ws/src/install/snake_robot_bringup/share/snake_robot_bringup/cmake/snake_robot_bringupConfig-version.cmake
[1.393s] -- Installing: /home/mohit/GITHUBRepos/ROS_Gazibo_learning/snake_ws/src/install/snake_robot_bringup/share/snake_robot_bringup/package.xml
[1.400s] Invoked command in '/home/mohit/GITHUBRepos/ROS_Gazibo_learning/snake_ws/src/build/snake_robot_bringup' returned '0': AMENT_PREFIX_PATH=/home/mohit/GITHUBRepos/ROS_Gazibo_learning/snake_ws/src/install/snake_robot_description:${AMENT_PREFIX_PATH} CMAKE_PREFIX_PATH=/home/mohit/GITHUBRepos/ROS_Gazibo_learning/snake_ws/src/install/snake_robot_description:/opt/ros/humble /usr/bin/cmake --install /home/mohit/GITHUBRepos/ROS_Gazibo_learning/snake_ws/src/build/snake_robot_bringup
