running egg_info
writing ../../build/snake_robot_nodes/snake_robot_nodes.egg-info/PKG-INFO
writing dependency_links to ../../build/snake_robot_nodes/snake_robot_nodes.egg-info/dependency_links.txt
writing entry points to ../../build/snake_robot_nodes/snake_robot_nodes.egg-info/entry_points.txt
writing requirements to ../../build/snake_robot_nodes/snake_robot_nodes.egg-info/requires.txt
writing top-level names to ../../build/snake_robot_nodes/snake_robot_nodes.egg-info/top_level.txt
reading manifest file '../../build/snake_robot_nodes/snake_robot_nodes.egg-info/SOURCES.txt'
writing manifest file '../../build/snake_robot_nodes/snake_robot_nodes.egg-info/SOURCES.txt'
running build
running build_py
copying snake_robot_nodes/node01.py -> /home/mohit/GITHUBRepos/ROS_Gazibo_learning/snake_ws/build/snake_robot_nodes/build/lib/snake_robot_nodes
copying snake_robot_nodes/OOP_py_node_template.py -> /home/mohit/GITHUBRepos/ROS_Gazibo_learning/snake_ws/build/snake_robot_nodes/build/lib/snake_robot_nodes
running install
running install_lib
copying /home/mohit/GITHUBRepos/ROS_Gazibo_learning/snake_ws/build/snake_robot_nodes/build/lib/snake_robot_nodes/node01.py -> /home/mohit/GITHUBRepos/ROS_Gazibo_learning/snake_ws/install/snake_robot_nodes/lib/python3.10/site-packages/snake_robot_nodes
copying /home/mohit/GITHUBRepos/ROS_Gazibo_learning/snake_ws/build/snake_robot_nodes/build/lib/snake_robot_nodes/OOP_py_node_template.py -> /home/mohit/GITHUBRepos/ROS_Gazibo_learning/snake_ws/install/snake_robot_nodes/lib/python3.10/site-packages/snake_robot_nodes
byte-compiling /home/mohit/GITHUBRepos/ROS_Gazibo_learning/snake_ws/install/snake_robot_nodes/lib/python3.10/site-packages/snake_robot_nodes/node01.py to node01.cpython-310.pyc
byte-compiling /home/mohit/GITHUBRepos/ROS_Gazibo_learning/snake_ws/install/snake_robot_nodes/lib/python3.10/site-packages/snake_robot_nodes/OOP_py_node_template.py to OOP_py_node_template.cpython-310.pyc
running install_data
running install_egg_info
removing '/home/mohit/GITHUBRepos/ROS_Gazibo_learning/snake_ws/install/snake_robot_nodes/lib/python3.10/site-packages/snake_robot_nodes-0.0.0-py3.10.egg-info' (and everything under it)
Copying ../../build/snake_robot_nodes/snake_robot_nodes.egg-info to /home/mohit/GITHUBRepos/ROS_Gazibo_learning/snake_ws/install/snake_robot_nodes/lib/python3.10/site-packages/snake_robot_nodes-0.0.0-py3.10.egg-info
running install_scripts
Installing py_node01 script to /home/mohit/GITHUBRepos/ROS_Gazibo_learning/snake_ws/install/snake_robot_nodes/lib/snake_robot_nodes
writing list of installed files to '/home/mohit/GITHUBRepos/ROS_Gazibo_learning/snake_ws/build/snake_robot_nodes/install.log'
