[0.072s] Invoking command in '/home/mohit/GITHUBRepos/ROS_Gazibo_learning/snake_ws/build/snake_robot_description': CMAKE_PREFIX_PATH=/opt/ros/humble /usr/bin/cmake --build /home/mohit/GITHUBRepos/ROS_Gazibo_learning/snake_ws/build/snake_robot_description -- -j2 -l2
[0.119s] Invoked command in '/home/mohit/GITHUBRepos/ROS_Gazibo_learning/snake_ws/build/snake_robot_description' returned '0': CMAKE_PREFIX_PATH=/opt/ros/humble /usr/bin/cmake --build /home/mohit/GITHUBRepos/ROS_Gazibo_learning/snake_ws/build/snake_robot_description -- -j2 -l2
[0.160s] Invoking command in '/home/mohit/GITHUBRepos/ROS_Gazibo_learning/snake_ws/build/snake_robot_description': CMAKE_PREFIX_PATH=/opt/ros/humble /usr/bin/cmake --install /home/mohit/GITHUBRepos/ROS_Gazibo_learning/snake_ws/build/snake_robot_description
[0.173s] -- Install configuration: ""
[0.173s] -- Up-to-date: /home/mohit/GITHUBRepos/ROS_Gazibo_learning/snake_ws/install/snake_robot_description/share/snake_robot_description//urdf
[0.173s] -- Up-to-date: /home/mohit/GITHUBRepos/ROS_Gazibo_learning/snake_ws/install/snake_robot_description/share/snake_robot_description//urdf/snake.urdf
[0.173s] -- Up-to-date: /home/mohit/GITHUBRepos/ROS_Gazibo_learning/snake_ws/install/snake_robot_description/share/snake_robot_description//urdf/arduinobot_urdf.xacro
[0.174s] -- Up-to-date: /home/mohit/GITHUBRepos/ROS_Gazibo_learning/snake_ws/install/snake_robot_description/share/snake_robot_description//urdf/snake_urdf.xacro
[0.174s] -- Up-to-date: /home/mohit/GITHUBRepos/ROS_Gazibo_learning/snake_ws/install/snake_robot_description/share/snake_robot_description//launch
[0.174s] -- Installing: /home/mohit/GITHUBRepos/ROS_Gazibo_learning/snake_ws/install/snake_robot_description/share/snake_robot_description//launch/display.launch.xml
[0.176s] -- Up-to-date: /home/mohit/GITHUBRepos/ROS_Gazibo_learning/snake_ws/install/snake_robot_description/share/ament_index/resource_index/package_run_dependencies/snake_robot_description
[0.176s] -- Up-to-date: /home/mohit/GITHUBRepos/ROS_Gazibo_learning/snake_ws/install/snake_robot_description/share/ament_index/resource_index/parent_prefix_path/snake_robot_description
[0.176s] -- Up-to-date: /home/mohit/GITHUBRepos/ROS_Gazibo_learning/snake_ws/install/snake_robot_description/share/snake_robot_description/environment/ament_prefix_path.sh
[0.176s] -- Up-to-date: /home/mohit/GITHUBRepos/ROS_Gazibo_learning/snake_ws/install/snake_robot_description/share/snake_robot_description/environment/ament_prefix_path.dsv
[0.176s] -- Up-to-date: /home/mohit/GITHUBRepos/ROS_Gazibo_learning/snake_ws/install/snake_robot_description/share/snake_robot_description/environment/path.sh
[0.176s] -- Up-to-date: /home/mohit/GITHUBRepos/ROS_Gazibo_learning/snake_ws/install/snake_robot_description/share/snake_robot_description/environment/path.dsv
[0.176s] -- Up-to-date: /home/mohit/GITHUBRepos/ROS_Gazibo_learning/snake_ws/install/snake_robot_description/share/snake_robot_description/local_setup.bash
[0.176s] -- Up-to-date: /home/mohit/GITHUBRepos/ROS_Gazibo_learning/snake_ws/install/snake_robot_description/share/snake_robot_description/local_setup.sh
[0.176s] -- Up-to-date: /home/mohit/GITHUBRepos/ROS_Gazibo_learning/snake_ws/install/snake_robot_description/share/snake_robot_description/local_setup.zsh
[0.176s] -- Up-to-date: /home/mohit/GITHUBRepos/ROS_Gazibo_learning/snake_ws/install/snake_robot_description/share/snake_robot_description/local_setup.dsv
[0.176s] -- Up-to-date: /home/mohit/GITHUBRepos/ROS_Gazibo_learning/snake_ws/install/snake_robot_description/share/snake_robot_description/package.dsv
[0.177s] -- Up-to-date: /home/mohit/GITHUBRepos/ROS_Gazibo_learning/snake_ws/install/snake_robot_description/share/ament_index/resource_index/packages/snake_robot_description
[0.177s] -- Up-to-date: /home/mohit/GITHUBRepos/ROS_Gazibo_learning/snake_ws/install/snake_robot_description/share/snake_robot_description/cmake/snake_robot_descriptionConfig.cmake
[0.177s] -- Up-to-date: /home/mohit/GITHUBRepos/ROS_Gazibo_learning/snake_ws/install/snake_robot_description/share/snake_robot_description/cmake/snake_robot_descriptionConfig-version.cmake
[0.177s] -- Up-to-date: /home/mohit/GITHUBRepos/ROS_Gazibo_learning/snake_ws/install/snake_robot_description/share/snake_robot_description/package.xml
[0.183s] Invoked command in '/home/mohit/GITHUBRepos/ROS_Gazibo_learning/snake_ws/build/snake_robot_description' returned '0': CMAKE_PREFIX_PATH=/opt/ros/humble /usr/bin/cmake --install /home/mohit/GITHUBRepos/ROS_Gazibo_learning/snake_ws/build/snake_robot_description
