[0.477s] Invoking command in '/home/mohit/ROS_Gazibo_learning/arduinobot_ws/build/arduinobot_description': CMAKE_PREFIX_PATH=/home/mohit/ROS_Gazibo_learning/arduinobot_ws/install/arduinobot_py_examples:/opt/ros/humble /usr/bin/cmake --build /home/mohit/ROS_Gazibo_learning/arduinobot_ws/build/arduinobot_description -- -j2 -l2
[1.392s] Invoked command in '/home/mohit/ROS_Gazibo_learning/arduinobot_ws/build/arduinobot_description' returned '0': CMAKE_PREFIX_PATH=/home/mohit/ROS_Gazibo_learning/arduinobot_ws/install/arduinobot_py_examples:/opt/ros/humble /usr/bin/cmake --build /home/mohit/ROS_Gazibo_learning/arduinobot_ws/build/arduinobot_description -- -j2 -l2
[1.464s] Invoking command in '/home/mohit/ROS_Gazibo_learning/arduinobot_ws/build/arduinobot_description': CMAKE_PREFIX_PATH=/home/mohit/ROS_Gazibo_learning/arduinobot_ws/install/arduinobot_py_examples:/opt/ros/humble /usr/bin/cmake --install /home/mohit/ROS_Gazibo_learning/arduinobot_ws/build/arduinobot_description
[1.477s] -- Install configuration: ""
[1.477s] -- Up-to-date: /home/mohit/ROS_Gazibo_learning/arduinobot_ws/install/arduinobot_description/share/arduinobot_description/meshes
[1.477s] -- Up-to-date: /home/mohit/ROS_Gazibo_learning/arduinobot_ws/install/arduinobot_description/share/arduinobot_description/meshes/horizontal_arm.STL
[1.478s] -- Up-to-date: /home/mohit/ROS_Gazibo_learning/arduinobot_ws/install/arduinobot_description/share/arduinobot_description/meshes/basement.STL
[1.478s] -- Up-to-date: /home/mohit/ROS_Gazibo_learning/arduinobot_ws/install/arduinobot_description/share/arduinobot_description/meshes/right_finger.STL
[1.478s] -- Up-to-date: /home/mohit/ROS_Gazibo_learning/arduinobot_ws/install/arduinobot_description/share/arduinobot_description/meshes/link.STL
[1.478s] -- Up-to-date: /home/mohit/ROS_Gazibo_learning/arduinobot_ws/install/arduinobot_description/share/arduinobot_description/meshes/vertical_drive_arm.STL
[1.479s] -- Up-to-date: /home/mohit/ROS_Gazibo_learning/arduinobot_ws/install/arduinobot_description/share/arduinobot_description/meshes/forward_drive_arm.STL
[1.483s] -- Up-to-date: /home/mohit/ROS_Gazibo_learning/arduinobot_ws/install/arduinobot_description/share/arduinobot_description/meshes/plate.STL
[1.483s] -- Up-to-date: /home/mohit/ROS_Gazibo_learning/arduinobot_ws/install/arduinobot_description/share/arduinobot_description/meshes/left_finger.STL
[1.484s] -- Up-to-date: /home/mohit/ROS_Gazibo_learning/arduinobot_ws/install/arduinobot_description/share/arduinobot_description/meshes/round_plate.STL
[1.484s] -- Up-to-date: /home/mohit/ROS_Gazibo_learning/arduinobot_ws/install/arduinobot_description/share/arduinobot_description/meshes/triangular_link.STL
[1.484s] -- Up-to-date: /home/mohit/ROS_Gazibo_learning/arduinobot_ws/install/arduinobot_description/share/arduinobot_description/meshes/base_plate.STL
[1.484s] -- Up-to-date: /home/mohit/ROS_Gazibo_learning/arduinobot_ws/install/arduinobot_description/share/arduinobot_description/meshes/claw_support.STL
[1.484s] -- Up-to-date: /home/mohit/ROS_Gazibo_learning/arduinobot_ws/install/arduinobot_description/share/arduinobot_description/meshes/servo_plate.STL
[1.484s] -- Up-to-date: /home/mohit/ROS_Gazibo_learning/arduinobot_ws/install/arduinobot_description/share/arduinobot_description/urdf
[1.485s] -- Up-to-date: /home/mohit/ROS_Gazibo_learning/arduinobot_ws/install/arduinobot_description/share/arduinobot_description/urdf/arduinobot_urdf.xacro
[1.485s] -- Up-to-date: /home/mohit/ROS_Gazibo_learning/arduinobot_ws/install/arduinobot_description/share/ament_index/resource_index/package_run_dependencies/arduinobot_description
[1.485s] -- Up-to-date: /home/mohit/ROS_Gazibo_learning/arduinobot_ws/install/arduinobot_description/share/ament_index/resource_index/parent_prefix_path/arduinobot_description
[1.486s] -- Up-to-date: /home/mohit/ROS_Gazibo_learning/arduinobot_ws/install/arduinobot_description/share/arduinobot_description/environment/ament_prefix_path.sh
[1.486s] -- Up-to-date: /home/mohit/ROS_Gazibo_learning/arduinobot_ws/install/arduinobot_description/share/arduinobot_description/environment/ament_prefix_path.dsv
[1.486s] -- Up-to-date: /home/mohit/ROS_Gazibo_learning/arduinobot_ws/install/arduinobot_description/share/arduinobot_description/environment/path.sh
[1.487s] -- Up-to-date: /home/mohit/ROS_Gazibo_learning/arduinobot_ws/install/arduinobot_description/share/arduinobot_description/environment/path.dsv
[1.487s] -- Up-to-date: /home/mohit/ROS_Gazibo_learning/arduinobot_ws/install/arduinobot_description/share/arduinobot_description/local_setup.bash
[1.487s] -- Up-to-date: /home/mohit/ROS_Gazibo_learning/arduinobot_ws/install/arduinobot_description/share/arduinobot_description/local_setup.sh
[1.487s] -- Up-to-date: /home/mohit/ROS_Gazibo_learning/arduinobot_ws/install/arduinobot_description/share/arduinobot_description/local_setup.zsh
[1.488s] -- Up-to-date: /home/mohit/ROS_Gazibo_learning/arduinobot_ws/install/arduinobot_description/share/arduinobot_description/local_setup.dsv
[1.488s] -- Installing: /home/mohit/ROS_Gazibo_learning/arduinobot_ws/install/arduinobot_description/share/arduinobot_description/package.dsv
[1.489s] -- Up-to-date: /home/mohit/ROS_Gazibo_learning/arduinobot_ws/install/arduinobot_description/share/ament_index/resource_index/packages/arduinobot_description
[1.489s] -- Up-to-date: /home/mohit/ROS_Gazibo_learning/arduinobot_ws/install/arduinobot_description/share/arduinobot_description/cmake/arduinobot_descriptionConfig.cmake
[1.490s] -- Up-to-date: /home/mohit/ROS_Gazibo_learning/arduinobot_ws/install/arduinobot_description/share/arduinobot_description/cmake/arduinobot_descriptionConfig-version.cmake
[1.490s] -- Up-to-date: /home/mohit/ROS_Gazibo_learning/arduinobot_ws/install/arduinobot_description/share/arduinobot_description/package.xml
[1.495s] Invoked command in '/home/mohit/ROS_Gazibo_learning/arduinobot_ws/build/arduinobot_description' returned '0': CMAKE_PREFIX_PATH=/home/mohit/ROS_Gazibo_learning/arduinobot_ws/install/arduinobot_py_examples:/opt/ros/humble /usr/bin/cmake --install /home/mohit/ROS_Gazibo_learning/arduinobot_ws/build/arduinobot_description
