[0.137s] Invoking command in '/home/mohit/GITHUBRepos/ROS_Gazibo_learning/arduinobot_ws/build/arduinobot_description': CMAKE_PREFIX_PATH=/opt/ros/humble:/opt/ros/iron /usr/bin/cmake --build /home/mohit/GITHUBRepos/ROS_Gazibo_learning/arduinobot_ws/build/arduinobot_description -- -j2 -l2
[0.504s] Invoked command in '/home/mohit/GITHUBRepos/ROS_Gazibo_learning/arduinobot_ws/build/arduinobot_description' returned '0': CMAKE_PREFIX_PATH=/opt/ros/humble:/opt/ros/iron /usr/bin/cmake --build /home/mohit/GITHUBRepos/ROS_Gazibo_learning/arduinobot_ws/build/arduinobot_description -- -j2 -l2
[0.580s] Invoking command in '/home/mohit/GITHUBRepos/ROS_Gazibo_learning/arduinobot_ws/build/arduinobot_description': CMAKE_PREFIX_PATH=/opt/ros/humble:/opt/ros/iron /usr/bin/cmake --install /home/mohit/GITHUBRepos/ROS_Gazibo_learning/arduinobot_ws/build/arduinobot_description
[0.595s] -- Install configuration: ""
[0.596s] -- Up-to-date: /home/mohit/GITHUBRepos/ROS_Gazibo_learning/arduinobot_ws/install/arduinobot_description/share/arduinobot_description/meshes
[0.598s] -- Up-to-date: /home/mohit/GITHUBRepos/ROS_Gazibo_learning/arduinobot_ws/install/arduinobot_description/share/arduinobot_description/meshes/left_finger.STL
[0.599s] -- Up-to-date: /home/mohit/GITHUBRepos/ROS_Gazibo_learning/arduinobot_ws/install/arduinobot_description/share/arduinobot_description/meshes/forward_drive_arm.STL
[0.601s] -- Up-to-date: /home/mohit/GITHUBRepos/ROS_Gazibo_learning/arduinobot_ws/install/arduinobot_description/share/arduinobot_description/meshes/triangular_link.STL
[0.602s] -- Up-to-date: /home/mohit/GITHUBRepos/ROS_Gazibo_learning/arduinobot_ws/install/arduinobot_description/share/arduinobot_description/meshes/right_finger.STL
[0.603s] -- Up-to-date: /home/mohit/GITHUBRepos/ROS_Gazibo_learning/arduinobot_ws/install/arduinobot_description/share/arduinobot_description/meshes/servo_plate.STL
[0.603s] -- Up-to-date: /home/mohit/GITHUBRepos/ROS_Gazibo_learning/arduinobot_ws/install/arduinobot_description/share/arduinobot_description/meshes/horizontal_arm.STL
[0.603s] -- Up-to-date: /home/mohit/GITHUBRepos/ROS_Gazibo_learning/arduinobot_ws/install/arduinobot_description/share/arduinobot_description/meshes/base_plate.STL
[0.608s] -- Up-to-date: /home/mohit/GITHUBRepos/ROS_Gazibo_learning/arduinobot_ws/install/arduinobot_description/share/arduinobot_description/meshes/round_plate.STL
[0.609s] -- Up-to-date: /home/mohit/GITHUBRepos/ROS_Gazibo_learning/arduinobot_ws/install/arduinobot_description/share/arduinobot_description/meshes/plate.STL
[0.610s] -- Up-to-date: /home/mohit/GITHUBRepos/ROS_Gazibo_learning/arduinobot_ws/install/arduinobot_description/share/arduinobot_description/meshes/basement.STL
[0.611s] -- Up-to-date: /home/mohit/GITHUBRepos/ROS_Gazibo_learning/arduinobot_ws/install/arduinobot_description/share/arduinobot_description/meshes/vertical_drive_arm.STL
[0.612s] -- Up-to-date: /home/mohit/GITHUBRepos/ROS_Gazibo_learning/arduinobot_ws/install/arduinobot_description/share/arduinobot_description/meshes/link.STL
[0.613s] -- Up-to-date: /home/mohit/GITHUBRepos/ROS_Gazibo_learning/arduinobot_ws/install/arduinobot_description/share/arduinobot_description/meshes/claw_support.STL
[0.614s] -- Up-to-date: /home/mohit/GITHUBRepos/ROS_Gazibo_learning/arduinobot_ws/install/arduinobot_description/share/arduinobot_description/urdf
[0.614s] -- Installing: /home/mohit/GITHUBRepos/ROS_Gazibo_learning/arduinobot_ws/install/arduinobot_description/share/arduinobot_description/urdf/snake.urdf
[0.614s] -- Up-to-date: /home/mohit/GITHUBRepos/ROS_Gazibo_learning/arduinobot_ws/install/arduinobot_description/share/arduinobot_description/urdf/arduinobot_urdf.xacro
[0.614s] -- Installing: /home/mohit/GITHUBRepos/ROS_Gazibo_learning/arduinobot_ws/install/arduinobot_description/share/arduinobot_description/urdf/snake_urdf.xacro
[0.614s] -- Up-to-date: /home/mohit/GITHUBRepos/ROS_Gazibo_learning/arduinobot_ws/install/arduinobot_description/share/ament_index/resource_index/package_run_dependencies/arduinobot_description
[0.614s] -- Up-to-date: /home/mohit/GITHUBRepos/ROS_Gazibo_learning/arduinobot_ws/install/arduinobot_description/share/ament_index/resource_index/parent_prefix_path/arduinobot_description
[0.614s] -- Up-to-date: /home/mohit/GITHUBRepos/ROS_Gazibo_learning/arduinobot_ws/install/arduinobot_description/share/arduinobot_description/environment/ament_prefix_path.sh
[0.615s] -- Up-to-date: /home/mohit/GITHUBRepos/ROS_Gazibo_learning/arduinobot_ws/install/arduinobot_description/share/arduinobot_description/environment/ament_prefix_path.dsv
[0.615s] -- Up-to-date: /home/mohit/GITHUBRepos/ROS_Gazibo_learning/arduinobot_ws/install/arduinobot_description/share/arduinobot_description/environment/path.sh
[0.615s] -- Up-to-date: /home/mohit/GITHUBRepos/ROS_Gazibo_learning/arduinobot_ws/install/arduinobot_description/share/arduinobot_description/environment/path.dsv
[0.619s] -- Up-to-date: /home/mohit/GITHUBRepos/ROS_Gazibo_learning/arduinobot_ws/install/arduinobot_description/share/arduinobot_description/local_setup.bash
[0.619s] -- Up-to-date: /home/mohit/GITHUBRepos/ROS_Gazibo_learning/arduinobot_ws/install/arduinobot_description/share/arduinobot_description/local_setup.sh
[0.619s] -- Up-to-date: /home/mohit/GITHUBRepos/ROS_Gazibo_learning/arduinobot_ws/install/arduinobot_description/share/arduinobot_description/local_setup.zsh
[0.619s] -- Up-to-date: /home/mohit/GITHUBRepos/ROS_Gazibo_learning/arduinobot_ws/install/arduinobot_description/share/arduinobot_description/local_setup.dsv
[0.620s] -- Up-to-date: /home/mohit/GITHUBRepos/ROS_Gazibo_learning/arduinobot_ws/install/arduinobot_description/share/arduinobot_description/package.dsv
[0.620s] -- Up-to-date: /home/mohit/GITHUBRepos/ROS_Gazibo_learning/arduinobot_ws/install/arduinobot_description/share/ament_index/resource_index/packages/arduinobot_description
[0.620s] -- Up-to-date: /home/mohit/GITHUBRepos/ROS_Gazibo_learning/arduinobot_ws/install/arduinobot_description/share/arduinobot_description/cmake/arduinobot_descriptionConfig.cmake
[0.620s] -- Up-to-date: /home/mohit/GITHUBRepos/ROS_Gazibo_learning/arduinobot_ws/install/arduinobot_description/share/arduinobot_description/cmake/arduinobot_descriptionConfig-version.cmake
[0.620s] -- Up-to-date: /home/mohit/GITHUBRepos/ROS_Gazibo_learning/arduinobot_ws/install/arduinobot_description/share/arduinobot_description/package.xml
[0.630s] Invoked command in '/home/mohit/GITHUBRepos/ROS_Gazibo_learning/arduinobot_ws/build/arduinobot_description' returned '0': CMAKE_PREFIX_PATH=/opt/ros/humble:/opt/ros/iron /usr/bin/cmake --install /home/mohit/GITHUBRepos/ROS_Gazibo_learning/arduinobot_ws/build/arduinobot_description
