[2.510s] DEBUG:colcon:Command line arguments: ['/usr/bin/colcon', 'build']
[2.510s] DEBUG:colcon:Parsed command line arguments: Namespace(log_base=None, log_level=None, verb_name='build', build_base='build', install_base='install', merge_install=False, symlink_install=False, test_result_base=None, continue_on_error=False, executor='parallel', parallel_workers=2, event_handlers=None, ignore_user_meta=False, metas=['./colcon.meta'], base_paths=['.'], packages_ignore=None, packages_ignore_regex=None, paths=None, packages_up_to=None, packages_up_to_regex=None, packages_above=None, packages_above_and_dependencies=None, packages_above_depth=None, packages_select_by_dep=None, packages_skip_by_dep=None, packages_skip_up_to=None, packages_select_build_failed=False, packages_skip_build_finished=False, packages_select_test_failures=False, packages_skip_test_passed=False, packages_select=None, packages_skip=None, packages_select_regex=None, packages_skip_regex=None, packages_start=None, packages_end=None, allow_overriding=[], cmake_args=None, cmake_target=None, cmake_target_skip_unavailable=False, cmake_clean_cache=False, cmake_clean_first=False, cmake_force_configure=False, ament_cmake_args=None, catkin_cmake_args=None, catkin_skip_building_tests=False, verb_parser=<colcon_defaults.argument_parser.defaults.DefaultArgumentsDecorator object at 0x7f4091fed210>, verb_extension=<colcon_core.verb.build.BuildVerb object at 0x7f40923e7730>, main=<bound method BuildVerb.main of <colcon_core.verb.build.BuildVerb object at 0x7f40923e7730>>)
[2.622s] Level 1:colcon.colcon_core.package_discovery:discover_packages(colcon_meta) check parameters
[2.622s] Level 1:colcon.colcon_core.package_discovery:discover_packages(recursive) check parameters
[2.622s] Level 1:colcon.colcon_core.package_discovery:discover_packages(ignore) check parameters
[2.622s] Level 1:colcon.colcon_core.package_discovery:discover_packages(path) check parameters
[2.623s] Level 1:colcon.colcon_core.package_discovery:discover_packages(colcon_meta) discover
[2.623s] Level 1:colcon.colcon_core.package_discovery:discover_packages(recursive) discover
[2.623s] INFO:colcon.colcon_core.package_discovery:Crawling recursively for packages in '/home/mohit/ROS_Gazibo_learning/arduinobot_ws'
[2.623s] Level 1:colcon.colcon_core.package_identification:_identify(.) by extensions ['ignore', 'ignore_ament_install']
[2.623s] Level 1:colcon.colcon_core.package_identification:_identify(.) by extension 'ignore'
[2.624s] Level 1:colcon.colcon_core.package_identification:_identify(.) by extension 'ignore_ament_install'
[2.624s] Level 1:colcon.colcon_core.package_identification:_identify(.) by extensions ['colcon_pkg']
[2.624s] Level 1:colcon.colcon_core.package_identification:_identify(.) by extension 'colcon_pkg'
[2.624s] Level 1:colcon.colcon_core.package_identification:_identify(.) by extensions ['colcon_meta']
[2.624s] Level 1:colcon.colcon_core.package_identification:_identify(.) by extension 'colcon_meta'
[2.624s] Level 1:colcon.colcon_core.package_identification:_identify(.) by extensions ['ros']
[2.625s] Level 1:colcon.colcon_core.package_identification:_identify(.) by extension 'ros'
[2.640s] Level 1:colcon.colcon_core.package_identification:_identify(.) by extensions ['cmake', 'python']
[2.640s] Level 1:colcon.colcon_core.package_identification:_identify(.) by extension 'cmake'
[2.640s] Level 1:colcon.colcon_core.package_identification:_identify(.) by extension 'python'
[2.640s] Level 1:colcon.colcon_core.package_identification:_identify(.) by extensions ['python_setup_py']
[2.640s] Level 1:colcon.colcon_core.package_identification:_identify(.) by extension 'python_setup_py'
[2.640s] Level 1:colcon.colcon_core.package_identification:_identify(build) by extensions ['ignore', 'ignore_ament_install']
[2.641s] Level 1:colcon.colcon_core.package_identification:_identify(build) by extension 'ignore'
[2.641s] Level 1:colcon.colcon_core.package_identification:_identify(build) ignored
[2.641s] Level 1:colcon.colcon_core.package_identification:_identify(install) by extensions ['ignore', 'ignore_ament_install']
[2.641s] Level 1:colcon.colcon_core.package_identification:_identify(install) by extension 'ignore'
[2.641s] Level 1:colcon.colcon_core.package_identification:_identify(install) ignored
[2.641s] Level 1:colcon.colcon_core.package_identification:_identify(log) by extensions ['ignore', 'ignore_ament_install']
[2.641s] Level 1:colcon.colcon_core.package_identification:_identify(log) by extension 'ignore'
[2.641s] Level 1:colcon.colcon_core.package_identification:_identify(log) ignored
[2.641s] Level 1:colcon.colcon_core.package_identification:_identify(src) by extensions ['ignore', 'ignore_ament_install']
[2.642s] Level 1:colcon.colcon_core.package_identification:_identify(src) by extension 'ignore'
[2.642s] Level 1:colcon.colcon_core.package_identification:_identify(src) by extension 'ignore_ament_install'
[2.642s] Level 1:colcon.colcon_core.package_identification:_identify(src) by extensions ['colcon_pkg']
[2.642s] Level 1:colcon.colcon_core.package_identification:_identify(src) by extension 'colcon_pkg'
[2.642s] Level 1:colcon.colcon_core.package_identification:_identify(src) by extensions ['colcon_meta']
[2.642s] Level 1:colcon.colcon_core.package_identification:_identify(src) by extension 'colcon_meta'
[2.642s] Level 1:colcon.colcon_core.package_identification:_identify(src) by extensions ['ros']
[2.642s] Level 1:colcon.colcon_core.package_identification:_identify(src) by extension 'ros'
[2.642s] Level 1:colcon.colcon_core.package_identification:_identify(src) by extensions ['cmake', 'python']
[2.642s] Level 1:colcon.colcon_core.package_identification:_identify(src) by extension 'cmake'
[2.642s] Level 1:colcon.colcon_core.package_identification:_identify(src) by extension 'python'
[2.642s] Level 1:colcon.colcon_core.package_identification:_identify(src) by extensions ['python_setup_py']
[2.642s] Level 1:colcon.colcon_core.package_identification:_identify(src) by extension 'python_setup_py'
[2.642s] Level 1:colcon.colcon_core.package_identification:_identify(src/arduinobot_description) by extensions ['ignore', 'ignore_ament_install']
[2.642s] Level 1:colcon.colcon_core.package_identification:_identify(src/arduinobot_description) by extension 'ignore'
[2.643s] Level 1:colcon.colcon_core.package_identification:_identify(src/arduinobot_description) by extension 'ignore_ament_install'
[2.643s] Level 1:colcon.colcon_core.package_identification:_identify(src/arduinobot_description) by extensions ['colcon_pkg']
[2.643s] Level 1:colcon.colcon_core.package_identification:_identify(src/arduinobot_description) by extension 'colcon_pkg'
[2.643s] Level 1:colcon.colcon_core.package_identification:_identify(src/arduinobot_description) by extensions ['colcon_meta']
[2.643s] Level 1:colcon.colcon_core.package_identification:_identify(src/arduinobot_description) by extension 'colcon_meta'
[2.643s] Level 1:colcon.colcon_core.package_identification:_identify(src/arduinobot_description) by extensions ['ros']
[2.643s] Level 1:colcon.colcon_core.package_identification:_identify(src/arduinobot_description) by extension 'ros'
[2.646s] DEBUG:colcon.colcon_core.package_identification:Package 'src/arduinobot_description' with type 'ros.ament_cmake' and name 'arduinobot_description'
[2.646s] Level 1:colcon.colcon_core.package_identification:_identify(src/arduinobot_py_examples) by extensions ['ignore', 'ignore_ament_install']
[2.646s] Level 1:colcon.colcon_core.package_identification:_identify(src/arduinobot_py_examples) by extension 'ignore'
[2.646s] Level 1:colcon.colcon_core.package_identification:_identify(src/arduinobot_py_examples) by extension 'ignore_ament_install'
[2.646s] Level 1:colcon.colcon_core.package_identification:_identify(src/arduinobot_py_examples) by extensions ['colcon_pkg']
[2.647s] Level 1:colcon.colcon_core.package_identification:_identify(src/arduinobot_py_examples) by extension 'colcon_pkg'
[2.647s] Level 1:colcon.colcon_core.package_identification:_identify(src/arduinobot_py_examples) by extensions ['colcon_meta']
[2.647s] Level 1:colcon.colcon_core.package_identification:_identify(src/arduinobot_py_examples) by extension 'colcon_meta'
[2.647s] Level 1:colcon.colcon_core.package_identification:_identify(src/arduinobot_py_examples) by extensions ['ros']
[2.647s] Level 1:colcon.colcon_core.package_identification:_identify(src/arduinobot_py_examples) by extension 'ros'
[2.647s] DEBUG:colcon.colcon_core.package_identification:Package 'src/arduinobot_py_examples' with type 'ros.ament_python' and name 'arduinobot_py_examples'
[2.648s] Level 1:colcon.colcon_core.package_discovery:discover_packages(recursive) using defaults
[2.648s] Level 1:colcon.colcon_core.package_discovery:discover_packages(ignore) discover
[2.648s] Level 1:colcon.colcon_core.package_discovery:discover_packages(ignore) using defaults
[2.648s] Level 1:colcon.colcon_core.package_discovery:discover_packages(path) discover
[2.648s] Level 1:colcon.colcon_core.package_discovery:discover_packages(path) using defaults
[2.821s] Level 1:colcon.colcon_core.package_discovery:discover_packages(prefix_path) check parameters
[2.821s] Level 1:colcon.colcon_core.package_discovery:discover_packages(prefix_path) discover
[2.890s] DEBUG:colcon.colcon_installed_package_information.package_discovery:Found 2 installed packages in /home/mohit/ROS_Gazibo_learning/arduinobot_ws/install
[2.918s] DEBUG:colcon.colcon_installed_package_information.package_discovery:Found 367 installed packages in /opt/ros/humble
[2.920s] Level 1:colcon.colcon_core.package_discovery:discover_packages(prefix_path) using defaults
[3.155s] Level 5:colcon.colcon_core.verb:set package 'arduinobot_description' build argument 'cmake_args' from command line to 'None'
[3.156s] Level 5:colcon.colcon_core.verb:set package 'arduinobot_description' build argument 'cmake_target' from command line to 'None'
[3.156s] Level 5:colcon.colcon_core.verb:set package 'arduinobot_description' build argument 'cmake_target_skip_unavailable' from command line to 'False'
[3.156s] Level 5:colcon.colcon_core.verb:set package 'arduinobot_description' build argument 'cmake_clean_cache' from command line to 'False'
[3.156s] Level 5:colcon.colcon_core.verb:set package 'arduinobot_description' build argument 'cmake_clean_first' from command line to 'False'
[3.156s] Level 5:colcon.colcon_core.verb:set package 'arduinobot_description' build argument 'cmake_force_configure' from command line to 'False'
[3.156s] Level 5:colcon.colcon_core.verb:set package 'arduinobot_description' build argument 'ament_cmake_args' from command line to 'None'
[3.157s] Level 5:colcon.colcon_core.verb:set package 'arduinobot_description' build argument 'catkin_cmake_args' from command line to 'None'
[3.157s] Level 5:colcon.colcon_core.verb:set package 'arduinobot_description' build argument 'catkin_skip_building_tests' from command line to 'False'
[3.157s] DEBUG:colcon.colcon_core.verb:Building package 'arduinobot_description' with the following arguments: {'ament_cmake_args': None, 'build_base': '/home/mohit/ROS_Gazibo_learning/arduinobot_ws/build/arduinobot_description', 'catkin_cmake_args': None, 'catkin_skip_building_tests': False, 'cmake_args': None, 'cmake_clean_cache': False, 'cmake_clean_first': False, 'cmake_force_configure': False, 'cmake_target': None, 'cmake_target_skip_unavailable': False, 'install_base': '/home/mohit/ROS_Gazibo_learning/arduinobot_ws/install/arduinobot_description', 'merge_install': False, 'path': '/home/mohit/ROS_Gazibo_learning/arduinobot_ws/src/arduinobot_description', 'symlink_install': False, 'test_result_base': None}
[3.229s] Level 5:colcon.colcon_core.verb:set package 'arduinobot_py_examples' build argument 'cmake_args' from command line to 'None'
[3.229s] Level 5:colcon.colcon_core.verb:set package 'arduinobot_py_examples' build argument 'cmake_target' from command line to 'None'
[3.230s] Level 5:colcon.colcon_core.verb:set package 'arduinobot_py_examples' build argument 'cmake_target_skip_unavailable' from command line to 'False'
[3.230s] Level 5:colcon.colcon_core.verb:set package 'arduinobot_py_examples' build argument 'cmake_clean_cache' from command line to 'False'
[3.230s] Level 5:colcon.colcon_core.verb:set package 'arduinobot_py_examples' build argument 'cmake_clean_first' from command line to 'False'
[3.230s] Level 5:colcon.colcon_core.verb:set package 'arduinobot_py_examples' build argument 'cmake_force_configure' from command line to 'False'
[3.230s] Level 5:colcon.colcon_core.verb:set package 'arduinobot_py_examples' build argument 'ament_cmake_args' from command line to 'None'
[3.230s] Level 5:colcon.colcon_core.verb:set package 'arduinobot_py_examples' build argument 'catkin_cmake_args' from command line to 'None'
[3.231s] Level 5:colcon.colcon_core.verb:set package 'arduinobot_py_examples' build argument 'catkin_skip_building_tests' from command line to 'False'
[3.231s] DEBUG:colcon.colcon_core.verb:Building package 'arduinobot_py_examples' with the following arguments: {'ament_cmake_args': None, 'build_base': '/home/mohit/ROS_Gazibo_learning/arduinobot_ws/build/arduinobot_py_examples', 'catkin_cmake_args': None, 'catkin_skip_building_tests': False, 'cmake_args': None, 'cmake_clean_cache': False, 'cmake_clean_first': False, 'cmake_force_configure': False, 'cmake_target': None, 'cmake_target_skip_unavailable': False, 'install_base': '/home/mohit/ROS_Gazibo_learning/arduinobot_ws/install/arduinobot_py_examples', 'merge_install': False, 'path': '/home/mohit/ROS_Gazibo_learning/arduinobot_ws/src/arduinobot_py_examples', 'symlink_install': False, 'test_result_base': None}
[3.258s] INFO:colcon.colcon_core.executor:Executing jobs using 'parallel' executor
[3.289s] DEBUG:colcon.colcon_parallel_executor.executor.parallel:run_until_complete
[3.290s] INFO:colcon.colcon_ros.task.ament_cmake.build:Building ROS package in '/home/mohit/ROS_Gazibo_learning/arduinobot_ws/src/arduinobot_description' with build type 'ament_cmake'
[3.290s] INFO:colcon.colcon_cmake.task.cmake.build:Building CMake package in '/home/mohit/ROS_Gazibo_learning/arduinobot_ws/src/arduinobot_description'
[3.323s] INFO:colcon.colcon_core.plugin_system:Skipping extension 'colcon_core.shell.bat': Not used on non-Windows systems
[3.323s] INFO:colcon.colcon_core.shell:Skip shell extension 'powershell' for command environment: Not usable outside of PowerShell
[3.323s] DEBUG:colcon.colcon_core.shell:Skip shell extension 'dsv' for command environment
[3.422s] INFO:colcon.colcon_ros.task.ament_python.build:Building ROS package in '/home/mohit/ROS_Gazibo_learning/arduinobot_ws/src/arduinobot_py_examples' with build type 'ament_python'
[3.422s] Level 1:colcon.colcon_core.shell:create_environment_hook('arduinobot_py_examples', 'ament_prefix_path')
[3.452s] INFO:colcon.colcon_core.shell:Creating environment hook '/home/mohit/ROS_Gazibo_learning/arduinobot_ws/install/arduinobot_py_examples/share/arduinobot_py_examples/hook/ament_prefix_path.ps1'
[3.453s] INFO:colcon.colcon_core.shell:Creating environment descriptor '/home/mohit/ROS_Gazibo_learning/arduinobot_ws/install/arduinobot_py_examples/share/arduinobot_py_examples/hook/ament_prefix_path.dsv'
[3.454s] INFO:colcon.colcon_core.shell:Creating environment hook '/home/mohit/ROS_Gazibo_learning/arduinobot_ws/install/arduinobot_py_examples/share/arduinobot_py_examples/hook/ament_prefix_path.sh'
[3.501s] INFO:colcon.colcon_core.shell:Skip shell extension 'powershell' for command environment: Not usable outside of PowerShell
[3.501s] DEBUG:colcon.colcon_core.shell:Skip shell extension 'dsv' for command environment
[3.642s] DEBUG:colcon.colcon_core.event_handler.log_command:Invoking command in '/home/mohit/ROS_Gazibo_learning/arduinobot_ws/build/arduinobot_description': CMAKE_PREFIX_PATH=/home/mohit/ROS_Gazibo_learning/arduinobot_ws/install/arduinobot_py_examples:/opt/ros/humble /usr/bin/cmake --build /home/mohit/ROS_Gazibo_learning/arduinobot_ws/build/arduinobot_description -- -j2 -l2
[4.246s] INFO:colcon.colcon_core.task.python.build:Building Python package in '/home/mohit/ROS_Gazibo_learning/arduinobot_ws/src/arduinobot_py_examples'
[4.295s] INFO:colcon.colcon_core.shell:Skip shell extension 'powershell' for command environment: Not usable outside of PowerShell
[4.296s] DEBUG:colcon.colcon_core.shell:Skip shell extension 'dsv' for command environment
[4.441s] DEBUG:colcon.colcon_core.event_handler.log_command:Invoked command in '/home/mohit/ROS_Gazibo_learning/arduinobot_ws/build/arduinobot_description' returned '0': CMAKE_PREFIX_PATH=/home/mohit/ROS_Gazibo_learning/arduinobot_ws/install/arduinobot_py_examples:/opt/ros/humble /usr/bin/cmake --build /home/mohit/ROS_Gazibo_learning/arduinobot_ws/build/arduinobot_description -- -j2 -l2
[4.670s] DEBUG:colcon.colcon_core.event_handler.log_command:Invoking command in '/home/mohit/ROS_Gazibo_learning/arduinobot_ws/build/arduinobot_description': CMAKE_PREFIX_PATH=/home/mohit/ROS_Gazibo_learning/arduinobot_ws/install/arduinobot_py_examples:/opt/ros/humble /usr/bin/cmake --install /home/mohit/ROS_Gazibo_learning/arduinobot_ws/build/arduinobot_description
[4.758s] Level 1:colcon.colcon_core.environment:create_environment_scripts_only(arduinobot_description)
[4.762s] DEBUG:colcon.colcon_core.event_handler.log_command:Invoked command in '/home/mohit/ROS_Gazibo_learning/arduinobot_ws/build/arduinobot_description' returned '0': CMAKE_PREFIX_PATH=/home/mohit/ROS_Gazibo_learning/arduinobot_ws/install/arduinobot_py_examples:/opt/ros/humble /usr/bin/cmake --install /home/mohit/ROS_Gazibo_learning/arduinobot_ws/build/arduinobot_description
[4.832s] Level 1:colcon.colcon_core.environment:checking '/home/mohit/ROS_Gazibo_learning/arduinobot_ws/install/arduinobot_description' for CMake module files
[4.846s] Level 1:colcon.colcon_core.environment:checking '/home/mohit/ROS_Gazibo_learning/arduinobot_ws/install/arduinobot_description' for CMake config files
[4.846s] Level 1:colcon.colcon_core.shell:create_environment_hook('arduinobot_description', 'cmake_prefix_path')
[4.912s] INFO:colcon.colcon_core.shell:Creating environment hook '/home/mohit/ROS_Gazibo_learning/arduinobot_ws/install/arduinobot_description/share/arduinobot_description/hook/cmake_prefix_path.ps1'
[4.914s] INFO:colcon.colcon_core.shell:Creating environment descriptor '/home/mohit/ROS_Gazibo_learning/arduinobot_ws/install/arduinobot_description/share/arduinobot_description/hook/cmake_prefix_path.dsv'
[4.915s] INFO:colcon.colcon_core.shell:Creating environment hook '/home/mohit/ROS_Gazibo_learning/arduinobot_ws/install/arduinobot_description/share/arduinobot_description/hook/cmake_prefix_path.sh'
[4.917s] Level 1:colcon.colcon_core.environment:checking '/home/mohit/ROS_Gazibo_learning/arduinobot_ws/install/arduinobot_description/bin'
[4.917s] Level 1:colcon.colcon_core.environment:checking '/home/mohit/ROS_Gazibo_learning/arduinobot_ws/install/arduinobot_description/lib/pkgconfig/arduinobot_description.pc'
[4.917s] Level 1:colcon.colcon_core.environment:checking '/home/mohit/ROS_Gazibo_learning/arduinobot_ws/install/arduinobot_description/lib/python3.10/site-packages'
[4.918s] Level 1:colcon.colcon_core.environment:checking '/home/mohit/ROS_Gazibo_learning/arduinobot_ws/install/arduinobot_description/bin'
[4.993s] INFO:colcon.colcon_core.shell:Creating package script '/home/mohit/ROS_Gazibo_learning/arduinobot_ws/install/arduinobot_description/share/arduinobot_description/package.ps1'
[4.997s] INFO:colcon.colcon_core.shell:Creating package descriptor '/home/mohit/ROS_Gazibo_learning/arduinobot_ws/install/arduinobot_description/share/arduinobot_description/package.dsv'
[4.998s] INFO:colcon.colcon_core.shell:Creating package script '/home/mohit/ROS_Gazibo_learning/arduinobot_ws/install/arduinobot_description/share/arduinobot_description/package.sh'
[5.005s] INFO:colcon.colcon_core.shell:Creating package script '/home/mohit/ROS_Gazibo_learning/arduinobot_ws/install/arduinobot_description/share/arduinobot_description/package.bash'
[5.007s] INFO:colcon.colcon_core.shell:Creating package script '/home/mohit/ROS_Gazibo_learning/arduinobot_ws/install/arduinobot_description/share/arduinobot_description/package.zsh'
[5.014s] Level 1:colcon.colcon_core.environment:create_file_with_runtime_dependencies(/home/mohit/ROS_Gazibo_learning/arduinobot_ws/install/arduinobot_description/share/colcon-core/packages/arduinobot_description)
[5.368s] Level 1:colcon.colcon_core.environment:create_environment_scripts_only(arduinobot_description)
[5.455s] Level 1:colcon.colcon_core.environment:checking '/home/mohit/ROS_Gazibo_learning/arduinobot_ws/install/arduinobot_description' for CMake module files
[5.456s] Level 1:colcon.colcon_core.environment:checking '/home/mohit/ROS_Gazibo_learning/arduinobot_ws/install/arduinobot_description' for CMake config files
[5.456s] Level 1:colcon.colcon_core.shell:create_environment_hook('arduinobot_description', 'cmake_prefix_path')
[5.520s] INFO:colcon.colcon_core.shell:Creating environment hook '/home/mohit/ROS_Gazibo_learning/arduinobot_ws/install/arduinobot_description/share/arduinobot_description/hook/cmake_prefix_path.ps1'
[5.521s] INFO:colcon.colcon_core.shell:Creating environment descriptor '/home/mohit/ROS_Gazibo_learning/arduinobot_ws/install/arduinobot_description/share/arduinobot_description/hook/cmake_prefix_path.dsv'
[5.522s] INFO:colcon.colcon_core.shell:Creating environment hook '/home/mohit/ROS_Gazibo_learning/arduinobot_ws/install/arduinobot_description/share/arduinobot_description/hook/cmake_prefix_path.sh'
[5.523s] Level 1:colcon.colcon_core.environment:checking '/home/mohit/ROS_Gazibo_learning/arduinobot_ws/install/arduinobot_description/bin'
[5.523s] Level 1:colcon.colcon_core.environment:checking '/home/mohit/ROS_Gazibo_learning/arduinobot_ws/install/arduinobot_description/lib/pkgconfig/arduinobot_description.pc'
[5.523s] Level 1:colcon.colcon_core.environment:checking '/home/mohit/ROS_Gazibo_learning/arduinobot_ws/install/arduinobot_description/lib/python3.10/site-packages'
[5.523s] Level 1:colcon.colcon_core.environment:checking '/home/mohit/ROS_Gazibo_learning/arduinobot_ws/install/arduinobot_description/bin'
[5.588s] INFO:colcon.colcon_core.shell:Creating package script '/home/mohit/ROS_Gazibo_learning/arduinobot_ws/install/arduinobot_description/share/arduinobot_description/package.ps1'
[5.590s] INFO:colcon.colcon_core.shell:Creating package descriptor '/home/mohit/ROS_Gazibo_learning/arduinobot_ws/install/arduinobot_description/share/arduinobot_description/package.dsv'
[5.591s] INFO:colcon.colcon_core.shell:Creating package script '/home/mohit/ROS_Gazibo_learning/arduinobot_ws/install/arduinobot_description/share/arduinobot_description/package.sh'
[5.593s] INFO:colcon.colcon_core.shell:Creating package script '/home/mohit/ROS_Gazibo_learning/arduinobot_ws/install/arduinobot_description/share/arduinobot_description/package.bash'
[5.593s] INFO:colcon.colcon_core.shell:Creating package script '/home/mohit/ROS_Gazibo_learning/arduinobot_ws/install/arduinobot_description/share/arduinobot_description/package.zsh'
[5.595s] Level 1:colcon.colcon_core.environment:create_file_with_runtime_dependencies(/home/mohit/ROS_Gazibo_learning/arduinobot_ws/install/arduinobot_description/share/colcon-core/packages/arduinobot_description)
[5.611s] DEBUG:colcon.colcon_core.event_handler.log_command:Invoking command in '/home/mohit/ROS_Gazibo_learning/arduinobot_ws/src/arduinobot_py_examples': PYTHONPATH=/home/mohit/ROS_Gazibo_learning/arduinobot_ws/build/arduinobot_py_examples/prefix_override:/home/mohit/ROS_Gazibo_learning/arduinobot_ws/install/arduinobot_py_examples/lib/python3.10/site-packages:${PYTHONPATH} /usr/bin/python3 setup.py egg_info --egg-base ../../build/arduinobot_py_examples build --build-base /home/mohit/ROS_Gazibo_learning/arduinobot_ws/build/arduinobot_py_examples/build install --record /home/mohit/ROS_Gazibo_learning/arduinobot_ws/build/arduinobot_py_examples/install.log --single-version-externally-managed
[6.234s] DEBUG:colcon.colcon_core.event_handler.log_command:Invoked command in '/home/mohit/ROS_Gazibo_learning/arduinobot_ws/src/arduinobot_py_examples' returned '0': PYTHONPATH=/home/mohit/ROS_Gazibo_learning/arduinobot_ws/build/arduinobot_py_examples/prefix_override:/home/mohit/ROS_Gazibo_learning/arduinobot_ws/install/arduinobot_py_examples/lib/python3.10/site-packages:${PYTHONPATH} /usr/bin/python3 setup.py egg_info --egg-base ../../build/arduinobot_py_examples build --build-base /home/mohit/ROS_Gazibo_learning/arduinobot_ws/build/arduinobot_py_examples/build install --record /home/mohit/ROS_Gazibo_learning/arduinobot_ws/build/arduinobot_py_examples/install.log --single-version-externally-managed
[6.278s] Level 1:colcon.colcon_core.environment:checking '/home/mohit/ROS_Gazibo_learning/arduinobot_ws/install/arduinobot_py_examples' for CMake module files
[6.278s] Level 1:colcon.colcon_core.environment:checking '/home/mohit/ROS_Gazibo_learning/arduinobot_ws/install/arduinobot_py_examples' for CMake config files
[6.279s] Level 1:colcon.colcon_core.environment:checking '/home/mohit/ROS_Gazibo_learning/arduinobot_ws/install/arduinobot_py_examples/lib'
[6.280s] Level 1:colcon.colcon_core.environment:checking '/home/mohit/ROS_Gazibo_learning/arduinobot_ws/install/arduinobot_py_examples/bin'
[6.280s] Level 1:colcon.colcon_core.environment:checking '/home/mohit/ROS_Gazibo_learning/arduinobot_ws/install/arduinobot_py_examples/lib/pkgconfig/arduinobot_py_examples.pc'
[6.280s] Level 1:colcon.colcon_core.environment:checking '/home/mohit/ROS_Gazibo_learning/arduinobot_ws/install/arduinobot_py_examples/lib/python3.10/site-packages'
[6.280s] Level 1:colcon.colcon_core.shell:create_environment_hook('arduinobot_py_examples', 'pythonpath')
[6.357s] INFO:colcon.colcon_core.shell:Creating environment hook '/home/mohit/ROS_Gazibo_learning/arduinobot_ws/install/arduinobot_py_examples/share/arduinobot_py_examples/hook/pythonpath.ps1'
[6.358s] INFO:colcon.colcon_core.shell:Creating environment descriptor '/home/mohit/ROS_Gazibo_learning/arduinobot_ws/install/arduinobot_py_examples/share/arduinobot_py_examples/hook/pythonpath.dsv'
[6.359s] INFO:colcon.colcon_core.shell:Creating environment hook '/home/mohit/ROS_Gazibo_learning/arduinobot_ws/install/arduinobot_py_examples/share/arduinobot_py_examples/hook/pythonpath.sh'
[6.360s] Level 1:colcon.colcon_core.environment:checking '/home/mohit/ROS_Gazibo_learning/arduinobot_ws/install/arduinobot_py_examples/bin'
[6.360s] Level 1:colcon.colcon_core.environment:create_environment_scripts_only(arduinobot_py_examples)
[6.393s] INFO:colcon.colcon_core.shell:Creating package script '/home/mohit/ROS_Gazibo_learning/arduinobot_ws/install/arduinobot_py_examples/share/arduinobot_py_examples/package.ps1'
[6.405s] INFO:colcon.colcon_core.shell:Creating package descriptor '/home/mohit/ROS_Gazibo_learning/arduinobot_ws/install/arduinobot_py_examples/share/arduinobot_py_examples/package.dsv'
[6.406s] INFO:colcon.colcon_core.shell:Creating package script '/home/mohit/ROS_Gazibo_learning/arduinobot_ws/install/arduinobot_py_examples/share/arduinobot_py_examples/package.sh'
[6.407s] INFO:colcon.colcon_core.shell:Creating package script '/home/mohit/ROS_Gazibo_learning/arduinobot_ws/install/arduinobot_py_examples/share/arduinobot_py_examples/package.bash'
[6.408s] INFO:colcon.colcon_core.shell:Creating package script '/home/mohit/ROS_Gazibo_learning/arduinobot_ws/install/arduinobot_py_examples/share/arduinobot_py_examples/package.zsh'
[6.409s] Level 1:colcon.colcon_core.environment:create_file_with_runtime_dependencies(/home/mohit/ROS_Gazibo_learning/arduinobot_ws/install/arduinobot_py_examples/share/colcon-core/packages/arduinobot_py_examples)
[6.410s] DEBUG:colcon.colcon_parallel_executor.executor.parallel:closing loop
[6.410s] DEBUG:colcon.colcon_parallel_executor.executor.parallel:loop closed
[6.411s] DEBUG:colcon.colcon_parallel_executor.executor.parallel:run_until_complete finished with '0'
[6.411s] DEBUG:colcon.colcon_core.event_reactor:joining thread
[6.461s] INFO:colcon.colcon_core.plugin_system:Skipping extension 'colcon_notification.desktop_notification.terminal_notifier': Not used on non-Darwin systems
[6.461s] INFO:colcon.colcon_core.plugin_system:Skipping extension 'colcon_notification.desktop_notification.win32': Not used on non-Windows systems
[6.461s] INFO:colcon.colcon_notification.desktop_notification:Sending desktop notification using 'notify2'
[6.480s] DEBUG:colcon.colcon_core.event_reactor:joined thread
[6.543s] INFO:colcon.colcon_core.shell:Creating prefix script '/home/mohit/ROS_Gazibo_learning/arduinobot_ws/install/local_setup.ps1'
[6.546s] INFO:colcon.colcon_core.shell:Creating prefix util module '/home/mohit/ROS_Gazibo_learning/arduinobot_ws/install/_local_setup_util_ps1.py'
[6.549s] INFO:colcon.colcon_core.shell:Creating prefix chain script '/home/mohit/ROS_Gazibo_learning/arduinobot_ws/install/setup.ps1'
[6.609s] INFO:colcon.colcon_core.shell:Creating prefix script '/home/mohit/ROS_Gazibo_learning/arduinobot_ws/install/local_setup.sh'
[6.610s] INFO:colcon.colcon_core.shell:Creating prefix util module '/home/mohit/ROS_Gazibo_learning/arduinobot_ws/install/_local_setup_util_sh.py'
[6.611s] INFO:colcon.colcon_core.shell:Creating prefix chain script '/home/mohit/ROS_Gazibo_learning/arduinobot_ws/install/setup.sh'
[6.643s] INFO:colcon.colcon_core.shell:Creating prefix script '/home/mohit/ROS_Gazibo_learning/arduinobot_ws/install/local_setup.bash'
[6.645s] INFO:colcon.colcon_core.shell:Creating prefix chain script '/home/mohit/ROS_Gazibo_learning/arduinobot_ws/install/setup.bash'
[6.704s] INFO:colcon.colcon_core.shell:Creating prefix script '/home/mohit/ROS_Gazibo_learning/arduinobot_ws/install/local_setup.zsh'
[6.705s] INFO:colcon.colcon_core.shell:Creating prefix chain script '/home/mohit/ROS_Gazibo_learning/arduinobot_ws/install/setup.zsh'
