[1.853s] Invoking command in '/home/mohit/ROS_Gazibo_learning/arduinobot_ws/src/arduinobot_py_examples': PYTHONPATH=/home/mohit/ROS_Gazibo_learning/arduinobot_ws/build/arduinobot_py_examples/prefix_override:/home/mohit/ROS_Gazibo_learning/arduinobot_ws/install/arduinobot_py_examples/lib/python3.10/site-packages:${PYTHONPATH} /usr/bin/python3 setup.py egg_info --egg-base ../../build/arduinobot_py_examples build --build-base /home/mohit/ROS_Gazibo_learning/arduinobot_ws/build/arduinobot_py_examples/build install --record /home/mohit/ROS_Gazibo_learning/arduinobot_ws/build/arduinobot_py_examples/install.log --single-version-externally-managed
[2.175s] running egg_info
[2.176s] writing ../../build/arduinobot_py_examples/arduinobot_py_examples.egg-info/PKG-INFO
[2.177s] writing dependency_links to ../../build/arduinobot_py_examples/arduinobot_py_examples.egg-info/dependency_links.txt
[2.177s] writing entry points to ../../build/arduinobot_py_examples/arduinobot_py_examples.egg-info/entry_points.txt
[2.178s] writing requirements to ../../build/arduinobot_py_examples/arduinobot_py_examples.egg-info/requires.txt
[2.178s] writing top-level names to ../../build/arduinobot_py_examples/arduinobot_py_examples.egg-info/top_level.txt
[2.181s] reading manifest file '../../build/arduinobot_py_examples/arduinobot_py_examples.egg-info/SOURCES.txt'
[2.182s] writing manifest file '../../build/arduinobot_py_examples/arduinobot_py_examples.egg-info/SOURCES.txt'
[2.182s] running build
[2.182s] running build_py
[2.183s] running install
[2.183s] /usr/lib/python3/dist-packages/setuptools/command/install.py:34: SetuptoolsDeprecationWarning: setup.py install is deprecated. Use build and pip and other standards-based tools.
[2.183s]   warnings.warn(
[2.184s] running install_lib
[2.186s] running install_data
[2.186s] running install_egg_info
[2.189s] removing '/home/mohit/ROS_Gazibo_learning/arduinobot_ws/install/arduinobot_py_examples/lib/python3.10/site-packages/arduinobot_py_examples-0.0.0-py3.10.egg-info' (and everything under it)
[2.191s] Copying ../../build/arduinobot_py_examples/arduinobot_py_examples.egg-info to /home/mohit/ROS_Gazibo_learning/arduinobot_ws/install/arduinobot_py_examples/lib/python3.10/site-packages/arduinobot_py_examples-0.0.0-py3.10.egg-info
[2.193s] running install_scripts
[2.218s] Installing simple_publisher script to /home/mohit/ROS_Gazibo_learning/arduinobot_ws/install/arduinobot_py_examples/lib/arduinobot_py_examples
[2.219s] Installing simple_subscriber script to /home/mohit/ROS_Gazibo_learning/arduinobot_ws/install/arduinobot_py_examples/lib/arduinobot_py_examples
[2.219s] writing list of installed files to '/home/mohit/ROS_Gazibo_learning/arduinobot_ws/build/arduinobot_py_examples/install.log'
[2.242s] Invoked command in '/home/mohit/ROS_Gazibo_learning/arduinobot_ws/src/arduinobot_py_examples' returned '0': PYTHONPATH=/home/mohit/ROS_Gazibo_learning/arduinobot_ws/build/arduinobot_py_examples/prefix_override:/home/mohit/ROS_Gazibo_learning/arduinobot_ws/install/arduinobot_py_examples/lib/python3.10/site-packages:${PYTHONPATH} /usr/bin/python3 setup.py egg_info --egg-base ../../build/arduinobot_py_examples build --build-base /home/mohit/ROS_Gazibo_learning/arduinobot_ws/build/arduinobot_py_examples/build install --record /home/mohit/ROS_Gazibo_learning/arduinobot_ws/build/arduinobot_py_examples/install.log --single-version-externally-managed
