[0.489s] Invoking command in '/home/mohit/ROS_Gazibo_learning/arduinobot_ws/build/arduinobot_description': CMAKE_PREFIX_PATH=/home/mohit/ROS_Gazibo_learning/arduinobot_ws/install/arduinobot_py_examples:/opt/ros/humble /usr/bin/cmake --build /home/mohit/ROS_Gazibo_learning/arduinobot_ws/build/arduinobot_description -- -j2 -l2
[1.472s] Invoked command in '/home/mohit/ROS_Gazibo_learning/arduinobot_ws/build/arduinobot_description' returned '0': CMAKE_PREFIX_PATH=/home/mohit/ROS_Gazibo_learning/arduinobot_ws/install/arduinobot_py_examples:/opt/ros/humble /usr/bin/cmake --build /home/mohit/ROS_Gazibo_learning/arduinobot_ws/build/arduinobot_description -- -j2 -l2
[1.579s] Invoking command in '/home/mohit/ROS_Gazibo_learning/arduinobot_ws/build/arduinobot_description': CMAKE_PREFIX_PATH=/home/mohit/ROS_Gazibo_learning/arduinobot_ws/install/arduinobot_py_examples:/opt/ros/humble /usr/bin/cmake --install /home/mohit/ROS_Gazibo_learning/arduinobot_ws/build/arduinobot_description
[1.591s] -- Install configuration: ""
[1.591s] -- Up-to-date: /home/mohit/ROS_Gazibo_learning/arduinobot_ws/install/arduinobot_description/share/arduinobot_description/meshes
[1.591s] -- Up-to-date: /home/mohit/ROS_Gazibo_learning/arduinobot_ws/install/arduinobot_description/share/arduinobot_description/meshes/horizontal_arm.STL
[1.591s] -- Up-to-date: /home/mohit/ROS_Gazibo_learning/arduinobot_ws/install/arduinobot_description/share/arduinobot_description/meshes/basement.STL
[1.592s] -- Up-to-date: /home/mohit/ROS_Gazibo_learning/arduinobot_ws/install/arduinobot_description/share/arduinobot_description/meshes/right_finger.STL
[1.592s] -- Up-to-date: /home/mohit/ROS_Gazibo_learning/arduinobot_ws/install/arduinobot_description/share/arduinobot_description/meshes/link.STL
[1.592s] -- Up-to-date: /home/mohit/ROS_Gazibo_learning/arduinobot_ws/install/arduinobot_description/share/arduinobot_description/meshes/vertical_drive_arm.STL
[1.593s] -- Up-to-date: /home/mohit/ROS_Gazibo_learning/arduinobot_ws/install/arduinobot_description/share/arduinobot_description/meshes/forward_drive_arm.STL
[1.593s] -- Up-to-date: /home/mohit/ROS_Gazibo_learning/arduinobot_ws/install/arduinobot_description/share/arduinobot_description/meshes/plate.STL
[1.593s] -- Up-to-date: /home/mohit/ROS_Gazibo_learning/arduinobot_ws/install/arduinobot_description/share/arduinobot_description/meshes/left_finger.STL
[1.593s] -- Up-to-date: /home/mohit/ROS_Gazibo_learning/arduinobot_ws/install/arduinobot_description/share/arduinobot_description/meshes/round_plate.STL
[1.593s] -- Up-to-date: /home/mohit/ROS_Gazibo_learning/arduinobot_ws/install/arduinobot_description/share/arduinobot_description/meshes/triangular_link.STL
[1.594s] -- Up-to-date: /home/mohit/ROS_Gazibo_learning/arduinobot_ws/install/arduinobot_description/share/arduinobot_description/meshes/base_plate.STL
[1.594s] -- Up-to-date: /home/mohit/ROS_Gazibo_learning/arduinobot_ws/install/arduinobot_description/share/arduinobot_description/meshes/claw_support.STL
[1.594s] -- Up-to-date: /home/mohit/ROS_Gazibo_learning/arduinobot_ws/install/arduinobot_description/share/arduinobot_description/meshes/servo_plate.STL
[1.594s] -- Up-to-date: /home/mohit/ROS_Gazibo_learning/arduinobot_ws/install/arduinobot_description/share/arduinobot_description/urdf
[1.594s] -- Installing: /home/mohit/ROS_Gazibo_learning/arduinobot_ws/install/arduinobot_description/share/arduinobot_description/urdf/arduinobot_urdf.xacro
[1.596s] -- Up-to-date: /home/mohit/ROS_Gazibo_learning/arduinobot_ws/install/arduinobot_description/share/ament_index/resource_index/package_run_dependencies/arduinobot_description
[1.596s] -- Up-to-date: /home/mohit/ROS_Gazibo_learning/arduinobot_ws/install/arduinobot_description/share/ament_index/resource_index/parent_prefix_path/arduinobot_description
[1.596s] -- Up-to-date: /home/mohit/ROS_Gazibo_learning/arduinobot_ws/install/arduinobot_description/share/arduinobot_description/environment/ament_prefix_path.sh
[1.597s] -- Up-to-date: /home/mohit/ROS_Gazibo_learning/arduinobot_ws/install/arduinobot_description/share/arduinobot_description/environment/ament_prefix_path.dsv
[1.598s] -- Up-to-date: /home/mohit/ROS_Gazibo_learning/arduinobot_ws/install/arduinobot_description/share/arduinobot_description/environment/path.sh
[1.598s] -- Up-to-date: /home/mohit/ROS_Gazibo_learning/arduinobot_ws/install/arduinobot_description/share/arduinobot_description/environment/path.dsv
[1.598s] -- Up-to-date: /home/mohit/ROS_Gazibo_learning/arduinobot_ws/install/arduinobot_description/share/arduinobot_description/local_setup.bash
[1.598s] -- Up-to-date: /home/mohit/ROS_Gazibo_learning/arduinobot_ws/install/arduinobot_description/share/arduinobot_description/local_setup.sh
[1.599s] -- Up-to-date: /home/mohit/ROS_Gazibo_learning/arduinobot_ws/install/arduinobot_description/share/arduinobot_description/local_setup.zsh
[1.599s] -- Up-to-date: /home/mohit/ROS_Gazibo_learning/arduinobot_ws/install/arduinobot_description/share/arduinobot_description/local_setup.dsv
[1.599s] -- Installing: /home/mohit/ROS_Gazibo_learning/arduinobot_ws/install/arduinobot_description/share/arduinobot_description/package.dsv
[1.600s] -- Up-to-date: /home/mohit/ROS_Gazibo_learning/arduinobot_ws/install/arduinobot_description/share/ament_index/resource_index/packages/arduinobot_description
[1.601s] -- Up-to-date: /home/mohit/ROS_Gazibo_learning/arduinobot_ws/install/arduinobot_description/share/arduinobot_description/cmake/arduinobot_descriptionConfig.cmake
[1.601s] -- Up-to-date: /home/mohit/ROS_Gazibo_learning/arduinobot_ws/install/arduinobot_description/share/arduinobot_description/cmake/arduinobot_descriptionConfig-version.cmake
[1.601s] -- Up-to-date: /home/mohit/ROS_Gazibo_learning/arduinobot_ws/install/arduinobot_description/share/arduinobot_description/package.xml
[1.606s] Invoked command in '/home/mohit/ROS_Gazibo_learning/arduinobot_ws/build/arduinobot_description' returned '0': CMAKE_PREFIX_PATH=/home/mohit/ROS_Gazibo_learning/arduinobot_ws/install/arduinobot_py_examples:/opt/ros/humble /usr/bin/cmake --install /home/mohit/ROS_Gazibo_learning/arduinobot_ws/build/arduinobot_description
