[1.007s] DEBUG:colcon:Command line arguments: ['/usr/bin/colcon', 'build']
[1.008s] DEBUG:colcon:Parsed command line arguments: Namespace(log_base=None, log_level=None, verb_name='build', build_base='build', install_base='install', merge_install=False, symlink_install=False, test_result_base=None, continue_on_error=False, executor='parallel', parallel_workers=2, event_handlers=None, ignore_user_meta=False, metas=['./colcon.meta'], base_paths=['.'], packages_ignore=None, packages_ignore_regex=None, paths=None, packages_up_to=None, packages_up_to_regex=None, packages_above=None, packages_above_and_dependencies=None, packages_above_depth=None, packages_select_by_dep=None, packages_skip_by_dep=None, packages_skip_up_to=None, packages_select_build_failed=False, packages_skip_build_finished=False, packages_select_test_failures=False, packages_skip_test_passed=False, packages_select=None, packages_skip=None, packages_select_regex=None, packages_skip_regex=None, packages_start=None, packages_end=None, allow_overriding=[], cmake_args=None, cmake_target=None, cmake_target_skip_unavailable=False, cmake_clean_cache=False, cmake_clean_first=False, cmake_force_configure=False, ament_cmake_args=None, catkin_cmake_args=None, catkin_skip_building_tests=False, verb_parser=<colcon_defaults.argument_parser.defaults.DefaultArgumentsDecorator object at 0x7ff2d8ab6e90>, verb_extension=<colcon_core.verb.build.BuildVerb object at 0x7ff2d8ecf1f0>, main=<bound method BuildVerb.main of <colcon_core.verb.build.BuildVerb object at 0x7ff2d8ecf1f0>>)
[1.055s] Level 1:colcon.colcon_core.package_discovery:discover_packages(colcon_meta) check parameters
[1.056s] Level 1:colcon.colcon_core.package_discovery:discover_packages(recursive) check parameters
[1.056s] Level 1:colcon.colcon_core.package_discovery:discover_packages(ignore) check parameters
[1.056s] Level 1:colcon.colcon_core.package_discovery:discover_packages(path) check parameters
[1.057s] Level 1:colcon.colcon_core.package_discovery:discover_packages(colcon_meta) discover
[1.057s] Level 1:colcon.colcon_core.package_discovery:discover_packages(recursive) discover
[1.057s] INFO:colcon.colcon_core.package_discovery:Crawling recursively for packages in '/home/mohit/GITHUBRepos/ROS_Gazibo_learning/snake_ws'
[1.057s] Level 1:colcon.colcon_core.package_identification:_identify(.) by extensions ['ignore', 'ignore_ament_install']
[1.057s] Level 1:colcon.colcon_core.package_identification:_identify(.) by extension 'ignore'
[1.058s] Level 1:colcon.colcon_core.package_identification:_identify(.) by extension 'ignore_ament_install'
[1.058s] Level 1:colcon.colcon_core.package_identification:_identify(.) by extensions ['colcon_pkg']
[1.058s] Level 1:colcon.colcon_core.package_identification:_identify(.) by extension 'colcon_pkg'
[1.058s] Level 1:colcon.colcon_core.package_identification:_identify(.) by extensions ['colcon_meta']
[1.058s] Level 1:colcon.colcon_core.package_identification:_identify(.) by extension 'colcon_meta'
[1.059s] Level 1:colcon.colcon_core.package_identification:_identify(.) by extensions ['ros']
[1.059s] Level 1:colcon.colcon_core.package_identification:_identify(.) by extension 'ros'
[1.068s] Level 1:colcon.colcon_core.package_identification:_identify(.) by extensions ['cmake', 'python']
[1.069s] Level 1:colcon.colcon_core.package_identification:_identify(.) by extension 'cmake'
[1.069s] Level 1:colcon.colcon_core.package_identification:_identify(.) by extension 'python'
[1.069s] Level 1:colcon.colcon_core.package_identification:_identify(.) by extensions ['python_setup_py']
[1.069s] Level 1:colcon.colcon_core.package_identification:_identify(.) by extension 'python_setup_py'
[1.070s] Level 1:colcon.colcon_core.package_identification:_identify(build) by extensions ['ignore', 'ignore_ament_install']
[1.070s] Level 1:colcon.colcon_core.package_identification:_identify(build) by extension 'ignore'
[1.070s] Level 1:colcon.colcon_core.package_identification:_identify(build) ignored
[1.070s] Level 1:colcon.colcon_core.package_identification:_identify(install) by extensions ['ignore', 'ignore_ament_install']
[1.070s] Level 1:colcon.colcon_core.package_identification:_identify(install) by extension 'ignore'
[1.071s] Level 1:colcon.colcon_core.package_identification:_identify(install) ignored
[1.071s] Level 1:colcon.colcon_core.package_identification:_identify(log) by extensions ['ignore', 'ignore_ament_install']
[1.071s] Level 1:colcon.colcon_core.package_identification:_identify(log) by extension 'ignore'
[1.071s] Level 1:colcon.colcon_core.package_identification:_identify(log) ignored
[1.072s] Level 1:colcon.colcon_core.package_identification:_identify(src) by extensions ['ignore', 'ignore_ament_install']
[1.072s] Level 1:colcon.colcon_core.package_identification:_identify(src) by extension 'ignore'
[1.072s] Level 1:colcon.colcon_core.package_identification:_identify(src) by extension 'ignore_ament_install'
[1.072s] Level 1:colcon.colcon_core.package_identification:_identify(src) by extensions ['colcon_pkg']
[1.073s] Level 1:colcon.colcon_core.package_identification:_identify(src) by extension 'colcon_pkg'
[1.073s] Level 1:colcon.colcon_core.package_identification:_identify(src) by extensions ['colcon_meta']
[1.073s] Level 1:colcon.colcon_core.package_identification:_identify(src) by extension 'colcon_meta'
[1.073s] Level 1:colcon.colcon_core.package_identification:_identify(src) by extensions ['ros']
[1.073s] Level 1:colcon.colcon_core.package_identification:_identify(src) by extension 'ros'
[1.074s] Level 1:colcon.colcon_core.package_identification:_identify(src) by extensions ['cmake', 'python']
[1.074s] Level 1:colcon.colcon_core.package_identification:_identify(src) by extension 'cmake'
[1.074s] Level 1:colcon.colcon_core.package_identification:_identify(src) by extension 'python'
[1.074s] Level 1:colcon.colcon_core.package_identification:_identify(src) by extensions ['python_setup_py']
[1.074s] Level 1:colcon.colcon_core.package_identification:_identify(src) by extension 'python_setup_py'
[1.075s] Level 1:colcon.colcon_core.package_identification:_identify(src/snake_robot_bringup) by extensions ['ignore', 'ignore_ament_install']
[1.075s] Level 1:colcon.colcon_core.package_identification:_identify(src/snake_robot_bringup) by extension 'ignore'
[1.075s] Level 1:colcon.colcon_core.package_identification:_identify(src/snake_robot_bringup) by extension 'ignore_ament_install'
[1.075s] Level 1:colcon.colcon_core.package_identification:_identify(src/snake_robot_bringup) by extensions ['colcon_pkg']
[1.076s] Level 1:colcon.colcon_core.package_identification:_identify(src/snake_robot_bringup) by extension 'colcon_pkg'
[1.076s] Level 1:colcon.colcon_core.package_identification:_identify(src/snake_robot_bringup) by extensions ['colcon_meta']
[1.076s] Level 1:colcon.colcon_core.package_identification:_identify(src/snake_robot_bringup) by extension 'colcon_meta'
[1.076s] Level 1:colcon.colcon_core.package_identification:_identify(src/snake_robot_bringup) by extensions ['ros']
[1.077s] Level 1:colcon.colcon_core.package_identification:_identify(src/snake_robot_bringup) by extension 'ros'
[1.078s] DEBUG:colcon.colcon_core.package_identification:Package 'src/snake_robot_bringup' with type 'ros.ament_cmake' and name 'snake_robot_bringup'
[1.079s] Level 1:colcon.colcon_core.package_identification:_identify(src/snake_robot_description) by extensions ['ignore', 'ignore_ament_install']
[1.079s] Level 1:colcon.colcon_core.package_identification:_identify(src/snake_robot_description) by extension 'ignore'
[1.079s] Level 1:colcon.colcon_core.package_identification:_identify(src/snake_robot_description) by extension 'ignore_ament_install'
[1.079s] Level 1:colcon.colcon_core.package_identification:_identify(src/snake_robot_description) by extensions ['colcon_pkg']
[1.080s] Level 1:colcon.colcon_core.package_identification:_identify(src/snake_robot_description) by extension 'colcon_pkg'
[1.080s] Level 1:colcon.colcon_core.package_identification:_identify(src/snake_robot_description) by extensions ['colcon_meta']
[1.080s] Level 1:colcon.colcon_core.package_identification:_identify(src/snake_robot_description) by extension 'colcon_meta'
[1.080s] Level 1:colcon.colcon_core.package_identification:_identify(src/snake_robot_description) by extensions ['ros']
[1.080s] Level 1:colcon.colcon_core.package_identification:_identify(src/snake_robot_description) by extension 'ros'
[1.081s] DEBUG:colcon.colcon_core.package_identification:Package 'src/snake_robot_description' with type 'ros.ament_cmake' and name 'snake_robot_description'
[1.081s] Level 1:colcon.colcon_core.package_discovery:discover_packages(recursive) using defaults
[1.081s] Level 1:colcon.colcon_core.package_discovery:discover_packages(ignore) discover
[1.081s] Level 1:colcon.colcon_core.package_discovery:discover_packages(ignore) using defaults
[1.082s] Level 1:colcon.colcon_core.package_discovery:discover_packages(path) discover
[1.082s] Level 1:colcon.colcon_core.package_discovery:discover_packages(path) using defaults
[1.192s] Level 1:colcon.colcon_core.package_discovery:discover_packages(prefix_path) check parameters
[1.193s] Level 1:colcon.colcon_core.package_discovery:discover_packages(prefix_path) discover
[1.228s] DEBUG:colcon.colcon_installed_package_information.package_discovery:Found 2 installed packages in /home/mohit/GITHUBRepos/ROS_Gazibo_learning/snake_ws/install
[1.245s] DEBUG:colcon.colcon_installed_package_information.package_discovery:Found 365 installed packages in /opt/ros/humble
[1.256s] Level 1:colcon.colcon_core.package_discovery:discover_packages(prefix_path) using defaults
[1.346s] Level 5:colcon.colcon_core.verb:set package 'snake_robot_description' build argument 'cmake_args' from command line to 'None'
[1.347s] Level 5:colcon.colcon_core.verb:set package 'snake_robot_description' build argument 'cmake_target' from command line to 'None'
[1.347s] Level 5:colcon.colcon_core.verb:set package 'snake_robot_description' build argument 'cmake_target_skip_unavailable' from command line to 'False'
[1.347s] Level 5:colcon.colcon_core.verb:set package 'snake_robot_description' build argument 'cmake_clean_cache' from command line to 'False'
[1.347s] Level 5:colcon.colcon_core.verb:set package 'snake_robot_description' build argument 'cmake_clean_first' from command line to 'False'
[1.347s] Level 5:colcon.colcon_core.verb:set package 'snake_robot_description' build argument 'cmake_force_configure' from command line to 'False'
[1.348s] Level 5:colcon.colcon_core.verb:set package 'snake_robot_description' build argument 'ament_cmake_args' from command line to 'None'
[1.348s] Level 5:colcon.colcon_core.verb:set package 'snake_robot_description' build argument 'catkin_cmake_args' from command line to 'None'
[1.348s] Level 5:colcon.colcon_core.verb:set package 'snake_robot_description' build argument 'catkin_skip_building_tests' from command line to 'False'
[1.348s] DEBUG:colcon.colcon_core.verb:Building package 'snake_robot_description' with the following arguments: {'ament_cmake_args': None, 'build_base': '/home/mohit/GITHUBRepos/ROS_Gazibo_learning/snake_ws/build/snake_robot_description', 'catkin_cmake_args': None, 'catkin_skip_building_tests': False, 'cmake_args': None, 'cmake_clean_cache': False, 'cmake_clean_first': False, 'cmake_force_configure': False, 'cmake_target': None, 'cmake_target_skip_unavailable': False, 'install_base': '/home/mohit/GITHUBRepos/ROS_Gazibo_learning/snake_ws/install/snake_robot_description', 'merge_install': False, 'path': '/home/mohit/GITHUBRepos/ROS_Gazibo_learning/snake_ws/src/snake_robot_description', 'symlink_install': False, 'test_result_base': None}
[1.363s] Level 5:colcon.colcon_core.verb:set package 'snake_robot_bringup' build argument 'cmake_args' from command line to 'None'
[1.363s] Level 5:colcon.colcon_core.verb:set package 'snake_robot_bringup' build argument 'cmake_target' from command line to 'None'
[1.364s] Level 5:colcon.colcon_core.verb:set package 'snake_robot_bringup' build argument 'cmake_target_skip_unavailable' from command line to 'False'
[1.364s] Level 5:colcon.colcon_core.verb:set package 'snake_robot_bringup' build argument 'cmake_clean_cache' from command line to 'False'
[1.364s] Level 5:colcon.colcon_core.verb:set package 'snake_robot_bringup' build argument 'cmake_clean_first' from command line to 'False'
[1.364s] Level 5:colcon.colcon_core.verb:set package 'snake_robot_bringup' build argument 'cmake_force_configure' from command line to 'False'
[1.364s] Level 5:colcon.colcon_core.verb:set package 'snake_robot_bringup' build argument 'ament_cmake_args' from command line to 'None'
[1.365s] Level 5:colcon.colcon_core.verb:set package 'snake_robot_bringup' build argument 'catkin_cmake_args' from command line to 'None'
[1.365s] Level 5:colcon.colcon_core.verb:set package 'snake_robot_bringup' build argument 'catkin_skip_building_tests' from command line to 'False'
[1.365s] DEBUG:colcon.colcon_core.verb:Building package 'snake_robot_bringup' with the following arguments: {'ament_cmake_args': None, 'build_base': '/home/mohit/GITHUBRepos/ROS_Gazibo_learning/snake_ws/build/snake_robot_bringup', 'catkin_cmake_args': None, 'catkin_skip_building_tests': False, 'cmake_args': None, 'cmake_clean_cache': False, 'cmake_clean_first': False, 'cmake_force_configure': False, 'cmake_target': None, 'cmake_target_skip_unavailable': False, 'install_base': '/home/mohit/GITHUBRepos/ROS_Gazibo_learning/snake_ws/install/snake_robot_bringup', 'merge_install': False, 'path': '/home/mohit/GITHUBRepos/ROS_Gazibo_learning/snake_ws/src/snake_robot_bringup', 'symlink_install': False, 'test_result_base': None}
[1.380s] INFO:colcon.colcon_core.executor:Executing jobs using 'parallel' executor
[1.399s] DEBUG:colcon.colcon_parallel_executor.executor.parallel:run_until_complete
[1.400s] INFO:colcon.colcon_ros.task.ament_cmake.build:Building ROS package in '/home/mohit/GITHUBRepos/ROS_Gazibo_learning/snake_ws/src/snake_robot_description' with build type 'ament_cmake'
[1.401s] INFO:colcon.colcon_cmake.task.cmake.build:Building CMake package in '/home/mohit/GITHUBRepos/ROS_Gazibo_learning/snake_ws/src/snake_robot_description'
[1.417s] INFO:colcon.colcon_core.plugin_system:Skipping extension 'colcon_core.shell.bat': Not used on non-Windows systems
[1.418s] INFO:colcon.colcon_core.shell:Skip shell extension 'powershell' for command environment: Not usable outside of PowerShell
[1.418s] DEBUG:colcon.colcon_core.shell:Skip shell extension 'dsv' for command environment
[1.493s] DEBUG:colcon.colcon_core.event_handler.log_command:Invoking command in '/home/mohit/GITHUBRepos/ROS_Gazibo_learning/snake_ws/build/snake_robot_description': CMAKE_PREFIX_PATH=${CMAKE_PREFIX_PATH}:/opt/ros/humble /usr/bin/cmake --build /home/mohit/GITHUBRepos/ROS_Gazibo_learning/snake_ws/build/snake_robot_description -- -j2 -l2
[1.591s] DEBUG:colcon.colcon_core.event_handler.log_command:Invoked command in '/home/mohit/GITHUBRepos/ROS_Gazibo_learning/snake_ws/build/snake_robot_description' returned '0': CMAKE_PREFIX_PATH=${CMAKE_PREFIX_PATH}:/opt/ros/humble /usr/bin/cmake --build /home/mohit/GITHUBRepos/ROS_Gazibo_learning/snake_ws/build/snake_robot_description -- -j2 -l2
[1.660s] DEBUG:colcon.colcon_core.event_handler.log_command:Invoking command in '/home/mohit/GITHUBRepos/ROS_Gazibo_learning/snake_ws/build/snake_robot_description': CMAKE_PREFIX_PATH=${CMAKE_PREFIX_PATH}:/opt/ros/humble /usr/bin/cmake --install /home/mohit/GITHUBRepos/ROS_Gazibo_learning/snake_ws/build/snake_robot_description
[1.697s] Level 1:colcon.colcon_core.environment:create_environment_scripts_only(snake_robot_description)
[1.705s] DEBUG:colcon.colcon_core.event_handler.log_command:Invoked command in '/home/mohit/GITHUBRepos/ROS_Gazibo_learning/snake_ws/build/snake_robot_description' returned '0': CMAKE_PREFIX_PATH=${CMAKE_PREFIX_PATH}:/opt/ros/humble /usr/bin/cmake --install /home/mohit/GITHUBRepos/ROS_Gazibo_learning/snake_ws/build/snake_robot_description
[1.727s] Level 1:colcon.colcon_core.environment:checking '/home/mohit/GITHUBRepos/ROS_Gazibo_learning/snake_ws/install/snake_robot_description' for CMake module files
[1.728s] Level 1:colcon.colcon_core.environment:checking '/home/mohit/GITHUBRepos/ROS_Gazibo_learning/snake_ws/install/snake_robot_description' for CMake config files
[1.728s] Level 1:colcon.colcon_core.shell:create_environment_hook('snake_robot_description', 'cmake_prefix_path')
[1.757s] INFO:colcon.colcon_core.shell:Creating environment hook '/home/mohit/GITHUBRepos/ROS_Gazibo_learning/snake_ws/install/snake_robot_description/share/snake_robot_description/hook/cmake_prefix_path.ps1'
[1.758s] INFO:colcon.colcon_core.shell:Creating environment descriptor '/home/mohit/GITHUBRepos/ROS_Gazibo_learning/snake_ws/install/snake_robot_description/share/snake_robot_description/hook/cmake_prefix_path.dsv'
[1.759s] INFO:colcon.colcon_core.shell:Creating environment hook '/home/mohit/GITHUBRepos/ROS_Gazibo_learning/snake_ws/install/snake_robot_description/share/snake_robot_description/hook/cmake_prefix_path.sh'
[1.761s] Level 1:colcon.colcon_core.environment:checking '/home/mohit/GITHUBRepos/ROS_Gazibo_learning/snake_ws/install/snake_robot_description/lib'
[1.761s] Level 1:colcon.colcon_core.environment:checking '/home/mohit/GITHUBRepos/ROS_Gazibo_learning/snake_ws/install/snake_robot_description/bin'
[1.761s] Level 1:colcon.colcon_core.environment:checking '/home/mohit/GITHUBRepos/ROS_Gazibo_learning/snake_ws/install/snake_robot_description/lib/pkgconfig/snake_robot_description.pc'
[1.762s] Level 1:colcon.colcon_core.environment:checking '/home/mohit/GITHUBRepos/ROS_Gazibo_learning/snake_ws/install/snake_robot_description/lib/python3.10/site-packages'
[1.762s] Level 1:colcon.colcon_core.environment:checking '/home/mohit/GITHUBRepos/ROS_Gazibo_learning/snake_ws/install/snake_robot_description/bin'
[1.784s] INFO:colcon.colcon_core.shell:Creating package script '/home/mohit/GITHUBRepos/ROS_Gazibo_learning/snake_ws/install/snake_robot_description/share/snake_robot_description/package.ps1'
[1.785s] INFO:colcon.colcon_core.shell:Creating package descriptor '/home/mohit/GITHUBRepos/ROS_Gazibo_learning/snake_ws/install/snake_robot_description/share/snake_robot_description/package.dsv'
[1.786s] INFO:colcon.colcon_core.shell:Creating package script '/home/mohit/GITHUBRepos/ROS_Gazibo_learning/snake_ws/install/snake_robot_description/share/snake_robot_description/package.sh'
[1.787s] INFO:colcon.colcon_core.shell:Creating package script '/home/mohit/GITHUBRepos/ROS_Gazibo_learning/snake_ws/install/snake_robot_description/share/snake_robot_description/package.bash'
[1.788s] INFO:colcon.colcon_core.shell:Creating package script '/home/mohit/GITHUBRepos/ROS_Gazibo_learning/snake_ws/install/snake_robot_description/share/snake_robot_description/package.zsh'
[1.789s] Level 1:colcon.colcon_core.environment:create_file_with_runtime_dependencies(/home/mohit/GITHUBRepos/ROS_Gazibo_learning/snake_ws/install/snake_robot_description/share/colcon-core/packages/snake_robot_description)
[1.854s] Level 1:colcon.colcon_core.environment:create_environment_scripts_only(snake_robot_description)
[1.875s] Level 1:colcon.colcon_core.environment:checking '/home/mohit/GITHUBRepos/ROS_Gazibo_learning/snake_ws/install/snake_robot_description' for CMake module files
[1.876s] Level 1:colcon.colcon_core.environment:checking '/home/mohit/GITHUBRepos/ROS_Gazibo_learning/snake_ws/install/snake_robot_description' for CMake config files
[1.876s] Level 1:colcon.colcon_core.shell:create_environment_hook('snake_robot_description', 'cmake_prefix_path')
[1.892s] INFO:colcon.colcon_core.shell:Creating environment hook '/home/mohit/GITHUBRepos/ROS_Gazibo_learning/snake_ws/install/snake_robot_description/share/snake_robot_description/hook/cmake_prefix_path.ps1'
[1.894s] INFO:colcon.colcon_core.shell:Creating environment descriptor '/home/mohit/GITHUBRepos/ROS_Gazibo_learning/snake_ws/install/snake_robot_description/share/snake_robot_description/hook/cmake_prefix_path.dsv'
[1.895s] INFO:colcon.colcon_core.shell:Creating environment hook '/home/mohit/GITHUBRepos/ROS_Gazibo_learning/snake_ws/install/snake_robot_description/share/snake_robot_description/hook/cmake_prefix_path.sh'
[1.895s] Level 1:colcon.colcon_core.environment:checking '/home/mohit/GITHUBRepos/ROS_Gazibo_learning/snake_ws/install/snake_robot_description/lib'
[1.896s] Level 1:colcon.colcon_core.environment:checking '/home/mohit/GITHUBRepos/ROS_Gazibo_learning/snake_ws/install/snake_robot_description/bin'
[1.896s] Level 1:colcon.colcon_core.environment:checking '/home/mohit/GITHUBRepos/ROS_Gazibo_learning/snake_ws/install/snake_robot_description/lib/pkgconfig/snake_robot_description.pc'
[1.896s] Level 1:colcon.colcon_core.environment:checking '/home/mohit/GITHUBRepos/ROS_Gazibo_learning/snake_ws/install/snake_robot_description/lib/python3.10/site-packages'
[1.896s] Level 1:colcon.colcon_core.environment:checking '/home/mohit/GITHUBRepos/ROS_Gazibo_learning/snake_ws/install/snake_robot_description/bin'
[1.914s] INFO:colcon.colcon_core.shell:Creating package script '/home/mohit/GITHUBRepos/ROS_Gazibo_learning/snake_ws/install/snake_robot_description/share/snake_robot_description/package.ps1'
[1.915s] INFO:colcon.colcon_core.shell:Creating package descriptor '/home/mohit/GITHUBRepos/ROS_Gazibo_learning/snake_ws/install/snake_robot_description/share/snake_robot_description/package.dsv'
[1.916s] INFO:colcon.colcon_core.shell:Creating package script '/home/mohit/GITHUBRepos/ROS_Gazibo_learning/snake_ws/install/snake_robot_description/share/snake_robot_description/package.sh'
[1.917s] INFO:colcon.colcon_core.shell:Creating package script '/home/mohit/GITHUBRepos/ROS_Gazibo_learning/snake_ws/install/snake_robot_description/share/snake_robot_description/package.bash'
[1.918s] INFO:colcon.colcon_core.shell:Creating package script '/home/mohit/GITHUBRepos/ROS_Gazibo_learning/snake_ws/install/snake_robot_description/share/snake_robot_description/package.zsh'
[1.919s] Level 1:colcon.colcon_core.environment:create_file_with_runtime_dependencies(/home/mohit/GITHUBRepos/ROS_Gazibo_learning/snake_ws/install/snake_robot_description/share/colcon-core/packages/snake_robot_description)
[1.920s] INFO:colcon.colcon_ros.task.ament_cmake.build:Building ROS package in '/home/mohit/GITHUBRepos/ROS_Gazibo_learning/snake_ws/src/snake_robot_bringup' with build type 'ament_cmake'
[1.920s] INFO:colcon.colcon_cmake.task.cmake.build:Building CMake package in '/home/mohit/GITHUBRepos/ROS_Gazibo_learning/snake_ws/src/snake_robot_bringup'
[1.950s] INFO:colcon.colcon_core.shell:Skip shell extension 'powershell' for command environment: Not usable outside of PowerShell
[1.951s] DEBUG:colcon.colcon_core.shell:Skip shell extension 'dsv' for command environment
[2.079s] DEBUG:colcon.colcon_core.event_handler.log_command:Invoking command in '/home/mohit/GITHUBRepos/ROS_Gazibo_learning/snake_ws/build/snake_robot_bringup': CMAKE_PREFIX_PATH=/home/mohit/GITHUBRepos/ROS_Gazibo_learning/snake_ws/install/snake_robot_description:/home/mohit/GITHUBRepos/ROS_Gazibo_learning/snake_ws/install/snake_robot_bringup:/opt/ros/humble /usr/bin/cmake --build /home/mohit/GITHUBRepos/ROS_Gazibo_learning/snake_ws/build/snake_robot_bringup -- -j2 -l2
[2.169s] DEBUG:colcon.colcon_core.event_handler.log_command:Invoked command in '/home/mohit/GITHUBRepos/ROS_Gazibo_learning/snake_ws/build/snake_robot_bringup' returned '0': CMAKE_PREFIX_PATH=/home/mohit/GITHUBRepos/ROS_Gazibo_learning/snake_ws/install/snake_robot_description:/home/mohit/GITHUBRepos/ROS_Gazibo_learning/snake_ws/install/snake_robot_bringup:/opt/ros/humble /usr/bin/cmake --build /home/mohit/GITHUBRepos/ROS_Gazibo_learning/snake_ws/build/snake_robot_bringup -- -j2 -l2
[2.216s] DEBUG:colcon.colcon_core.event_handler.log_command:Invoking command in '/home/mohit/GITHUBRepos/ROS_Gazibo_learning/snake_ws/build/snake_robot_bringup': CMAKE_PREFIX_PATH=/home/mohit/GITHUBRepos/ROS_Gazibo_learning/snake_ws/install/snake_robot_description:/home/mohit/GITHUBRepos/ROS_Gazibo_learning/snake_ws/install/snake_robot_bringup:/opt/ros/humble /usr/bin/cmake --install /home/mohit/GITHUBRepos/ROS_Gazibo_learning/snake_ws/build/snake_robot_bringup
[2.233s] Level 1:colcon.colcon_core.environment:create_environment_scripts_only(snake_robot_bringup)
[2.238s] DEBUG:colcon.colcon_core.event_handler.log_command:Invoked command in '/home/mohit/GITHUBRepos/ROS_Gazibo_learning/snake_ws/build/snake_robot_bringup' returned '0': CMAKE_PREFIX_PATH=/home/mohit/GITHUBRepos/ROS_Gazibo_learning/snake_ws/install/snake_robot_description:/home/mohit/GITHUBRepos/ROS_Gazibo_learning/snake_ws/install/snake_robot_bringup:/opt/ros/humble /usr/bin/cmake --install /home/mohit/GITHUBRepos/ROS_Gazibo_learning/snake_ws/build/snake_robot_bringup
[2.271s] Level 1:colcon.colcon_core.environment:checking '/home/mohit/GITHUBRepos/ROS_Gazibo_learning/snake_ws/install/snake_robot_bringup' for CMake module files
[2.271s] Level 1:colcon.colcon_core.environment:checking '/home/mohit/GITHUBRepos/ROS_Gazibo_learning/snake_ws/install/snake_robot_bringup' for CMake config files
[2.272s] Level 1:colcon.colcon_core.shell:create_environment_hook('snake_robot_bringup', 'cmake_prefix_path')
[2.292s] INFO:colcon.colcon_core.shell:Creating environment hook '/home/mohit/GITHUBRepos/ROS_Gazibo_learning/snake_ws/install/snake_robot_bringup/share/snake_robot_bringup/hook/cmake_prefix_path.ps1'
[2.294s] INFO:colcon.colcon_core.shell:Creating environment descriptor '/home/mohit/GITHUBRepos/ROS_Gazibo_learning/snake_ws/install/snake_robot_bringup/share/snake_robot_bringup/hook/cmake_prefix_path.dsv'
[2.295s] INFO:colcon.colcon_core.shell:Creating environment hook '/home/mohit/GITHUBRepos/ROS_Gazibo_learning/snake_ws/install/snake_robot_bringup/share/snake_robot_bringup/hook/cmake_prefix_path.sh'
[2.296s] Level 1:colcon.colcon_core.environment:checking '/home/mohit/GITHUBRepos/ROS_Gazibo_learning/snake_ws/install/snake_robot_bringup/bin'
[2.296s] Level 1:colcon.colcon_core.environment:checking '/home/mohit/GITHUBRepos/ROS_Gazibo_learning/snake_ws/install/snake_robot_bringup/lib/pkgconfig/snake_robot_bringup.pc'
[2.296s] Level 1:colcon.colcon_core.environment:checking '/home/mohit/GITHUBRepos/ROS_Gazibo_learning/snake_ws/install/snake_robot_bringup/lib/python3.10/site-packages'
[2.297s] Level 1:colcon.colcon_core.environment:checking '/home/mohit/GITHUBRepos/ROS_Gazibo_learning/snake_ws/install/snake_robot_bringup/bin'
[2.314s] INFO:colcon.colcon_core.shell:Creating package script '/home/mohit/GITHUBRepos/ROS_Gazibo_learning/snake_ws/install/snake_robot_bringup/share/snake_robot_bringup/package.ps1'
[2.314s] INFO:colcon.colcon_core.shell:Creating package descriptor '/home/mohit/GITHUBRepos/ROS_Gazibo_learning/snake_ws/install/snake_robot_bringup/share/snake_robot_bringup/package.dsv'
[2.315s] INFO:colcon.colcon_core.shell:Creating package script '/home/mohit/GITHUBRepos/ROS_Gazibo_learning/snake_ws/install/snake_robot_bringup/share/snake_robot_bringup/package.sh'
[2.316s] INFO:colcon.colcon_core.shell:Creating package script '/home/mohit/GITHUBRepos/ROS_Gazibo_learning/snake_ws/install/snake_robot_bringup/share/snake_robot_bringup/package.bash'
[2.317s] INFO:colcon.colcon_core.shell:Creating package script '/home/mohit/GITHUBRepos/ROS_Gazibo_learning/snake_ws/install/snake_robot_bringup/share/snake_robot_bringup/package.zsh'
[2.317s] Level 1:colcon.colcon_core.environment:create_file_with_runtime_dependencies(/home/mohit/GITHUBRepos/ROS_Gazibo_learning/snake_ws/install/snake_robot_bringup/share/colcon-core/packages/snake_robot_bringup)
[2.387s] Level 1:colcon.colcon_core.environment:create_environment_scripts_only(snake_robot_bringup)
[2.405s] Level 1:colcon.colcon_core.environment:checking '/home/mohit/GITHUBRepos/ROS_Gazibo_learning/snake_ws/install/snake_robot_bringup' for CMake module files
[2.406s] Level 1:colcon.colcon_core.environment:checking '/home/mohit/GITHUBRepos/ROS_Gazibo_learning/snake_ws/install/snake_robot_bringup' for CMake config files
[2.406s] Level 1:colcon.colcon_core.shell:create_environment_hook('snake_robot_bringup', 'cmake_prefix_path')
[2.424s] INFO:colcon.colcon_core.shell:Creating environment hook '/home/mohit/GITHUBRepos/ROS_Gazibo_learning/snake_ws/install/snake_robot_bringup/share/snake_robot_bringup/hook/cmake_prefix_path.ps1'
[2.425s] INFO:colcon.colcon_core.shell:Creating environment descriptor '/home/mohit/GITHUBRepos/ROS_Gazibo_learning/snake_ws/install/snake_robot_bringup/share/snake_robot_bringup/hook/cmake_prefix_path.dsv'
[2.426s] INFO:colcon.colcon_core.shell:Creating environment hook '/home/mohit/GITHUBRepos/ROS_Gazibo_learning/snake_ws/install/snake_robot_bringup/share/snake_robot_bringup/hook/cmake_prefix_path.sh'
[2.427s] Level 1:colcon.colcon_core.environment:checking '/home/mohit/GITHUBRepos/ROS_Gazibo_learning/snake_ws/install/snake_robot_bringup/bin'
[2.427s] Level 1:colcon.colcon_core.environment:checking '/home/mohit/GITHUBRepos/ROS_Gazibo_learning/snake_ws/install/snake_robot_bringup/lib/pkgconfig/snake_robot_bringup.pc'
[2.428s] Level 1:colcon.colcon_core.environment:checking '/home/mohit/GITHUBRepos/ROS_Gazibo_learning/snake_ws/install/snake_robot_bringup/lib/python3.10/site-packages'
[2.429s] Level 1:colcon.colcon_core.environment:checking '/home/mohit/GITHUBRepos/ROS_Gazibo_learning/snake_ws/install/snake_robot_bringup/bin'
[2.449s] INFO:colcon.colcon_core.shell:Creating package script '/home/mohit/GITHUBRepos/ROS_Gazibo_learning/snake_ws/install/snake_robot_bringup/share/snake_robot_bringup/package.ps1'
[2.458s] INFO:colcon.colcon_core.shell:Creating package descriptor '/home/mohit/GITHUBRepos/ROS_Gazibo_learning/snake_ws/install/snake_robot_bringup/share/snake_robot_bringup/package.dsv'
[2.462s] INFO:colcon.colcon_core.shell:Creating package script '/home/mohit/GITHUBRepos/ROS_Gazibo_learning/snake_ws/install/snake_robot_bringup/share/snake_robot_bringup/package.sh'
[2.464s] INFO:colcon.colcon_core.shell:Creating package script '/home/mohit/GITHUBRepos/ROS_Gazibo_learning/snake_ws/install/snake_robot_bringup/share/snake_robot_bringup/package.bash'
[2.465s] INFO:colcon.colcon_core.shell:Creating package script '/home/mohit/GITHUBRepos/ROS_Gazibo_learning/snake_ws/install/snake_robot_bringup/share/snake_robot_bringup/package.zsh'
[2.466s] Level 1:colcon.colcon_core.environment:create_file_with_runtime_dependencies(/home/mohit/GITHUBRepos/ROS_Gazibo_learning/snake_ws/install/snake_robot_bringup/share/colcon-core/packages/snake_robot_bringup)
[2.467s] DEBUG:colcon.colcon_parallel_executor.executor.parallel:closing loop
[2.468s] DEBUG:colcon.colcon_parallel_executor.executor.parallel:loop closed
[2.468s] DEBUG:colcon.colcon_parallel_executor.executor.parallel:run_until_complete finished with '0'
[2.469s] DEBUG:colcon.colcon_core.event_reactor:joining thread
[2.499s] INFO:colcon.colcon_core.plugin_system:Skipping extension 'colcon_notification.desktop_notification.terminal_notifier': Not used on non-Darwin systems
[2.499s] INFO:colcon.colcon_core.plugin_system:Skipping extension 'colcon_notification.desktop_notification.win32': Not used on non-Windows systems
[2.499s] INFO:colcon.colcon_notification.desktop_notification:Sending desktop notification using 'notify2'
[2.533s] DEBUG:colcon.colcon_core.event_reactor:joined thread
[2.562s] INFO:colcon.colcon_core.shell:Creating prefix script '/home/mohit/GITHUBRepos/ROS_Gazibo_learning/snake_ws/install/local_setup.ps1'
[2.566s] INFO:colcon.colcon_core.shell:Creating prefix util module '/home/mohit/GITHUBRepos/ROS_Gazibo_learning/snake_ws/install/_local_setup_util_ps1.py'
[2.573s] INFO:colcon.colcon_core.shell:Creating prefix chain script '/home/mohit/GITHUBRepos/ROS_Gazibo_learning/snake_ws/install/setup.ps1'
[2.614s] INFO:colcon.colcon_core.shell:Creating prefix script '/home/mohit/GITHUBRepos/ROS_Gazibo_learning/snake_ws/install/local_setup.sh'
[2.615s] INFO:colcon.colcon_core.shell:Creating prefix util module '/home/mohit/GITHUBRepos/ROS_Gazibo_learning/snake_ws/install/_local_setup_util_sh.py'
[2.617s] INFO:colcon.colcon_core.shell:Creating prefix chain script '/home/mohit/GITHUBRepos/ROS_Gazibo_learning/snake_ws/install/setup.sh'
[2.656s] INFO:colcon.colcon_core.shell:Creating prefix script '/home/mohit/GITHUBRepos/ROS_Gazibo_learning/snake_ws/install/local_setup.bash'
[2.658s] INFO:colcon.colcon_core.shell:Creating prefix chain script '/home/mohit/GITHUBRepos/ROS_Gazibo_learning/snake_ws/install/setup.bash'
[2.688s] INFO:colcon.colcon_core.shell:Creating prefix script '/home/mohit/GITHUBRepos/ROS_Gazibo_learning/snake_ws/install/local_setup.zsh'
[2.690s] INFO:colcon.colcon_core.shell:Creating prefix chain script '/home/mohit/GITHUBRepos/ROS_Gazibo_learning/snake_ws/install/setup.zsh'
