[1.049s] DEBUG:colcon:Command line arguments: ['/usr/bin/colcon', 'build']
[1.049s] DEBUG:colcon:Parsed command line arguments: Namespace(log_base=None, log_level=None, verb_name='build', build_base='build', install_base='install', merge_install=False, symlink_install=False, test_result_base=None, continue_on_error=False, executor='parallel', parallel_workers=2, event_handlers=None, ignore_user_meta=False, metas=['./colcon.meta'], base_paths=['.'], packages_ignore=None, packages_ignore_regex=None, paths=None, packages_up_to=None, packages_up_to_regex=None, packages_above=None, packages_above_and_dependencies=None, packages_above_depth=None, packages_select_by_dep=None, packages_skip_by_dep=None, packages_skip_up_to=None, packages_select_build_failed=False, packages_skip_build_finished=False, packages_select_test_failures=False, packages_skip_test_passed=False, packages_select=None, packages_skip=None, packages_select_regex=None, packages_skip_regex=None, packages_start=None, packages_end=None, allow_overriding=[], cmake_args=None, cmake_target=None, cmake_target_skip_unavailable=False, cmake_clean_cache=False, cmake_clean_first=False, cmake_force_configure=False, ament_cmake_args=None, catkin_cmake_args=None, catkin_skip_building_tests=False, verb_parser=<colcon_defaults.argument_parser.defaults.DefaultArgumentsDecorator object at 0x7f620bbc99c0>, verb_extension=<colcon_core.verb.build.BuildVerb object at 0x7f620bfe31f0>, main=<bound method BuildVerb.main of <colcon_core.verb.build.BuildVerb object at 0x7f620bfe31f0>>)
[1.100s] Level 1:colcon.colcon_core.package_discovery:discover_packages(colcon_meta) check parameters
[1.100s] Level 1:colcon.colcon_core.package_discovery:discover_packages(recursive) check parameters
[1.100s] Level 1:colcon.colcon_core.package_discovery:discover_packages(ignore) check parameters
[1.101s] Level 1:colcon.colcon_core.package_discovery:discover_packages(path) check parameters
[1.101s] Level 1:colcon.colcon_core.package_discovery:discover_packages(colcon_meta) discover
[1.101s] Level 1:colcon.colcon_core.package_discovery:discover_packages(recursive) discover
[1.102s] INFO:colcon.colcon_core.package_discovery:Crawling recursively for packages in '/home/mohit/GITHUBRepos/ROS_Gazibo_learning/snake_ws'
[1.102s] Level 1:colcon.colcon_core.package_identification:_identify(.) by extensions ['ignore', 'ignore_ament_install']
[1.102s] Level 1:colcon.colcon_core.package_identification:_identify(.) by extension 'ignore'
[1.102s] Level 1:colcon.colcon_core.package_identification:_identify(.) by extension 'ignore_ament_install'
[1.103s] Level 1:colcon.colcon_core.package_identification:_identify(.) by extensions ['colcon_pkg']
[1.103s] Level 1:colcon.colcon_core.package_identification:_identify(.) by extension 'colcon_pkg'
[1.103s] Level 1:colcon.colcon_core.package_identification:_identify(.) by extensions ['colcon_meta']
[1.103s] Level 1:colcon.colcon_core.package_identification:_identify(.) by extension 'colcon_meta'
[1.104s] Level 1:colcon.colcon_core.package_identification:_identify(.) by extensions ['ros']
[1.104s] Level 1:colcon.colcon_core.package_identification:_identify(.) by extension 'ros'
[1.114s] Level 1:colcon.colcon_core.package_identification:_identify(.) by extensions ['cmake', 'python']
[1.114s] Level 1:colcon.colcon_core.package_identification:_identify(.) by extension 'cmake'
[1.115s] Level 1:colcon.colcon_core.package_identification:_identify(.) by extension 'python'
[1.115s] Level 1:colcon.colcon_core.package_identification:_identify(.) by extensions ['python_setup_py']
[1.115s] Level 1:colcon.colcon_core.package_identification:_identify(.) by extension 'python_setup_py'
[1.116s] Level 1:colcon.colcon_core.package_identification:_identify(build) by extensions ['ignore', 'ignore_ament_install']
[1.116s] Level 1:colcon.colcon_core.package_identification:_identify(build) by extension 'ignore'
[1.116s] Level 1:colcon.colcon_core.package_identification:_identify(build) ignored
[1.117s] Level 1:colcon.colcon_core.package_identification:_identify(install) by extensions ['ignore', 'ignore_ament_install']
[1.117s] Level 1:colcon.colcon_core.package_identification:_identify(install) by extension 'ignore'
[1.117s] Level 1:colcon.colcon_core.package_identification:_identify(install) ignored
[1.117s] Level 1:colcon.colcon_core.package_identification:_identify(log) by extensions ['ignore', 'ignore_ament_install']
[1.118s] Level 1:colcon.colcon_core.package_identification:_identify(log) by extension 'ignore'
[1.118s] Level 1:colcon.colcon_core.package_identification:_identify(log) ignored
[1.118s] Level 1:colcon.colcon_core.package_identification:_identify(src) by extensions ['ignore', 'ignore_ament_install']
[1.119s] Level 1:colcon.colcon_core.package_identification:_identify(src) by extension 'ignore'
[1.119s] Level 1:colcon.colcon_core.package_identification:_identify(src) by extension 'ignore_ament_install'
[1.119s] Level 1:colcon.colcon_core.package_identification:_identify(src) by extensions ['colcon_pkg']
[1.119s] Level 1:colcon.colcon_core.package_identification:_identify(src) by extension 'colcon_pkg'
[1.120s] Level 1:colcon.colcon_core.package_identification:_identify(src) by extensions ['colcon_meta']
[1.120s] Level 1:colcon.colcon_core.package_identification:_identify(src) by extension 'colcon_meta'
[1.120s] Level 1:colcon.colcon_core.package_identification:_identify(src) by extensions ['ros']
[1.120s] Level 1:colcon.colcon_core.package_identification:_identify(src) by extension 'ros'
[1.121s] Level 1:colcon.colcon_core.package_identification:_identify(src) by extensions ['cmake', 'python']
[1.121s] Level 1:colcon.colcon_core.package_identification:_identify(src) by extension 'cmake'
[1.121s] Level 1:colcon.colcon_core.package_identification:_identify(src) by extension 'python'
[1.121s] Level 1:colcon.colcon_core.package_identification:_identify(src) by extensions ['python_setup_py']
[1.121s] Level 1:colcon.colcon_core.package_identification:_identify(src) by extension 'python_setup_py'
[1.122s] Level 1:colcon.colcon_core.package_identification:_identify(src/snake_robot_bringup) by extensions ['ignore', 'ignore_ament_install']
[1.122s] Level 1:colcon.colcon_core.package_identification:_identify(src/snake_robot_bringup) by extension 'ignore'
[1.122s] Level 1:colcon.colcon_core.package_identification:_identify(src/snake_robot_bringup) by extension 'ignore_ament_install'
[1.122s] Level 1:colcon.colcon_core.package_identification:_identify(src/snake_robot_bringup) by extensions ['colcon_pkg']
[1.123s] Level 1:colcon.colcon_core.package_identification:_identify(src/snake_robot_bringup) by extension 'colcon_pkg'
[1.123s] Level 1:colcon.colcon_core.package_identification:_identify(src/snake_robot_bringup) by extensions ['colcon_meta']
[1.123s] Level 1:colcon.colcon_core.package_identification:_identify(src/snake_robot_bringup) by extension 'colcon_meta'
[1.123s] Level 1:colcon.colcon_core.package_identification:_identify(src/snake_robot_bringup) by extensions ['ros']
[1.123s] Level 1:colcon.colcon_core.package_identification:_identify(src/snake_robot_bringup) by extension 'ros'
[1.126s] DEBUG:colcon.colcon_core.package_identification:Package 'src/snake_robot_bringup' with type 'ros.ament_cmake' and name 'snake_robot_bringup'
[1.126s] Level 1:colcon.colcon_core.package_identification:_identify(src/snake_robot_description) by extensions ['ignore', 'ignore_ament_install']
[1.127s] Level 1:colcon.colcon_core.package_identification:_identify(src/snake_robot_description) by extension 'ignore'
[1.127s] Level 1:colcon.colcon_core.package_identification:_identify(src/snake_robot_description) by extension 'ignore_ament_install'
[1.127s] Level 1:colcon.colcon_core.package_identification:_identify(src/snake_robot_description) by extensions ['colcon_pkg']
[1.127s] Level 1:colcon.colcon_core.package_identification:_identify(src/snake_robot_description) by extension 'colcon_pkg'
[1.128s] Level 1:colcon.colcon_core.package_identification:_identify(src/snake_robot_description) by extensions ['colcon_meta']
[1.128s] Level 1:colcon.colcon_core.package_identification:_identify(src/snake_robot_description) by extension 'colcon_meta'
[1.128s] Level 1:colcon.colcon_core.package_identification:_identify(src/snake_robot_description) by extensions ['ros']
[1.128s] Level 1:colcon.colcon_core.package_identification:_identify(src/snake_robot_description) by extension 'ros'
[1.129s] DEBUG:colcon.colcon_core.package_identification:Package 'src/snake_robot_description' with type 'ros.ament_cmake' and name 'snake_robot_description'
[1.129s] Level 1:colcon.colcon_core.package_discovery:discover_packages(recursive) using defaults
[1.129s] Level 1:colcon.colcon_core.package_discovery:discover_packages(ignore) discover
[1.130s] Level 1:colcon.colcon_core.package_discovery:discover_packages(ignore) using defaults
[1.130s] Level 1:colcon.colcon_core.package_discovery:discover_packages(path) discover
[1.130s] Level 1:colcon.colcon_core.package_discovery:discover_packages(path) using defaults
[1.246s] Level 1:colcon.colcon_core.package_discovery:discover_packages(prefix_path) check parameters
[1.247s] Level 1:colcon.colcon_core.package_discovery:discover_packages(prefix_path) discover
[1.284s] DEBUG:colcon.colcon_installed_package_information.package_discovery:Found 2 installed packages in /home/mohit/GITHUBRepos/ROS_Gazibo_learning/snake_ws/install
[1.301s] DEBUG:colcon.colcon_installed_package_information.package_discovery:Found 365 installed packages in /opt/ros/humble
[1.315s] Level 1:colcon.colcon_core.package_discovery:discover_packages(prefix_path) using defaults
[1.411s] Level 5:colcon.colcon_core.verb:set package 'snake_robot_description' build argument 'cmake_args' from command line to 'None'
[1.412s] Level 5:colcon.colcon_core.verb:set package 'snake_robot_description' build argument 'cmake_target' from command line to 'None'
[1.412s] Level 5:colcon.colcon_core.verb:set package 'snake_robot_description' build argument 'cmake_target_skip_unavailable' from command line to 'False'
[1.412s] Level 5:colcon.colcon_core.verb:set package 'snake_robot_description' build argument 'cmake_clean_cache' from command line to 'False'
[1.412s] Level 5:colcon.colcon_core.verb:set package 'snake_robot_description' build argument 'cmake_clean_first' from command line to 'False'
[1.413s] Level 5:colcon.colcon_core.verb:set package 'snake_robot_description' build argument 'cmake_force_configure' from command line to 'False'
[1.413s] Level 5:colcon.colcon_core.verb:set package 'snake_robot_description' build argument 'ament_cmake_args' from command line to 'None'
[1.413s] Level 5:colcon.colcon_core.verb:set package 'snake_robot_description' build argument 'catkin_cmake_args' from command line to 'None'
[1.413s] Level 5:colcon.colcon_core.verb:set package 'snake_robot_description' build argument 'catkin_skip_building_tests' from command line to 'False'
[1.413s] DEBUG:colcon.colcon_core.verb:Building package 'snake_robot_description' with the following arguments: {'ament_cmake_args': None, 'build_base': '/home/mohit/GITHUBRepos/ROS_Gazibo_learning/snake_ws/build/snake_robot_description', 'catkin_cmake_args': None, 'catkin_skip_building_tests': False, 'cmake_args': None, 'cmake_clean_cache': False, 'cmake_clean_first': False, 'cmake_force_configure': False, 'cmake_target': None, 'cmake_target_skip_unavailable': False, 'install_base': '/home/mohit/GITHUBRepos/ROS_Gazibo_learning/snake_ws/install/snake_robot_description', 'merge_install': False, 'path': '/home/mohit/GITHUBRepos/ROS_Gazibo_learning/snake_ws/src/snake_robot_description', 'symlink_install': False, 'test_result_base': None}
[1.430s] Level 5:colcon.colcon_core.verb:set package 'snake_robot_bringup' build argument 'cmake_args' from command line to 'None'
[1.430s] Level 5:colcon.colcon_core.verb:set package 'snake_robot_bringup' build argument 'cmake_target' from command line to 'None'
[1.431s] Level 5:colcon.colcon_core.verb:set package 'snake_robot_bringup' build argument 'cmake_target_skip_unavailable' from command line to 'False'
[1.431s] Level 5:colcon.colcon_core.verb:set package 'snake_robot_bringup' build argument 'cmake_clean_cache' from command line to 'False'
[1.431s] Level 5:colcon.colcon_core.verb:set package 'snake_robot_bringup' build argument 'cmake_clean_first' from command line to 'False'
[1.431s] Level 5:colcon.colcon_core.verb:set package 'snake_robot_bringup' build argument 'cmake_force_configure' from command line to 'False'
[1.432s] Level 5:colcon.colcon_core.verb:set package 'snake_robot_bringup' build argument 'ament_cmake_args' from command line to 'None'
[1.432s] Level 5:colcon.colcon_core.verb:set package 'snake_robot_bringup' build argument 'catkin_cmake_args' from command line to 'None'
[1.432s] Level 5:colcon.colcon_core.verb:set package 'snake_robot_bringup' build argument 'catkin_skip_building_tests' from command line to 'False'
[1.432s] DEBUG:colcon.colcon_core.verb:Building package 'snake_robot_bringup' with the following arguments: {'ament_cmake_args': None, 'build_base': '/home/mohit/GITHUBRepos/ROS_Gazibo_learning/snake_ws/build/snake_robot_bringup', 'catkin_cmake_args': None, 'catkin_skip_building_tests': False, 'cmake_args': None, 'cmake_clean_cache': False, 'cmake_clean_first': False, 'cmake_force_configure': False, 'cmake_target': None, 'cmake_target_skip_unavailable': False, 'install_base': '/home/mohit/GITHUBRepos/ROS_Gazibo_learning/snake_ws/install/snake_robot_bringup', 'merge_install': False, 'path': '/home/mohit/GITHUBRepos/ROS_Gazibo_learning/snake_ws/src/snake_robot_bringup', 'symlink_install': False, 'test_result_base': None}
[1.453s] INFO:colcon.colcon_core.executor:Executing jobs using 'parallel' executor
[1.471s] DEBUG:colcon.colcon_parallel_executor.executor.parallel:run_until_complete
[1.472s] INFO:colcon.colcon_ros.task.ament_cmake.build:Building ROS package in '/home/mohit/GITHUBRepos/ROS_Gazibo_learning/snake_ws/src/snake_robot_description' with build type 'ament_cmake'
[1.473s] INFO:colcon.colcon_cmake.task.cmake.build:Building CMake package in '/home/mohit/GITHUBRepos/ROS_Gazibo_learning/snake_ws/src/snake_robot_description'
[1.494s] INFO:colcon.colcon_core.plugin_system:Skipping extension 'colcon_core.shell.bat': Not used on non-Windows systems
[1.495s] INFO:colcon.colcon_core.shell:Skip shell extension 'powershell' for command environment: Not usable outside of PowerShell
[1.495s] DEBUG:colcon.colcon_core.shell:Skip shell extension 'dsv' for command environment
[1.580s] DEBUG:colcon.colcon_core.event_handler.log_command:Invoking command in '/home/mohit/GITHUBRepos/ROS_Gazibo_learning/snake_ws/build/snake_robot_description': CMAKE_PREFIX_PATH=${CMAKE_PREFIX_PATH}:/opt/ros/humble /usr/bin/cmake --build /home/mohit/GITHUBRepos/ROS_Gazibo_learning/snake_ws/build/snake_robot_description -- -j2 -l2
[1.684s] DEBUG:colcon.colcon_core.event_handler.log_command:Invoked command in '/home/mohit/GITHUBRepos/ROS_Gazibo_learning/snake_ws/build/snake_robot_description' returned '0': CMAKE_PREFIX_PATH=${CMAKE_PREFIX_PATH}:/opt/ros/humble /usr/bin/cmake --build /home/mohit/GITHUBRepos/ROS_Gazibo_learning/snake_ws/build/snake_robot_description -- -j2 -l2
[1.772s] DEBUG:colcon.colcon_core.event_handler.log_command:Invoking command in '/home/mohit/GITHUBRepos/ROS_Gazibo_learning/snake_ws/build/snake_robot_description': CMAKE_PREFIX_PATH=${CMAKE_PREFIX_PATH}:/opt/ros/humble /usr/bin/cmake --install /home/mohit/GITHUBRepos/ROS_Gazibo_learning/snake_ws/build/snake_robot_description
[1.814s] Level 1:colcon.colcon_core.environment:create_environment_scripts_only(snake_robot_description)
[1.815s] DEBUG:colcon.colcon_core.event_handler.log_command:Invoked command in '/home/mohit/GITHUBRepos/ROS_Gazibo_learning/snake_ws/build/snake_robot_description' returned '0': CMAKE_PREFIX_PATH=${CMAKE_PREFIX_PATH}:/opt/ros/humble /usr/bin/cmake --install /home/mohit/GITHUBRepos/ROS_Gazibo_learning/snake_ws/build/snake_robot_description
[1.840s] Level 1:colcon.colcon_core.environment:checking '/home/mohit/GITHUBRepos/ROS_Gazibo_learning/snake_ws/install/snake_robot_description' for CMake module files
[1.841s] Level 1:colcon.colcon_core.environment:checking '/home/mohit/GITHUBRepos/ROS_Gazibo_learning/snake_ws/install/snake_robot_description' for CMake config files
[1.841s] Level 1:colcon.colcon_core.shell:create_environment_hook('snake_robot_description', 'cmake_prefix_path')
[1.861s] INFO:colcon.colcon_core.shell:Creating environment hook '/home/mohit/GITHUBRepos/ROS_Gazibo_learning/snake_ws/install/snake_robot_description/share/snake_robot_description/hook/cmake_prefix_path.ps1'
[1.862s] INFO:colcon.colcon_core.shell:Creating environment descriptor '/home/mohit/GITHUBRepos/ROS_Gazibo_learning/snake_ws/install/snake_robot_description/share/snake_robot_description/hook/cmake_prefix_path.dsv'
[1.863s] INFO:colcon.colcon_core.shell:Creating environment hook '/home/mohit/GITHUBRepos/ROS_Gazibo_learning/snake_ws/install/snake_robot_description/share/snake_robot_description/hook/cmake_prefix_path.sh'
[1.864s] Level 1:colcon.colcon_core.environment:checking '/home/mohit/GITHUBRepos/ROS_Gazibo_learning/snake_ws/install/snake_robot_description/lib'
[1.864s] Level 1:colcon.colcon_core.environment:checking '/home/mohit/GITHUBRepos/ROS_Gazibo_learning/snake_ws/install/snake_robot_description/bin'
[1.864s] Level 1:colcon.colcon_core.environment:checking '/home/mohit/GITHUBRepos/ROS_Gazibo_learning/snake_ws/install/snake_robot_description/lib/pkgconfig/snake_robot_description.pc'
[1.865s] Level 1:colcon.colcon_core.environment:checking '/home/mohit/GITHUBRepos/ROS_Gazibo_learning/snake_ws/install/snake_robot_description/lib/python3.10/site-packages'
[1.865s] Level 1:colcon.colcon_core.environment:checking '/home/mohit/GITHUBRepos/ROS_Gazibo_learning/snake_ws/install/snake_robot_description/bin'
[1.883s] INFO:colcon.colcon_core.shell:Creating package script '/home/mohit/GITHUBRepos/ROS_Gazibo_learning/snake_ws/install/snake_robot_description/share/snake_robot_description/package.ps1'
[1.884s] INFO:colcon.colcon_core.shell:Creating package descriptor '/home/mohit/GITHUBRepos/ROS_Gazibo_learning/snake_ws/install/snake_robot_description/share/snake_robot_description/package.dsv'
[1.885s] INFO:colcon.colcon_core.shell:Creating package script '/home/mohit/GITHUBRepos/ROS_Gazibo_learning/snake_ws/install/snake_robot_description/share/snake_robot_description/package.sh'
[1.887s] INFO:colcon.colcon_core.shell:Creating package script '/home/mohit/GITHUBRepos/ROS_Gazibo_learning/snake_ws/install/snake_robot_description/share/snake_robot_description/package.bash'
[1.888s] INFO:colcon.colcon_core.shell:Creating package script '/home/mohit/GITHUBRepos/ROS_Gazibo_learning/snake_ws/install/snake_robot_description/share/snake_robot_description/package.zsh'
[1.889s] Level 1:colcon.colcon_core.environment:create_file_with_runtime_dependencies(/home/mohit/GITHUBRepos/ROS_Gazibo_learning/snake_ws/install/snake_robot_description/share/colcon-core/packages/snake_robot_description)
[1.954s] Level 1:colcon.colcon_core.environment:create_environment_scripts_only(snake_robot_description)
[1.970s] Level 1:colcon.colcon_core.environment:checking '/home/mohit/GITHUBRepos/ROS_Gazibo_learning/snake_ws/install/snake_robot_description' for CMake module files
[1.971s] Level 1:colcon.colcon_core.environment:checking '/home/mohit/GITHUBRepos/ROS_Gazibo_learning/snake_ws/install/snake_robot_description' for CMake config files
[1.971s] Level 1:colcon.colcon_core.shell:create_environment_hook('snake_robot_description', 'cmake_prefix_path')
[1.989s] INFO:colcon.colcon_core.shell:Creating environment hook '/home/mohit/GITHUBRepos/ROS_Gazibo_learning/snake_ws/install/snake_robot_description/share/snake_robot_description/hook/cmake_prefix_path.ps1'
[1.990s] INFO:colcon.colcon_core.shell:Creating environment descriptor '/home/mohit/GITHUBRepos/ROS_Gazibo_learning/snake_ws/install/snake_robot_description/share/snake_robot_description/hook/cmake_prefix_path.dsv'
[1.991s] INFO:colcon.colcon_core.shell:Creating environment hook '/home/mohit/GITHUBRepos/ROS_Gazibo_learning/snake_ws/install/snake_robot_description/share/snake_robot_description/hook/cmake_prefix_path.sh'
[1.992s] Level 1:colcon.colcon_core.environment:checking '/home/mohit/GITHUBRepos/ROS_Gazibo_learning/snake_ws/install/snake_robot_description/lib'
[1.993s] Level 1:colcon.colcon_core.environment:checking '/home/mohit/GITHUBRepos/ROS_Gazibo_learning/snake_ws/install/snake_robot_description/bin'
[1.993s] Level 1:colcon.colcon_core.environment:checking '/home/mohit/GITHUBRepos/ROS_Gazibo_learning/snake_ws/install/snake_robot_description/lib/pkgconfig/snake_robot_description.pc'
[1.993s] Level 1:colcon.colcon_core.environment:checking '/home/mohit/GITHUBRepos/ROS_Gazibo_learning/snake_ws/install/snake_robot_description/lib/python3.10/site-packages'
[1.994s] Level 1:colcon.colcon_core.environment:checking '/home/mohit/GITHUBRepos/ROS_Gazibo_learning/snake_ws/install/snake_robot_description/bin'
[2.012s] INFO:colcon.colcon_core.shell:Creating package script '/home/mohit/GITHUBRepos/ROS_Gazibo_learning/snake_ws/install/snake_robot_description/share/snake_robot_description/package.ps1'
[2.013s] INFO:colcon.colcon_core.shell:Creating package descriptor '/home/mohit/GITHUBRepos/ROS_Gazibo_learning/snake_ws/install/snake_robot_description/share/snake_robot_description/package.dsv'
[2.024s] INFO:colcon.colcon_core.shell:Creating package script '/home/mohit/GITHUBRepos/ROS_Gazibo_learning/snake_ws/install/snake_robot_description/share/snake_robot_description/package.sh'
[2.025s] INFO:colcon.colcon_core.shell:Creating package script '/home/mohit/GITHUBRepos/ROS_Gazibo_learning/snake_ws/install/snake_robot_description/share/snake_robot_description/package.bash'
[2.026s] INFO:colcon.colcon_core.shell:Creating package script '/home/mohit/GITHUBRepos/ROS_Gazibo_learning/snake_ws/install/snake_robot_description/share/snake_robot_description/package.zsh'
[2.027s] Level 1:colcon.colcon_core.environment:create_file_with_runtime_dependencies(/home/mohit/GITHUBRepos/ROS_Gazibo_learning/snake_ws/install/snake_robot_description/share/colcon-core/packages/snake_robot_description)
[2.028s] INFO:colcon.colcon_ros.task.ament_cmake.build:Building ROS package in '/home/mohit/GITHUBRepos/ROS_Gazibo_learning/snake_ws/src/snake_robot_bringup' with build type 'ament_cmake'
[2.028s] INFO:colcon.colcon_cmake.task.cmake.build:Building CMake package in '/home/mohit/GITHUBRepos/ROS_Gazibo_learning/snake_ws/src/snake_robot_bringup'
[2.062s] INFO:colcon.colcon_core.shell:Skip shell extension 'powershell' for command environment: Not usable outside of PowerShell
[2.062s] DEBUG:colcon.colcon_core.shell:Skip shell extension 'dsv' for command environment
[2.173s] DEBUG:colcon.colcon_core.event_handler.log_command:Invoking command in '/home/mohit/GITHUBRepos/ROS_Gazibo_learning/snake_ws/build/snake_robot_bringup': CMAKE_PREFIX_PATH=/home/mohit/GITHUBRepos/ROS_Gazibo_learning/snake_ws/install/snake_robot_description:/home/mohit/GITHUBRepos/ROS_Gazibo_learning/snake_ws/install/snake_robot_bringup:/opt/ros/humble /usr/bin/cmake --build /home/mohit/GITHUBRepos/ROS_Gazibo_learning/snake_ws/build/snake_robot_bringup -- -j2 -l2
[2.282s] DEBUG:colcon.colcon_core.event_handler.log_command:Invoked command in '/home/mohit/GITHUBRepos/ROS_Gazibo_learning/snake_ws/build/snake_robot_bringup' returned '0': CMAKE_PREFIX_PATH=/home/mohit/GITHUBRepos/ROS_Gazibo_learning/snake_ws/install/snake_robot_description:/home/mohit/GITHUBRepos/ROS_Gazibo_learning/snake_ws/install/snake_robot_bringup:/opt/ros/humble /usr/bin/cmake --build /home/mohit/GITHUBRepos/ROS_Gazibo_learning/snake_ws/build/snake_robot_bringup -- -j2 -l2
[2.342s] DEBUG:colcon.colcon_core.event_handler.log_command:Invoking command in '/home/mohit/GITHUBRepos/ROS_Gazibo_learning/snake_ws/build/snake_robot_bringup': CMAKE_PREFIX_PATH=/home/mohit/GITHUBRepos/ROS_Gazibo_learning/snake_ws/install/snake_robot_description:/home/mohit/GITHUBRepos/ROS_Gazibo_learning/snake_ws/install/snake_robot_bringup:/opt/ros/humble /usr/bin/cmake --install /home/mohit/GITHUBRepos/ROS_Gazibo_learning/snake_ws/build/snake_robot_bringup
[2.378s] Level 1:colcon.colcon_core.environment:create_environment_scripts_only(snake_robot_bringup)
[2.380s] DEBUG:colcon.colcon_core.event_handler.log_command:Invoked command in '/home/mohit/GITHUBRepos/ROS_Gazibo_learning/snake_ws/build/snake_robot_bringup' returned '0': CMAKE_PREFIX_PATH=/home/mohit/GITHUBRepos/ROS_Gazibo_learning/snake_ws/install/snake_robot_description:/home/mohit/GITHUBRepos/ROS_Gazibo_learning/snake_ws/install/snake_robot_bringup:/opt/ros/humble /usr/bin/cmake --install /home/mohit/GITHUBRepos/ROS_Gazibo_learning/snake_ws/build/snake_robot_bringup
[2.396s] Level 1:colcon.colcon_core.environment:checking '/home/mohit/GITHUBRepos/ROS_Gazibo_learning/snake_ws/install/snake_robot_bringup' for CMake module files
[2.397s] Level 1:colcon.colcon_core.environment:checking '/home/mohit/GITHUBRepos/ROS_Gazibo_learning/snake_ws/install/snake_robot_bringup' for CMake config files
[2.397s] Level 1:colcon.colcon_core.shell:create_environment_hook('snake_robot_bringup', 'cmake_prefix_path')
[2.412s] INFO:colcon.colcon_core.shell:Creating environment hook '/home/mohit/GITHUBRepos/ROS_Gazibo_learning/snake_ws/install/snake_robot_bringup/share/snake_robot_bringup/hook/cmake_prefix_path.ps1'
[2.414s] INFO:colcon.colcon_core.shell:Creating environment descriptor '/home/mohit/GITHUBRepos/ROS_Gazibo_learning/snake_ws/install/snake_robot_bringup/share/snake_robot_bringup/hook/cmake_prefix_path.dsv'
[2.415s] INFO:colcon.colcon_core.shell:Creating environment hook '/home/mohit/GITHUBRepos/ROS_Gazibo_learning/snake_ws/install/snake_robot_bringup/share/snake_robot_bringup/hook/cmake_prefix_path.sh'
[2.417s] Level 1:colcon.colcon_core.environment:checking '/home/mohit/GITHUBRepos/ROS_Gazibo_learning/snake_ws/install/snake_robot_bringup/bin'
[2.417s] Level 1:colcon.colcon_core.environment:checking '/home/mohit/GITHUBRepos/ROS_Gazibo_learning/snake_ws/install/snake_robot_bringup/lib/pkgconfig/snake_robot_bringup.pc'
[2.417s] Level 1:colcon.colcon_core.environment:checking '/home/mohit/GITHUBRepos/ROS_Gazibo_learning/snake_ws/install/snake_robot_bringup/lib/python3.10/site-packages'
[2.417s] Level 1:colcon.colcon_core.environment:checking '/home/mohit/GITHUBRepos/ROS_Gazibo_learning/snake_ws/install/snake_robot_bringup/bin'
[2.435s] INFO:colcon.colcon_core.shell:Creating package script '/home/mohit/GITHUBRepos/ROS_Gazibo_learning/snake_ws/install/snake_robot_bringup/share/snake_robot_bringup/package.ps1'
[2.437s] INFO:colcon.colcon_core.shell:Creating package descriptor '/home/mohit/GITHUBRepos/ROS_Gazibo_learning/snake_ws/install/snake_robot_bringup/share/snake_robot_bringup/package.dsv'
[2.437s] INFO:colcon.colcon_core.shell:Creating package script '/home/mohit/GITHUBRepos/ROS_Gazibo_learning/snake_ws/install/snake_robot_bringup/share/snake_robot_bringup/package.sh'
[2.439s] INFO:colcon.colcon_core.shell:Creating package script '/home/mohit/GITHUBRepos/ROS_Gazibo_learning/snake_ws/install/snake_robot_bringup/share/snake_robot_bringup/package.bash'
[2.440s] INFO:colcon.colcon_core.shell:Creating package script '/home/mohit/GITHUBRepos/ROS_Gazibo_learning/snake_ws/install/snake_robot_bringup/share/snake_robot_bringup/package.zsh'
[2.441s] Level 1:colcon.colcon_core.environment:create_file_with_runtime_dependencies(/home/mohit/GITHUBRepos/ROS_Gazibo_learning/snake_ws/install/snake_robot_bringup/share/colcon-core/packages/snake_robot_bringup)
[2.507s] Level 1:colcon.colcon_core.environment:create_environment_scripts_only(snake_robot_bringup)
[2.528s] Level 1:colcon.colcon_core.environment:checking '/home/mohit/GITHUBRepos/ROS_Gazibo_learning/snake_ws/install/snake_robot_bringup' for CMake module files
[2.529s] Level 1:colcon.colcon_core.environment:checking '/home/mohit/GITHUBRepos/ROS_Gazibo_learning/snake_ws/install/snake_robot_bringup' for CMake config files
[2.529s] Level 1:colcon.colcon_core.shell:create_environment_hook('snake_robot_bringup', 'cmake_prefix_path')
[2.546s] INFO:colcon.colcon_core.shell:Creating environment hook '/home/mohit/GITHUBRepos/ROS_Gazibo_learning/snake_ws/install/snake_robot_bringup/share/snake_robot_bringup/hook/cmake_prefix_path.ps1'
[2.547s] INFO:colcon.colcon_core.shell:Creating environment descriptor '/home/mohit/GITHUBRepos/ROS_Gazibo_learning/snake_ws/install/snake_robot_bringup/share/snake_robot_bringup/hook/cmake_prefix_path.dsv'
[2.548s] INFO:colcon.colcon_core.shell:Creating environment hook '/home/mohit/GITHUBRepos/ROS_Gazibo_learning/snake_ws/install/snake_robot_bringup/share/snake_robot_bringup/hook/cmake_prefix_path.sh'
[2.549s] Level 1:colcon.colcon_core.environment:checking '/home/mohit/GITHUBRepos/ROS_Gazibo_learning/snake_ws/install/snake_robot_bringup/bin'
[2.549s] Level 1:colcon.colcon_core.environment:checking '/home/mohit/GITHUBRepos/ROS_Gazibo_learning/snake_ws/install/snake_robot_bringup/lib/pkgconfig/snake_robot_bringup.pc'
[2.550s] Level 1:colcon.colcon_core.environment:checking '/home/mohit/GITHUBRepos/ROS_Gazibo_learning/snake_ws/install/snake_robot_bringup/lib/python3.10/site-packages'
[2.550s] Level 1:colcon.colcon_core.environment:checking '/home/mohit/GITHUBRepos/ROS_Gazibo_learning/snake_ws/install/snake_robot_bringup/bin'
[2.573s] INFO:colcon.colcon_core.shell:Creating package script '/home/mohit/GITHUBRepos/ROS_Gazibo_learning/snake_ws/install/snake_robot_bringup/share/snake_robot_bringup/package.ps1'
[2.574s] INFO:colcon.colcon_core.shell:Creating package descriptor '/home/mohit/GITHUBRepos/ROS_Gazibo_learning/snake_ws/install/snake_robot_bringup/share/snake_robot_bringup/package.dsv'
[2.575s] INFO:colcon.colcon_core.shell:Creating package script '/home/mohit/GITHUBRepos/ROS_Gazibo_learning/snake_ws/install/snake_robot_bringup/share/snake_robot_bringup/package.sh'
[2.576s] INFO:colcon.colcon_core.shell:Creating package script '/home/mohit/GITHUBRepos/ROS_Gazibo_learning/snake_ws/install/snake_robot_bringup/share/snake_robot_bringup/package.bash'
[2.577s] INFO:colcon.colcon_core.shell:Creating package script '/home/mohit/GITHUBRepos/ROS_Gazibo_learning/snake_ws/install/snake_robot_bringup/share/snake_robot_bringup/package.zsh'
[2.578s] Level 1:colcon.colcon_core.environment:create_file_with_runtime_dependencies(/home/mohit/GITHUBRepos/ROS_Gazibo_learning/snake_ws/install/snake_robot_bringup/share/colcon-core/packages/snake_robot_bringup)
[2.580s] DEBUG:colcon.colcon_parallel_executor.executor.parallel:closing loop
[2.581s] DEBUG:colcon.colcon_parallel_executor.executor.parallel:loop closed
[2.581s] DEBUG:colcon.colcon_parallel_executor.executor.parallel:run_until_complete finished with '0'
[2.581s] DEBUG:colcon.colcon_core.event_reactor:joining thread
[2.608s] INFO:colcon.colcon_core.plugin_system:Skipping extension 'colcon_notification.desktop_notification.terminal_notifier': Not used on non-Darwin systems
[2.608s] INFO:colcon.colcon_core.plugin_system:Skipping extension 'colcon_notification.desktop_notification.win32': Not used on non-Windows systems
[2.609s] INFO:colcon.colcon_notification.desktop_notification:Sending desktop notification using 'notify2'
[2.639s] DEBUG:colcon.colcon_core.event_reactor:joined thread
[2.668s] INFO:colcon.colcon_core.shell:Creating prefix script '/home/mohit/GITHUBRepos/ROS_Gazibo_learning/snake_ws/install/local_setup.ps1'
[2.675s] INFO:colcon.colcon_core.shell:Creating prefix util module '/home/mohit/GITHUBRepos/ROS_Gazibo_learning/snake_ws/install/_local_setup_util_ps1.py'
[2.677s] INFO:colcon.colcon_core.shell:Creating prefix chain script '/home/mohit/GITHUBRepos/ROS_Gazibo_learning/snake_ws/install/setup.ps1'
[2.710s] INFO:colcon.colcon_core.shell:Creating prefix script '/home/mohit/GITHUBRepos/ROS_Gazibo_learning/snake_ws/install/local_setup.sh'
[2.712s] INFO:colcon.colcon_core.shell:Creating prefix util module '/home/mohit/GITHUBRepos/ROS_Gazibo_learning/snake_ws/install/_local_setup_util_sh.py'
[2.713s] INFO:colcon.colcon_core.shell:Creating prefix chain script '/home/mohit/GITHUBRepos/ROS_Gazibo_learning/snake_ws/install/setup.sh'
[2.739s] INFO:colcon.colcon_core.shell:Creating prefix script '/home/mohit/GITHUBRepos/ROS_Gazibo_learning/snake_ws/install/local_setup.bash'
[2.740s] INFO:colcon.colcon_core.shell:Creating prefix chain script '/home/mohit/GITHUBRepos/ROS_Gazibo_learning/snake_ws/install/setup.bash'
[2.774s] INFO:colcon.colcon_core.shell:Creating prefix script '/home/mohit/GITHUBRepos/ROS_Gazibo_learning/snake_ws/install/local_setup.zsh'
[2.779s] INFO:colcon.colcon_core.shell:Creating prefix chain script '/home/mohit/GITHUBRepos/ROS_Gazibo_learning/snake_ws/install/setup.zsh'
